<?xml version="1.0" encoding="UTF-8"?>
<testsuite name="com.elevaktor.EventStoreTest" tests="1" skipped="0" failures="0" errors="0" timestamp="2024-03-20T19:10:34" hostname="Pims-MacBook-Pro.local" time="66.311">
  <properties/>
  <testcase name="Can store and retrieve events" classname="com.elevaktor.EventStoreTest" time="66.311"/>
  <system-out><![CDATA[2024-03-20 20:10:34.288 [Test worker]  DEBUG o.t.u.TestcontainersConfiguration - Testcontainers configuration overrides will be loaded from file:/Users/pim/.testcontainers.properties
2024-03-20 20:10:34.296 [Test worker]  INFO  o.testcontainers.images.PullPolicy - Image pull policy will be performed by: DefaultPullPolicy()
2024-03-20 20:10:34.298 [Test worker]  INFO  o.t.utility.ImageNameSubstitutor - Image name substitution will be performed by: DefaultImageNameSubstitutor (composite of 'ConfigurationFileImageNameSubstitutor' and 'PrefixingImageNameSubstitutor')
2024-03-20 20:10:34.405 [Test worker]  DEBUG o.t.d.DockerClientProviderStrategy - Trying out strategy: TestcontainersHostPropertyClientProviderStrategy
2024-03-20 20:10:34.469 [Test worker]  DEBUG o.t.s.c.g.d.c.command.AbstrDockerCmd - Cmd: 
2024-03-20 20:10:34.484 [Test worker]  DEBUG c.g.d.z.s.o.a.h.c.h.i.c.InternalHttpClient - ex-00000001: preparing request execution
2024-03-20 20:10:34.486 [Test worker]  DEBUG c.g.d.z.s.o.a.h.c.h.p.RequestAddCookies - Cookie spec selected: strict
2024-03-20 20:10:34.488 [Test worker]  DEBUG c.g.d.z.s.o.a.h.c.h.p.RequestAuthCache - Auth cache not set in the context
2024-03-20 20:10:34.488 [Test worker]  DEBUG c.g.d.z.s.o.a.h.c.h.i.c.ProtocolExec - ex-00000001: target auth state: UNCHALLENGED
2024-03-20 20:10:34.488 [Test worker]  DEBUG c.g.d.z.s.o.a.h.c.h.i.c.ProtocolExec - ex-00000001: proxy auth state: UNCHALLENGED
2024-03-20 20:10:34.488 [Test worker]  DEBUG c.g.d.z.s.o.a.h.c.h.i.c.ConnectExec - ex-00000001: acquiring connection with route {}->http://127.0.0.1:62197
2024-03-20 20:10:34.488 [Test worker]  DEBUG c.g.d.z.s.o.a.h.c.h.i.c.InternalHttpClient - ex-00000001: acquiring endpoint (3 MINUTES)
2024-03-20 20:10:34.489 [Test worker]  DEBUG c.g.d.z.s.o.a.h.c.h.i.i.PoolingHttpClientConnectionManager - ex-00000001: endpoint lease request (3 MINUTES) [route: {}->http://127.0.0.1:62197][total available: 0; route allocated: 0 of 2147483647; total allocated: 0 of 2147483647]
2024-03-20 20:10:34.490 [Test worker]  DEBUG c.g.d.z.s.o.a.h.c.h.i.i.PoolingHttpClientConnectionManager - ex-00000001: endpoint leased [route: {}->http://127.0.0.1:62197][total available: 0; route allocated: 1 of 2147483647; total allocated: 1 of 2147483647]
2024-03-20 20:10:34.494 [Test worker]  DEBUG c.g.d.z.s.o.a.h.c.h.i.i.PoolingHttpClientConnectionManager - ex-00000001: acquired ep-00000000
2024-03-20 20:10:34.494 [Test worker]  DEBUG c.g.d.z.s.o.a.h.c.h.i.c.InternalHttpClient - ex-00000001: acquired endpoint ep-00000000
2024-03-20 20:10:34.494 [Test worker]  DEBUG c.g.d.z.s.o.a.h.c.h.i.c.ConnectExec - ex-00000001: opening connection {}->http://127.0.0.1:62197
2024-03-20 20:10:34.494 [Test worker]  DEBUG c.g.d.z.s.o.a.h.c.h.i.c.InternalHttpClient - ep-00000000: connecting endpoint (3 MINUTES)
2024-03-20 20:10:34.495 [Test worker]  DEBUG c.g.d.z.s.o.a.h.c.h.i.i.PoolingHttpClientConnectionManager - ep-00000000: connecting endpoint to http://127.0.0.1:62197 (3 MINUTES)
2024-03-20 20:10:34.495 [Test worker]  DEBUG c.g.d.z.s.o.a.h.c.h.i.i.DefaultHttpClientConnectionOperator - http-outgoing-0: connecting to /127.0.0.1:62197
2024-03-20 20:10:34.496 [Test worker]  DEBUG c.g.d.z.s.o.a.h.c.h.i.i.DefaultHttpClientConnectionOperator - http-outgoing-0: connection established 127.0.0.1:49697<->127.0.0.1:62197
2024-03-20 20:10:34.497 [Test worker]  DEBUG c.g.d.z.s.o.a.h.c.h.i.i.PoolingHttpClientConnectionManager - ep-00000000: connected http-outgoing-0
2024-03-20 20:10:34.497 [Test worker]  DEBUG c.g.d.z.s.o.a.h.c.h.i.c.InternalHttpClient - ep-00000000: endpoint connected
2024-03-20 20:10:34.497 [Test worker]  DEBUG c.g.d.z.s.o.a.h.c.h.i.c.MainClientExec - ex-00000001: executing GET /v1.32/info HTTP/1.1
2024-03-20 20:10:34.497 [Test worker]  DEBUG c.g.d.z.s.o.a.h.c.h.i.c.InternalHttpClient - ep-00000000: start execution ex-00000001
2024-03-20 20:10:34.497 [Test worker]  DEBUG c.g.d.z.s.o.a.h.c.h.i.i.PoolingHttpClientConnectionManager - ep-00000000: executing exchange ex-00000001 over http-outgoing-0
2024-03-20 20:10:34.498 [Test worker]  DEBUG c.g.d.z.s.o.a.h.client5.http.headers - http-outgoing-0 >> GET /v1.32/info HTTP/1.1
2024-03-20 20:10:34.498 [Test worker]  DEBUG c.g.d.z.s.o.a.h.client5.http.headers - http-outgoing-0 >> x-tc-sid: f9061f9f-f631-469c-a1b7-e8c8c32eacbb
2024-03-20 20:10:34.498 [Test worker]  DEBUG c.g.d.z.s.o.a.h.client5.http.headers - http-outgoing-0 >> User-Agent: tc-java/1.19.7
2024-03-20 20:10:34.498 [Test worker]  DEBUG c.g.d.z.s.o.a.h.client5.http.headers - http-outgoing-0 >> Accept-Encoding: gzip, x-gzip, deflate
2024-03-20 20:10:34.498 [Test worker]  DEBUG c.g.d.z.s.o.a.h.client5.http.headers - http-outgoing-0 >> Host: 127.0.0.1:62197
2024-03-20 20:10:34.498 [Test worker]  DEBUG c.g.d.z.s.o.a.h.client5.http.headers - http-outgoing-0 >> Connection: keep-alive
2024-03-20 20:10:34.498 [Test worker]  DEBUG c.g.d.z.s.o.a.hc.client5.http.wire - http-outgoing-0 >> "GET /v1.32/info HTTP/1.1[\r][\n]"
2024-03-20 20:10:34.498 [Test worker]  DEBUG c.g.d.z.s.o.a.hc.client5.http.wire - http-outgoing-0 >> "x-tc-sid: f9061f9f-f631-469c-a1b7-e8c8c32eacbb[\r][\n]"
2024-03-20 20:10:34.498 [Test worker]  DEBUG c.g.d.z.s.o.a.hc.client5.http.wire - http-outgoing-0 >> "User-Agent: tc-java/1.19.7[\r][\n]"
2024-03-20 20:10:34.498 [Test worker]  DEBUG c.g.d.z.s.o.a.hc.client5.http.wire - http-outgoing-0 >> "Accept-Encoding: gzip, x-gzip, deflate[\r][\n]"
2024-03-20 20:10:34.498 [Test worker]  DEBUG c.g.d.z.s.o.a.hc.client5.http.wire - http-outgoing-0 >> "Host: 127.0.0.1:62197[\r][\n]"
2024-03-20 20:10:34.498 [Test worker]  DEBUG c.g.d.z.s.o.a.hc.client5.http.wire - http-outgoing-0 >> "Connection: keep-alive[\r][\n]"
2024-03-20 20:10:34.498 [Test worker]  DEBUG c.g.d.z.s.o.a.hc.client5.http.wire - http-outgoing-0 >> "[\r][\n]"
2024-03-20 20:10:36.419 [Test worker]  DEBUG c.g.d.z.s.o.a.hc.client5.http.wire - http-outgoing-0 << "HTTP/1.1 200 OK[\r][\n]"
2024-03-20 20:10:36.420 [Test worker]  DEBUG c.g.d.z.s.o.a.hc.client5.http.wire - http-outgoing-0 << "Api-Version: 1.44[\r][\n]"
2024-03-20 20:10:36.420 [Test worker]  DEBUG c.g.d.z.s.o.a.hc.client5.http.wire - http-outgoing-0 << "Content-Length: 2255[\r][\n]"
2024-03-20 20:10:36.420 [Test worker]  DEBUG c.g.d.z.s.o.a.hc.client5.http.wire - http-outgoing-0 << "Content-Type: application/json[\r][\n]"
2024-03-20 20:10:36.420 [Test worker]  DEBUG c.g.d.z.s.o.a.hc.client5.http.wire - http-outgoing-0 << "Date: Wed, 20 Mar 2024 19:10:36 GMT[\r][\n]"
2024-03-20 20:10:36.420 [Test worker]  DEBUG c.g.d.z.s.o.a.hc.client5.http.wire - http-outgoing-0 << "Docker-Experimental: false[\r][\n]"
2024-03-20 20:10:36.420 [Test worker]  DEBUG c.g.d.z.s.o.a.hc.client5.http.wire - http-outgoing-0 << "Ostype: linux[\r][\n]"
2024-03-20 20:10:36.420 [Test worker]  DEBUG c.g.d.z.s.o.a.hc.client5.http.wire - http-outgoing-0 << "Server: Docker/80+testcontainerscloud (linux)[\r][\n]"
2024-03-20 20:10:36.421 [Test worker]  DEBUG c.g.d.z.s.o.a.hc.client5.http.wire - http-outgoing-0 << "[\r][\n]"
2024-03-20 20:10:36.421 [Test worker]  DEBUG c.g.d.z.s.o.a.hc.client5.http.wire - http-outgoing-0 << "{"ID":"7bb82576-1314-48f9-b71f-59e54dba1269","Containers":0,"ContainersRunning":0,"ContainersPaused":0,"ContainersStopped":0,"Images":10,"Driver":"overlay2","DriverStatus":[["Backing Filesystem","extfs"],["Supports d_type","true"],["Using metacopy","false"],["Native Overlay Diff","true"],["userxattr","false"]],"Plugins":{"Volume":["local"],"Network":["bridge","host","ipvlan","macvlan","null","overlay"],"Authorization":null,"Log":["awslogs","fluentd","gcplogs","gelf","journald","json-file","local","splunk","syslog"]},"MemoryLimit":true,"SwapLimit":true,"KernelMemory":true,"KernelMemoryTCP":true,"CpuCfsPeriod":true,"CpuCfsQuota":true,"CPUShares":true,"CPUSet":true,"PidsLimit":true,"IPv4Forwarding":true,"BridgeNfIptables":true,"BridgeNfIp6tables":true,"Debug":false,"NFd":26,"OomKillDisable":true,"NGoroutines":48,"SystemTime":"2024-03-20T19:10:36.436825924Z","LoggingDriver":"json-file","CgroupDriver":"cgroupfs","CgroupVersion":"1","NEventsListener":1,"KernelVersion":"5.10.186","OperatingSystem":"Ubuntu 20.04 LTS","OSVersion":"20.04","OSType":"linux","Architecture":"x86_64","IndexServerAddress":"https://index.docker.io/v1/","RegistryConfig":{"AllowNondistributableArtifactsCIDRs":null,"AllowNondistributableArtifactsHostnames":null,"InsecureRegistryCIDRs":["127.0.0.0/8"],"IndexConfigs":{"docker.io":{"Name":"docker.io","Mirrors":[],"Secure":true,"Official":true}},"Mirrors":null},"NCPU":4,"MemTotal":7767732224,"GenericResources":null,"DockerRootDir":"/var/lib/docker","HttpProxy":"","HttpsProxy":"","NoProxy":"","Name":"71547e0488fe","Labels":[],"ExperimentalBuild":false,"ServerVersion":"80+testcontainerscloud (via Testcontainers Desktop 1.9.0)","Runtimes":{"io.containerd.runc.v2":{"path":"runc"},"runc":{"path":"runc"}},"DefaultRuntime":"runc","Swarm":{"NodeID":"","NodeAddr":"","LocalNodeState":"inactive","ControlAvailable":false,"Error":"","RemoteManagers":null},"LiveRestoreEnabled":false,"Isolation":"","InitBinary":"docker-init","ContainerdCommit":{"ID":"1677a17964311325ed1c31e2c0a3589ce6d5c30d","Expected":"1677a17964311325ed1c31e2c0a3589ce6d5c30d"},"RuncCommit":{"ID":"v1.1.7-0-g860f061b","Expected":"v1.1.7-0-g860f061b"},"InitCommit":{"ID":"","Expected":""},"SecurityOptions":["name=seccomp,profile=builtin"],"Warnings":null}[\n]"
2024-03-20 20:10:36.426 [Test worker]  DEBUG c.g.d.z.s.o.a.h.client5.http.headers - http-outgoing-0 << HTTP/1.1 200 OK
2024-03-20 20:10:36.430 [Test worker]  DEBUG c.g.d.z.s.o.a.h.client5.http.headers - http-outgoing-0 << Api-Version: 1.44
2024-03-20 20:10:36.430 [Test worker]  DEBUG c.g.d.z.s.o.a.h.client5.http.headers - http-outgoing-0 << Content-Length: 2255
2024-03-20 20:10:36.430 [Test worker]  DEBUG c.g.d.z.s.o.a.h.client5.http.headers - http-outgoing-0 << Content-Type: application/json
2024-03-20 20:10:36.430 [Test worker]  DEBUG c.g.d.z.s.o.a.h.client5.http.headers - http-outgoing-0 << Date: Wed, 20 Mar 2024 19:10:36 GMT
2024-03-20 20:10:36.430 [Test worker]  DEBUG c.g.d.z.s.o.a.h.client5.http.headers - http-outgoing-0 << Docker-Experimental: false
2024-03-20 20:10:36.430 [Test worker]  DEBUG c.g.d.z.s.o.a.h.client5.http.headers - http-outgoing-0 << Ostype: linux
2024-03-20 20:10:36.430 [Test worker]  DEBUG c.g.d.z.s.o.a.h.client5.http.headers - http-outgoing-0 << Server: Docker/80+testcontainerscloud (linux)
2024-03-20 20:10:36.435 [Test worker]  DEBUG c.g.d.z.s.o.a.h.c.h.i.c.MainClientExec - ex-00000001: connection can be kept alive for 3 MINUTES
2024-03-20 20:10:36.491 [Test worker]  DEBUG c.g.d.z.s.o.a.h.c.h.i.c.InternalHttpClient - ep-00000000: releasing valid endpoint
2024-03-20 20:10:36.491 [Test worker]  DEBUG c.g.d.z.s.o.a.h.c.h.i.i.PoolingHttpClientConnectionManager - ep-00000000: releasing endpoint
2024-03-20 20:10:36.491 [Test worker]  DEBUG c.g.d.z.s.o.a.h.c.h.i.i.PoolingHttpClientConnectionManager - ep-00000000: connection http-outgoing-0 can be kept alive for 3 MINUTES
2024-03-20 20:10:36.491 [Test worker]  DEBUG c.g.d.z.s.o.a.h.c.h.i.i.PoolingHttpClientConnectionManager - ep-00000000: connection released [route: {}->http://127.0.0.1:62197][total available: 1; route allocated: 1 of 2147483647; total allocated: 1 of 2147483647]
2024-03-20 20:10:36.491 [Test worker]  INFO  o.t.d.DockerClientProviderStrategy - Found Docker environment with Testcontainers Host with tc.host=tcp://127.0.0.1:62197
2024-03-20 20:10:36.491 [Test worker]  DEBUG o.t.d.DockerClientProviderStrategy - Transport type: 'httpclient5', Docker host: 'tcp://127.0.0.1:62197'
2024-03-20 20:10:36.492 [Test worker]  DEBUG o.t.d.DockerClientProviderStrategy - Checking Docker OS type for Testcontainers Host with tc.host=tcp://127.0.0.1:62197
2024-03-20 20:10:36.492 [Test worker]  INFO  o.testcontainers.DockerClientFactory - Docker host IP address is 127.0.0.1
2024-03-20 20:10:36.492 [Test worker]  DEBUG o.testcontainers.DockerClientFactory - Docker info: {NGoroutines=48, Name=71547e0488fe, Swarm={NodeID=, NodeAddr=, LocalNodeState=inactive, ControlAvailable=false, Error=, RemoteManagers=null}, RuncCommit={ID=v1.1.7-0-g860f061b, Expected=v1.1.7-0-g860f061b}, OSVersion=20.04, Runtimes={io.containerd.runc.v2={path=runc}, runc={path=runc}}, ID=7bb82576-1314-48f9-b71f-59e54dba1269, DriverStatus=[[Backing Filesystem, extfs], [Supports d_type, true], [Using metacopy, false], [Native Overlay Diff, true], [userxattr, false]], BridgeNfIptables=true, LiveRestoreEnabled=false, SystemTime=2024-03-20T19:10:36.436825924Z, NoProxy=, Architecture=x86_64, NEventsListener=1, HttpsProxy=, Images=10, ContainersRunning=0, Labels=[], InitCommit={ID=, Expected=}, NFd=26, KernelVersion=5.10.186, LoggingDriver=json-file, OSType=linux, SecurityOptions=[name=seccomp,profile=builtin], ContainerdCommit={ID=1677a17964311325ed1c31e2c0a3589ce6d5c30d, Expected=1677a17964311325ed1c31e2c0a3589ce6d5c30d}, GenericResources=null, KernelMemory=true, OperatingSystem=Ubuntu 20.04 LTS, RegistryConfig={AllowNondistributableArtifactsCIDRs=null, AllowNondistributableArtifactsHostnames=null, InsecureRegistryCIDRs=[127.0.0.0/8], IndexConfigs={docker.io={Name=docker.io, Mirrors=[], Secure=true, Official=true}}, Mirrors=null}, ServerVersion=80+testcontainerscloud (via Testcontainers Desktop 1.9.0), OomKillDisable=true, CpuCfsQuota=true, Containers=0, Driver=overlay2, KernelMemoryTCP=true, IPv4Forwarding=true, ExperimentalBuild=false, DockerRootDir=/var/lib/docker, CPUSet=true, CpuCfsPeriod=true, DefaultRuntime=runc, CPUShares=true, Debug=false, NCPU=4, Plugins={Volume=[local], Network=[bridge, host, ipvlan, macvlan, null, overlay], Authorization=null, Log=[awslogs, fluentd, gcplogs, gelf, journald, json-file, local, splunk, syslog]}, SwapLimit=true, CgroupDriver=cgroupfs, ContainersPaused=0, MemTotal=7767732224, IndexServerAddress=https://index.docker.io/v1/, MemoryLimit=true, HttpProxy=, InitBinary=docker-init, CgroupVersion=1, PidsLimit=true, Isolation=, BridgeNfIp6tables=true, Warnings=null, ContainersStopped=0}
2024-03-20 20:10:36.493 [Test worker]  DEBUG o.t.s.c.g.d.c.command.AbstrDockerCmd - Cmd: 
2024-03-20 20:10:36.493 [Test worker]  TRACE o.t.s.c.g.d.core.exec.VersionCmdExec - GET: DefaultWebTarget{path=[/version], queryParams={}}
2024-03-20 20:10:36.494 [Test worker]  DEBUG c.g.d.z.s.o.a.h.c.h.i.c.InternalHttpClient - ex-00000002: preparing request execution
2024-03-20 20:10:36.494 [Test worker]  DEBUG c.g.d.z.s.o.a.h.c.h.p.RequestAddCookies - Cookie spec selected: strict
2024-03-20 20:10:36.494 [Test worker]  DEBUG c.g.d.z.s.o.a.h.c.h.p.RequestAuthCache - Auth cache not set in the context
2024-03-20 20:10:36.494 [Test worker]  DEBUG c.g.d.z.s.o.a.h.c.h.i.c.ProtocolExec - ex-00000002: target auth state: UNCHALLENGED
2024-03-20 20:10:36.494 [Test worker]  DEBUG c.g.d.z.s.o.a.h.c.h.i.c.ProtocolExec - ex-00000002: proxy auth state: UNCHALLENGED
2024-03-20 20:10:36.495 [Test worker]  DEBUG c.g.d.z.s.o.a.h.c.h.i.c.ConnectExec - ex-00000002: acquiring connection with route {}->http://127.0.0.1:62197
2024-03-20 20:10:36.495 [Test worker]  DEBUG c.g.d.z.s.o.a.h.c.h.i.c.InternalHttpClient - ex-00000002: acquiring endpoint (3 MINUTES)
2024-03-20 20:10:36.495 [Test worker]  DEBUG c.g.d.z.s.o.a.h.c.h.i.i.PoolingHttpClientConnectionManager - ex-00000002: endpoint lease request (3 MINUTES) [route: {}->http://127.0.0.1:62197][total available: 1; route allocated: 1 of 2147483647; total allocated: 1 of 2147483647]
2024-03-20 20:10:36.495 [Test worker]  DEBUG c.g.d.z.s.o.a.h.c.h.i.i.PoolingHttpClientConnectionManager - ex-00000002: endpoint leased [route: {}->http://127.0.0.1:62197][total available: 0; route allocated: 1 of 2147483647; total allocated: 1 of 2147483647]
2024-03-20 20:10:36.495 [Test worker]  DEBUG c.g.d.z.s.o.a.h.c.h.i.i.PoolingHttpClientConnectionManager - ex-00000002: acquired ep-00000001
2024-03-20 20:10:36.495 [Test worker]  DEBUG c.g.d.z.s.o.a.h.c.h.i.c.InternalHttpClient - ex-00000002: acquired endpoint ep-00000001
2024-03-20 20:10:36.495 [Test worker]  DEBUG c.g.d.z.s.o.a.h.c.h.i.c.MainClientExec - ex-00000002: executing GET /v1.32/version HTTP/1.1
2024-03-20 20:10:36.495 [Test worker]  DEBUG c.g.d.z.s.o.a.h.c.h.i.c.InternalHttpClient - ep-00000001: start execution ex-00000002
2024-03-20 20:10:36.495 [Test worker]  DEBUG c.g.d.z.s.o.a.h.c.h.i.i.PoolingHttpClientConnectionManager - ep-00000001: executing exchange ex-00000002 over http-outgoing-0
2024-03-20 20:10:36.495 [Test worker]  DEBUG c.g.d.z.s.o.a.h.client5.http.headers - http-outgoing-0 >> GET /v1.32/version HTTP/1.1
2024-03-20 20:10:36.495 [Test worker]  DEBUG c.g.d.z.s.o.a.h.client5.http.headers - http-outgoing-0 >> accept: application/json
2024-03-20 20:10:36.495 [Test worker]  DEBUG c.g.d.z.s.o.a.h.client5.http.headers - http-outgoing-0 >> x-tc-sid: f9061f9f-f631-469c-a1b7-e8c8c32eacbb
2024-03-20 20:10:36.495 [Test worker]  DEBUG c.g.d.z.s.o.a.h.client5.http.headers - http-outgoing-0 >> User-Agent: tc-java/1.19.7
2024-03-20 20:10:36.495 [Test worker]  DEBUG c.g.d.z.s.o.a.h.client5.http.headers - http-outgoing-0 >> Accept-Encoding: gzip, x-gzip, deflate
2024-03-20 20:10:36.496 [Test worker]  DEBUG c.g.d.z.s.o.a.h.client5.http.headers - http-outgoing-0 >> Host: 127.0.0.1:62197
2024-03-20 20:10:36.496 [Test worker]  DEBUG c.g.d.z.s.o.a.h.client5.http.headers - http-outgoing-0 >> Connection: keep-alive
2024-03-20 20:10:36.496 [Test worker]  DEBUG c.g.d.z.s.o.a.hc.client5.http.wire - http-outgoing-0 >> "GET /v1.32/version HTTP/1.1[\r][\n]"
2024-03-20 20:10:36.496 [Test worker]  DEBUG c.g.d.z.s.o.a.hc.client5.http.wire - http-outgoing-0 >> "accept: application/json[\r][\n]"
2024-03-20 20:10:36.496 [Test worker]  DEBUG c.g.d.z.s.o.a.hc.client5.http.wire - http-outgoing-0 >> "x-tc-sid: f9061f9f-f631-469c-a1b7-e8c8c32eacbb[\r][\n]"
2024-03-20 20:10:36.496 [Test worker]  DEBUG c.g.d.z.s.o.a.hc.client5.http.wire - http-outgoing-0 >> "User-Agent: tc-java/1.19.7[\r][\n]"
2024-03-20 20:10:36.496 [Test worker]  DEBUG c.g.d.z.s.o.a.hc.client5.http.wire - http-outgoing-0 >> "Accept-Encoding: gzip, x-gzip, deflate[\r][\n]"
2024-03-20 20:10:36.496 [Test worker]  DEBUG c.g.d.z.s.o.a.hc.client5.http.wire - http-outgoing-0 >> "Host: 127.0.0.1:62197[\r][\n]"
2024-03-20 20:10:36.496 [Test worker]  DEBUG c.g.d.z.s.o.a.hc.client5.http.wire - http-outgoing-0 >> "Connection: keep-alive[\r][\n]"
2024-03-20 20:10:36.496 [Test worker]  DEBUG c.g.d.z.s.o.a.hc.client5.http.wire - http-outgoing-0 >> "[\r][\n]"
2024-03-20 20:10:36.520 [Test worker]  DEBUG c.g.d.z.s.o.a.hc.client5.http.wire - http-outgoing-0 << "HTTP/1.1 200 OK[\r][\n]"
2024-03-20 20:10:36.520 [Test worker]  DEBUG c.g.d.z.s.o.a.hc.client5.http.wire - http-outgoing-0 << "Api-Version: 1.44[\r][\n]"
2024-03-20 20:10:36.520 [Test worker]  DEBUG c.g.d.z.s.o.a.hc.client5.http.wire - http-outgoing-0 << "Content-Length: 891[\r][\n]"
2024-03-20 20:10:36.520 [Test worker]  DEBUG c.g.d.z.s.o.a.hc.client5.http.wire - http-outgoing-0 << "Content-Type: application/json[\r][\n]"
2024-03-20 20:10:36.520 [Test worker]  DEBUG c.g.d.z.s.o.a.hc.client5.http.wire - http-outgoing-0 << "Date: Wed, 20 Mar 2024 19:10:36 GMT[\r][\n]"
2024-03-20 20:10:36.520 [Test worker]  DEBUG c.g.d.z.s.o.a.hc.client5.http.wire - http-outgoing-0 << "Docker-Experimental: false[\r][\n]"
2024-03-20 20:10:36.520 [Test worker]  DEBUG c.g.d.z.s.o.a.hc.client5.http.wire - http-outgoing-0 << "Ostype: linux[\r][\n]"
2024-03-20 20:10:36.520 [Test worker]  DEBUG c.g.d.z.s.o.a.hc.client5.http.wire - http-outgoing-0 << "Server: Docker/80+testcontainerscloud (linux)[\r][\n]"
2024-03-20 20:10:36.520 [Test worker]  DEBUG c.g.d.z.s.o.a.hc.client5.http.wire - http-outgoing-0 << "[\r][\n]"
2024-03-20 20:10:36.521 [Test worker]  DEBUG c.g.d.z.s.o.a.h.client5.http.headers - http-outgoing-0 << HTTP/1.1 200 OK
2024-03-20 20:10:36.521 [Test worker]  DEBUG c.g.d.z.s.o.a.h.client5.http.headers - http-outgoing-0 << Api-Version: 1.44
2024-03-20 20:10:36.521 [Test worker]  DEBUG c.g.d.z.s.o.a.h.client5.http.headers - http-outgoing-0 << Content-Length: 891
2024-03-20 20:10:36.521 [Test worker]  DEBUG c.g.d.z.s.o.a.h.client5.http.headers - http-outgoing-0 << Content-Type: application/json
2024-03-20 20:10:36.521 [Test worker]  DEBUG c.g.d.z.s.o.a.h.client5.http.headers - http-outgoing-0 << Date: Wed, 20 Mar 2024 19:10:36 GMT
2024-03-20 20:10:36.521 [Test worker]  DEBUG c.g.d.z.s.o.a.h.client5.http.headers - http-outgoing-0 << Docker-Experimental: false
2024-03-20 20:10:36.521 [Test worker]  DEBUG c.g.d.z.s.o.a.h.client5.http.headers - http-outgoing-0 << Ostype: linux
2024-03-20 20:10:36.521 [Test worker]  DEBUG c.g.d.z.s.o.a.h.client5.http.headers - http-outgoing-0 << Server: Docker/80+testcontainerscloud (linux)
2024-03-20 20:10:36.521 [Test worker]  DEBUG c.g.d.z.s.o.a.h.c.h.i.c.MainClientExec - ex-00000002: connection can be kept alive for 3 MINUTES
2024-03-20 20:10:36.521 [Test worker]  DEBUG c.g.d.z.s.o.a.hc.client5.http.wire - http-outgoing-0 << "{"Platform":{"Name":"Testcontainers Cloud"},"Components":[{"Name":"Engine","Version":"80+testcontainerscloud","Details":{"ApiVersion":"1.44","Arch":"amd64","BuildTime":"2024-02-02T21:36:19.000000000+00:00","Experimental":"false","GitCommit":"fce6e0ca9bc000888de3daa157af14fa41fcd0ff","GoVersion":"go1.21.6","KernelVersion":"5.10.186","MinAPIVersion":"1.24","Os":"linux"}},{"Name":"containerd","Version":"v1.7.1","Details":{"GitCommit":"1677a17964311325ed1c31e2c0a3589ce6d5c30d"}},{"Name":"runc","Version":"1.1.7","Details":{"GitCommit":"v1.1.7-0-g860f061b"}},{"Name":"docker-init","Version":"0.19.0","Details":{"GitCommit":""}}],"Version":"80+testcontainerscloud","ApiVersion":"1.44","MinAPIVersion":"1.24","GitCommit":"fce6e0ca9bc000888de3daa157af14fa41fcd0ff","GoVersion":"go1.21.6","Os":"linux","Arch":"amd64","KernelVersion":"5.10.186","BuildTime":"2024-02-02T21:36:19.000000000+00:00"}[\n]"
2024-03-20 20:10:36.527 [Test worker]  DEBUG c.g.d.z.s.o.a.h.c.h.i.c.InternalHttpClient - ep-00000001: releasing valid endpoint
2024-03-20 20:10:36.527 [Test worker]  DEBUG c.g.d.z.s.o.a.h.c.h.i.i.PoolingHttpClientConnectionManager - ep-00000001: releasing endpoint
2024-03-20 20:10:36.527 [Test worker]  DEBUG c.g.d.z.s.o.a.h.c.h.i.i.PoolingHttpClientConnectionManager - ep-00000001: connection http-outgoing-0 can be kept alive for 3 MINUTES
2024-03-20 20:10:36.527 [Test worker]  DEBUG c.g.d.z.s.o.a.h.c.h.i.i.PoolingHttpClientConnectionManager - ep-00000001: connection released [route: {}->http://127.0.0.1:62197][total available: 1; route allocated: 1 of 2147483647; total allocated: 1 of 2147483647]
2024-03-20 20:10:36.527 [Test worker]  DEBUG o.testcontainers.DockerClientFactory - Docker version: {Components=[{Name=Engine, Version=80+testcontainerscloud, Details={ApiVersion=1.44, Arch=amd64, BuildTime=2024-02-02T21:36:19.000000000+00:00, Experimental=false, GitCommit=fce6e0ca9bc000888de3daa157af14fa41fcd0ff, GoVersion=go1.21.6, KernelVersion=5.10.186, MinAPIVersion=1.24, Os=linux}}, {Name=containerd, Version=v1.7.1, Details={GitCommit=1677a17964311325ed1c31e2c0a3589ce6d5c30d}}, {Name=runc, Version=1.1.7, Details={GitCommit=v1.1.7-0-g860f061b}}, {Name=docker-init, Version=0.19.0, Details={GitCommit=}}], KernelVersion=5.10.186, ApiVersion=1.44, Platform={Name=Testcontainers Cloud}, GitCommit=fce6e0ca9bc000888de3daa157af14fa41fcd0ff, Os=linux, Version=80+testcontainerscloud, MinAPIVersion=1.24, Arch=amd64, GoVersion=go1.21.6, BuildTime=2024-02-02T21:36:19.000000000+00:00}
2024-03-20 20:10:36.527 [Test worker]  INFO  o.testcontainers.DockerClientFactory - Connected to docker: 
  Server Version: 80+testcontainerscloud (via Testcontainers Desktop 1.9.0)
  API Version: 1.44
  Operating System: Ubuntu 20.04 LTS
  Total Memory: 7407 MB
2024-03-20 20:10:36.532 [Test worker]  DEBUG o.t.utility.RyukResourceReaper - Ryuk is enabled but will be started on demand
2024-03-20 20:10:36.532 [Test worker]  DEBUG o.testcontainers.DockerClientFactory - Checks are enabled
2024-03-20 20:10:36.532 [Test worker]  INFO  o.testcontainers.DockerClientFactory - Checking the system...
2024-03-20 20:10:36.532 [Test worker]  INFO  o.testcontainers.DockerClientFactory - ✔︎ Docker server version should be at least 1.6.0
2024-03-20 20:10:36.534 [Test worker]  DEBUG o.t.u.PrefixingImageNameSubstitutor - No prefix is configured
2024-03-20 20:10:36.534 [Test worker]  DEBUG o.t.utility.ImageNameSubstitutor - Did not find a substitute image for gcr.io/google.com/cloudsdktool/google-cloud-cli:441.0.0-emulators (using image substitutor: DefaultImageNameSubstitutor (composite of 'ConfigurationFileImageNameSubstitutor' and 'PrefixingImageNameSubstitutor'))
2024-03-20 20:10:36.535 [Test worker]  DEBUG o.t.s.c.g.d.c.command.AbstrDockerCmd - Cmd: ListImagesCmdImpl[filters=org.testcontainers.shaded.com.github.dockerjava.core.util.FiltersBuilder@0,imageNameFilter=<null>,showAll=false]
2024-03-20 20:10:36.537 [Test worker]  TRACE o.t.s.c.g.d.c.exec.ListImagesCmdExec - GET: DefaultWebTarget{path=[/images/json], queryParams={}}
2024-03-20 20:10:36.537 [Test worker]  DEBUG c.g.d.z.s.o.a.h.c.h.i.c.InternalHttpClient - ex-00000003: preparing request execution
2024-03-20 20:10:36.537 [Test worker]  DEBUG c.g.d.z.s.o.a.h.c.h.p.RequestAddCookies - Cookie spec selected: strict
2024-03-20 20:10:36.537 [Test worker]  DEBUG c.g.d.z.s.o.a.h.c.h.p.RequestAuthCache - Auth cache not set in the context
2024-03-20 20:10:36.537 [Test worker]  DEBUG c.g.d.z.s.o.a.h.c.h.i.c.ProtocolExec - ex-00000003: target auth state: UNCHALLENGED
2024-03-20 20:10:36.537 [Test worker]  DEBUG c.g.d.z.s.o.a.h.c.h.i.c.ProtocolExec - ex-00000003: proxy auth state: UNCHALLENGED
2024-03-20 20:10:36.537 [Test worker]  DEBUG c.g.d.z.s.o.a.h.c.h.i.c.ConnectExec - ex-00000003: acquiring connection with route {}->http://127.0.0.1:62197
2024-03-20 20:10:36.537 [Test worker]  DEBUG c.g.d.z.s.o.a.h.c.h.i.c.InternalHttpClient - ex-00000003: acquiring endpoint (3 MINUTES)
2024-03-20 20:10:36.537 [Test worker]  DEBUG c.g.d.z.s.o.a.h.c.h.i.i.PoolingHttpClientConnectionManager - ex-00000003: endpoint lease request (3 MINUTES) [route: {}->http://127.0.0.1:62197][total available: 1; route allocated: 1 of 2147483647; total allocated: 1 of 2147483647]
2024-03-20 20:10:36.538 [Test worker]  DEBUG c.g.d.z.s.o.a.h.c.h.i.i.PoolingHttpClientConnectionManager - ex-00000003: endpoint leased [route: {}->http://127.0.0.1:62197][total available: 0; route allocated: 1 of 2147483647; total allocated: 1 of 2147483647]
2024-03-20 20:10:36.538 [Test worker]  DEBUG c.g.d.z.s.o.a.h.c.h.i.i.PoolingHttpClientConnectionManager - ex-00000003: acquired ep-00000002
2024-03-20 20:10:36.538 [Test worker]  DEBUG c.g.d.z.s.o.a.h.c.h.i.c.InternalHttpClient - ex-00000003: acquired endpoint ep-00000002
2024-03-20 20:10:36.538 [Test worker]  DEBUG c.g.d.z.s.o.a.h.c.h.i.c.MainClientExec - ex-00000003: executing GET /v1.32/images/json HTTP/1.1
2024-03-20 20:10:36.538 [Test worker]  DEBUG c.g.d.z.s.o.a.h.c.h.i.c.InternalHttpClient - ep-00000002: start execution ex-00000003
2024-03-20 20:10:36.538 [Test worker]  DEBUG c.g.d.z.s.o.a.h.c.h.i.i.PoolingHttpClientConnectionManager - ep-00000002: executing exchange ex-00000003 over http-outgoing-0
2024-03-20 20:10:36.538 [Test worker]  DEBUG c.g.d.z.s.o.a.h.client5.http.headers - http-outgoing-0 >> GET /v1.32/images/json HTTP/1.1
2024-03-20 20:10:36.538 [Test worker]  DEBUG c.g.d.z.s.o.a.h.client5.http.headers - http-outgoing-0 >> accept: application/json
2024-03-20 20:10:36.538 [Test worker]  DEBUG c.g.d.z.s.o.a.h.client5.http.headers - http-outgoing-0 >> x-tc-sid: f9061f9f-f631-469c-a1b7-e8c8c32eacbb
2024-03-20 20:10:36.538 [Test worker]  DEBUG c.g.d.z.s.o.a.h.client5.http.headers - http-outgoing-0 >> User-Agent: tc-java/1.19.7
2024-03-20 20:10:36.538 [Test worker]  DEBUG c.g.d.z.s.o.a.h.client5.http.headers - http-outgoing-0 >> Accept-Encoding: gzip, x-gzip, deflate
2024-03-20 20:10:36.538 [Test worker]  DEBUG c.g.d.z.s.o.a.h.client5.http.headers - http-outgoing-0 >> Host: 127.0.0.1:62197
2024-03-20 20:10:36.538 [Test worker]  DEBUG c.g.d.z.s.o.a.h.client5.http.headers - http-outgoing-0 >> Connection: keep-alive
2024-03-20 20:10:36.538 [Test worker]  DEBUG c.g.d.z.s.o.a.hc.client5.http.wire - http-outgoing-0 >> "GET /v1.32/images/json HTTP/1.1[\r][\n]"
2024-03-20 20:10:36.538 [Test worker]  DEBUG c.g.d.z.s.o.a.hc.client5.http.wire - http-outgoing-0 >> "accept: application/json[\r][\n]"
2024-03-20 20:10:36.538 [Test worker]  DEBUG c.g.d.z.s.o.a.hc.client5.http.wire - http-outgoing-0 >> "x-tc-sid: f9061f9f-f631-469c-a1b7-e8c8c32eacbb[\r][\n]"
2024-03-20 20:10:36.538 [Test worker]  DEBUG c.g.d.z.s.o.a.hc.client5.http.wire - http-outgoing-0 >> "User-Agent: tc-java/1.19.7[\r][\n]"
2024-03-20 20:10:36.538 [Test worker]  DEBUG c.g.d.z.s.o.a.hc.client5.http.wire - http-outgoing-0 >> "Accept-Encoding: gzip, x-gzip, deflate[\r][\n]"
2024-03-20 20:10:36.538 [Test worker]  DEBUG c.g.d.z.s.o.a.hc.client5.http.wire - http-outgoing-0 >> "Host: 127.0.0.1:62197[\r][\n]"
2024-03-20 20:10:36.538 [Test worker]  DEBUG c.g.d.z.s.o.a.hc.client5.http.wire - http-outgoing-0 >> "Connection: keep-alive[\r][\n]"
2024-03-20 20:10:36.538 [Test worker]  DEBUG c.g.d.z.s.o.a.hc.client5.http.wire - http-outgoing-0 >> "[\r][\n]"
2024-03-20 20:10:36.554 [Test worker]  DEBUG c.g.d.z.s.o.a.hc.client5.http.wire - http-outgoing-0 << "HTTP/1.1 200 OK[\r][\n]"
2024-03-20 20:10:36.554 [Test worker]  DEBUG c.g.d.z.s.o.a.hc.client5.http.wire - http-outgoing-0 << "Api-Version: 1.44[\r][\n]"
2024-03-20 20:10:36.554 [Test worker]  DEBUG c.g.d.z.s.o.a.hc.client5.http.wire - http-outgoing-0 << "Content-Type: application/json[\r][\n]"
2024-03-20 20:10:36.554 [Test worker]  DEBUG c.g.d.z.s.o.a.hc.client5.http.wire - http-outgoing-0 << "Date: Wed, 20 Mar 2024 19:10:36 GMT[\r][\n]"
2024-03-20 20:10:36.554 [Test worker]  DEBUG c.g.d.z.s.o.a.hc.client5.http.wire - http-outgoing-0 << "Docker-Experimental: false[\r][\n]"
2024-03-20 20:10:36.554 [Test worker]  DEBUG c.g.d.z.s.o.a.hc.client5.http.wire - http-outgoing-0 << "Ostype: linux[\r][\n]"
2024-03-20 20:10:36.554 [Test worker]  DEBUG c.g.d.z.s.o.a.hc.client5.http.wire - http-outgoing-0 << "Server: Docker/80+testcontainerscloud (linux)[\r][\n]"
2024-03-20 20:10:36.554 [Test worker]  DEBUG c.g.d.z.s.o.a.hc.client5.http.wire - http-outgoing-0 << "Transfer-Encoding: chunked[\r][\n]"
2024-03-20 20:10:36.554 [Test worker]  DEBUG c.g.d.z.s.o.a.hc.client5.http.wire - http-outgoing-0 << "[\r][\n]"
2024-03-20 20:10:36.554 [Test worker]  DEBUG c.g.d.z.s.o.a.hc.client5.http.wire - http-outgoing-0 << "1321[\r][\n]"
2024-03-20 20:10:36.554 [Test worker]  DEBUG c.g.d.z.s.o.a.hc.client5.http.wire - http-outgoing-0 << "[{"Containers":-1,"Created":1707420495,"Id":"sha256:54ae7e6e096bdd77229713bb3a17983e82b7def419a0a78ef4b1102478515c0b","Labels":null,"ParentId":"","RepoDigests":["postgres@sha256:4d3d45051b91b6573a0d8fdcfb19702aa83a607a47526c62cf2e29ec92bc0218"],"RepoTags":["postgres:14-alpine"],"SharedSize":-1,"Size":238981959,"VirtualSize":238981959},{"Containers":-1,"Created":1703169114,"Id":"sha256:71009a3edde7c6988eb3a3b51c9dc3cacc154494ca7e5e33ed567a38bf75c130","Labels":{"org.testcontainers.ryuk":"true"},"ParentId":"","RepoDigests":["testcontainers/ryuk@sha256:739f19eb83b1710f22ff452d7bec9cdd3f53d0ba5ff4096c6516a85de88eba0c"],"RepoTags":["testcontainers/ryuk:0.6.0"],"SharedSize":-1,"Size":14890784,"VirtualSize":14890784},{"Containers":-1,"Created":1684336262,"Id":"sha256:ec913eeff75a6b5ed284cf17e186213a466ec10a8f471798318ffa0813b5d828","Labels":{"org.testcontainers.ryuk":"true"},"ParentId":"","RepoDigests":["testcontainers/ryuk@sha256:533abc56c07b52a26c955d1e7ae428d810582ab01c156384ae79960eb5fa0775"],"RepoTags":["testcontainers/ryuk:0.5.1"],"SharedSize":-1,"Size":12676382,"VirtualSize":12676382},{"Containers":-1,"Created":1678438354,"Id":"sha256:2e306eb8aa06255c4f736b2bcf446760cae7cf9e947651ba8272f34c3e94ffa7","Labels":{"org.testcontainers.ryuk":"true"},"ParentId":"","RepoDigests":["testcontainers/ryuk@sha256:b874cc015594f275ad3ffb6a135c015c52ce04a2eba377c963abe25a84628167"],"RepoTags":["testcontainers/ryuk:0.4.0"],"SharedSize":-1,"Size":12667510,"VirtualSize":12667510},{"Containers":-1,"Created":1659017178,"Id":"sha256:7ac27de2f0c441174e7e12a105f876493b902ffd7bbb2a3646aa929c08cc3806","Labels":null,"ParentId":"","RepoDigests":["testcontainers/ryuk@sha256:0c8faa0a3ad1e154f9d8d5d78627b40d7359ff3f7d3f98556aa32157ad8fd924"],"RepoTags":["testcontainers/ryuk:0.3.4"],"SharedSize":-1,"Size":11957841,"VirtualSize":11957841},{"Containers":-1,"Created":1654903374,"Id":"sha256:de24b5ae72951a042af5350c701c4e5f18152b42292d8d756f712e67efab3227","Labels":null,"ParentId":"","RepoDigests":["testcontainers/sshd@sha256:7d6fdd0bd7e64229c9cf9feabc394a6d0a7fc15a671e84993d86fd91ed52422e"],"RepoTags":["testcontainers/sshd:1.1.0"],"SharedSize":-1,"Size":11998136,"VirtualSize":11998136},{"Containers":-1,"Created":1634200477,"Id":"sha256:64f4b02dc9864d9621d248e55835408a03b3cd8239b790e610c71c29ea45a3b9","Labels":null,"ParentId":"","RepoDigests":["testcontainers/ryuk@sha256:d50c04005142e165182b2e408d0c76f3cc38ca4db4af14125ce1b938820e5cef"],"RepoTags":["testcontainers/ryuk:0.3.3"],"SharedSize":-1,"Size":11963843,"VirtualSize":11963843},{"Containers":-1,"Created":1633542989,"Id":"sha256:76da344f7a494a483d2013e9b9d5a5334e1108fc63b794c857a865fdb55c077d","Labels":{"architecture":"x86_64","build-date":"2021-09-14T16:32:53.929147","com.redhat.build-host":"cpt-1003.osbs.prod.upshift.rdu2.redhat.com","com.redhat.component":"ubi8-minimal-container","com.redhat.license_terms":"https://www.redhat.com/en/about/red-hat-end-user-license-agreements#UBI","description":"Common base image for Confluent's Docker images.","distribution-scope":"public","io.confluent.docker":"true","io.confluent.docker.build.number":"5","io.confluent.docker.git.id":"31fed034","io.confluent.docker.git.repo":"confluentinc/kafka-images","io.k8s.description":"The Universal Base Image Minimal is a stripped down image that uses microdnf as a package manager. This base image is freely redistributable, but Red Hat only supports Red Hat technologies through subscriptions for Red Hat products. This image is maintained by Red Hat and updated regularly.","io.k8s.display-name":"Red Hat Universal Base Image 8 Minimal","io.openshift.expose-services":"","io.openshift.tags":"minimal rhel8","maintainer":"partner-support@confluent.io","name":"cp-kafka","release":"6.2.1","summary":"Confluent platform Kafka.","url":"https://access.redhat.com/containers/#/registry.access.redhat.com/ubi8-minimal/images/8.4-210","vcs-ref":"7256039d3c371a38cf13906dcf5688c19700c73b","vcs-type":"git","vendor":"Confluent","version":"31fed034"},"ParentId":"","RepoDigests":["confluentinc/cp-kafka@sha256:870c760a9e184260c159e4f7e5b4e715be0b89726b397f709fd6ce43add34456"],"RepoTags":["confluentinc/cp-kafka:6.2.1"],"SharedSize":-1,"Size":771843718,"VirtualSize":771843718},{"Containers":-1,"Created":1591782412,"Id":"sha256:2355926154447ec75b25666ff5df14d1ab54f8bb4abf731be2fcb818c7a7f145","Labels":null,"ParentId":"","RepoDigests":["redis@sha256:800f2587bf3376cb01e6307afe599ddce9439deafbd4fb8562829da96085c9c5"],"RepoTags":["redis:6.0.5"],"SharedSize":-1,"Size":104106160,"VirtualSize":104106160},{"Containers":-1,"Created":1591386939,"Id":"sha256:b665446a05c2fe2d551eccd8d29f6ee3d42c00f15597fd0f571900721380fd5d","Labels":null,"ParentId":"","RepoDigests":["testcontainers/sshd@sha256:c1185b0874011b53e88ce42245ed15e2c6f278517f54ccb3a52faa711fd9efec"],"RepoTags":["testcontainers/sshd:1.0.0"],"SharedSize":-1,"Size":7797265,"VirtualSize":7797265}][\n]"
2024-03-20 20:10:36.554 [Test worker]  DEBUG c.g.d.z.s.o.a.hc.client5.http.wire - http-outgoing-0 << "[\r][\n]"
2024-03-20 20:10:36.554 [Test worker]  DEBUG c.g.d.z.s.o.a.h.client5.http.headers - http-outgoing-0 << HTTP/1.1 200 OK
2024-03-20 20:10:36.554 [Test worker]  DEBUG c.g.d.z.s.o.a.h.client5.http.headers - http-outgoing-0 << Api-Version: 1.44
2024-03-20 20:10:36.554 [Test worker]  DEBUG c.g.d.z.s.o.a.h.client5.http.headers - http-outgoing-0 << Content-Type: application/json
2024-03-20 20:10:36.554 [Test worker]  DEBUG c.g.d.z.s.o.a.h.client5.http.headers - http-outgoing-0 << Date: Wed, 20 Mar 2024 19:10:36 GMT
2024-03-20 20:10:36.554 [Test worker]  DEBUG c.g.d.z.s.o.a.h.client5.http.headers - http-outgoing-0 << Docker-Experimental: false
2024-03-20 20:10:36.554 [Test worker]  DEBUG c.g.d.z.s.o.a.h.client5.http.headers - http-outgoing-0 << Ostype: linux
2024-03-20 20:10:36.554 [Test worker]  DEBUG c.g.d.z.s.o.a.h.client5.http.headers - http-outgoing-0 << Server: Docker/80+testcontainerscloud (linux)
2024-03-20 20:10:36.555 [Test worker]  DEBUG c.g.d.z.s.o.a.h.client5.http.headers - http-outgoing-0 << Transfer-Encoding: chunked
2024-03-20 20:10:36.556 [Test worker]  DEBUG c.g.d.z.s.o.a.h.c.h.i.c.MainClientExec - ex-00000003: connection can be kept alive for 3 MINUTES
2024-03-20 20:10:36.559 [Test worker]  DEBUG c.g.d.z.s.o.a.hc.client5.http.wire - http-outgoing-0 << "0[\r][\n]"
2024-03-20 20:10:36.559 [Test worker]  DEBUG c.g.d.z.s.o.a.hc.client5.http.wire - http-outgoing-0 << "[\r][\n]"
2024-03-20 20:10:36.559 [Test worker]  DEBUG c.g.d.z.s.o.a.h.c.h.i.c.InternalHttpClient - ep-00000002: releasing valid endpoint
2024-03-20 20:10:36.559 [Test worker]  DEBUG c.g.d.z.s.o.a.h.c.h.i.i.PoolingHttpClientConnectionManager - ep-00000002: releasing endpoint
2024-03-20 20:10:36.559 [Test worker]  DEBUG c.g.d.z.s.o.a.h.c.h.i.i.PoolingHttpClientConnectionManager - ep-00000002: connection http-outgoing-0 can be kept alive for 3 MINUTES
2024-03-20 20:10:36.559 [Test worker]  DEBUG c.g.d.z.s.o.a.h.c.h.i.i.PoolingHttpClientConnectionManager - ep-00000002: connection released [route: {}->http://127.0.0.1:62197][total available: 1; route allocated: 1 of 2147483647; total allocated: 1 of 2147483647]
2024-03-20 20:10:36.560 [Test worker]  TRACE o.t.s.c.g.d.c.exec.ListImagesCmdExec - Response: [Image(created=1707420495, id=sha256:54ae7e6e096bdd77229713bb3a17983e82b7def419a0a78ef4b1102478515c0b, parentId=, repoTags=[postgres:14-alpine], repoDigests=[postgres@sha256:4d3d45051b91b6573a0d8fdcfb19702aa83a607a47526c62cf2e29ec92bc0218], size=238981959, virtualSize=238981959, sharedSize=-1, labels=null, containers=-1), Image(created=1703169114, id=sha256:71009a3edde7c6988eb3a3b51c9dc3cacc154494ca7e5e33ed567a38bf75c130, parentId=, repoTags=[testcontainers/ryuk:0.6.0], repoDigests=[testcontainers/ryuk@sha256:739f19eb83b1710f22ff452d7bec9cdd3f53d0ba5ff4096c6516a85de88eba0c], size=14890784, virtualSize=14890784, sharedSize=-1, labels={org.testcontainers.ryuk=true}, containers=-1), Image(created=1684336262, id=sha256:ec913eeff75a6b5ed284cf17e186213a466ec10a8f471798318ffa0813b5d828, parentId=, repoTags=[testcontainers/ryuk:0.5.1], repoDigests=[testcontainers/ryuk@sha256:533abc56c07b52a26c955d1e7ae428d810582ab01c156384ae79960eb5fa0775], size=12676382, virtualSize=12676382, sharedSize=-1, labels={org.testcontainers.ryuk=true}, containers=-1), Image(created=1678438354, id=sha256:2e306eb8aa06255c4f736b2bcf446760cae7cf9e947651ba8272f34c3e94ffa7, parentId=, repoTags=[testcontainers/ryuk:0.4.0], repoDigests=[testcontainers/ryuk@sha256:b874cc015594f275ad3ffb6a135c015c52ce04a2eba377c963abe25a84628167], size=12667510, virtualSize=12667510, sharedSize=-1, labels={org.testcontainers.ryuk=true}, containers=-1), Image(created=1659017178, id=sha256:7ac27de2f0c441174e7e12a105f876493b902ffd7bbb2a3646aa929c08cc3806, parentId=, repoTags=[testcontainers/ryuk:0.3.4], repoDigests=[testcontainers/ryuk@sha256:0c8faa0a3ad1e154f9d8d5d78627b40d7359ff3f7d3f98556aa32157ad8fd924], size=11957841, virtualSize=11957841, sharedSize=-1, labels=null, containers=-1), Image(created=1654903374, id=sha256:de24b5ae72951a042af5350c701c4e5f18152b42292d8d756f712e67efab3227, parentId=, repoTags=[testcontainers/sshd:1.1.0], repoDigests=[testcontainers/sshd@sha256:7d6fdd0bd7e64229c9cf9feabc394a6d0a7fc15a671e84993d86fd91ed52422e], size=11998136, virtualSize=11998136, sharedSize=-1, labels=null, containers=-1), Image(created=1634200477, id=sha256:64f4b02dc9864d9621d248e55835408a03b3cd8239b790e610c71c29ea45a3b9, parentId=, repoTags=[testcontainers/ryuk:0.3.3], repoDigests=[testcontainers/ryuk@sha256:d50c04005142e165182b2e408d0c76f3cc38ca4db4af14125ce1b938820e5cef], size=11963843, virtualSize=11963843, sharedSize=-1, labels=null, containers=-1), Image(created=1633542989, id=sha256:76da344f7a494a483d2013e9b9d5a5334e1108fc63b794c857a865fdb55c077d, parentId=, repoTags=[confluentinc/cp-kafka:6.2.1], repoDigests=[confluentinc/cp-kafka@sha256:870c760a9e184260c159e4f7e5b4e715be0b89726b397f709fd6ce43add34456], size=771843718, virtualSize=771843718, sharedSize=-1, labels={architecture=x86_64, build-date=2021-09-14T16:32:53.929147, com.redhat.build-host=cpt-1003.osbs.prod.upshift.rdu2.redhat.com, com.redhat.component=ubi8-minimal-container, com.redhat.license_terms=https://www.redhat.com/en/about/red-hat-end-user-license-agreements#UBI, description=Common base image for Confluent's Docker images., distribution-scope=public, io.confluent.docker=true, io.confluent.docker.build.number=5, io.confluent.docker.git.id=31fed034, io.confluent.docker.git.repo=confluentinc/kafka-images, io.k8s.description=The Universal Base Image Minimal is a stripped down image that uses microdnf as a package manager. This base image is freely redistributable, but Red Hat only supports Red Hat technologies through subscriptions for Red Hat products. This image is maintained by Red Hat and updated regularly., io.k8s.display-name=Red Hat Universal Base Image 8 Minimal, io.openshift.expose-services=, io.openshift.tags=minimal rhel8, maintainer=partner-support@confluent.io, name=cp-kafka, release=6.2.1, summary=Confluent platform Kafka., url=https://access.redhat.com/containers/#/registry.access.redhat.com/ubi8-minimal/images/8.4-210, vcs-ref=7256039d3c371a38cf13906dcf5688c19700c73b, vcs-type=git, vendor=Confluent, version=31fed034}, containers=-1), Image(created=1591782412, id=sha256:2355926154447ec75b25666ff5df14d1ab54f8bb4abf731be2fcb818c7a7f145, parentId=, repoTags=[redis:6.0.5], repoDigests=[redis@sha256:800f2587bf3376cb01e6307afe599ddce9439deafbd4fb8562829da96085c9c5], size=104106160, virtualSize=104106160, sharedSize=-1, labels=null, containers=-1), Image(created=1591386939, id=sha256:b665446a05c2fe2d551eccd8d29f6ee3d42c00f15597fd0f571900721380fd5d, parentId=, repoTags=[testcontainers/sshd:1.0.0], repoDigests=[testcontainers/sshd@sha256:c1185b0874011b53e88ce42245ed15e2c6f278517f54ccb3a52faa711fd9efec], size=7797265, virtualSize=7797265, sharedSize=-1, labels=null, containers=-1)]
2024-03-20 20:10:36.561 [Test worker]  DEBUG t.g.i.c.0.0-emulators - gcr.io/google.com/cloudsdktool/google-cloud-cli:441.0.0-emulators is not in image name cache, updating...
2024-03-20 20:10:36.561 [Test worker]  DEBUG o.t.s.c.g.d.c.command.AbstrDockerCmd - Cmd: gcr.io/google.com/cloudsdktool/google-cloud-cli:441.0.0-emulators
2024-03-20 20:10:36.562 [Test worker]  TRACE o.t.s.c.g.d.c.e.InspectImageCmdExec - GET: DefaultWebTarget{path=[/images/gcr.io%2Fgoogle.com%2Fcloudsdktool%2Fgoogle-cloud-cli:441.0.0-emulators/json], queryParams={}}
2024-03-20 20:10:36.563 [Test worker]  DEBUG c.g.d.z.s.o.a.h.c.h.i.c.InternalHttpClient - ex-00000004: preparing request execution
2024-03-20 20:10:36.563 [Test worker]  DEBUG c.g.d.z.s.o.a.h.c.h.p.RequestAddCookies - Cookie spec selected: strict
2024-03-20 20:10:36.563 [Test worker]  DEBUG c.g.d.z.s.o.a.h.c.h.p.RequestAuthCache - Auth cache not set in the context
2024-03-20 20:10:36.563 [Test worker]  DEBUG c.g.d.z.s.o.a.h.c.h.i.c.ProtocolExec - ex-00000004: target auth state: UNCHALLENGED
2024-03-20 20:10:36.563 [Test worker]  DEBUG c.g.d.z.s.o.a.h.c.h.i.c.ProtocolExec - ex-00000004: proxy auth state: UNCHALLENGED
2024-03-20 20:10:36.563 [Test worker]  DEBUG c.g.d.z.s.o.a.h.c.h.i.c.ConnectExec - ex-00000004: acquiring connection with route {}->http://127.0.0.1:62197
2024-03-20 20:10:36.563 [Test worker]  DEBUG c.g.d.z.s.o.a.h.c.h.i.c.InternalHttpClient - ex-00000004: acquiring endpoint (3 MINUTES)
2024-03-20 20:10:36.563 [Test worker]  DEBUG c.g.d.z.s.o.a.h.c.h.i.i.PoolingHttpClientConnectionManager - ex-00000004: endpoint lease request (3 MINUTES) [route: {}->http://127.0.0.1:62197][total available: 1; route allocated: 1 of 2147483647; total allocated: 1 of 2147483647]
2024-03-20 20:10:36.563 [Test worker]  DEBUG c.g.d.z.s.o.a.h.c.h.i.i.PoolingHttpClientConnectionManager - ex-00000004: endpoint leased [route: {}->http://127.0.0.1:62197][total available: 0; route allocated: 1 of 2147483647; total allocated: 1 of 2147483647]
2024-03-20 20:10:36.563 [Test worker]  DEBUG c.g.d.z.s.o.a.h.c.h.i.i.PoolingHttpClientConnectionManager - ex-00000004: acquired ep-00000003
2024-03-20 20:10:36.564 [Test worker]  DEBUG c.g.d.z.s.o.a.h.c.h.i.c.InternalHttpClient - ex-00000004: acquired endpoint ep-00000003
2024-03-20 20:10:36.564 [Test worker]  DEBUG c.g.d.z.s.o.a.h.c.h.i.c.MainClientExec - ex-00000004: executing GET /v1.32/images/gcr.io%2Fgoogle.com%2Fcloudsdktool%2Fgoogle-cloud-cli:441.0.0-emulators/json HTTP/1.1
2024-03-20 20:10:36.564 [Test worker]  DEBUG c.g.d.z.s.o.a.h.c.h.i.c.InternalHttpClient - ep-00000003: start execution ex-00000004
2024-03-20 20:10:36.564 [Test worker]  DEBUG c.g.d.z.s.o.a.h.c.h.i.i.PoolingHttpClientConnectionManager - ep-00000003: executing exchange ex-00000004 over http-outgoing-0
2024-03-20 20:10:36.564 [Test worker]  DEBUG c.g.d.z.s.o.a.h.client5.http.headers - http-outgoing-0 >> GET /v1.32/images/gcr.io%2Fgoogle.com%2Fcloudsdktool%2Fgoogle-cloud-cli:441.0.0-emulators/json HTTP/1.1
2024-03-20 20:10:36.564 [Test worker]  DEBUG c.g.d.z.s.o.a.h.client5.http.headers - http-outgoing-0 >> accept: application/json
2024-03-20 20:10:36.564 [Test worker]  DEBUG c.g.d.z.s.o.a.h.client5.http.headers - http-outgoing-0 >> x-tc-sid: f9061f9f-f631-469c-a1b7-e8c8c32eacbb
2024-03-20 20:10:36.564 [Test worker]  DEBUG c.g.d.z.s.o.a.h.client5.http.headers - http-outgoing-0 >> User-Agent: tc-java/1.19.7
2024-03-20 20:10:36.564 [Test worker]  DEBUG c.g.d.z.s.o.a.h.client5.http.headers - http-outgoing-0 >> Accept-Encoding: gzip, x-gzip, deflate
2024-03-20 20:10:36.564 [Test worker]  DEBUG c.g.d.z.s.o.a.h.client5.http.headers - http-outgoing-0 >> Host: 127.0.0.1:62197
2024-03-20 20:10:36.564 [Test worker]  DEBUG c.g.d.z.s.o.a.h.client5.http.headers - http-outgoing-0 >> Connection: keep-alive
2024-03-20 20:10:36.564 [Test worker]  DEBUG c.g.d.z.s.o.a.hc.client5.http.wire - http-outgoing-0 >> "GET /v1.32/images/gcr.io%2Fgoogle.com%2Fcloudsdktool%2Fgoogle-cloud-cli:441.0.0-emulators/json HTTP/1.1[\r][\n]"
2024-03-20 20:10:36.564 [Test worker]  DEBUG c.g.d.z.s.o.a.hc.client5.http.wire - http-outgoing-0 >> "accept: application/json[\r][\n]"
2024-03-20 20:10:36.564 [Test worker]  DEBUG c.g.d.z.s.o.a.hc.client5.http.wire - http-outgoing-0 >> "x-tc-sid: f9061f9f-f631-469c-a1b7-e8c8c32eacbb[\r][\n]"
2024-03-20 20:10:36.564 [Test worker]  DEBUG c.g.d.z.s.o.a.hc.client5.http.wire - http-outgoing-0 >> "User-Agent: tc-java/1.19.7[\r][\n]"
2024-03-20 20:10:36.564 [Test worker]  DEBUG c.g.d.z.s.o.a.hc.client5.http.wire - http-outgoing-0 >> "Accept-Encoding: gzip, x-gzip, deflate[\r][\n]"
2024-03-20 20:10:36.564 [Test worker]  DEBUG c.g.d.z.s.o.a.hc.client5.http.wire - http-outgoing-0 >> "Host: 127.0.0.1:62197[\r][\n]"
2024-03-20 20:10:36.564 [Test worker]  DEBUG c.g.d.z.s.o.a.hc.client5.http.wire - http-outgoing-0 >> "Connection: keep-alive[\r][\n]"
2024-03-20 20:10:36.564 [Test worker]  DEBUG c.g.d.z.s.o.a.hc.client5.http.wire - http-outgoing-0 >> "[\r][\n]"
2024-03-20 20:10:36.575 [Test worker]  DEBUG c.g.d.z.s.o.a.hc.client5.http.wire - http-outgoing-0 << "HTTP/1.1 404 Not Found[\r][\n]"
2024-03-20 20:10:36.575 [Test worker]  DEBUG c.g.d.z.s.o.a.hc.client5.http.wire - http-outgoing-0 << "Api-Version: 1.44[\r][\n]"
2024-03-20 20:10:36.575 [Test worker]  DEBUG c.g.d.z.s.o.a.hc.client5.http.wire - http-outgoing-0 << "Content-Length: 95[\r][\n]"
2024-03-20 20:10:36.575 [Test worker]  DEBUG c.g.d.z.s.o.a.hc.client5.http.wire - http-outgoing-0 << "Content-Type: application/json[\r][\n]"
2024-03-20 20:10:36.575 [Test worker]  DEBUG c.g.d.z.s.o.a.hc.client5.http.wire - http-outgoing-0 << "Date: Wed, 20 Mar 2024 19:10:36 GMT[\r][\n]"
2024-03-20 20:10:36.575 [Test worker]  DEBUG c.g.d.z.s.o.a.hc.client5.http.wire - http-outgoing-0 << "Docker-Experimental: false[\r][\n]"
2024-03-20 20:10:36.575 [Test worker]  DEBUG c.g.d.z.s.o.a.hc.client5.http.wire - http-outgoing-0 << "Ostype: linux[\r][\n]"
2024-03-20 20:10:36.575 [Test worker]  DEBUG c.g.d.z.s.o.a.hc.client5.http.wire - http-outgoing-0 << "Server: Docker/80+testcontainerscloud (linux)[\r][\n]"
2024-03-20 20:10:36.575 [Test worker]  DEBUG c.g.d.z.s.o.a.hc.client5.http.wire - http-outgoing-0 << "[\r][\n]"
2024-03-20 20:10:36.575 [Test worker]  DEBUG c.g.d.z.s.o.a.hc.client5.http.wire - http-outgoing-0 << "{"message":"No such image: gcr.io/google.com/cloudsdktool/google-cloud-cli:441.0.0-emulators"}[\n]"
2024-03-20 20:10:36.575 [Test worker]  DEBUG c.g.d.z.s.o.a.h.client5.http.headers - http-outgoing-0 << HTTP/1.1 404 Not Found
2024-03-20 20:10:36.576 [Test worker]  DEBUG c.g.d.z.s.o.a.h.client5.http.headers - http-outgoing-0 << Api-Version: 1.44
2024-03-20 20:10:36.576 [Test worker]  DEBUG c.g.d.z.s.o.a.h.client5.http.headers - http-outgoing-0 << Content-Length: 95
2024-03-20 20:10:36.576 [Test worker]  DEBUG c.g.d.z.s.o.a.h.client5.http.headers - http-outgoing-0 << Content-Type: application/json
2024-03-20 20:10:36.576 [Test worker]  DEBUG c.g.d.z.s.o.a.h.client5.http.headers - http-outgoing-0 << Date: Wed, 20 Mar 2024 19:10:36 GMT
2024-03-20 20:10:36.576 [Test worker]  DEBUG c.g.d.z.s.o.a.h.client5.http.headers - http-outgoing-0 << Docker-Experimental: false
2024-03-20 20:10:36.576 [Test worker]  DEBUG c.g.d.z.s.o.a.h.client5.http.headers - http-outgoing-0 << Ostype: linux
2024-03-20 20:10:36.576 [Test worker]  DEBUG c.g.d.z.s.o.a.h.client5.http.headers - http-outgoing-0 << Server: Docker/80+testcontainerscloud (linux)
2024-03-20 20:10:36.576 [Test worker]  DEBUG c.g.d.z.s.o.a.h.c.h.i.c.MainClientExec - ex-00000004: connection can be kept alive for 3 MINUTES
2024-03-20 20:10:36.579 [Test worker]  DEBUG c.g.d.z.s.o.a.h.c.h.i.c.InternalHttpClient - ep-00000003: releasing valid endpoint
2024-03-20 20:10:36.579 [Test worker]  DEBUG c.g.d.z.s.o.a.h.c.h.i.i.PoolingHttpClientConnectionManager - ep-00000003: releasing endpoint
2024-03-20 20:10:36.579 [Test worker]  DEBUG c.g.d.z.s.o.a.h.c.h.i.i.PoolingHttpClientConnectionManager - ep-00000003: connection http-outgoing-0 can be kept alive for 3 MINUTES
2024-03-20 20:10:36.579 [Test worker]  DEBUG c.g.d.z.s.o.a.h.c.h.i.i.PoolingHttpClientConnectionManager - ep-00000003: connection released [route: {}->http://127.0.0.1:62197][total available: 1; route allocated: 1 of 2147483647; total allocated: 1 of 2147483647]
2024-03-20 20:10:36.579 [Test worker]  TRACE o.t.images.LocalImagesCache - Image gcr.io/google.com/cloudsdktool/google-cloud-cli:441.0.0-emulators not found
com.github.dockerjava.api.exception.NotFoundException: Status 404: {"message":"No such image: gcr.io/google.com/cloudsdktool/google-cloud-cli:441.0.0-emulators"}

	at org.testcontainers.shaded.com.github.dockerjava.core.DefaultInvocationBuilder.execute(DefaultInvocationBuilder.java:241)
	at org.testcontainers.shaded.com.github.dockerjava.core.DefaultInvocationBuilder.get(DefaultInvocationBuilder.java:202)
	at org.testcontainers.shaded.com.github.dockerjava.core.DefaultInvocationBuilder.get(DefaultInvocationBuilder.java:74)
	at org.testcontainers.shaded.com.github.dockerjava.core.exec.InspectImageCmdExec.execute(InspectImageCmdExec.java:28)
	at org.testcontainers.shaded.com.github.dockerjava.core.exec.InspectImageCmdExec.execute(InspectImageCmdExec.java:13)
	at org.testcontainers.shaded.com.github.dockerjava.core.exec.AbstrSyncDockerCmdExec.exec(AbstrSyncDockerCmdExec.java:21)
	at org.testcontainers.shaded.com.github.dockerjava.core.command.AbstrDockerCmd.exec(AbstrDockerCmd.java:33)
	at org.testcontainers.shaded.com.github.dockerjava.core.command.InspectImageCmdImpl.exec(InspectImageCmdImpl.java:39)
	at org.testcontainers.images.LocalImagesCache.refreshCache(LocalImagesCache.java:42)
	at org.testcontainers.images.AbstractImagePullPolicy.shouldPull(AbstractImagePullPolicy.java:24)
	at org.testcontainers.images.RemoteDockerImage.resolve(RemoteDockerImage.java:70)
	at org.testcontainers.images.RemoteDockerImage.resolve(RemoteDockerImage.java:28)
	at org.testcontainers.utility.LazyFuture.getResolvedValue(LazyFuture.java:20)
	at org.testcontainers.utility.LazyFuture.get(LazyFuture.java:41)
	at org.testcontainers.containers.GenericContainer.getDockerImageName(GenericContainer.java:1362)
	at org.testcontainers.containers.GenericContainer.logger(GenericContainer.java:671)
	at org.testcontainers.containers.GenericContainer.doStart(GenericContainer.java:341)
	at org.testcontainers.containers.GenericContainer.start(GenericContainer.java:330)
	at com.elevaktor.EventStoreTest.Can store and retrieve events(EventStoreTest.kt:16)
	at java.base/jdk.internal.reflect.DirectMethodHandleAccessor.invoke(DirectMethodHandleAccessor.java:103)
	at java.base/java.lang.reflect.Method.invoke(Method.java:580)
	at org.junit.runners.model.FrameworkMethod$1.runReflectiveCall(FrameworkMethod.java:59)
	at org.junit.internal.runners.model.ReflectiveCallable.run(ReflectiveCallable.java:12)
	at org.junit.runners.model.FrameworkMethod.invokeExplosively(FrameworkMethod.java:56)
	at org.junit.internal.runners.statements.InvokeMethod.evaluate(InvokeMethod.java:17)
	at org.junit.runners.ParentRunner$3.evaluate(ParentRunner.java:306)
	at org.junit.runners.BlockJUnit4ClassRunner$1.evaluate(BlockJUnit4ClassRunner.java:100)
	at org.junit.runners.ParentRunner.runLeaf(ParentRunner.java:366)
	at org.junit.runners.BlockJUnit4ClassRunner.runChild(BlockJUnit4ClassRunner.java:103)
	at org.junit.runners.BlockJUnit4ClassRunner.runChild(BlockJUnit4ClassRunner.java:63)
	at org.junit.runners.ParentRunner$4.run(ParentRunner.java:331)
	at org.junit.runners.ParentRunner$1.schedule(ParentRunner.java:79)
	at org.junit.runners.ParentRunner.runChildren(ParentRunner.java:329)
	at org.junit.runners.ParentRunner.access$100(ParentRunner.java:66)
	at org.junit.runners.ParentRunner$2.evaluate(ParentRunner.java:293)
	at org.junit.runners.ParentRunner$3.evaluate(ParentRunner.java:306)
	at org.junit.runners.ParentRunner.run(ParentRunner.java:413)
	at org.gradle.api.internal.tasks.testing.junit.JUnitTestClassExecutor.runTestClass(JUnitTestClassExecutor.java:112)
	at org.gradle.api.internal.tasks.testing.junit.JUnitTestClassExecutor.execute(JUnitTestClassExecutor.java:58)
	at org.gradle.api.internal.tasks.testing.junit.JUnitTestClassExecutor.execute(JUnitTestClassExecutor.java:40)
	at org.gradle.api.internal.tasks.testing.junit.AbstractJUnitTestClassProcessor.processTestClass(AbstractJUnitTestClassProcessor.java:60)
	at org.gradle.api.internal.tasks.testing.SuiteTestClassProcessor.processTestClass(SuiteTestClassProcessor.java:52)
	at java.base/jdk.internal.reflect.DirectMethodHandleAccessor.invoke(DirectMethodHandleAccessor.java:103)
	at java.base/java.lang.reflect.Method.invoke(Method.java:580)
	at org.gradle.internal.dispatch.ReflectionDispatch.dispatch(ReflectionDispatch.java:36)
	at org.gradle.internal.dispatch.ReflectionDispatch.dispatch(ReflectionDispatch.java:24)
	at org.gradle.internal.dispatch.ContextClassLoaderDispatch.dispatch(ContextClassLoaderDispatch.java:33)
	at org.gradle.internal.dispatch.ProxyDispatchAdapter$DispatchingInvocationHandler.invoke(ProxyDispatchAdapter.java:94)
	at jdk.proxy1/jdk.proxy1.$Proxy2.processTestClass(Unknown Source)
	at org.gradle.api.internal.tasks.testing.worker.TestWorker$2.run(TestWorker.java:176)
	at org.gradle.api.internal.tasks.testing.worker.TestWorker.executeAndMaintainThreadName(TestWorker.java:129)
	at org.gradle.api.internal.tasks.testing.worker.TestWorker.execute(TestWorker.java:100)
	at org.gradle.api.internal.tasks.testing.worker.TestWorker.execute(TestWorker.java:60)
	at org.gradle.process.internal.worker.child.ActionExecutionWorker.execute(ActionExecutionWorker.java:56)
	at org.gradle.process.internal.worker.child.SystemApplicationClassLoaderWorker.call(SystemApplicationClassLoaderWorker.java:113)
	at org.gradle.process.internal.worker.child.SystemApplicationClassLoaderWorker.call(SystemApplicationClassLoaderWorker.java:65)
	at worker.org.gradle.process.internal.worker.GradleWorkerMain.run(GradleWorkerMain.java:69)
	at worker.org.gradle.process.internal.worker.GradleWorkerMain.main(GradleWorkerMain.java:74)
2024-03-20 20:10:36.580 [Test worker]  DEBUG o.t.images.AbstractImagePullPolicy - Not available locally, should pull image: gcr.io/google.com/cloudsdktool/google-cloud-cli:441.0.0-emulators
2024-03-20 20:10:36.580 [Test worker]  INFO  t.g.i.c.0.0-emulators - Pulling docker image: gcr.io/google.com/cloudsdktool/google-cloud-cli:441.0.0-emulators. Please be patient; this may take some time but only needs to be done once.
2024-03-20 20:10:36.583 [Test worker]  DEBUG o.t.utility.RegistryAuthLocator - Looking up auth config for image: gcr.io/google.com/cloudsdktool/google-cloud-cli:latest at registry: gcr.io
2024-03-20 20:10:36.583 [Test worker]  DEBUG o.t.utility.RegistryAuthLocator - RegistryAuthLocator has configFile: /Users/pim/.docker/config.json (exists) configEnv: DOCKER_AUTH_CONFIG (does not exist) and commandPathPrefix: 
2024-03-20 20:10:36.583 [Test worker]  DEBUG o.t.utility.RegistryAuthLocator - RegistryAuthLocator reading from configFile: /Users/pim/.docker/config.json
2024-03-20 20:10:36.584 [Test worker]  DEBUG o.t.utility.RegistryAuthLocator - registryName [gcr.io] for dockerImageName [gcr.io/google.com/cloudsdktool/google-cloud-cli:latest]
2024-03-20 20:10:36.584 [Test worker]  DEBUG o.t.utility.RegistryAuthLocator - Executing docker credential provider: docker-credential-desktop to locate auth config for: gcr.io
2024-03-20 20:10:36.588 [Test worker]  DEBUG o.t.s.o.z.exec.ProcessExecutor - Executing [docker-credential-desktop, get].
2024-03-20 20:10:36.598 [Test worker]  DEBUG o.t.s.o.z.exec.ProcessExecutor - Started Process[pid=22060, exitValue="not exited"]
2024-03-20 20:10:36.599 [Thread-4]  TRACE o.t.s.o.z.exec.stream.StreamPumper - org.testcontainers.shaded.org.zeroturnaround.exec.stream.StreamPumper@54fa2b62 started.
2024-03-20 20:10:36.599 [Thread-5]  TRACE o.t.s.o.z.exec.stream.StreamPumper - org.testcontainers.shaded.org.zeroturnaround.exec.stream.StreamPumper@6023c6c0 started.
2024-03-20 20:10:36.599 [Thread-4]  TRACE o.t.s.o.z.exec.stream.StreamPumper - org.testcontainers.shaded.org.zeroturnaround.exec.stream.StreamPumper@54fa2b62 finished.
2024-03-20 20:10:36.875 [Thread-5]  TRACE o.t.s.o.z.exec.stream.StreamPumper - org.testcontainers.shaded.org.zeroturnaround.exec.stream.StreamPumper@6023c6c0 finished.
2024-03-20 20:10:36.875 [WaitForProcess-Process[pid=22060, exitValue="not exited"]]  DEBUG o.t.s.o.z.exec.WaitForProcess - Process[pid=22060, exitValue=1] stopped with exit code 1
2024-03-20 20:10:36.875 [WaitForProcess-Process[pid=22060, exitValue="not exited"]]  TRACE o.t.s.o.z.e.stream.PumpStreamHandler - Joining input thread Thread[#38,Thread-4,5,]...
2024-03-20 20:10:36.875 [WaitForProcess-Process[pid=22060, exitValue="not exited"]]  TRACE o.t.s.o.z.e.stream.PumpStreamHandler - Joining output thread Thread[#39,Thread-5,5,]...
2024-03-20 20:10:36.876 [WaitForProcess-Process[pid=22060, exitValue="not exited"]]  TRACE o.t.s.o.z.e.stream.PumpStreamHandler - Flushing output stream credentials not found in native keychain
...
2024-03-20 20:10:36.876 [WaitForProcess-Process[pid=22060, exitValue="not exited"]]  TRACE o.t.s.o.z.e.stream.PumpStreamHandler - Flushing error stream org.testcontainers.shaded.org.zeroturnaround.exec.stream.NullOutputStream@b8a9ba2...
2024-03-20 20:10:36.876 [Test worker]  DEBUG o.t.s.o.z.exec.ProcessExecutor - Executing [docker-credential-desktop, get].
2024-03-20 20:10:36.879 [Test worker]  DEBUG o.t.s.o.z.exec.ProcessExecutor - Started Process[pid=22064, exitValue="not exited"]
2024-03-20 20:10:36.879 [Thread-6]  TRACE o.t.s.o.z.exec.stream.StreamPumper - org.testcontainers.shaded.org.zeroturnaround.exec.stream.StreamPumper@7296660e started.
2024-03-20 20:10:36.879 [Thread-6]  TRACE o.t.s.o.z.exec.stream.StreamPumper - org.testcontainers.shaded.org.zeroturnaround.exec.stream.StreamPumper@7296660e finished.
2024-03-20 20:10:36.879 [Thread-7]  TRACE o.t.s.o.z.exec.stream.StreamPumper - org.testcontainers.shaded.org.zeroturnaround.exec.stream.StreamPumper@72e510fe started.
2024-03-20 20:10:36.897 [Thread-7]  TRACE o.t.s.o.z.exec.stream.StreamPumper - org.testcontainers.shaded.org.zeroturnaround.exec.stream.StreamPumper@72e510fe finished.
2024-03-20 20:10:36.898 [WaitForProcess-Process[pid=22064, exitValue="not exited"]]  DEBUG o.t.s.o.z.exec.WaitForProcess - Process[pid=22064, exitValue=1] stopped with exit code 1
2024-03-20 20:10:36.898 [WaitForProcess-Process[pid=22064, exitValue="not exited"]]  TRACE o.t.s.o.z.e.stream.PumpStreamHandler - Joining input thread Thread[#41,Thread-6,5,]...
2024-03-20 20:10:36.898 [WaitForProcess-Process[pid=22064, exitValue="not exited"]]  TRACE o.t.s.o.z.e.stream.PumpStreamHandler - Joining output thread Thread[#42,Thread-7,5,]...
2024-03-20 20:10:36.898 [WaitForProcess-Process[pid=22064, exitValue="not exited"]]  TRACE o.t.s.o.z.e.stream.PumpStreamHandler - Flushing output stream credentials not found in native keychain
...
2024-03-20 20:10:36.898 [WaitForProcess-Process[pid=22064, exitValue="not exited"]]  TRACE o.t.s.o.z.e.stream.PumpStreamHandler - Flushing error stream org.testcontainers.shaded.org.zeroturnaround.exec.stream.NullOutputStream@b8a9ba2...
2024-03-20 20:10:36.898 [Test worker]  DEBUG o.t.utility.RegistryAuthLocator - Got credentials not found error message from docker credential helper - credentials not found in native keychain
2024-03-20 20:10:36.898 [Test worker]  INFO  o.t.utility.RegistryAuthLocator - Credential helper/store (docker-credential-desktop) does not have credentials for gcr.io
2024-03-20 20:10:36.898 [Test worker]  DEBUG o.t.utility.RegistryAuthLocator - No matching Auth Configs - falling back to defaultAuthConfig [null]
2024-03-20 20:10:36.898 [Test worker]  DEBUG o.t.d.AuthDelegatingDockerClientConfig - Effective auth config [null]
2024-03-20 20:10:36.901 [Test worker]  TRACE o.t.s.c.g.d.c.exec.PullImageCmdExec - POST: DefaultWebTarget{path=[/images/create], queryParams={fromImage=[gcr.io/google.com/cloudsdktool/google-cloud-cli], tag=[441.0.0-emulators]}}
2024-03-20 20:10:36.904 [docker-java-stream-1681795290]  DEBUG c.g.d.z.s.o.a.h.c.h.i.c.InternalHttpClient - ex-00000005: preparing request execution
2024-03-20 20:10:36.904 [docker-java-stream-1681795290]  DEBUG c.g.d.z.s.o.a.h.c.h.p.RequestAddCookies - Cookie spec selected: strict
2024-03-20 20:10:36.904 [docker-java-stream-1681795290]  DEBUG c.g.d.z.s.o.a.h.c.h.p.RequestAuthCache - Auth cache not set in the context
2024-03-20 20:10:36.904 [docker-java-stream-1681795290]  DEBUG c.g.d.z.s.o.a.h.c.h.i.c.ProtocolExec - ex-00000005: target auth state: UNCHALLENGED
2024-03-20 20:10:36.904 [docker-java-stream-1681795290]  DEBUG c.g.d.z.s.o.a.h.c.h.i.c.ProtocolExec - ex-00000005: proxy auth state: UNCHALLENGED
2024-03-20 20:10:36.904 [docker-java-stream-1681795290]  DEBUG c.g.d.z.s.o.a.h.c.h.i.c.ConnectExec - ex-00000005: acquiring connection with route {}->http://127.0.0.1:62197
2024-03-20 20:10:36.904 [docker-java-stream-1681795290]  DEBUG c.g.d.z.s.o.a.h.c.h.i.c.InternalHttpClient - ex-00000005: acquiring endpoint (3 MINUTES)
2024-03-20 20:10:36.904 [docker-java-stream-1681795290]  DEBUG c.g.d.z.s.o.a.h.c.h.i.i.PoolingHttpClientConnectionManager - ex-00000005: endpoint lease request (3 MINUTES) [route: {}->http://127.0.0.1:62197][total available: 1; route allocated: 1 of 2147483647; total allocated: 1 of 2147483647]
2024-03-20 20:10:36.904 [docker-java-stream-1681795290]  DEBUG c.g.d.z.s.o.a.h.c.h.i.i.PoolingHttpClientConnectionManager - ex-00000005: endpoint leased [route: {}->http://127.0.0.1:62197][total available: 0; route allocated: 1 of 2147483647; total allocated: 1 of 2147483647]
2024-03-20 20:10:36.904 [docker-java-stream-1681795290]  DEBUG c.g.d.z.s.o.a.h.c.h.i.i.PoolingHttpClientConnectionManager - ex-00000005: acquired ep-00000004
2024-03-20 20:10:36.904 [docker-java-stream-1681795290]  DEBUG c.g.d.z.s.o.a.h.c.h.i.c.InternalHttpClient - ex-00000005: acquired endpoint ep-00000004
2024-03-20 20:10:36.905 [docker-java-stream-1681795290]  DEBUG c.g.d.z.s.o.a.h.c.h.i.c.MainClientExec - ex-00000005: executing POST /v1.32/images/create?fromImage=gcr.io%2Fgoogle.com%2Fcloudsdktool%2Fgoogle-cloud-cli&tag=441.0.0-emulators HTTP/1.1
2024-03-20 20:10:36.905 [docker-java-stream-1681795290]  DEBUG c.g.d.z.s.o.a.h.c.h.i.c.InternalHttpClient - ep-00000004: start execution ex-00000005
2024-03-20 20:10:36.905 [docker-java-stream-1681795290]  DEBUG c.g.d.z.s.o.a.h.c.h.i.i.PoolingHttpClientConnectionManager - ep-00000004: executing exchange ex-00000005 over http-outgoing-0
2024-03-20 20:10:36.905 [docker-java-stream-1681795290]  DEBUG c.g.d.z.s.o.a.h.client5.http.headers - http-outgoing-0 >> POST /v1.32/images/create?fromImage=gcr.io%2Fgoogle.com%2Fcloudsdktool%2Fgoogle-cloud-cli&tag=441.0.0-emulators HTTP/1.1
2024-03-20 20:10:36.905 [docker-java-stream-1681795290]  DEBUG c.g.d.z.s.o.a.h.client5.http.headers - http-outgoing-0 >> accept: application/octet-stream
2024-03-20 20:10:36.905 [docker-java-stream-1681795290]  DEBUG c.g.d.z.s.o.a.h.client5.http.headers - http-outgoing-0 >> content-type: application/json
2024-03-20 20:10:36.905 [docker-java-stream-1681795290]  DEBUG c.g.d.z.s.o.a.h.client5.http.headers - http-outgoing-0 >> x-tc-sid: f9061f9f-f631-469c-a1b7-e8c8c32eacbb
2024-03-20 20:10:36.905 [docker-java-stream-1681795290]  DEBUG c.g.d.z.s.o.a.h.client5.http.headers - http-outgoing-0 >> User-Agent: tc-java/1.19.7
2024-03-20 20:10:36.905 [docker-java-stream-1681795290]  DEBUG c.g.d.z.s.o.a.h.client5.http.headers - http-outgoing-0 >> Accept-Encoding: gzip, x-gzip, deflate
2024-03-20 20:10:36.905 [docker-java-stream-1681795290]  DEBUG c.g.d.z.s.o.a.h.client5.http.headers - http-outgoing-0 >> Host: 127.0.0.1:62197
2024-03-20 20:10:36.905 [docker-java-stream-1681795290]  DEBUG c.g.d.z.s.o.a.h.client5.http.headers - http-outgoing-0 >> Connection: keep-alive
2024-03-20 20:10:36.905 [docker-java-stream-1681795290]  DEBUG c.g.d.z.s.o.a.hc.client5.http.wire - http-outgoing-0 >> "POST /v1.32/images/create?fromImage=gcr.io%2Fgoogle.com%2Fcloudsdktool%2Fgoogle-cloud-cli&tag=441.0.0-emulators HTTP/1.1[\r][\n]"
2024-03-20 20:10:36.905 [docker-java-stream-1681795290]  DEBUG c.g.d.z.s.o.a.hc.client5.http.wire - http-outgoing-0 >> "accept: application/octet-stream[\r][\n]"
2024-03-20 20:10:36.905 [docker-java-stream-1681795290]  DEBUG c.g.d.z.s.o.a.hc.client5.http.wire - http-outgoing-0 >> "content-type: application/json[\r][\n]"
2024-03-20 20:10:36.905 [docker-java-stream-1681795290]  DEBUG c.g.d.z.s.o.a.hc.client5.http.wire - http-outgoing-0 >> "x-tc-sid: f9061f9f-f631-469c-a1b7-e8c8c32eacbb[\r][\n]"
2024-03-20 20:10:36.905 [docker-java-stream-1681795290]  DEBUG c.g.d.z.s.o.a.hc.client5.http.wire - http-outgoing-0 >> "User-Agent: tc-java/1.19.7[\r][\n]"
2024-03-20 20:10:36.905 [docker-java-stream-1681795290]  DEBUG c.g.d.z.s.o.a.hc.client5.http.wire - http-outgoing-0 >> "Accept-Encoding: gzip, x-gzip, deflate[\r][\n]"
2024-03-20 20:10:36.905 [docker-java-stream-1681795290]  DEBUG c.g.d.z.s.o.a.hc.client5.http.wire - http-outgoing-0 >> "Host: 127.0.0.1:62197[\r][\n]"
2024-03-20 20:10:36.905 [docker-java-stream-1681795290]  DEBUG c.g.d.z.s.o.a.hc.client5.http.wire - http-outgoing-0 >> "Connection: keep-alive[\r][\n]"
2024-03-20 20:10:36.905 [docker-java-stream-1681795290]  DEBUG c.g.d.z.s.o.a.hc.client5.http.wire - http-outgoing-0 >> "[\r][\n]"
2024-03-20 20:10:37.720 [docker-java-stream-1681795290]  DEBUG c.g.d.z.s.o.a.hc.client5.http.wire - http-outgoing-0 << "HTTP/1.1 200 OK[\r][\n]"
2024-03-20 20:10:37.722 [docker-java-stream-1681795290]  DEBUG c.g.d.z.s.o.a.hc.client5.http.wire - http-outgoing-0 << "Api-Version: 1.44[\r][\n]"
2024-03-20 20:10:37.722 [docker-java-stream-1681795290]  DEBUG c.g.d.z.s.o.a.hc.client5.http.wire - http-outgoing-0 << "Content-Type: application/json[\r][\n]"
2024-03-20 20:10:37.722 [docker-java-stream-1681795290]  DEBUG c.g.d.z.s.o.a.hc.client5.http.wire - http-outgoing-0 << "Date: Wed, 20 Mar 2024 19:10:37 GMT[\r][\n]"
2024-03-20 20:10:37.722 [docker-java-stream-1681795290]  DEBUG c.g.d.z.s.o.a.hc.client5.http.wire - http-outgoing-0 << "Docker-Experimental: false[\r][\n]"
2024-03-20 20:10:37.722 [docker-java-stream-1681795290]  DEBUG c.g.d.z.s.o.a.hc.client5.http.wire - http-outgoing-0 << "Ostype: linux[\r][\n]"
2024-03-20 20:10:37.723 [docker-java-stream-1681795290]  DEBUG c.g.d.z.s.o.a.hc.client5.http.wire - http-outgoing-0 << "Server: Docker/80+testcontainerscloud (linux)[\r][\n]"
2024-03-20 20:10:37.723 [docker-java-stream-1681795290]  DEBUG c.g.d.z.s.o.a.hc.client5.http.wire - http-outgoing-0 << "Transfer-Encoding: chunked[\r][\n]"
2024-03-20 20:10:37.723 [docker-java-stream-1681795290]  DEBUG c.g.d.z.s.o.a.hc.client5.http.wire - http-outgoing-0 << "[\r][\n]"
2024-03-20 20:10:37.723 [docker-java-stream-1681795290]  DEBUG c.g.d.z.s.o.a.hc.client5.http.wire - http-outgoing-0 << "200[\r][\n]"
2024-03-20 20:10:37.723 [docker-java-stream-1681795290]  DEBUG c.g.d.z.s.o.a.hc.client5.http.wire - http-outgoing-0 << "{"status":"Pulling from google.com/cloudsdktool/google-cloud-cli","id":"441.0.0-emulators"}[\r][\n]"
2024-03-20 20:10:37.723 [docker-java-stream-1681795290]  DEBUG c.g.d.z.s.o.a.hc.client5.http.wire - http-outgoing-0 << "{"status":"Pulling fs layer","progressDetail":{},"id":"1d5252f66ea9"}[\r][\n]"
2024-03-20 20:10:37.723 [docker-java-stream-1681795290]  DEBUG c.g.d.z.s.o.a.hc.client5.http.wire - http-outgoing-0 << "{"status":"Pulling fs layer","progressDetail":{},"id":"e48a042e7c27"}[\r][\n]"
2024-03-20 20:10:37.724 [docker-java-stream-1681795290]  DEBUG c.g.d.z.s.o.a.hc.client5.http.wire - http-outgoing-0 << "{"status":"Pulling fs layer","progressDetail":{},"id":"d33395b234dd"}[\r][\n]"
2024-03-20 20:10:37.724 [docker-java-stream-1681795290]  DEBUG c.g.d.z.s.o.a.hc.client5.http.wire - http-outgoing-0 << "{"status":"Pulling fs layer","progressDetail":{},"id":"9ea0111be7d4"}[\r][\n]"
2024-03-20 20:10:37.724 [docker-java-stream-1681795290]  DEBUG c.g.d.z.s.o.a.hc.client5.http.wire - http-outgoing-0 << "{"status":"Pulling fs layer","progressDetail":{},"id":"4f4fb700ef54"}[\r][\n]"
2024-03-20 20:10:37.724 [docker-java-stream-1681795290]  DEBUG c.g.d.z.s.o.a.hc.client5.http.wire - http-outgoing-0 << "{"status":"Pulling fs layer","progressDetail":{},"id":"380de230a[\r][\n]"
2024-03-20 20:10:37.725 [docker-java-stream-1681795290]  DEBUG c.g.d.z.s.o.a.h.client5.http.headers - http-outgoing-0 << HTTP/1.1 200 OK
2024-03-20 20:10:37.726 [docker-java-stream-1681795290]  DEBUG c.g.d.z.s.o.a.h.client5.http.headers - http-outgoing-0 << Api-Version: 1.44
2024-03-20 20:10:37.727 [docker-java-stream-1681795290]  DEBUG c.g.d.z.s.o.a.h.client5.http.headers - http-outgoing-0 << Content-Type: application/json
2024-03-20 20:10:37.727 [docker-java-stream-1681795290]  DEBUG c.g.d.z.s.o.a.h.client5.http.headers - http-outgoing-0 << Date: Wed, 20 Mar 2024 19:10:37 GMT
2024-03-20 20:10:37.727 [docker-java-stream-1681795290]  DEBUG c.g.d.z.s.o.a.h.client5.http.headers - http-outgoing-0 << Docker-Experimental: false
2024-03-20 20:10:37.727 [docker-java-stream-1681795290]  DEBUG c.g.d.z.s.o.a.h.client5.http.headers - http-outgoing-0 << Ostype: linux
2024-03-20 20:10:37.727 [docker-java-stream-1681795290]  DEBUG c.g.d.z.s.o.a.h.client5.http.headers - http-outgoing-0 << Server: Docker/80+testcontainerscloud (linux)
2024-03-20 20:10:37.727 [docker-java-stream-1681795290]  DEBUG c.g.d.z.s.o.a.h.client5.http.headers - http-outgoing-0 << Transfer-Encoding: chunked
2024-03-20 20:10:37.728 [docker-java-stream-1681795290]  DEBUG c.g.d.z.s.o.a.h.c.h.i.c.MainClientExec - ex-00000005: connection can be kept alive for 3 MINUTES
2024-03-20 20:10:37.734 [docker-java-stream-1681795290]  INFO  t.g.i.c.0.0-emulators - Starting to pull image
2024-03-20 20:10:37.748 [docker-java-stream-1681795290]  DEBUG c.g.d.a.c.PullImageResultCallback - ResponseItem(stream=null, status=Pulling from google.com/cloudsdktool/google-cloud-cli, progressDetail=null, progress=null, id=441.0.0-emulators, from=null, time=null, errorDetail=null, error=null, aux=null)
2024-03-20 20:10:37.753 [docker-java-stream-1681795290]  INFO  t.g.i.c.0.0-emulators - Pulling image layers:  0 pending,  0 downloaded,  0 extracted, (0 bytes/0 bytes)
2024-03-20 20:10:37.754 [docker-java-stream-1681795290]  DEBUG c.g.d.a.c.PullImageResultCallback - ResponseItem(stream=null, status=Pulling fs layer, progressDetail=ResponseItem.ProgressDetail(current=null, total=null, start=null), progress=null, id=1d5252f66ea9, from=null, time=null, errorDetail=null, error=null, aux=null)
2024-03-20 20:10:37.754 [docker-java-stream-1681795290]  DEBUG c.g.d.a.c.PullImageResultCallback - ResponseItem(stream=null, status=Pulling fs layer, progressDetail=ResponseItem.ProgressDetail(current=null, total=null, start=null), progress=null, id=e48a042e7c27, from=null, time=null, errorDetail=null, error=null, aux=null)
2024-03-20 20:10:37.754 [docker-java-stream-1681795290]  DEBUG c.g.d.a.c.PullImageResultCallback - ResponseItem(stream=null, status=Pulling fs layer, progressDetail=ResponseItem.ProgressDetail(current=null, total=null, start=null), progress=null, id=d33395b234dd, from=null, time=null, errorDetail=null, error=null, aux=null)
2024-03-20 20:10:37.755 [docker-java-stream-1681795290]  DEBUG c.g.d.a.c.PullImageResultCallback - ResponseItem(stream=null, status=Pulling fs layer, progressDetail=ResponseItem.ProgressDetail(current=null, total=null, start=null), progress=null, id=9ea0111be7d4, from=null, time=null, errorDetail=null, error=null, aux=null)
2024-03-20 20:10:37.755 [docker-java-stream-1681795290]  DEBUG c.g.d.a.c.PullImageResultCallback - ResponseItem(stream=null, status=Pulling fs layer, progressDetail=ResponseItem.ProgressDetail(current=null, total=null, start=null), progress=null, id=4f4fb700ef54, from=null, time=null, errorDetail=null, error=null, aux=null)
2024-03-20 20:10:39.967 [docker-java-stream-1681795290]  DEBUG c.g.d.z.s.o.a.hc.client5.http.wire - http-outgoing-0 << "800[\r][\n]"
2024-03-20 20:10:39.968 [docker-java-stream-1681795290]  DEBUG c.g.d.z.s.o.a.hc.client5.http.wire - http-outgoing-0 << "060"}[\r][\n]"
2024-03-20 20:10:39.968 [docker-java-stream-1681795290]  DEBUG c.g.d.z.s.o.a.hc.client5.http.wire - http-outgoing-0 << "{"status":"Pulling fs layer","progressDetail":{},"id":"0b2070474037"}[\r][\n]"
2024-03-20 20:10:39.968 [docker-java-stream-1681795290]  DEBUG c.g.d.z.s.o.a.hc.client5.http.wire - http-outgoing-0 << "{"status":"Waiting","progressDetail":{},"id":"4f4fb700ef54"}[\r][\n]"
2024-03-20 20:10:39.968 [docker-java-stream-1681795290]  DEBUG c.g.d.z.s.o.a.hc.client5.http.wire - http-outgoing-0 << "{"status":"Waiting","progressDetail":{},"id":"380de230a060"}[\r][\n]"
2024-03-20 20:10:39.968 [docker-java-stream-1681795290]  DEBUG c.g.d.z.s.o.a.hc.client5.http.wire - http-outgoing-0 << "{"status":"Waiting","progressDetail":{},"id":"0b2070474037"}[\r][\n]"
2024-03-20 20:10:39.969 [docker-java-stream-1681795290]  DEBUG c.g.d.z.s.o.a.hc.client5.http.wire - http-outgoing-0 << "{"status":"Downloading","progressDetail":{"current":186,"total":186},"progress":"[==================================================\u003e]     186B/186B","id":"d33395b234dd"}[\r][\n]"
2024-03-20 20:10:39.969 [docker-java-stream-1681795290]  DEBUG c.g.d.z.s.o.a.hc.client5.http.wire - http-outgoing-0 << "{"status":"Verifying Checksum","progressDetail":{},"id":"d33395b234dd"}[\r][\n]"
2024-03-20 20:10:39.969 [docker-java-stream-1681795290]  DEBUG c.g.d.z.s.o.a.hc.client5.http.wire - http-outgoing-0 << "{"status":"Download complete","progressDetail":{},"id":"d33395b234dd"}[\r][\n]"
2024-03-20 20:10:39.969 [docker-java-stream-1681795290]  DEBUG c.g.d.z.s.o.a.hc.client5.http.wire - http-outgoing-0 << "{"status":"Downloading","progressDetail":{"current":194,"total":194},"progress":"[==================================================\u003e]     194B/194B","id":"9ea0111be7d4"}[\r][\n]"
2024-03-20 20:10:39.969 [docker-java-stream-1681795290]  DEBUG c.g.d.z.s.o.a.hc.client5.http.wire - http-outgoing-0 << "{"status":"Verifying Checksum","progressDetail":{},"id":"9ea0111be7d4"}[\r][\n]"
2024-03-20 20:10:39.969 [docker-java-stream-1681795290]  DEBUG c.g.d.z.s.o.a.hc.client5.http.wire - http-outgoing-0 << "{"status":"Download complete","progressDetail":{},"id":"9ea0111be7d4"}[\r][\n]"
2024-03-20 20:10:39.969 [docker-java-stream-1681795290]  DEBUG c.g.d.z.s.o.a.hc.client5.http.wire - http-outgoing-0 << "{"status":"Downloading","progressDetail":{"current":941,"total":3989},"progress":"[===========\u003e                                       ]     941B/3.989kB","id":"e48a042e7c27"}[\r][\n]"
2024-03-20 20:10:39.969 [docker-java-stream-1681795290]  DEBUG c.g.d.z.s.o.a.hc.client5.http.wire - http-outgoing-0 << "{"status":"Downloading","progressDetail":{"current":3989,"total":3989},"progress":"[==================================================\u003e]  3.989kB/3.989kB","id":"e48a042e7c27"}[\r][\n]"
2024-03-20 20:10:39.969 [docker-java-stream-1681795290]  DEBUG c.g.d.z.s.o.a.hc.client5.http.wire - http-outgoing-0 << "{"status":"Verifying Checksum","progressDetail":{},"id":"e48a042e7c27"}[\r][\n]"
2024-03-20 20:10:39.969 [docker-java-stream-1681795290]  DEBUG c.g.d.z.s.o.a.hc.client5.http.wire - http-outgoing-0 << "{"status":"Download complete","progressDetail":{},"id":"e48a042e7c27"}[\r][\n]"
2024-03-20 20:10:39.969 [docker-java-stream-1681795290]  DEBUG c.g.d.z.s.o.a.hc.client5.http.wire - http-outgoing-0 << "{"status":"Downloading","progressDetail":{"current":32,"total":32},"progress":"[==================================================\u003e]      32B/32B","id":"4f4fb700ef54"}[\r][\n]"
2024-03-20 20:10:39.969 [docker-java-stream-1681795290]  DEBUG c.g.d.z.s.o.a.hc.client5.http.wire - http-outgoing-0 << "{"status":"Verifying Checksum","progressDetail":{},"id":"4f4fb700ef54"}[\r][\n]"
2024-03-20 20:10:39.969 [docker-java-stream-1681795290]  DEBUG c.g.d.z.s.o.a.hc.client5.http.wire - http-outgoing-0 << "{"status":"Download complete","progressDetail":{},"id":"4f4fb700ef54"}[\r][\n]"
2024-03-20 20:10:39.969 [docker-java-stream-1681795290]  DEBUG c.g.d.z.s.o.a.hc.client5.http.wire - http-outgoing-0 << "{"status":"Downloading","progressDetail":{"current":135,"total":135},"progress":"[==================================================\u003e]     135B/135B","id":"380de230a060"}[\r][\n]"
2024-03-20 20:10:39.969 [docker-java-stream-1681795290]  DEBUG c.g.d.z.s.o.a.hc.client5.http.wire - http-outgoing-0 << "{"status":"Verifying Checksum","progressDetail":{},"id":"380de230a060"}[\r][\n]"
2024-03-20 20:10:39.969 [docker-java-stream-1681795290]  DEBUG c.g.d.z.s.o.a.hc.client5.http.wire - http-outgoing-0 << "{"status":"Download complete","progressDetail":{},"id":"380de23[\r][\n]"
2024-03-20 20:10:39.969 [docker-java-stream-1681795290]  DEBUG c.g.d.z.s.o.a.hc.client5.http.wire - http-outgoing-0 << "800[\r][\n]"
2024-03-20 20:10:39.969 [docker-java-stream-1681795290]  DEBUG c.g.d.z.s.o.a.hc.client5.http.wire - http-outgoing-0 << "0a060"}[\r][\n]"
2024-03-20 20:10:39.970 [docker-java-stream-1681795290]  DEBUG c.g.d.z.s.o.a.hc.client5.http.wire - http-outgoing-0 << "{"status":"Downloading","progressDetail":{"current":314576,"total":31417602},"progress":"[\u003e                                                  ]  314.6kB/31.42MB","id":"1d5252f66ea9"}[\r][\n]"
2024-03-20 20:10:39.970 [docker-java-stream-1681795290]  DEBUG c.g.d.z.s.o.a.hc.client5.http.wire - http-outgoing-0 << "{"status":"Downloading","progressDetail":{"current":7331829,"total":31417602},"progress":"[===========\u003e                                       ]  7.332MB/31.42MB","id":"1d5252f66ea9"}[\r][\n]"
2024-03-20 20:10:39.970 [docker-java-stream-1681795290]  DEBUG c.g.d.z.s.o.a.hc.client5.http.wire - http-outgoing-0 << "{"status":"Downloading","progressDetail":{"current":524904,"total":398683766},"progress":"[\u003e                                                  ]  524.9kB/398.7MB","id":"0b2070474037"}[\r][\n]"
2024-03-20 20:10:39.970 [docker-java-stream-1681795290]  DEBUG c.g.d.z.s.o.a.hc.client5.http.wire - http-outgoing-0 << "{"status":"Downloading","progressDetail":{"current":4235264,"total":398683766},"progress":"[\u003e                                                  ]  4.235MB/398.7MB","id":"0b2070474037"}[\r][\n]"
2024-03-20 20:10:39.970 [docker-java-stream-1681795290]  DEBUG c.g.d.z.s.o.a.hc.client5.http.wire - http-outgoing-0 << "{"status":"Downloading","progressDetail":{"current":10076064,"total":398683766},"progress":"[=\u003e                                                 ]  10.08MB/398.7MB","id":"0b2070474037"}[\r][\n]"
2024-03-20 20:10:39.970 [docker-java-stream-1681795290]  DEBUG c.g.d.z.s.o.a.hc.client5.http.wire - http-outgoing-0 << "{"status":"Downloading","progressDetail":{"current":15908789,"total":398683766},"progress":"[=\u003e                                                 ]  15.91MB/398.7MB","id":"0b2070474037"}[\r][\n]"
2024-03-20 20:10:39.970 [docker-java-stream-1681795290]  DEBUG c.g.d.z.s.o.a.hc.client5.http.wire - http-outgoing-0 << "{"status":"Downloading","progressDetail":{"current":8609792,"total":31417602},"progress":"[=============\u003e                                     ]   8.61MB/31.42MB","id":"1d5252f66ea9"}[\r][\n]"
2024-03-20 20:10:39.970 [docker-java-stream-1681795290]  DEBUG c.g.d.z.s.o.a.hc.client5.http.wire - http-outgoing-0 << "{"status":"Downloading","progressDetail":{"current":20152188,"total":398683766},"progress":"[==\u003e                                                ]  20.15MB/398.7MB","id":"0b2070474037"}[\r][\n]"
2024-03-20 20:10:39.970 [docker-java-stream-1681795290]  DEBUG c.g.d.z.s.o.a.hc.client5.http.wire - http-outgoing-0 << "{"status":"Downloading","progressDetail":{"current":13721589,"total":31417602},"progress":"[=====================\u003e                             ]  13.72MB/31.42MB","id":"1d5252f66ea9"}[\r][\n]"
2024-03-20 20:10:39.970 [docker-java-stream-1681795290]  DEBUG c.g.d.z.s.o.a.hc.client5.http.wire - http-outgoing-0 << "{"status":"Downloading","progressDetail":{"current":25460736,"total":398683766},"progress":"[===\u003e                                               ]  25.46MB/398.7MB","id":"0b2070474037"}[\r][\n]"
2024-03-20 20:10:39.970 [docker-java-stream-1681795290]  DEBUG c.g.d.z.s.o.a.hc.client5.http.wire - http-outgoing-0 << "{"status":"Downloading","progressDetail":{"current":19791855,"total":31417602},"progress":"[===============================\u003"
2024-03-20 20:10:39.971 [docker-java-stream-1681795290]  DEBUG c.g.d.a.c.PullImageResultCallback - ResponseItem(stream=null, status=Pulling fs layer, progressDetail=ResponseItem.ProgressDetail(current=null, total=null, start=null), progress=null, id=380de230a060, from=null, time=null, errorDetail=null, error=null, aux=null)
2024-03-20 20:10:39.971 [docker-java-stream-1681795290]  DEBUG c.g.d.a.c.PullImageResultCallback - ResponseItem(stream=null, status=Pulling fs layer, progressDetail=ResponseItem.ProgressDetail(current=null, total=null, start=null), progress=null, id=0b2070474037, from=null, time=null, errorDetail=null, error=null, aux=null)
2024-03-20 20:10:39.971 [docker-java-stream-1681795290]  DEBUG c.g.d.a.c.PullImageResultCallback - ResponseItem(stream=null, status=Waiting, progressDetail=ResponseItem.ProgressDetail(current=null, total=null, start=null), progress=null, id=4f4fb700ef54, from=null, time=null, errorDetail=null, error=null, aux=null)
2024-03-20 20:10:39.971 [docker-java-stream-1681795290]  DEBUG c.g.d.a.c.PullImageResultCallback - ResponseItem(stream=null, status=Waiting, progressDetail=ResponseItem.ProgressDetail(current=null, total=null, start=null), progress=null, id=380de230a060, from=null, time=null, errorDetail=null, error=null, aux=null)
2024-03-20 20:10:39.971 [docker-java-stream-1681795290]  DEBUG c.g.d.a.c.PullImageResultCallback - ResponseItem(stream=null, status=Waiting, progressDetail=ResponseItem.ProgressDetail(current=null, total=null, start=null), progress=null, id=0b2070474037, from=null, time=null, errorDetail=null, error=null, aux=null)
2024-03-20 20:10:39.972 [docker-java-stream-1681795290]  DEBUG c.g.d.a.c.PullImageResultCallback - ResponseItem(stream=null, status=Downloading, progressDetail=ResponseItem.ProgressDetail(current=186, total=186, start=null), progress=[==================================================>]     186B/186B, id=d33395b234dd, from=null, time=null, errorDetail=null, error=null, aux=null)
2024-03-20 20:10:39.972 [docker-java-stream-1681795290]  DEBUG c.g.d.a.c.PullImageResultCallback - ResponseItem(stream=null, status=Verifying Checksum, progressDetail=ResponseItem.ProgressDetail(current=null, total=null, start=null), progress=null, id=d33395b234dd, from=null, time=null, errorDetail=null, error=null, aux=null)
2024-03-20 20:10:39.973 [docker-java-stream-1681795290]  DEBUG c.g.d.a.c.PullImageResultCallback - ResponseItem(stream=null, status=Download complete, progressDetail=ResponseItem.ProgressDetail(current=null, total=null, start=null), progress=null, id=d33395b234dd, from=null, time=null, errorDetail=null, error=null, aux=null)
2024-03-20 20:10:39.973 [docker-java-stream-1681795290]  INFO  t.g.i.c.0.0-emulators - Pulling image layers:  6 pending,  1 downloaded,  0 extracted, (186 bytes/? MB)
2024-03-20 20:10:39.974 [docker-java-stream-1681795290]  DEBUG c.g.d.a.c.PullImageResultCallback - ResponseItem(stream=null, status=Downloading, progressDetail=ResponseItem.ProgressDetail(current=194, total=194, start=null), progress=[==================================================>]     194B/194B, id=9ea0111be7d4, from=null, time=null, errorDetail=null, error=null, aux=null)
2024-03-20 20:10:39.974 [docker-java-stream-1681795290]  DEBUG c.g.d.a.c.PullImageResultCallback - ResponseItem(stream=null, status=Verifying Checksum, progressDetail=ResponseItem.ProgressDetail(current=null, total=null, start=null), progress=null, id=9ea0111be7d4, from=null, time=null, errorDetail=null, error=null, aux=null)
2024-03-20 20:10:39.974 [docker-java-stream-1681795290]  DEBUG c.g.d.a.c.PullImageResultCallback - ResponseItem(stream=null, status=Download complete, progressDetail=ResponseItem.ProgressDetail(current=null, total=null, start=null), progress=null, id=9ea0111be7d4, from=null, time=null, errorDetail=null, error=null, aux=null)
2024-03-20 20:10:39.975 [docker-java-stream-1681795290]  INFO  t.g.i.c.0.0-emulators - Pulling image layers:  5 pending,  2 downloaded,  0 extracted, (380 bytes/? MB)
2024-03-20 20:10:39.975 [docker-java-stream-1681795290]  DEBUG c.g.d.a.c.PullImageResultCallback - ResponseItem(stream=null, status=Downloading, progressDetail=ResponseItem.ProgressDetail(current=941, total=3989, start=null), progress=[===========>                                       ]     941B/3.989kB, id=e48a042e7c27, from=null, time=null, errorDetail=null, error=null, aux=null)
2024-03-20 20:10:39.975 [docker-java-stream-1681795290]  DEBUG c.g.d.a.c.PullImageResultCallback - ResponseItem(stream=null, status=Downloading, progressDetail=ResponseItem.ProgressDetail(current=3989, total=3989, start=null), progress=[==================================================>]  3.989kB/3.989kB, id=e48a042e7c27, from=null, time=null, errorDetail=null, error=null, aux=null)
2024-03-20 20:10:39.976 [docker-java-stream-1681795290]  DEBUG c.g.d.a.c.PullImageResultCallback - ResponseItem(stream=null, status=Verifying Checksum, progressDetail=ResponseItem.ProgressDetail(current=null, total=null, start=null), progress=null, id=e48a042e7c27, from=null, time=null, errorDetail=null, error=null, aux=null)
2024-03-20 20:10:39.976 [docker-java-stream-1681795290]  DEBUG c.g.d.a.c.PullImageResultCallback - ResponseItem(stream=null, status=Download complete, progressDetail=ResponseItem.ProgressDetail(current=null, total=null, start=null), progress=null, id=e48a042e7c27, from=null, time=null, errorDetail=null, error=null, aux=null)
2024-03-20 20:10:39.976 [docker-java-stream-1681795290]  INFO  t.g.i.c.0.0-emulators - Pulling image layers:  4 pending,  3 downloaded,  0 extracted, (4 KB/? MB)
2024-03-20 20:10:39.976 [docker-java-stream-1681795290]  DEBUG c.g.d.a.c.PullImageResultCallback - ResponseItem(stream=null, status=Downloading, progressDetail=ResponseItem.ProgressDetail(current=32, total=32, start=null), progress=[==================================================>]      32B/32B, id=4f4fb700ef54, from=null, time=null, errorDetail=null, error=null, aux=null)
2024-03-20 20:10:39.976 [docker-java-stream-1681795290]  DEBUG c.g.d.a.c.PullImageResultCallback - ResponseItem(stream=null, status=Verifying Checksum, progressDetail=ResponseItem.ProgressDetail(current=null, total=null, start=null), progress=null, id=4f4fb700ef54, from=null, time=null, errorDetail=null, error=null, aux=null)
2024-03-20 20:10:39.977 [docker-java-stream-1681795290]  DEBUG c.g.d.a.c.PullImageResultCallback - ResponseItem(stream=null, status=Download complete, progressDetail=ResponseItem.ProgressDetail(current=null, total=null, start=null), progress=null, id=4f4fb700ef54, from=null, time=null, errorDetail=null, error=null, aux=null)
2024-03-20 20:10:39.977 [docker-java-stream-1681795290]  INFO  t.g.i.c.0.0-emulators - Pulling image layers:  3 pending,  4 downloaded,  0 extracted, (4 KB/? MB)
2024-03-20 20:10:39.977 [docker-java-stream-1681795290]  DEBUG c.g.d.a.c.PullImageResultCallback - ResponseItem(stream=null, status=Downloading, progressDetail=ResponseItem.ProgressDetail(current=135, total=135, start=null), progress=[==================================================>]     135B/135B, id=380de230a060, from=null, time=null, errorDetail=null, error=null, aux=null)
2024-03-20 20:10:39.977 [docker-java-stream-1681795290]  DEBUG c.g.d.a.c.PullImageResultCallback - ResponseItem(stream=null, status=Verifying Checksum, progressDetail=ResponseItem.ProgressDetail(current=null, total=null, start=null), progress=null, id=380de230a060, from=null, time=null, errorDetail=null, error=null, aux=null)
2024-03-20 20:10:39.978 [docker-java-stream-1681795290]  DEBUG c.g.d.a.c.PullImageResultCallback - ResponseItem(stream=null, status=Download complete, progressDetail=ResponseItem.ProgressDetail(current=null, total=null, start=null), progress=null, id=380de230a060, from=null, time=null, errorDetail=null, error=null, aux=null)
2024-03-20 20:10:39.978 [docker-java-stream-1681795290]  INFO  t.g.i.c.0.0-emulators - Pulling image layers:  2 pending,  5 downloaded,  0 extracted, (4 KB/? MB)
2024-03-20 20:10:39.978 [docker-java-stream-1681795290]  DEBUG c.g.d.a.c.PullImageResultCallback - ResponseItem(stream=null, status=Downloading, progressDetail=ResponseItem.ProgressDetail(current=314576, total=31417602, start=null), progress=[>                                                  ]  314.6kB/31.42MB, id=1d5252f66ea9, from=null, time=null, errorDetail=null, error=null, aux=null)
2024-03-20 20:10:39.978 [docker-java-stream-1681795290]  DEBUG c.g.d.a.c.PullImageResultCallback - ResponseItem(stream=null, status=Downloading, progressDetail=ResponseItem.ProgressDetail(current=7331829, total=31417602, start=null), progress=[===========>                                       ]  7.332MB/31.42MB, id=1d5252f66ea9, from=null, time=null, errorDetail=null, error=null, aux=null)
2024-03-20 20:10:39.979 [docker-java-stream-1681795290]  DEBUG c.g.d.a.c.PullImageResultCallback - ResponseItem(stream=null, status=Downloading, progressDetail=ResponseItem.ProgressDetail(current=524904, total=398683766, start=null), progress=[>                                                  ]  524.9kB/398.7MB, id=0b2070474037, from=null, time=null, errorDetail=null, error=null, aux=null)
2024-03-20 20:10:39.979 [docker-java-stream-1681795290]  DEBUG c.g.d.a.c.PullImageResultCallback - ResponseItem(stream=null, status=Downloading, progressDetail=ResponseItem.ProgressDetail(current=4235264, total=398683766, start=null), progress=[>                                                  ]  4.235MB/398.7MB, id=0b2070474037, from=null, time=null, errorDetail=null, error=null, aux=null)
2024-03-20 20:10:39.979 [docker-java-stream-1681795290]  DEBUG c.g.d.a.c.PullImageResultCallback - ResponseItem(stream=null, status=Downloading, progressDetail=ResponseItem.ProgressDetail(current=10076064, total=398683766, start=null), progress=[=>                                                 ]  10.08MB/398.7MB, id=0b2070474037, from=null, time=null, errorDetail=null, error=null, aux=null)
2024-03-20 20:10:39.979 [docker-java-stream-1681795290]  DEBUG c.g.d.a.c.PullImageResultCallback - ResponseItem(stream=null, status=Downloading, progressDetail=ResponseItem.ProgressDetail(current=15908789, total=398683766, start=null), progress=[=>                                                 ]  15.91MB/398.7MB, id=0b2070474037, from=null, time=null, errorDetail=null, error=null, aux=null)
2024-03-20 20:10:39.980 [docker-java-stream-1681795290]  DEBUG c.g.d.a.c.PullImageResultCallback - ResponseItem(stream=null, status=Downloading, progressDetail=ResponseItem.ProgressDetail(current=8609792, total=31417602, start=null), progress=[=============>                                     ]   8.61MB/31.42MB, id=1d5252f66ea9, from=null, time=null, errorDetail=null, error=null, aux=null)
2024-03-20 20:10:39.980 [docker-java-stream-1681795290]  DEBUG c.g.d.a.c.PullImageResultCallback - ResponseItem(stream=null, status=Downloading, progressDetail=ResponseItem.ProgressDetail(current=20152188, total=398683766, start=null), progress=[==>                                                ]  20.15MB/398.7MB, id=0b2070474037, from=null, time=null, errorDetail=null, error=null, aux=null)
2024-03-20 20:10:39.980 [docker-java-stream-1681795290]  DEBUG c.g.d.a.c.PullImageResultCallback - ResponseItem(stream=null, status=Downloading, progressDetail=ResponseItem.ProgressDetail(current=13721589, total=31417602, start=null), progress=[=====================>                             ]  13.72MB/31.42MB, id=1d5252f66ea9, from=null, time=null, errorDetail=null, error=null, aux=null)
2024-03-20 20:10:39.980 [docker-java-stream-1681795290]  DEBUG c.g.d.a.c.PullImageResultCallback - ResponseItem(stream=null, status=Downloading, progressDetail=ResponseItem.ProgressDetail(current=25460736, total=398683766, start=null), progress=[===>                                               ]  25.46MB/398.7MB, id=0b2070474037, from=null, time=null, errorDetail=null, error=null, aux=null)
2024-03-20 20:10:41.341 [docker-java-stream-1681795290]  DEBUG c.g.d.z.s.o.a.hc.client5.http.wire - http-outgoing-0 << "e           [\r][\n]"
2024-03-20 20:10:41.342 [docker-java-stream-1681795290]  DEBUG c.g.d.z.s.o.a.hc.client5.http.wire - http-outgoing-0 << "800[\r][\n]"
2024-03-20 20:10:41.342 [docker-java-stream-1681795290]  DEBUG c.g.d.z.s.o.a.hc.client5.http.wire - http-outgoing-0 << "        ]  19.79MB/31.42MB","id":"1d5252f66ea9"}[\r][\n]"
2024-03-20 20:10:41.342 [docker-java-stream-1681795290]  DEBUG c.g.d.z.s.o.a.hc.client5.http.wire - http-outgoing-0 << "{"status":"Downloading","progressDetail":{"current":31825892,"total":398683766},"progress":"[===\u003e                                               ]  31.83MB/398.7MB","id":"0b2070474037"}[\r][\n]"
2024-03-20 20:10:41.342 [docker-java-stream-1681795290]  DEBUG c.g.d.z.s.o.a.hc.client5.http.wire - http-outgoing-0 << "{"status":"Downloading","progressDetail":{"current":36609937,"total":398683766},"progress":"[====\u003e                                              ]  36.61MB/398.7MB","id":"0b2070474037"}[\r][\n]"
2024-03-20 20:10:41.342 [docker-java-stream-1681795290]  DEBUG c.g.d.z.s.o.a.hc.client5.http.wire - http-outgoing-0 << "{"status":"Downloading","progressDetail":{"current":42459136,"total":398683766},"progress":"[=====\u003e                                             ]  42.46MB/398.7MB","id":"0b2070474037"}[\r][\n]"
2024-03-20 20:10:41.342 [docker-java-stream-1681795290]  DEBUG c.g.d.z.s.o.a.hc.client5.http.wire - http-outgoing-0 << "{"status":"Downloading","progressDetail":{"current":48832461,"total":398683766},"progress":"[======\u003e                                            ]  48.83MB/398.7MB","id":"0b2070474037"}[\r][\n]"
2024-03-20 20:10:41.342 [docker-java-stream-1681795290]  DEBUG c.g.d.z.s.o.a.hc.client5.http.wire - http-outgoing-0 << "{"status":"Downloading","progressDetail":{"current":25223168,"total":31417602},"progress":"[========================================\u003e          ]  25.22MB/31.42MB","id":"1d5252f66ea9"}[\r][\n]"
2024-03-20 20:10:41.342 [docker-java-stream-1681795290]  DEBUG c.g.d.z.s.o.a.hc.client5.http.wire - http-outgoing-0 << "{"status":"Download complete","progressDetail":{},"id":"1d5252f66ea9"}[\r][\n]"
2024-03-20 20:10:41.342 [docker-java-stream-1681795290]  DEBUG c.g.d.z.s.o.a.hc.client5.http.wire - http-outgoing-0 << "{"status":"Downloading","progressDetail":{"current":50421760,"total":398683766},"progress":"[======\u003e                                            ]  50.42MB/398.7MB","id":"0b2070474037"}[\r][\n]"
2024-03-20 20:10:41.342 [docker-java-stream-1681795290]  DEBUG c.g.d.z.s.o.a.hc.client5.http.wire - http-outgoing-0 << "{"status":"Extracting","progressDetail":{"current":327680,"total":31417602},"progress":"[\u003e                                                  ]  327.7kB/31.42MB","id":"1d5252f66ea9"}[\r][\n]"
2024-03-20 20:10:41.342 [docker-java-stream-1681795290]  DEBUG c.g.d.z.s.o.a.hc.client5.http.wire - http-outgoing-0 << "{"status":"Downloading","progressDetail":{"current":57327541,"total":398683766},"progress":"[=======\u003e                                           ]  57.33MB/398.7MB","id":"0b2070474037"}[\r][\n]"
2024-03-20 20:10:41.342 [docker-java-stream-1681795290]  DEBUG c.g.d.z.s.o.a.hc.client5.http.wire - http-outgoing-0 << "{"status":"Extracting","progressDetail":{"current":1966080,"total":31417602},"progress":"[===\u003e                                               ]  1.966MB/31.42MB","id":"1d5252f66ea9"}[\r][\n]"
2024-03-20 20:10:41.342 [docker-java-stream-1681795290]  DEBUG c.g.d.z.s.o.a.hc.client5.http.wire - http-outgoing-0 << "{"status":"Extracting","progressDetail":{"current":2621440,"total":31417602},"progress":"[====\u003e                                              ]  2.621MB/31.42MB","id":"1d5252f66ea9"}[\r][\n]"
2024-03-20 20:10:41.342 [docker-java-stream-1681795290]  DEBUG c.g.d.z.s.o.a.hc.client5.http.wire - http-outgoing-0 << "{"status":"Downloading","pr[\r][\n]"
2024-03-20 20:10:41.342 [docker-java-stream-1681795290]  DEBUG c.g.d.z.s.o.a.hc.client5.http.wire - http-outgoing-0 << "800[\r][\n]"
2024-03-20 20:10:41.342 [docker-java-stream-1681795290]  DEBUG c.g.d.z.s.o.a.hc.client5.http.wire - http-outgoing-0 << "ogressDetail":{"current":58924880,"total":398683766},"progress":"[=======\u003e                                           ]  58.92MB/398.7MB","id":"0b2070474037"}[\r][\n]"
2024-03-20 20:10:41.342 [docker-java-stream-1681795290]  DEBUG c.g.d.z.s.o.a.hc.client5.http.wire - http-outgoing-0 << "{"status":"Extracting","progressDetail":{"current":4587520,"total":31417602},"progress":"[=======\u003e                                           ]  4.588MB/31.42MB","id":"1d5252f66ea9"}[\r][\n]"
2024-03-20 20:10:41.342 [docker-java-stream-1681795290]  DEBUG c.g.d.z.s.o.a.hc.client5.http.wire - http-outgoing-0 << "{"status":"Downloading","progressDetail":{"current":65822708,"total":398683766},"progress":"[========\u003e                                          ]  65.82MB/398.7MB","id":"0b2070474037"}[\r][\n]"
2024-03-20 20:10:41.342 [docker-java-stream-1681795290]  DEBUG c.g.d.z.s.o.a.hc.client5.http.wire - http-outgoing-0 << "{"status":"Extracting","progressDetail":{"current":6553600,"total":31417602},"progress":"[==========\u003e                                        ]  6.554MB/31.42MB","id":"1d5252f66ea9"}[\r][\n]"
2024-03-20 20:10:41.342 [docker-java-stream-1681795290]  DEBUG c.g.d.z.s.o.a.hc.client5.http.wire - http-outgoing-0 << "{"status":"Downloading","progressDetail":{"current":67411947,"total":398683766},"progress":"[========\u003e                                          ]  67.41MB/398.7MB","id":"0b2070474037"}[\r][\n]"
2024-03-20 20:10:41.342 [docker-java-stream-1681795290]  DEBUG c.g.d.z.s.o.a.hc.client5.http.wire - http-outgoing-0 << "{"status":"Extracting","progressDetail":{"current":7864320,"total":31417602},"progress":"[============\u003e                                      ]  7.864MB/31.42MB","id":"1d5252f66ea9"}[\r][\n]"
2024-03-20 20:10:41.342 [docker-java-stream-1681795290]  DEBUG c.g.d.z.s.o.a.hc.client5.http.wire - http-outgoing-0 << "{"status":"Downloading","progressDetail":{"current":73777121,"total":398683766},"progress":"[=========\u003e                                         ]  73.78MB/398.7MB","id":"0b2070474037"}[\r][\n]"
2024-03-20 20:10:41.342 [docker-java-stream-1681795290]  DEBUG c.g.d.z.s.o.a.hc.client5.http.wire - http-outgoing-0 << "{"status":"Extracting","progressDetail":{"current":9502720,"total":31417602},"progress":"[===============\u003e                                   ]  9.503MB/31.42MB","id":"1d5252f66ea9"}[\r][\n]"
2024-03-20 20:10:41.342 [docker-java-stream-1681795290]  DEBUG c.g.d.z.s.o.a.hc.client5.http.wire - http-outgoing-0 << "{"status":"Downloading","progressDetail":{"current":75898880,"total":398683766},"progress":"[=========\u003e                                         ]   75.9MB/398.7MB","id":"0b2070474037"}[\r][\n]"
2024-03-20 20:10:41.343 [docker-java-stream-1681795290]  DEBUG c.g.d.z.s.o.a.hc.client5.http.wire - http-outgoing-0 << "{"status":"Extracting","progressDetail":{"current":11468800,"total":31417602},"progress":"[==================\u003e                                ]  11.47MB/31.42MB","id":"1d5252f66ea9"}[\r][\n]"
2024-03-20 20:10:41.343 [docker-java-stream-1681795290]  DEBUG c.g.d.z.s.o.a.hc.client5.http.wire - http-outgoing-0 << "{"status":"Downloading","progressDetail":{"current":82272083,"total":398683766},"progress":"[==========\u003e                                        ]  8"
2024-03-20 20:10:41.343 [docker-java-stream-1681795290]  DEBUG c.g.d.a.c.PullImageResultCallback - ResponseItem(stream=null, status=Downloading, progressDetail=ResponseItem.ProgressDetail(current=19791855, total=31417602, start=null), progress=[===============================>                   ]  19.79MB/31.42MB, id=1d5252f66ea9, from=null, time=null, errorDetail=null, error=null, aux=null)
2024-03-20 20:10:41.343 [docker-java-stream-1681795290]  DEBUG c.g.d.a.c.PullImageResultCallback - ResponseItem(stream=null, status=Downloading, progressDetail=ResponseItem.ProgressDetail(current=31825892, total=398683766, start=null), progress=[===>                                               ]  31.83MB/398.7MB, id=0b2070474037, from=null, time=null, errorDetail=null, error=null, aux=null)
2024-03-20 20:10:41.344 [docker-java-stream-1681795290]  DEBUG c.g.d.a.c.PullImageResultCallback - ResponseItem(stream=null, status=Downloading, progressDetail=ResponseItem.ProgressDetail(current=36609937, total=398683766, start=null), progress=[====>                                              ]  36.61MB/398.7MB, id=0b2070474037, from=null, time=null, errorDetail=null, error=null, aux=null)
2024-03-20 20:10:41.344 [docker-java-stream-1681795290]  DEBUG c.g.d.a.c.PullImageResultCallback - ResponseItem(stream=null, status=Downloading, progressDetail=ResponseItem.ProgressDetail(current=42459136, total=398683766, start=null), progress=[=====>                                             ]  42.46MB/398.7MB, id=0b2070474037, from=null, time=null, errorDetail=null, error=null, aux=null)
2024-03-20 20:10:41.344 [docker-java-stream-1681795290]  DEBUG c.g.d.a.c.PullImageResultCallback - ResponseItem(stream=null, status=Downloading, progressDetail=ResponseItem.ProgressDetail(current=48832461, total=398683766, start=null), progress=[======>                                            ]  48.83MB/398.7MB, id=0b2070474037, from=null, time=null, errorDetail=null, error=null, aux=null)
2024-03-20 20:10:41.345 [docker-java-stream-1681795290]  DEBUG c.g.d.a.c.PullImageResultCallback - ResponseItem(stream=null, status=Downloading, progressDetail=ResponseItem.ProgressDetail(current=25223168, total=31417602, start=null), progress=[========================================>          ]  25.22MB/31.42MB, id=1d5252f66ea9, from=null, time=null, errorDetail=null, error=null, aux=null)
2024-03-20 20:10:41.345 [docker-java-stream-1681795290]  DEBUG c.g.d.a.c.PullImageResultCallback - ResponseItem(stream=null, status=Download complete, progressDetail=ResponseItem.ProgressDetail(current=null, total=null, start=null), progress=null, id=1d5252f66ea9, from=null, time=null, errorDetail=null, error=null, aux=null)
2024-03-20 20:10:41.345 [docker-java-stream-1681795290]  INFO  t.g.i.c.0.0-emulators - Pulling image layers:  1 pending,  6 downloaded,  0 extracted, (70 MB/? MB)
2024-03-20 20:10:41.346 [docker-java-stream-1681795290]  DEBUG c.g.d.a.c.PullImageResultCallback - ResponseItem(stream=null, status=Downloading, progressDetail=ResponseItem.ProgressDetail(current=50421760, total=398683766, start=null), progress=[======>                                            ]  50.42MB/398.7MB, id=0b2070474037, from=null, time=null, errorDetail=null, error=null, aux=null)
2024-03-20 20:10:41.347 [docker-java-stream-1681795290]  DEBUG c.g.d.a.c.PullImageResultCallback - ResponseItem(stream=null, status=Extracting, progressDetail=ResponseItem.ProgressDetail(current=327680, total=31417602, start=null), progress=[>                                                  ]  327.7kB/31.42MB, id=1d5252f66ea9, from=null, time=null, errorDetail=null, error=null, aux=null)
2024-03-20 20:10:41.348 [docker-java-stream-1681795290]  DEBUG c.g.d.a.c.PullImageResultCallback - ResponseItem(stream=null, status=Downloading, progressDetail=ResponseItem.ProgressDetail(current=57327541, total=398683766, start=null), progress=[=======>                                           ]  57.33MB/398.7MB, id=0b2070474037, from=null, time=null, errorDetail=null, error=null, aux=null)
2024-03-20 20:10:41.348 [docker-java-stream-1681795290]  DEBUG c.g.d.a.c.PullImageResultCallback - ResponseItem(stream=null, status=Extracting, progressDetail=ResponseItem.ProgressDetail(current=1966080, total=31417602, start=null), progress=[===>                                               ]  1.966MB/31.42MB, id=1d5252f66ea9, from=null, time=null, errorDetail=null, error=null, aux=null)
2024-03-20 20:10:41.348 [docker-java-stream-1681795290]  DEBUG c.g.d.a.c.PullImageResultCallback - ResponseItem(stream=null, status=Extracting, progressDetail=ResponseItem.ProgressDetail(current=2621440, total=31417602, start=null), progress=[====>                                              ]  2.621MB/31.42MB, id=1d5252f66ea9, from=null, time=null, errorDetail=null, error=null, aux=null)
2024-03-20 20:10:41.349 [docker-java-stream-1681795290]  DEBUG c.g.d.a.c.PullImageResultCallback - ResponseItem(stream=null, status=Downloading, progressDetail=ResponseItem.ProgressDetail(current=58924880, total=398683766, start=null), progress=[=======>                                           ]  58.92MB/398.7MB, id=0b2070474037, from=null, time=null, errorDetail=null, error=null, aux=null)
2024-03-20 20:10:41.349 [docker-java-stream-1681795290]  DEBUG c.g.d.a.c.PullImageResultCallback - ResponseItem(stream=null, status=Extracting, progressDetail=ResponseItem.ProgressDetail(current=4587520, total=31417602, start=null), progress=[=======>                                           ]  4.588MB/31.42MB, id=1d5252f66ea9, from=null, time=null, errorDetail=null, error=null, aux=null)
2024-03-20 20:10:41.349 [docker-java-stream-1681795290]  DEBUG c.g.d.a.c.PullImageResultCallback - ResponseItem(stream=null, status=Downloading, progressDetail=ResponseItem.ProgressDetail(current=65822708, total=398683766, start=null), progress=[========>                                          ]  65.82MB/398.7MB, id=0b2070474037, from=null, time=null, errorDetail=null, error=null, aux=null)
2024-03-20 20:10:41.349 [docker-java-stream-1681795290]  DEBUG c.g.d.a.c.PullImageResultCallback - ResponseItem(stream=null, status=Extracting, progressDetail=ResponseItem.ProgressDetail(current=6553600, total=31417602, start=null), progress=[==========>                                        ]  6.554MB/31.42MB, id=1d5252f66ea9, from=null, time=null, errorDetail=null, error=null, aux=null)
2024-03-20 20:10:41.350 [docker-java-stream-1681795290]  DEBUG c.g.d.a.c.PullImageResultCallback - ResponseItem(stream=null, status=Downloading, progressDetail=ResponseItem.ProgressDetail(current=67411947, total=398683766, start=null), progress=[========>                                          ]  67.41MB/398.7MB, id=0b2070474037, from=null, time=null, errorDetail=null, error=null, aux=null)
2024-03-20 20:10:41.350 [docker-java-stream-1681795290]  DEBUG c.g.d.a.c.PullImageResultCallback - ResponseItem(stream=null, status=Extracting, progressDetail=ResponseItem.ProgressDetail(current=7864320, total=31417602, start=null), progress=[============>                                      ]  7.864MB/31.42MB, id=1d5252f66ea9, from=null, time=null, errorDetail=null, error=null, aux=null)
2024-03-20 20:10:41.350 [docker-java-stream-1681795290]  DEBUG c.g.d.a.c.PullImageResultCallback - ResponseItem(stream=null, status=Downloading, progressDetail=ResponseItem.ProgressDetail(current=73777121, total=398683766, start=null), progress=[=========>                                         ]  73.78MB/398.7MB, id=0b2070474037, from=null, time=null, errorDetail=null, error=null, aux=null)
2024-03-20 20:10:41.351 [docker-java-stream-1681795290]  DEBUG c.g.d.a.c.PullImageResultCallback - ResponseItem(stream=null, status=Extracting, progressDetail=ResponseItem.ProgressDetail(current=9502720, total=31417602, start=null), progress=[===============>                                   ]  9.503MB/31.42MB, id=1d5252f66ea9, from=null, time=null, errorDetail=null, error=null, aux=null)
2024-03-20 20:10:41.351 [docker-java-stream-1681795290]  DEBUG c.g.d.a.c.PullImageResultCallback - ResponseItem(stream=null, status=Downloading, progressDetail=ResponseItem.ProgressDetail(current=75898880, total=398683766, start=null), progress=[=========>                                         ]   75.9MB/398.7MB, id=0b2070474037, from=null, time=null, errorDetail=null, error=null, aux=null)
2024-03-20 20:10:41.351 [docker-java-stream-1681795290]  DEBUG c.g.d.a.c.PullImageResultCallback - ResponseItem(stream=null, status=Extracting, progressDetail=ResponseItem.ProgressDetail(current=11468800, total=31417602, start=null), progress=[==================>                                ]  11.47MB/31.42MB, id=1d5252f66ea9, from=null, time=null, errorDetail=null, error=null, aux=null)
2024-03-20 20:10:42.693 [docker-java-stream-1681795290]  DEBUG c.g.d.z.s.o.a.hc.client5.http.wire - http-outgoing-0 << "2.27MB/398.7MB","id":"0b20[\r][\n]"
2024-03-20 20:10:42.694 [docker-java-stream-1681795290]  DEBUG c.g.d.z.s.o.a.hc.client5.http.wire - http-outgoing-0 << "800[\r][\n]"
2024-03-20 20:10:42.694 [docker-java-stream-1681795290]  DEBUG c.g.d.z.s.o.a.hc.client5.http.wire - http-outgoing-0 << "70474037"}[\r][\n]"
2024-03-20 20:10:42.694 [docker-java-stream-1681795290]  DEBUG c.g.d.z.s.o.a.hc.client5.http.wire - http-outgoing-0 << "{"status":"Extracting","progressDetail":{"current":12779520,"total":31417602},"progress":"[====================\u003e                              ]  12.78MB/31.42MB","id":"1d5252f66ea9"}[\r][\n]"
2024-03-20 20:10:42.694 [docker-java-stream-1681795290]  DEBUG c.g.d.z.s.o.a.hc.client5.http.wire - http-outgoing-0 << "{"status":"Extracting","progressDetail":{"current":14745600,"total":31417602},"progress":"[=======================\u003e                           ]  14.75MB/31.42MB","id":"1d5252f66ea9"}[\r][\n]"
2024-03-20 20:10:42.694 [docker-java-stream-1681795290]  DEBUG c.g.d.z.s.o.a.hc.client5.http.wire - http-outgoing-0 << "{"status":"Downloading","progressDetail":{"current":84393962,"total":398683766},"progress":"[==========\u003e                                        ]  84.39MB/398.7MB","id":"0b2070474037"}[\r][\n]"
2024-03-20 20:10:42.694 [docker-java-stream-1681795290]  DEBUG c.g.d.z.s.o.a.hc.client5.http.wire - http-outgoing-0 << "{"status":"Downloading","progressDetail":{"current":90767318,"total":398683766},"progress":"[===========\u003e                                       ]  90.77MB/398.7MB","id":"0b2070474037"}[\r][\n]"
2024-03-20 20:10:42.694 [docker-java-stream-1681795290]  DEBUG c.g.d.z.s.o.a.hc.client5.http.wire - http-outgoing-0 << "{"status":"Extracting","progressDetail":{"current":15728640,"total":31417602},"progress":"[=========================\u003e                         ]  15.73MB/31.42MB","id":"1d5252f66ea9"}[\r][\n]"
2024-03-20 20:10:42.694 [docker-java-stream-1681795290]  DEBUG c.g.d.z.s.o.a.hc.client5.http.wire - http-outgoing-0 << "{"status":"Extracting","progressDetail":{"current":17367040,"total":31417602},"progress":"[===========================\u003e                       ]  17.37MB/31.42MB","id":"1d5252f66ea9"}[\r][\n]"
2024-03-20 20:10:42.694 [docker-java-stream-1681795290]  DEBUG c.g.d.z.s.o.a.hc.client5.http.wire - http-outgoing-0 << "{"status":"Downloading","progressDetail":{"current":92356608,"total":398683766},"progress":"[===========\u003e                                       ]  92.36MB/398.7MB","id":"0b2070474037"}[\r][\n]"
2024-03-20 20:10:42.694 [docker-java-stream-1681795290]  DEBUG c.g.d.z.s.o.a.hc.client5.http.wire - http-outgoing-0 << "{"status":"Extracting","progressDetail":{"current":19333120,"total":31417602},"progress":"[==============================\u003e                    ]  19.33MB/31.42MB","id":"1d5252f66ea9"}[\r][\n]"
2024-03-20 20:10:42.694 [docker-java-stream-1681795290]  DEBUG c.g.d.z.s.o.a.hc.client5.http.wire - http-outgoing-0 << "{"status":"Downloading","progressDetail":{"current":98729984,"total":398683766},"progress":"[============\u003e                                      ]  98.73MB/398.7MB","id":"0b2070474037"}[\r][\n]"
2024-03-20 20:10:42.694 [docker-java-stream-1681795290]  DEBUG c.g.d.z.s.o.a.hc.client5.http.wire - http-outgoing-0 << "{"status":"Extracting","progressDetail":{"current":21954560,"total":31417602},"progress":"[==================================\u003e                ]  21.95MB/31.42MB","id":"1d5252f66ea9"}[\r][\n]"
2024-03-20 20:10:42.694 [docker-java-stream-1681795290]  DEBUG c.g.d.z.s.o.a.hc.client5.http.wire - http-outgoing-0 << "{"status":"Downloading","progressDetail":{"current":100851689,"total":398683766},"progress":"[============\u003e                          [\r][\n]"
2024-03-20 20:10:42.694 [docker-java-stream-1681795290]  DEBUG c.g.d.z.s.o.a.hc.client5.http.wire - http-outgoing-0 << "800[\r][\n]"
2024-03-20 20:10:42.694 [docker-java-stream-1681795290]  DEBUG c.g.d.z.s.o.a.hc.client5.http.wire - http-outgoing-0 << "            ]  100.9MB/398.7MB","id":"0b2070474037"}[\r][\n]"
2024-03-20 20:10:42.694 [docker-java-stream-1681795290]  DEBUG c.g.d.z.s.o.a.hc.client5.http.wire - http-outgoing-0 << "{"status":"Extracting","progressDetail":{"current":24576000,"total":31417602},"progress":"[=======================================\u003e           ]  24.58MB/31.42MB","id":"1d5252f66ea9"}[\r][\n]"
2024-03-20 20:10:42.694 [docker-java-stream-1681795290]  DEBUG c.g.d.z.s.o.a.hc.client5.http.wire - http-outgoing-0 << "{"status":"Downloading","progressDetail":{"current":107749323,"total":398683766},"progress":"[=============\u003e                                     ]  107.7MB/398.7MB","id":"0b2070474037"}[\r][\n]"
2024-03-20 20:10:42.694 [docker-java-stream-1681795290]  DEBUG c.g.d.z.s.o.a.hc.client5.http.wire - http-outgoing-0 << "{"status":"Extracting","progressDetail":{"current":26542080,"total":31417602},"progress":"[==========================================\u003e        ]  26.54MB/31.42MB","id":"1d5252f66ea9"}[\r][\n]"
2024-03-20 20:10:42.694 [docker-java-stream-1681795290]  DEBUG c.g.d.z.s.o.a.hc.client5.http.wire - http-outgoing-0 << "{"status":"Extracting","progressDetail":{"current":28180480,"total":31417602},"progress":"[============================================\u003e      ]  28.18MB/31.42MB","id":"1d5252f66ea9"}[\r][\n]"
2024-03-20 20:10:42.694 [docker-java-stream-1681795290]  DEBUG c.g.d.z.s.o.a.hc.client5.http.wire - http-outgoing-0 << "{"status":"Downloading","progressDetail":{"current":109338624,"total":398683766},"progress":"[=============\u003e                                     ]  109.3MB/398.7MB","id":"0b2070474037"}[\r][\n]"
2024-03-20 20:10:42.694 [docker-java-stream-1681795290]  DEBUG c.g.d.z.s.o.a.hc.client5.http.wire - http-outgoing-0 << "{"status":"Downloading","progressDetail":{"current":116244386,"total":398683766},"progress":"[==============\u003e                                    ]  116.2MB/398.7MB","id":"0b2070474037"}[\r][\n]"
2024-03-20 20:10:42.694 [docker-java-stream-1681795290]  DEBUG c.g.d.z.s.o.a.hc.client5.http.wire - http-outgoing-0 << "{"status":"Extracting","progressDetail":{"current":28508160,"total":31417602},"progress":"[=============================================\u003e     ]  28.51MB/31.42MB","id":"1d5252f66ea9"}[\r][\n]"
2024-03-20 20:10:42.694 [docker-java-stream-1681795290]  DEBUG c.g.d.z.s.o.a.hc.client5.http.wire - http-outgoing-0 << "{"status":"Downloading","progressDetail":{"current":117833709,"total":398683766},"progress":"[==============\u003e                                    ]  117.8MB/398.7MB","id":"0b2070474037"}[\r][\n]"
2024-03-20 20:10:42.694 [docker-java-stream-1681795290]  DEBUG c.g.d.z.s.o.a.hc.client5.http.wire - http-outgoing-0 << "{"status":"Extracting","progressDetail":{"current":29163520,"total":31417602},"progress":"[==============================================\u003e    ]  29.16MB/31.42MB","id":"1d5252f66ea9"}[\r][\n]"
2024-03-20 20:10:42.694 [docker-java-stream-1681795290]  DEBUG c.g.d.z.s.o.a.hc.client5.http.wire - http-outgoing-0 << "{"status":"Downloading","progressDetail":{"current":125271821,"total":398683766},"progress":"[===============\u003e                                   ]  125.3MB/398.7MB","id":"0b2070474037"}[\r][\n]"
2024-03-20 20:10:42.694 [docker-java-stream-1681795290]  DEBUG c.g.d.z.s.o.a.hc.client5.http.wire - http-outgoing-0 << "{"status":"Extracting","progressDetail":{"current"
2024-03-20 20:10:42.695 [docker-java-stream-1681795290]  DEBUG c.g.d.a.c.PullImageResultCallback - ResponseItem(stream=null, status=Downloading, progressDetail=ResponseItem.ProgressDetail(current=82272083, total=398683766, start=null), progress=[==========>                                        ]  82.27MB/398.7MB, id=0b2070474037, from=null, time=null, errorDetail=null, error=null, aux=null)
2024-03-20 20:10:42.695 [docker-java-stream-1681795290]  DEBUG c.g.d.a.c.PullImageResultCallback - ResponseItem(stream=null, status=Extracting, progressDetail=ResponseItem.ProgressDetail(current=12779520, total=31417602, start=null), progress=[====================>                              ]  12.78MB/31.42MB, id=1d5252f66ea9, from=null, time=null, errorDetail=null, error=null, aux=null)
2024-03-20 20:10:42.695 [docker-java-stream-1681795290]  DEBUG c.g.d.a.c.PullImageResultCallback - ResponseItem(stream=null, status=Extracting, progressDetail=ResponseItem.ProgressDetail(current=14745600, total=31417602, start=null), progress=[=======================>                           ]  14.75MB/31.42MB, id=1d5252f66ea9, from=null, time=null, errorDetail=null, error=null, aux=null)
2024-03-20 20:10:42.695 [docker-java-stream-1681795290]  DEBUG c.g.d.a.c.PullImageResultCallback - ResponseItem(stream=null, status=Downloading, progressDetail=ResponseItem.ProgressDetail(current=84393962, total=398683766, start=null), progress=[==========>                                        ]  84.39MB/398.7MB, id=0b2070474037, from=null, time=null, errorDetail=null, error=null, aux=null)
2024-03-20 20:10:42.696 [docker-java-stream-1681795290]  DEBUG c.g.d.a.c.PullImageResultCallback - ResponseItem(stream=null, status=Downloading, progressDetail=ResponseItem.ProgressDetail(current=90767318, total=398683766, start=null), progress=[===========>                                       ]  90.77MB/398.7MB, id=0b2070474037, from=null, time=null, errorDetail=null, error=null, aux=null)
2024-03-20 20:10:42.696 [docker-java-stream-1681795290]  DEBUG c.g.d.a.c.PullImageResultCallback - ResponseItem(stream=null, status=Extracting, progressDetail=ResponseItem.ProgressDetail(current=15728640, total=31417602, start=null), progress=[=========================>                         ]  15.73MB/31.42MB, id=1d5252f66ea9, from=null, time=null, errorDetail=null, error=null, aux=null)
2024-03-20 20:10:42.696 [docker-java-stream-1681795290]  DEBUG c.g.d.a.c.PullImageResultCallback - ResponseItem(stream=null, status=Extracting, progressDetail=ResponseItem.ProgressDetail(current=17367040, total=31417602, start=null), progress=[===========================>                       ]  17.37MB/31.42MB, id=1d5252f66ea9, from=null, time=null, errorDetail=null, error=null, aux=null)
2024-03-20 20:10:42.696 [docker-java-stream-1681795290]  DEBUG c.g.d.a.c.PullImageResultCallback - ResponseItem(stream=null, status=Downloading, progressDetail=ResponseItem.ProgressDetail(current=92356608, total=398683766, start=null), progress=[===========>                                       ]  92.36MB/398.7MB, id=0b2070474037, from=null, time=null, errorDetail=null, error=null, aux=null)
2024-03-20 20:10:42.696 [docker-java-stream-1681795290]  DEBUG c.g.d.a.c.PullImageResultCallback - ResponseItem(stream=null, status=Extracting, progressDetail=ResponseItem.ProgressDetail(current=19333120, total=31417602, start=null), progress=[==============================>                    ]  19.33MB/31.42MB, id=1d5252f66ea9, from=null, time=null, errorDetail=null, error=null, aux=null)
2024-03-20 20:10:42.696 [docker-java-stream-1681795290]  DEBUG c.g.d.a.c.PullImageResultCallback - ResponseItem(stream=null, status=Downloading, progressDetail=ResponseItem.ProgressDetail(current=98729984, total=398683766, start=null), progress=[============>                                      ]  98.73MB/398.7MB, id=0b2070474037, from=null, time=null, errorDetail=null, error=null, aux=null)
2024-03-20 20:10:42.696 [docker-java-stream-1681795290]  DEBUG c.g.d.a.c.PullImageResultCallback - ResponseItem(stream=null, status=Extracting, progressDetail=ResponseItem.ProgressDetail(current=21954560, total=31417602, start=null), progress=[==================================>                ]  21.95MB/31.42MB, id=1d5252f66ea9, from=null, time=null, errorDetail=null, error=null, aux=null)
2024-03-20 20:10:42.697 [docker-java-stream-1681795290]  DEBUG c.g.d.a.c.PullImageResultCallback - ResponseItem(stream=null, status=Downloading, progressDetail=ResponseItem.ProgressDetail(current=100851689, total=398683766, start=null), progress=[============>                                      ]  100.9MB/398.7MB, id=0b2070474037, from=null, time=null, errorDetail=null, error=null, aux=null)
2024-03-20 20:10:42.697 [docker-java-stream-1681795290]  DEBUG c.g.d.a.c.PullImageResultCallback - ResponseItem(stream=null, status=Extracting, progressDetail=ResponseItem.ProgressDetail(current=24576000, total=31417602, start=null), progress=[=======================================>           ]  24.58MB/31.42MB, id=1d5252f66ea9, from=null, time=null, errorDetail=null, error=null, aux=null)
2024-03-20 20:10:42.697 [docker-java-stream-1681795290]  DEBUG c.g.d.a.c.PullImageResultCallback - ResponseItem(stream=null, status=Downloading, progressDetail=ResponseItem.ProgressDetail(current=107749323, total=398683766, start=null), progress=[=============>                                     ]  107.7MB/398.7MB, id=0b2070474037, from=null, time=null, errorDetail=null, error=null, aux=null)
2024-03-20 20:10:42.697 [docker-java-stream-1681795290]  DEBUG c.g.d.a.c.PullImageResultCallback - ResponseItem(stream=null, status=Extracting, progressDetail=ResponseItem.ProgressDetail(current=26542080, total=31417602, start=null), progress=[==========================================>        ]  26.54MB/31.42MB, id=1d5252f66ea9, from=null, time=null, errorDetail=null, error=null, aux=null)
2024-03-20 20:10:42.697 [docker-java-stream-1681795290]  DEBUG c.g.d.a.c.PullImageResultCallback - ResponseItem(stream=null, status=Extracting, progressDetail=ResponseItem.ProgressDetail(current=28180480, total=31417602, start=null), progress=[============================================>      ]  28.18MB/31.42MB, id=1d5252f66ea9, from=null, time=null, errorDetail=null, error=null, aux=null)
2024-03-20 20:10:42.697 [docker-java-stream-1681795290]  DEBUG c.g.d.a.c.PullImageResultCallback - ResponseItem(stream=null, status=Downloading, progressDetail=ResponseItem.ProgressDetail(current=109338624, total=398683766, start=null), progress=[=============>                                     ]  109.3MB/398.7MB, id=0b2070474037, from=null, time=null, errorDetail=null, error=null, aux=null)
2024-03-20 20:10:42.697 [docker-java-stream-1681795290]  DEBUG c.g.d.a.c.PullImageResultCallback - ResponseItem(stream=null, status=Downloading, progressDetail=ResponseItem.ProgressDetail(current=116244386, total=398683766, start=null), progress=[==============>                                    ]  116.2MB/398.7MB, id=0b2070474037, from=null, time=null, errorDetail=null, error=null, aux=null)
2024-03-20 20:10:42.698 [docker-java-stream-1681795290]  DEBUG c.g.d.a.c.PullImageResultCallback - ResponseItem(stream=null, status=Extracting, progressDetail=ResponseItem.ProgressDetail(current=28508160, total=31417602, start=null), progress=[=============================================>     ]  28.51MB/31.42MB, id=1d5252f66ea9, from=null, time=null, errorDetail=null, error=null, aux=null)
2024-03-20 20:10:42.698 [docker-java-stream-1681795290]  DEBUG c.g.d.a.c.PullImageResultCallback - ResponseItem(stream=null, status=Downloading, progressDetail=ResponseItem.ProgressDetail(current=117833709, total=398683766, start=null), progress=[==============>                                    ]  117.8MB/398.7MB, id=0b2070474037, from=null, time=null, errorDetail=null, error=null, aux=null)
2024-03-20 20:10:42.698 [docker-java-stream-1681795290]  DEBUG c.g.d.a.c.PullImageResultCallback - ResponseItem(stream=null, status=Extracting, progressDetail=ResponseItem.ProgressDetail(current=29163520, total=31417602, start=null), progress=[==============================================>    ]  29.16MB/31.42MB, id=1d5252f66ea9, from=null, time=null, errorDetail=null, error=null, aux=null)
2024-03-20 20:10:42.698 [docker-java-stream-1681795290]  DEBUG c.g.d.a.c.PullImageResultCallback - ResponseItem(stream=null, status=Downloading, progressDetail=ResponseItem.ProgressDetail(current=125271821, total=398683766, start=null), progress=[===============>                                   ]  125.3MB/398.7MB, id=0b2070474037, from=null, time=null, errorDetail=null, error=null, aux=null)
2024-03-20 20:10:43.612 [docker-java-stream-1681795290]  DEBUG c.g.d.z.s.o.a.hc.client5.http.wire - http-outgoing-0 << "":29818880,"total":31417602},"progress":[\r][\n]"
2024-03-20 20:10:43.613 [docker-java-stream-1681795290]  DEBUG c.g.d.z.s.o.a.hc.client5.http.wire - http-outgoing-0 << "800[\r][\n]"
2024-03-20 20:10:43.613 [docker-java-stream-1681795290]  DEBUG c.g.d.z.s.o.a.hc.client5.http.wire - http-outgoing-0 << ""[===============================================\u003e   ]  29.82MB/31.42MB","id":"1d5252f66ea9"}[\r][\n]"
2024-03-20 20:10:43.613 [docker-java-stream-1681795290]  DEBUG c.g.d.z.s.o.a.hc.client5.http.wire - http-outgoing-0 << "{"status":"Downloading","progressDetail":{"current":126336689,"total":398683766},"progress":"[===============\u003e                                   ]  126.3MB/398.7MB","id":"0b2070474037"}[\r][\n]"
2024-03-20 20:10:43.613 [docker-java-stream-1681795290]  DEBUG c.g.d.z.s.o.a.hc.client5.http.wire - http-outgoing-0 << "{"status":"Downloading","progressDetail":{"current":133234366,"total":398683766},"progress":"[================\u003e                                  ]  133.2MB/398.7MB","id":"0b2070474037"}[\r][\n]"
2024-03-20 20:10:43.613 [docker-java-stream-1681795290]  DEBUG c.g.d.z.s.o.a.hc.client5.http.wire - http-outgoing-0 << "{"status":"Downloading","progressDetail":{"current":134291456,"total":398683766},"progress":"[================\u003e                                  ]  134.3MB/398.7MB","id":"0b2070474037"}[\r][\n]"
2024-03-20 20:10:43.613 [docker-java-stream-1681795290]  DEBUG c.g.d.z.s.o.a.hc.client5.http.wire - http-outgoing-0 << "{"status":"Extracting","progressDetail":{"current":30146560,"total":31417602},"progress":"[===============================================\u003e   ]  30.15MB/31.42MB","id":"1d5252f66ea9"}[\r][\n]"
2024-03-20 20:10:43.613 [docker-java-stream-1681795290]  DEBUG c.g.d.z.s.o.a.hc.client5.http.wire - http-outgoing-0 << "{"status":"Downloading","progressDetail":{"current":141721540,"total":398683766},"progress":"[=================\u003e                                 ]  141.7MB/398.7MB","id":"0b2070474037"}[\r][\n]"
2024-03-20 20:10:43.613 [docker-java-stream-1681795290]  DEBUG c.g.d.z.s.o.a.hc.client5.http.wire - http-outgoing-0 << "{"status":"Downloading","progressDetail":{"current":142786361,"total":398683766},"progress":"[=================\u003e                                 ]  142.8MB/398.7MB","id":"0b2070474037"}[\r][\n]"
2024-03-20 20:10:43.613 [docker-java-stream-1681795290]  DEBUG c.g.d.z.s.o.a.hc.client5.http.wire - http-outgoing-0 << "{"status":"Extracting","progressDetail":{"current":30474240,"total":31417602},"progress":"[================================================\u003e  ]  30.47MB/31.42MB","id":"1d5252f66ea9"}[\r][\n]"
2024-03-20 20:10:43.613 [docker-java-stream-1681795290]  DEBUG c.g.d.z.s.o.a.hc.client5.http.wire - http-outgoing-0 << "{"status":"Downloading","progressDetail":{"current":150224773,"total":398683766},"progress":"[==================\u003e                                ]  150.2MB/398.7MB","id":"0b2070474037"}[\r][\n]"
2024-03-20 20:10:43.613 [docker-java-stream-1681795290]  DEBUG c.g.d.z.s.o.a.hc.client5.http.wire - http-outgoing-0 << "{"status":"Extracting","progressDetail":{"current":31129600,"total":31417602},"progress":"[=================================================\u003e ]  31.13MB/31.42MB","id":"1d5252f66ea9"}[\r][\n]"
2024-03-20 20:10:43.613 [docker-java-stream-1681795290]  DEBUG c.g.d.z.s.o.a.hc.client5.http.wire - http-outgoing-0 << "{"status":"Downloading","progressDetail":{"current":151281664,"total":398683766},"progress":"[==================\u003e                                ]  151.3MB/398.7MB","id":"0b2070474037"}[\r][\n]"
2024-03-20 20:10:43.613 [docker-java-stream-1681795290]  DEBUG c.g.d.z.s.o.a.hc.client5.http.wire - http-outgoing-0 << "{"status":"Extracting","progressDetai[\r][\n]"
2024-03-20 20:10:43.613 [docker-java-stream-1681795290]  DEBUG c.g.d.z.s.o.a.hc.client5.http.wire - http-outgoing-0 << "800[\r][\n]"
2024-03-20 20:10:43.613 [docker-java-stream-1681795290]  DEBUG c.g.d.z.s.o.a.hc.client5.http.wire - http-outgoing-0 << "l":{"current":31417602,"total":31417602},"progress":"[==================================================\u003e]  31.42MB/31.42MB","id":"1d5252f66ea9"}[\r][\n]"
2024-03-20 20:10:43.613 [docker-java-stream-1681795290]  DEBUG c.g.d.z.s.o.a.hc.client5.http.wire - http-outgoing-0 << "{"status":"Pull complete","progressDetail":{},"id":"1d5252f66ea9"}[\r][\n]"
2024-03-20 20:10:43.613 [docker-java-stream-1681795290]  DEBUG c.g.d.z.s.o.a.hc.client5.http.wire - http-outgoing-0 << "{"status":"Extracting","progressDetail":{"current":3989,"total":3989},"progress":"[==================================================\u003e]  3.989kB/3.989kB","id":"e48a042e7c27"}[\r][\n]"
2024-03-20 20:10:43.613 [docker-java-stream-1681795290]  DEBUG c.g.d.z.s.o.a.hc.client5.http.wire - http-outgoing-0 << "{"status":"Extracting","progressDetail":{"current":3989,"total":3989},"progress":"[==================================================\u003e]  3.989kB/3.989kB","id":"e48a042e7c27"}[\r][\n]"
2024-03-20 20:10:43.613 [docker-java-stream-1681795290]  DEBUG c.g.d.z.s.o.a.hc.client5.http.wire - http-outgoing-0 << "{"status":"Pull complete","progressDetail":{},"id":"e48a042e7c27"}[\r][\n]"
2024-03-20 20:10:43.613 [docker-java-stream-1681795290]  DEBUG c.g.d.z.s.o.a.hc.client5.http.wire - http-outgoing-0 << "{"status":"Extracting","progressDetail":{"current":186,"total":186},"progress":"[==================================================\u003e]     186B/186B","id":"d33395b234dd"}[\r][\n]"
2024-03-20 20:10:43.613 [docker-java-stream-1681795290]  DEBUG c.g.d.z.s.o.a.hc.client5.http.wire - http-outgoing-0 << "{"status":"Extracting","progressDetail":{"current":186,"total":186},"progress":"[==================================================\u003e]     186B/186B","id":"d33395b234dd"}[\r][\n]"
2024-03-20 20:10:43.613 [docker-java-stream-1681795290]  DEBUG c.g.d.z.s.o.a.hc.client5.http.wire - http-outgoing-0 << "{"status":"Pull complete","progressDetail":{},"id":"d33395b234dd"}[\r][\n]"
2024-03-20 20:10:43.613 [docker-java-stream-1681795290]  DEBUG c.g.d.z.s.o.a.hc.client5.http.wire - http-outgoing-0 << "{"status":"Extracting","progressDetail":{"current":194,"total":194},"progress":"[==================================================\u003e]     194B/194B","id":"9ea0111be7d4"}[\r][\n]"
2024-03-20 20:10:43.613 [docker-java-stream-1681795290]  DEBUG c.g.d.z.s.o.a.hc.client5.http.wire - http-outgoing-0 << "{"status":"Extracting","progressDetail":{"current":194,"total":194},"progress":"[==================================================\u003e]     194B/194B","id":"9ea0111be7d4"}[\r][\n]"
2024-03-20 20:10:43.613 [docker-java-stream-1681795290]  DEBUG c.g.d.z.s.o.a.hc.client5.http.wire - http-outgoing-0 << "{"status":"Pull complete","progressDetail":{},"id":"9ea0111be7d4"}[\r][\n]"
2024-03-20 20:10:43.613 [docker-java-stream-1681795290]  DEBUG c.g.d.z.s.o.a.hc.client5.http.wire - http-outgoing-0 << "{"status":"Extracting","progressDetail":{"current":32,"total":32},"progress":"[==================================================\u003e]      32B/32B","id":"4f4fb700ef54"}[\r][\n]"
2024-03-20 20:10:43.613 [docker-java-stream-1681795290]  DEBUG c.g.d.z.s.o.a.hc.client5.http.wire - http-outgoing-0 << "{"status":"Extracting","progressDetail":{"current":32,"total":32},"progress":"[==================================================\u003e]      32B/32B","id":"4f4fb700ef54"}[\r][\n]"
2024-03-20 20:10:43.613 [docker-java-stream-1681795290]  DEBUG c.g.d.z.s.o.a.hc.client5.http.wire - http-outgoing-0 << "{"status":"Pull complete","progressDetail":{},"id":"4f4fb700ef54"}[\r][\n]"
2024-03-20 20:10:43.613 [docker-java-stream-1681795290]  DEBUG c.g.d.z.s.o.a.hc.client5.http.wire - http-outgoing-0 << "{"status":"Extracting","progressDetail":{"current":135,"total":135},"progress":"[========="
2024-03-20 20:10:43.613 [docker-java-stream-1681795290]  DEBUG c.g.d.a.c.PullImageResultCallback - ResponseItem(stream=null, status=Extracting, progressDetail=ResponseItem.ProgressDetail(current=29818880, total=31417602, start=null), progress=[===============================================>   ]  29.82MB/31.42MB, id=1d5252f66ea9, from=null, time=null, errorDetail=null, error=null, aux=null)
2024-03-20 20:10:43.613 [docker-java-stream-1681795290]  DEBUG c.g.d.a.c.PullImageResultCallback - ResponseItem(stream=null, status=Downloading, progressDetail=ResponseItem.ProgressDetail(current=126336689, total=398683766, start=null), progress=[===============>                                   ]  126.3MB/398.7MB, id=0b2070474037, from=null, time=null, errorDetail=null, error=null, aux=null)
2024-03-20 20:10:43.614 [docker-java-stream-1681795290]  DEBUG c.g.d.a.c.PullImageResultCallback - ResponseItem(stream=null, status=Downloading, progressDetail=ResponseItem.ProgressDetail(current=133234366, total=398683766, start=null), progress=[================>                                  ]  133.2MB/398.7MB, id=0b2070474037, from=null, time=null, errorDetail=null, error=null, aux=null)
2024-03-20 20:10:43.614 [docker-java-stream-1681795290]  DEBUG c.g.d.a.c.PullImageResultCallback - ResponseItem(stream=null, status=Downloading, progressDetail=ResponseItem.ProgressDetail(current=134291456, total=398683766, start=null), progress=[================>                                  ]  134.3MB/398.7MB, id=0b2070474037, from=null, time=null, errorDetail=null, error=null, aux=null)
2024-03-20 20:10:43.614 [docker-java-stream-1681795290]  DEBUG c.g.d.a.c.PullImageResultCallback - ResponseItem(stream=null, status=Extracting, progressDetail=ResponseItem.ProgressDetail(current=30146560, total=31417602, start=null), progress=[===============================================>   ]  30.15MB/31.42MB, id=1d5252f66ea9, from=null, time=null, errorDetail=null, error=null, aux=null)
2024-03-20 20:10:43.614 [docker-java-stream-1681795290]  DEBUG c.g.d.a.c.PullImageResultCallback - ResponseItem(stream=null, status=Downloading, progressDetail=ResponseItem.ProgressDetail(current=141721540, total=398683766, start=null), progress=[=================>                                 ]  141.7MB/398.7MB, id=0b2070474037, from=null, time=null, errorDetail=null, error=null, aux=null)
2024-03-20 20:10:43.614 [docker-java-stream-1681795290]  DEBUG c.g.d.a.c.PullImageResultCallback - ResponseItem(stream=null, status=Downloading, progressDetail=ResponseItem.ProgressDetail(current=142786361, total=398683766, start=null), progress=[=================>                                 ]  142.8MB/398.7MB, id=0b2070474037, from=null, time=null, errorDetail=null, error=null, aux=null)
2024-03-20 20:10:43.614 [docker-java-stream-1681795290]  DEBUG c.g.d.a.c.PullImageResultCallback - ResponseItem(stream=null, status=Extracting, progressDetail=ResponseItem.ProgressDetail(current=30474240, total=31417602, start=null), progress=[================================================>  ]  30.47MB/31.42MB, id=1d5252f66ea9, from=null, time=null, errorDetail=null, error=null, aux=null)
2024-03-20 20:10:43.614 [docker-java-stream-1681795290]  DEBUG c.g.d.a.c.PullImageResultCallback - ResponseItem(stream=null, status=Downloading, progressDetail=ResponseItem.ProgressDetail(current=150224773, total=398683766, start=null), progress=[==================>                                ]  150.2MB/398.7MB, id=0b2070474037, from=null, time=null, errorDetail=null, error=null, aux=null)
2024-03-20 20:10:43.614 [docker-java-stream-1681795290]  DEBUG c.g.d.a.c.PullImageResultCallback - ResponseItem(stream=null, status=Extracting, progressDetail=ResponseItem.ProgressDetail(current=31129600, total=31417602, start=null), progress=[=================================================> ]  31.13MB/31.42MB, id=1d5252f66ea9, from=null, time=null, errorDetail=null, error=null, aux=null)
2024-03-20 20:10:43.614 [docker-java-stream-1681795290]  DEBUG c.g.d.a.c.PullImageResultCallback - ResponseItem(stream=null, status=Downloading, progressDetail=ResponseItem.ProgressDetail(current=151281664, total=398683766, start=null), progress=[==================>                                ]  151.3MB/398.7MB, id=0b2070474037, from=null, time=null, errorDetail=null, error=null, aux=null)
2024-03-20 20:10:43.614 [docker-java-stream-1681795290]  DEBUG c.g.d.a.c.PullImageResultCallback - ResponseItem(stream=null, status=Extracting, progressDetail=ResponseItem.ProgressDetail(current=31417602, total=31417602, start=null), progress=[==================================================>]  31.42MB/31.42MB, id=1d5252f66ea9, from=null, time=null, errorDetail=null, error=null, aux=null)
2024-03-20 20:10:43.614 [docker-java-stream-1681795290]  DEBUG c.g.d.a.c.PullImageResultCallback - ResponseItem(stream=null, status=Pull complete, progressDetail=ResponseItem.ProgressDetail(current=null, total=null, start=null), progress=null, id=1d5252f66ea9, from=null, time=null, errorDetail=null, error=null, aux=null)
2024-03-20 20:10:43.615 [docker-java-stream-1681795290]  INFO  t.g.i.c.0.0-emulators - Pulling image layers:  1 pending,  6 downloaded,  1 extracted, (174 MB/? MB)
2024-03-20 20:10:43.615 [docker-java-stream-1681795290]  DEBUG c.g.d.a.c.PullImageResultCallback - ResponseItem(stream=null, status=Extracting, progressDetail=ResponseItem.ProgressDetail(current=3989, total=3989, start=null), progress=[==================================================>]  3.989kB/3.989kB, id=e48a042e7c27, from=null, time=null, errorDetail=null, error=null, aux=null)
2024-03-20 20:10:43.615 [docker-java-stream-1681795290]  DEBUG c.g.d.a.c.PullImageResultCallback - ResponseItem(stream=null, status=Extracting, progressDetail=ResponseItem.ProgressDetail(current=3989, total=3989, start=null), progress=[==================================================>]  3.989kB/3.989kB, id=e48a042e7c27, from=null, time=null, errorDetail=null, error=null, aux=null)
2024-03-20 20:10:43.615 [docker-java-stream-1681795290]  DEBUG c.g.d.a.c.PullImageResultCallback - ResponseItem(stream=null, status=Pull complete, progressDetail=ResponseItem.ProgressDetail(current=null, total=null, start=null), progress=null, id=e48a042e7c27, from=null, time=null, errorDetail=null, error=null, aux=null)
2024-03-20 20:10:43.615 [docker-java-stream-1681795290]  INFO  t.g.i.c.0.0-emulators - Pulling image layers:  1 pending,  6 downloaded,  2 extracted, (174 MB/? MB)
2024-03-20 20:10:43.615 [docker-java-stream-1681795290]  DEBUG c.g.d.a.c.PullImageResultCallback - ResponseItem(stream=null, status=Extracting, progressDetail=ResponseItem.ProgressDetail(current=186, total=186, start=null), progress=[==================================================>]     186B/186B, id=d33395b234dd, from=null, time=null, errorDetail=null, error=null, aux=null)
2024-03-20 20:10:43.615 [docker-java-stream-1681795290]  DEBUG c.g.d.a.c.PullImageResultCallback - ResponseItem(stream=null, status=Extracting, progressDetail=ResponseItem.ProgressDetail(current=186, total=186, start=null), progress=[==================================================>]     186B/186B, id=d33395b234dd, from=null, time=null, errorDetail=null, error=null, aux=null)
2024-03-20 20:10:43.615 [docker-java-stream-1681795290]  DEBUG c.g.d.a.c.PullImageResultCallback - ResponseItem(stream=null, status=Pull complete, progressDetail=ResponseItem.ProgressDetail(current=null, total=null, start=null), progress=null, id=d33395b234dd, from=null, time=null, errorDetail=null, error=null, aux=null)
2024-03-20 20:10:43.616 [docker-java-stream-1681795290]  INFO  t.g.i.c.0.0-emulators - Pulling image layers:  1 pending,  6 downloaded,  3 extracted, (174 MB/? MB)
2024-03-20 20:10:43.616 [docker-java-stream-1681795290]  DEBUG c.g.d.a.c.PullImageResultCallback - ResponseItem(stream=null, status=Extracting, progressDetail=ResponseItem.ProgressDetail(current=194, total=194, start=null), progress=[==================================================>]     194B/194B, id=9ea0111be7d4, from=null, time=null, errorDetail=null, error=null, aux=null)
2024-03-20 20:10:43.616 [docker-java-stream-1681795290]  DEBUG c.g.d.a.c.PullImageResultCallback - ResponseItem(stream=null, status=Extracting, progressDetail=ResponseItem.ProgressDetail(current=194, total=194, start=null), progress=[==================================================>]     194B/194B, id=9ea0111be7d4, from=null, time=null, errorDetail=null, error=null, aux=null)
2024-03-20 20:10:43.616 [docker-java-stream-1681795290]  DEBUG c.g.d.a.c.PullImageResultCallback - ResponseItem(stream=null, status=Pull complete, progressDetail=ResponseItem.ProgressDetail(current=null, total=null, start=null), progress=null, id=9ea0111be7d4, from=null, time=null, errorDetail=null, error=null, aux=null)
2024-03-20 20:10:43.616 [docker-java-stream-1681795290]  INFO  t.g.i.c.0.0-emulators - Pulling image layers:  1 pending,  6 downloaded,  4 extracted, (174 MB/? MB)
2024-03-20 20:10:43.616 [docker-java-stream-1681795290]  DEBUG c.g.d.a.c.PullImageResultCallback - ResponseItem(stream=null, status=Extracting, progressDetail=ResponseItem.ProgressDetail(current=32, total=32, start=null), progress=[==================================================>]      32B/32B, id=4f4fb700ef54, from=null, time=null, errorDetail=null, error=null, aux=null)
2024-03-20 20:10:43.616 [docker-java-stream-1681795290]  DEBUG c.g.d.a.c.PullImageResultCallback - ResponseItem(stream=null, status=Extracting, progressDetail=ResponseItem.ProgressDetail(current=32, total=32, start=null), progress=[==================================================>]      32B/32B, id=4f4fb700ef54, from=null, time=null, errorDetail=null, error=null, aux=null)
2024-03-20 20:10:43.616 [docker-java-stream-1681795290]  DEBUG c.g.d.a.c.PullImageResultCallback - ResponseItem(stream=null, status=Pull complete, progressDetail=ResponseItem.ProgressDetail(current=null, total=null, start=null), progress=null, id=4f4fb700ef54, from=null, time=null, errorDetail=null, error=null, aux=null)
2024-03-20 20:10:43.616 [docker-java-stream-1681795290]  INFO  t.g.i.c.0.0-emulators - Pulling image layers:  1 pending,  6 downloaded,  5 extracted, (174 MB/? MB)
2024-03-20 20:10:46.400 [docker-java-stream-1681795290]  DEBUG c.g.d.z.s.o.a.hc.client5.http.wire - http-outgoing-0 << "=========================================\u003e]     1[\r][\n]"
2024-03-20 20:10:46.400 [docker-java-stream-1681795290]  DEBUG c.g.d.z.s.o.a.hc.client5.http.wire - http-outgoing-0 << "800[\r][\n]"
2024-03-20 20:10:46.400 [docker-java-stream-1681795290]  DEBUG c.g.d.z.s.o.a.hc.client5.http.wire - http-outgoing-0 << "35B/135B","id":"380de230a060"}[\r][\n]"
2024-03-20 20:10:46.400 [docker-java-stream-1681795290]  DEBUG c.g.d.z.s.o.a.hc.client5.http.wire - http-outgoing-0 << "{"status":"Extracting","progressDetail":{"current":135,"total":135},"progress":"[==================================================\u003e]     135B/135B","id":"380de230a060"}[\r][\n]"
2024-03-20 20:10:46.401 [docker-java-stream-1681795290]  DEBUG c.g.d.z.s.o.a.hc.client5.http.wire - http-outgoing-0 << "{"status":"Pull complete","progressDetail":{},"id":"380de230a060"}[\r][\n]"
2024-03-20 20:10:46.401 [docker-java-stream-1681795290]  DEBUG c.g.d.z.s.o.a.hc.client5.http.wire - http-outgoing-0 << "{"status":"Downloading","progressDetail":{"current":159776768,"total":398683766},"progress":"[====================\u003e                              ]  159.8MB/398.7MB","id":"0b2070474037"}[\r][\n]"
2024-03-20 20:10:46.401 [docker-java-stream-1681795290]  DEBUG c.g.d.z.s.o.a.hc.client5.http.wire - http-outgoing-0 << "{"status":"Downloading","progressDetail":{"current":168263666,"total":398683766},"progress":"[=====================\u003e                             ]  168.3MB/398.7MB","id":"0b2070474037"}[\r][\n]"
2024-03-20 20:10:46.401 [docker-java-stream-1681795290]  DEBUG c.g.d.z.s.o.a.hc.client5.http.wire - http-outgoing-0 << "{"status":"Downloading","progressDetail":{"current":176218112,"total":398683766},"progress":"[======================\u003e                            ]  176.2MB/398.7MB","id":"0b2070474037"}[\r][\n]"
2024-03-20 20:10:46.401 [docker-java-stream-1681795290]  DEBUG c.g.d.z.s.o.a.hc.client5.http.wire - http-outgoing-0 << "{"status":"Downloading","progressDetail":{"current":185778053,"total":398683766},"progress":"[=======================\u003e                           ]  185.8MB/398.7MB","id":"0b2070474037"}[\r][\n]"
2024-03-20 20:10:46.401 [docker-java-stream-1681795290]  DEBUG c.g.d.z.s.o.a.hc.client5.http.wire - http-outgoing-0 << "{"status":"Downloading","progressDetail":{"current":192159455,"total":398683766},"progress":"[========================\u003e                          ]  192.2MB/398.7MB","id":"0b2070474037"}[\r][\n]"
2024-03-20 20:10:46.401 [docker-java-stream-1681795290]  DEBUG c.g.d.z.s.o.a.hc.client5.http.wire - http-outgoing-0 << "{"status":"Downloading","progressDetail":{"current":194289328,"total":398683766},"progress":"[========================\u003e                          ]  194.3MB/398.7MB","id":"0b2070474037"}[\r][\n]"
2024-03-20 20:10:46.401 [docker-java-stream-1681795290]  DEBUG c.g.d.z.s.o.a.hc.client5.http.wire - http-outgoing-0 << "{"status":"Downloading","progressDetail":{"current":201187131,"total":398683766},"progress":"[=========================\u003e                         ]  201.2MB/398.7MB","id":"0b2070474037"}[\r][\n]"
2024-03-20 20:10:46.401 [docker-java-stream-1681795290]  DEBUG c.g.d.z.s.o.a.hc.client5.http.wire - http-outgoing-0 << "{"status":"Downloading","progressDetail":{"current":201719564,"total":398683766},"progress":"[=========================\u003e                         ]  201.7MB/398.7MB","id":"0b2070474037"}[\r][\n]"
2024-03-20 20:10:46.401 [docker-java-stream-1681795290]  DEBUG c.g.d.z.s.o.a.hc.client5.http.wire - http-outgoing-0 << "{"status":"Downloading","progressDetail":{"current":207560611,"total":398683766},"progress":"[==========================\u003e                        ]  207.6MB/398.7MB","id":"0b2070474037"}[\r][\n]"
2024-03-20 20:10:46.401 [docker-java-stream-1681795290]  DEBUG c.g.d.z.s.o.a.hc.client5.http.wire - http-outgoing-0 << "{"status":"Downloading","progressDetail":{"c[\r][\n]"
2024-03-20 20:10:46.401 [docker-java-stream-1681795290]  DEBUG c.g.d.z.s.o.a.hc.client5.http.wire - http-outgoing-0 << "800[\r][\n]"
2024-03-20 20:10:46.402 [docker-java-stream-1681795290]  DEBUG c.g.d.z.s.o.a.hc.client5.http.wire - http-outgoing-0 << "urrent":210222759,"total":398683766},"progress":"[==========================\u003e                        ]  210.2MB/398.7MB","id":"0b2070474037"}[\r][\n]"
2024-03-20 20:10:46.402 [docker-java-stream-1681795290]  DEBUG c.g.d.z.s.o.a.hc.client5.http.wire - http-outgoing-0 << "{"status":"Downloading","progressDetail":{"current":216588235,"total":398683766},"progress":"[===========================\u003e                       ]  216.6MB/398.7MB","id":"0b2070474037"}[\r][\n]"
2024-03-20 20:10:46.402 [docker-java-stream-1681795290]  DEBUG c.g.d.z.s.o.a.hc.client5.http.wire - http-outgoing-0 << "{"status":"Downloading","progressDetail":{"current":218177536,"total":398683766},"progress":"[===========================\u003e                       ]  218.2MB/398.7MB","id":"0b2070474037"}[\r][\n]"
2024-03-20 20:10:46.402 [docker-java-stream-1681795290]  DEBUG c.g.d.z.s.o.a.hc.client5.http.wire - http-outgoing-0 << "{"status":"Downloading","progressDetail":{"current":224550717,"total":398683766},"progress":"[============================\u003e                      ]  224.6MB/398.7MB","id":"0b2070474037"}[\r][\n]"
2024-03-20 20:10:46.402 [docker-java-stream-1681795290]  DEBUG c.g.d.z.s.o.a.hc.client5.http.wire - http-outgoing-0 << "{"status":"Downloading","progressDetail":{"current":226672640,"total":398683766},"progress":"[============================\u003e                      ]  226.7MB/398.7MB","id":"0b2070474037"}[\r][\n]"
2024-03-20 20:10:46.402 [docker-java-stream-1681795290]  DEBUG c.g.d.z.s.o.a.hc.client5.http.wire - http-outgoing-0 << "{"status":"Downloading","progressDetail":{"current":233045994,"total":398683766},"progress":"[=============================\u003e                     ]    233MB/398.7MB","id":"0b2070474037"}[\r][\n]"
2024-03-20 20:10:46.402 [docker-java-stream-1681795290]  DEBUG c.g.d.z.s.o.a.hc.client5.http.wire - http-outgoing-0 << "{"status":"Downloading","progressDetail":{"current":235167723,"total":398683766},"progress":"[=============================\u003e                     ]  235.2MB/398.7MB","id":"0b2070474037"}[\r][\n]"
2024-03-20 20:10:46.402 [docker-java-stream-1681795290]  DEBUG c.g.d.z.s.o.a.hc.client5.http.wire - http-outgoing-0 << "{"status":"Downloading","progressDetail":{"current":241532897,"total":398683766},"progress":"[==============================\u003e                    ]  241.5MB/398.7MB","id":"0b2070474037"}[\r][\n]"
2024-03-20 20:10:46.402 [docker-java-stream-1681795290]  DEBUG c.g.d.z.s.o.a.hc.client5.http.wire - http-outgoing-0 << "{"status":"Downloading","progressDetail":{"current":243662708,"total":398683766},"progress":"[==============================\u003e                    ]  243.7MB/398.7MB","id":"0b2070474037"}[\r][\n]"
2024-03-20 20:10:46.402 [docker-java-stream-1681795290]  DEBUG c.g.d.z.s.o.a.hc.client5.http.wire - http-outgoing-0 << "{"status":"Downloading","progressDetail":{"current":250036224,"total":398683766},"progress":"[===============================\u003e                   ]    250MB/398.7MB","id":"0b2070474037"}[\r][\n]"
2024-03-20 20:10:46.402 [docker-java-stream-1681795290]  DEBUG c.g.d.z.s.o.a.hc.client5.http.wire - http-outgoing-0 << "{"status":"Downloading","progressDetail":{"current":252157952,"total":398683766},"progress":"[=========="
2024-03-20 20:10:46.403 [docker-java-stream-1681795290]  DEBUG c.g.d.a.c.PullImageResultCallback - ResponseItem(stream=null, status=Extracting, progressDetail=ResponseItem.ProgressDetail(current=135, total=135, start=null), progress=[==================================================>]     135B/135B, id=380de230a060, from=null, time=null, errorDetail=null, error=null, aux=null)
2024-03-20 20:10:46.403 [docker-java-stream-1681795290]  DEBUG c.g.d.a.c.PullImageResultCallback - ResponseItem(stream=null, status=Extracting, progressDetail=ResponseItem.ProgressDetail(current=135, total=135, start=null), progress=[==================================================>]     135B/135B, id=380de230a060, from=null, time=null, errorDetail=null, error=null, aux=null)
2024-03-20 20:10:46.403 [docker-java-stream-1681795290]  DEBUG c.g.d.a.c.PullImageResultCallback - ResponseItem(stream=null, status=Pull complete, progressDetail=ResponseItem.ProgressDetail(current=null, total=null, start=null), progress=null, id=380de230a060, from=null, time=null, errorDetail=null, error=null, aux=null)
2024-03-20 20:10:46.404 [docker-java-stream-1681795290]  INFO  t.g.i.c.0.0-emulators - Pulling image layers:  1 pending,  6 downloaded,  6 extracted, (174 MB/? MB)
2024-03-20 20:10:46.404 [docker-java-stream-1681795290]  DEBUG c.g.d.a.c.PullImageResultCallback - ResponseItem(stream=null, status=Downloading, progressDetail=ResponseItem.ProgressDetail(current=159776768, total=398683766, start=null), progress=[====================>                              ]  159.8MB/398.7MB, id=0b2070474037, from=null, time=null, errorDetail=null, error=null, aux=null)
2024-03-20 20:10:46.404 [docker-java-stream-1681795290]  DEBUG c.g.d.a.c.PullImageResultCallback - ResponseItem(stream=null, status=Downloading, progressDetail=ResponseItem.ProgressDetail(current=168263666, total=398683766, start=null), progress=[=====================>                             ]  168.3MB/398.7MB, id=0b2070474037, from=null, time=null, errorDetail=null, error=null, aux=null)
2024-03-20 20:10:46.404 [docker-java-stream-1681795290]  DEBUG c.g.d.a.c.PullImageResultCallback - ResponseItem(stream=null, status=Downloading, progressDetail=ResponseItem.ProgressDetail(current=176218112, total=398683766, start=null), progress=[======================>                            ]  176.2MB/398.7MB, id=0b2070474037, from=null, time=null, errorDetail=null, error=null, aux=null)
2024-03-20 20:10:46.404 [docker-java-stream-1681795290]  DEBUG c.g.d.a.c.PullImageResultCallback - ResponseItem(stream=null, status=Downloading, progressDetail=ResponseItem.ProgressDetail(current=185778053, total=398683766, start=null), progress=[=======================>                           ]  185.8MB/398.7MB, id=0b2070474037, from=null, time=null, errorDetail=null, error=null, aux=null)
2024-03-20 20:10:46.405 [docker-java-stream-1681795290]  DEBUG c.g.d.a.c.PullImageResultCallback - ResponseItem(stream=null, status=Downloading, progressDetail=ResponseItem.ProgressDetail(current=192159455, total=398683766, start=null), progress=[========================>                          ]  192.2MB/398.7MB, id=0b2070474037, from=null, time=null, errorDetail=null, error=null, aux=null)
2024-03-20 20:10:46.405 [docker-java-stream-1681795290]  DEBUG c.g.d.a.c.PullImageResultCallback - ResponseItem(stream=null, status=Downloading, progressDetail=ResponseItem.ProgressDetail(current=194289328, total=398683766, start=null), progress=[========================>                          ]  194.3MB/398.7MB, id=0b2070474037, from=null, time=null, errorDetail=null, error=null, aux=null)
2024-03-20 20:10:46.405 [docker-java-stream-1681795290]  DEBUG c.g.d.a.c.PullImageResultCallback - ResponseItem(stream=null, status=Downloading, progressDetail=ResponseItem.ProgressDetail(current=201187131, total=398683766, start=null), progress=[=========================>                         ]  201.2MB/398.7MB, id=0b2070474037, from=null, time=null, errorDetail=null, error=null, aux=null)
2024-03-20 20:10:46.406 [docker-java-stream-1681795290]  DEBUG c.g.d.a.c.PullImageResultCallback - ResponseItem(stream=null, status=Downloading, progressDetail=ResponseItem.ProgressDetail(current=201719564, total=398683766, start=null), progress=[=========================>                         ]  201.7MB/398.7MB, id=0b2070474037, from=null, time=null, errorDetail=null, error=null, aux=null)
2024-03-20 20:10:46.406 [docker-java-stream-1681795290]  DEBUG c.g.d.a.c.PullImageResultCallback - ResponseItem(stream=null, status=Downloading, progressDetail=ResponseItem.ProgressDetail(current=207560611, total=398683766, start=null), progress=[==========================>                        ]  207.6MB/398.7MB, id=0b2070474037, from=null, time=null, errorDetail=null, error=null, aux=null)
2024-03-20 20:10:46.406 [docker-java-stream-1681795290]  DEBUG c.g.d.a.c.PullImageResultCallback - ResponseItem(stream=null, status=Downloading, progressDetail=ResponseItem.ProgressDetail(current=210222759, total=398683766, start=null), progress=[==========================>                        ]  210.2MB/398.7MB, id=0b2070474037, from=null, time=null, errorDetail=null, error=null, aux=null)
2024-03-20 20:10:46.406 [docker-java-stream-1681795290]  DEBUG c.g.d.a.c.PullImageResultCallback - ResponseItem(stream=null, status=Downloading, progressDetail=ResponseItem.ProgressDetail(current=216588235, total=398683766, start=null), progress=[===========================>                       ]  216.6MB/398.7MB, id=0b2070474037, from=null, time=null, errorDetail=null, error=null, aux=null)
2024-03-20 20:10:46.406 [docker-java-stream-1681795290]  DEBUG c.g.d.a.c.PullImageResultCallback - ResponseItem(stream=null, status=Downloading, progressDetail=ResponseItem.ProgressDetail(current=218177536, total=398683766, start=null), progress=[===========================>                       ]  218.2MB/398.7MB, id=0b2070474037, from=null, time=null, errorDetail=null, error=null, aux=null)
2024-03-20 20:10:46.406 [docker-java-stream-1681795290]  DEBUG c.g.d.a.c.PullImageResultCallback - ResponseItem(stream=null, status=Downloading, progressDetail=ResponseItem.ProgressDetail(current=224550717, total=398683766, start=null), progress=[============================>                      ]  224.6MB/398.7MB, id=0b2070474037, from=null, time=null, errorDetail=null, error=null, aux=null)
2024-03-20 20:10:46.407 [docker-java-stream-1681795290]  DEBUG c.g.d.a.c.PullImageResultCallback - ResponseItem(stream=null, status=Downloading, progressDetail=ResponseItem.ProgressDetail(current=226672640, total=398683766, start=null), progress=[============================>                      ]  226.7MB/398.7MB, id=0b2070474037, from=null, time=null, errorDetail=null, error=null, aux=null)
2024-03-20 20:10:46.407 [docker-java-stream-1681795290]  DEBUG c.g.d.a.c.PullImageResultCallback - ResponseItem(stream=null, status=Downloading, progressDetail=ResponseItem.ProgressDetail(current=233045994, total=398683766, start=null), progress=[=============================>                     ]    233MB/398.7MB, id=0b2070474037, from=null, time=null, errorDetail=null, error=null, aux=null)
2024-03-20 20:10:46.407 [docker-java-stream-1681795290]  DEBUG c.g.d.a.c.PullImageResultCallback - ResponseItem(stream=null, status=Downloading, progressDetail=ResponseItem.ProgressDetail(current=235167723, total=398683766, start=null), progress=[=============================>                     ]  235.2MB/398.7MB, id=0b2070474037, from=null, time=null, errorDetail=null, error=null, aux=null)
2024-03-20 20:10:46.407 [docker-java-stream-1681795290]  DEBUG c.g.d.a.c.PullImageResultCallback - ResponseItem(stream=null, status=Downloading, progressDetail=ResponseItem.ProgressDetail(current=241532897, total=398683766, start=null), progress=[==============================>                    ]  241.5MB/398.7MB, id=0b2070474037, from=null, time=null, errorDetail=null, error=null, aux=null)
2024-03-20 20:10:46.407 [docker-java-stream-1681795290]  DEBUG c.g.d.a.c.PullImageResultCallback - ResponseItem(stream=null, status=Downloading, progressDetail=ResponseItem.ProgressDetail(current=243662708, total=398683766, start=null), progress=[==============================>                    ]  243.7MB/398.7MB, id=0b2070474037, from=null, time=null, errorDetail=null, error=null, aux=null)
2024-03-20 20:10:46.408 [docker-java-stream-1681795290]  DEBUG c.g.d.a.c.PullImageResultCallback - ResponseItem(stream=null, status=Downloading, progressDetail=ResponseItem.ProgressDetail(current=250036224, total=398683766, start=null), progress=[===============================>                   ]    250MB/398.7MB, id=0b2070474037, from=null, time=null, errorDetail=null, error=null, aux=null)
2024-03-20 20:10:49.256 [docker-java-stream-1681795290]  DEBUG c.g.d.z.s.o.a.hc.client5.http.wire - http-outgoing-0 << "=====================\u003e                   ]  252.2MB/398.7MB","i[\r][\n]"
2024-03-20 20:10:49.257 [docker-java-stream-1681795290]  DEBUG c.g.d.z.s.o.a.hc.client5.http.wire - http-outgoing-0 << "800[\r][\n]"
2024-03-20 20:10:49.258 [docker-java-stream-1681795290]  DEBUG c.g.d.z.s.o.a.hc.client5.http.wire - http-outgoing-0 << "d":"0b2070474037"}[\r][\n]"
2024-03-20 20:10:49.258 [docker-java-stream-1681795290]  DEBUG c.g.d.z.s.o.a.hc.client5.http.wire - http-outgoing-0 << "{"status":"Downloading","progressDetail":{"current":258547694,"total":398683766},"progress":"[================================\u003e                  ]  258.5MB/398.7MB","id":"0b2070474037"}[\r][\n]"
2024-03-20 20:10:49.258 [docker-java-stream-1681795290]  DEBUG c.g.d.z.s.o.a.hc.client5.http.wire - http-outgoing-0 << "{"status":"Downloading","progressDetail":{"current":260136960,"total":398683766},"progress":"[================================\u003e                  ]  260.1MB/398.7MB","id":"0b2070474037"}[\r][\n]"
2024-03-20 20:10:49.258 [docker-java-stream-1681795290]  DEBUG c.g.d.z.s.o.a.hc.client5.http.wire - http-outgoing-0 << "{"status":"Downloading","progressDetail":{"current":267034609,"total":398683766},"progress":"[=================================\u003e                 ]    267MB/398.7MB","id":"0b2070474037"}[\r][\n]"
2024-03-20 20:10:49.258 [docker-java-stream-1681795290]  DEBUG c.g.d.z.s.o.a.hc.client5.http.wire - http-outgoing-0 << "{"status":"Downloading","progressDetail":{"current":268623872,"total":398683766},"progress":"[=================================\u003e                 ]  268.6MB/398.7MB","id":"0b2070474037"}[\r][\n]"
2024-03-20 20:10:49.258 [docker-java-stream-1681795290]  DEBUG c.g.d.z.s.o.a.hc.client5.http.wire - http-outgoing-0 << "{"status":"Downloading","progressDetail":{"current":275521480,"total":398683766},"progress":"[==================================\u003e                ]  275.5MB/398.7MB","id":"0b2070474037"}[\r][\n]"
2024-03-20 20:10:49.258 [docker-java-stream-1681795290]  DEBUG c.g.d.z.s.o.a.hc.client5.http.wire - http-outgoing-0 << "{"status":"Downloading","progressDetail":{"current":277110784,"total":398683766},"progress":"[==================================\u003e                ]  277.1MB/398.7MB","id":"0b2070474037"}[\r][\n]"
2024-03-20 20:10:49.258 [docker-java-stream-1681795290]  DEBUG c.g.d.z.s.o.a.hc.client5.http.wire - http-outgoing-0 << "{"status":"Downloading","progressDetail":{"current":284016598,"total":398683766},"progress":"[===================================\u003e               ]    284MB/398.7MB","id":"0b2070474037"}[\r][\n]"
2024-03-20 20:10:49.258 [docker-java-stream-1681795290]  DEBUG c.g.d.z.s.o.a.hc.client5.http.wire - http-outgoing-0 << "{"status":"Downloading","progressDetail":{"current":285605867,"total":398683766},"progress":"[===================================\u003e               ]  285.6MB/398.7MB","id":"0b2070474037"}[\r][\n]"
2024-03-20 20:10:49.258 [docker-java-stream-1681795290]  DEBUG c.g.d.z.s.o.a.hc.client5.http.wire - http-outgoing-0 << "{"status":"Downloading","progressDetail":{"current":292503527,"total":398683766},"progress":"[====================================\u003e              ]  292.5MB/398.7MB","id":"0b2070474037"}[\r][\n]"
2024-03-20 20:10:49.258 [docker-java-stream-1681795290]  DEBUG c.g.d.z.s.o.a.hc.client5.http.wire - http-outgoing-0 << "{"status":"Downloading","progressDetail":{"current":294092776,"total":398683766},"progress":"[====================================\u003e              ]  294.1MB/398.7MB","id":"0b2070474037"}[\r][\n]"
2024-03-20 20:10:49.258 [docker-java-stream-1681795290]  DEBUG c.g.d.z.s.o.a.hc.client5.http.wire - http-outgoing-0 << "{"status":"Downloading","progressDetail":{"current":301006570,"total":398683766},"progress":"[==============[\r][\n]"
2024-03-20 20:10:49.258 [docker-java-stream-1681795290]  DEBUG c.g.d.z.s.o.a.hc.client5.http.wire - http-outgoing-0 << "800[\r][\n]"
2024-03-20 20:10:49.259 [docker-java-stream-1681795290]  DEBUG c.g.d.z.s.o.a.hc.client5.http.wire - http-outgoing-0 << "=======================\u003e             ]    301MB/398.7MB","id":"0b2070474037"}[\r][\n]"
2024-03-20 20:10:49.259 [docker-java-stream-1681795290]  DEBUG c.g.d.z.s.o.a.hc.client5.http.wire - http-outgoing-0 << "{"status":"Downloading","progressDetail":{"current":302063616,"total":398683766},"progress":"[=====================================\u003e             ]  302.1MB/398.7MB","id":"0b2070474037"}[\r][\n]"
2024-03-20 20:10:49.259 [docker-java-stream-1681795290]  DEBUG c.g.d.z.s.o.a.hc.client5.http.wire - http-outgoing-0 << "{"status":"Downloading","progressDetail":{"current":308428800,"total":398683766},"progress":"[======================================\u003e            ]  308.4MB/398.7MB","id":"0b2070474037"}[\r][\n]"
2024-03-20 20:10:49.259 [docker-java-stream-1681795290]  DEBUG c.g.d.z.s.o.a.hc.client5.http.wire - http-outgoing-0 << "{"status":"Downloading","progressDetail":{"current":310550528,"total":398683766},"progress":"[======================================\u003e            ]  310.6MB/398.7MB","id":"0b2070474037"}[\r][\n]"
2024-03-20 20:10:49.259 [docker-java-stream-1681795290]  DEBUG c.g.d.z.s.o.a.hc.client5.http.wire - http-outgoing-0 << "{"status":"Downloading","progressDetail":{"current":316915692,"total":398683766},"progress":"[=======================================\u003e           ]  316.9MB/398.7MB","id":"0b2070474037"}[\r][\n]"
2024-03-20 20:10:49.259 [docker-java-stream-1681795290]  DEBUG c.g.d.z.s.o.a.hc.client5.http.wire - http-outgoing-0 << "{"status":"Downloading","progressDetail":{"current":319037422,"total":398683766},"progress":"[========================================\u003e          ]    319MB/398.7MB","id":"0b2070474037"}[\r][\n]"
2024-03-20 20:10:49.259 [docker-java-stream-1681795290]  DEBUG c.g.d.z.s.o.a.hc.client5.http.wire - http-outgoing-0 << "{"status":"Downloading","progressDetail":{"current":325402624,"total":398683766},"progress":"[========================================\u003e          ]  325.4MB/398.7MB","id":"0b2070474037"}[\r][\n]"
2024-03-20 20:10:49.259 [docker-java-stream-1681795290]  DEBUG c.g.d.z.s.o.a.hc.client5.http.wire - http-outgoing-0 << "{"status":"Downloading","progressDetail":{"current":327524331,"total":398683766},"progress":"[=========================================\u003e         ]  327.5MB/398.7MB","id":"0b2070474037"}[\r][\n]"
2024-03-20 20:10:49.259 [docker-java-stream-1681795290]  DEBUG c.g.d.z.s.o.a.hc.client5.http.wire - http-outgoing-0 << "{"status":"Downloading","progressDetail":{"current":333897506,"total":398683766},"progress":"[=========================================\u003e         ]  333.9MB/398.7MB","id":"0b2070474037"}[\r][\n]"
2024-03-20 20:10:49.259 [docker-java-stream-1681795290]  DEBUG c.g.d.z.s.o.a.hc.client5.http.wire - http-outgoing-0 << "{"status":"Downloading","progressDetail":{"current":336019456,"total":398683766},"progress":"[==========================================\u003e        ]    336MB/398.7MB","id":"0b2070474037"}[\r][\n]"
2024-03-20 20:10:49.259 [docker-java-stream-1681795290]  DEBUG c.g.d.z.s.o.a.hc.client5.http.wire - http-outgoing-0 << "{"status":"Downloading","progressDetail":{"current":342384617,"total":398683766},"progress":"[==========================================\u003e        ]  3"
2024-03-20 20:10:49.260 [docker-java-stream-1681795290]  DEBUG c.g.d.a.c.PullImageResultCallback - ResponseItem(stream=null, status=Downloading, progressDetail=ResponseItem.ProgressDetail(current=252157952, total=398683766, start=null), progress=[===============================>                   ]  252.2MB/398.7MB, id=0b2070474037, from=null, time=null, errorDetail=null, error=null, aux=null)
2024-03-20 20:10:49.261 [docker-java-stream-1681795290]  DEBUG c.g.d.a.c.PullImageResultCallback - ResponseItem(stream=null, status=Downloading, progressDetail=ResponseItem.ProgressDetail(current=258547694, total=398683766, start=null), progress=[================================>                  ]  258.5MB/398.7MB, id=0b2070474037, from=null, time=null, errorDetail=null, error=null, aux=null)
2024-03-20 20:10:49.261 [docker-java-stream-1681795290]  DEBUG c.g.d.a.c.PullImageResultCallback - ResponseItem(stream=null, status=Downloading, progressDetail=ResponseItem.ProgressDetail(current=260136960, total=398683766, start=null), progress=[================================>                  ]  260.1MB/398.7MB, id=0b2070474037, from=null, time=null, errorDetail=null, error=null, aux=null)
2024-03-20 20:10:49.261 [docker-java-stream-1681795290]  DEBUG c.g.d.a.c.PullImageResultCallback - ResponseItem(stream=null, status=Downloading, progressDetail=ResponseItem.ProgressDetail(current=267034609, total=398683766, start=null), progress=[=================================>                 ]    267MB/398.7MB, id=0b2070474037, from=null, time=null, errorDetail=null, error=null, aux=null)
2024-03-20 20:10:49.261 [docker-java-stream-1681795290]  DEBUG c.g.d.a.c.PullImageResultCallback - ResponseItem(stream=null, status=Downloading, progressDetail=ResponseItem.ProgressDetail(current=268623872, total=398683766, start=null), progress=[=================================>                 ]  268.6MB/398.7MB, id=0b2070474037, from=null, time=null, errorDetail=null, error=null, aux=null)
2024-03-20 20:10:49.261 [docker-java-stream-1681795290]  DEBUG c.g.d.a.c.PullImageResultCallback - ResponseItem(stream=null, status=Downloading, progressDetail=ResponseItem.ProgressDetail(current=275521480, total=398683766, start=null), progress=[==================================>                ]  275.5MB/398.7MB, id=0b2070474037, from=null, time=null, errorDetail=null, error=null, aux=null)
2024-03-20 20:10:49.262 [docker-java-stream-1681795290]  DEBUG c.g.d.a.c.PullImageResultCallback - ResponseItem(stream=null, status=Downloading, progressDetail=ResponseItem.ProgressDetail(current=277110784, total=398683766, start=null), progress=[==================================>                ]  277.1MB/398.7MB, id=0b2070474037, from=null, time=null, errorDetail=null, error=null, aux=null)
2024-03-20 20:10:49.262 [docker-java-stream-1681795290]  DEBUG c.g.d.a.c.PullImageResultCallback - ResponseItem(stream=null, status=Downloading, progressDetail=ResponseItem.ProgressDetail(current=284016598, total=398683766, start=null), progress=[===================================>               ]    284MB/398.7MB, id=0b2070474037, from=null, time=null, errorDetail=null, error=null, aux=null)
2024-03-20 20:10:49.263 [docker-java-stream-1681795290]  DEBUG c.g.d.a.c.PullImageResultCallback - ResponseItem(stream=null, status=Downloading, progressDetail=ResponseItem.ProgressDetail(current=285605867, total=398683766, start=null), progress=[===================================>               ]  285.6MB/398.7MB, id=0b2070474037, from=null, time=null, errorDetail=null, error=null, aux=null)
2024-03-20 20:10:49.263 [docker-java-stream-1681795290]  DEBUG c.g.d.a.c.PullImageResultCallback - ResponseItem(stream=null, status=Downloading, progressDetail=ResponseItem.ProgressDetail(current=292503527, total=398683766, start=null), progress=[====================================>              ]  292.5MB/398.7MB, id=0b2070474037, from=null, time=null, errorDetail=null, error=null, aux=null)
2024-03-20 20:10:49.263 [docker-java-stream-1681795290]  DEBUG c.g.d.a.c.PullImageResultCallback - ResponseItem(stream=null, status=Downloading, progressDetail=ResponseItem.ProgressDetail(current=294092776, total=398683766, start=null), progress=[====================================>              ]  294.1MB/398.7MB, id=0b2070474037, from=null, time=null, errorDetail=null, error=null, aux=null)
2024-03-20 20:10:49.263 [docker-java-stream-1681795290]  DEBUG c.g.d.a.c.PullImageResultCallback - ResponseItem(stream=null, status=Downloading, progressDetail=ResponseItem.ProgressDetail(current=301006570, total=398683766, start=null), progress=[=====================================>             ]    301MB/398.7MB, id=0b2070474037, from=null, time=null, errorDetail=null, error=null, aux=null)
2024-03-20 20:10:49.263 [docker-java-stream-1681795290]  DEBUG c.g.d.a.c.PullImageResultCallback - ResponseItem(stream=null, status=Downloading, progressDetail=ResponseItem.ProgressDetail(current=302063616, total=398683766, start=null), progress=[=====================================>             ]  302.1MB/398.7MB, id=0b2070474037, from=null, time=null, errorDetail=null, error=null, aux=null)
2024-03-20 20:10:49.263 [docker-java-stream-1681795290]  DEBUG c.g.d.a.c.PullImageResultCallback - ResponseItem(stream=null, status=Downloading, progressDetail=ResponseItem.ProgressDetail(current=308428800, total=398683766, start=null), progress=[======================================>            ]  308.4MB/398.7MB, id=0b2070474037, from=null, time=null, errorDetail=null, error=null, aux=null)
2024-03-20 20:10:49.263 [docker-java-stream-1681795290]  DEBUG c.g.d.a.c.PullImageResultCallback - ResponseItem(stream=null, status=Downloading, progressDetail=ResponseItem.ProgressDetail(current=310550528, total=398683766, start=null), progress=[======================================>            ]  310.6MB/398.7MB, id=0b2070474037, from=null, time=null, errorDetail=null, error=null, aux=null)
2024-03-20 20:10:49.263 [docker-java-stream-1681795290]  DEBUG c.g.d.a.c.PullImageResultCallback - ResponseItem(stream=null, status=Downloading, progressDetail=ResponseItem.ProgressDetail(current=316915692, total=398683766, start=null), progress=[=======================================>           ]  316.9MB/398.7MB, id=0b2070474037, from=null, time=null, errorDetail=null, error=null, aux=null)
2024-03-20 20:10:49.264 [docker-java-stream-1681795290]  DEBUG c.g.d.a.c.PullImageResultCallback - ResponseItem(stream=null, status=Downloading, progressDetail=ResponseItem.ProgressDetail(current=319037422, total=398683766, start=null), progress=[========================================>          ]    319MB/398.7MB, id=0b2070474037, from=null, time=null, errorDetail=null, error=null, aux=null)
2024-03-20 20:10:49.264 [docker-java-stream-1681795290]  DEBUG c.g.d.a.c.PullImageResultCallback - ResponseItem(stream=null, status=Downloading, progressDetail=ResponseItem.ProgressDetail(current=325402624, total=398683766, start=null), progress=[========================================>          ]  325.4MB/398.7MB, id=0b2070474037, from=null, time=null, errorDetail=null, error=null, aux=null)
2024-03-20 20:10:49.264 [docker-java-stream-1681795290]  DEBUG c.g.d.a.c.PullImageResultCallback - ResponseItem(stream=null, status=Downloading, progressDetail=ResponseItem.ProgressDetail(current=327524331, total=398683766, start=null), progress=[=========================================>         ]  327.5MB/398.7MB, id=0b2070474037, from=null, time=null, errorDetail=null, error=null, aux=null)
2024-03-20 20:10:49.264 [docker-java-stream-1681795290]  DEBUG c.g.d.a.c.PullImageResultCallback - ResponseItem(stream=null, status=Downloading, progressDetail=ResponseItem.ProgressDetail(current=333897506, total=398683766, start=null), progress=[=========================================>         ]  333.9MB/398.7MB, id=0b2070474037, from=null, time=null, errorDetail=null, error=null, aux=null)
2024-03-20 20:10:49.264 [docker-java-stream-1681795290]  DEBUG c.g.d.a.c.PullImageResultCallback - ResponseItem(stream=null, status=Downloading, progressDetail=ResponseItem.ProgressDetail(current=336019456, total=398683766, start=null), progress=[==========================================>        ]    336MB/398.7MB, id=0b2070474037, from=null, time=null, errorDetail=null, error=null, aux=null)
2024-03-20 20:10:51.760 [docker-java-stream-1681795290]  DEBUG c.g.d.z.s.o.a.hc.client5.http.wire - http-outgoing-0 << "42.4MB/398.7MB","id":"0b2070474037"}[\r][\n]"
2024-03-20 20:10:51.760 [docker-java-stream-1681795290]  DEBUG c.g.d.z.s.o.a.hc.client5.http.wire - http-outgoing-0 << "{"status":"Downloading","progressDetail":{"c[\r][\n]"
2024-03-20 20:10:51.760 [docker-java-stream-1681795290]  DEBUG c.g.d.z.s.o.a.hc.client5.http.wire - http-outgoing-0 << "800[\r][\n]"
2024-03-20 20:10:51.760 [docker-java-stream-1681795290]  DEBUG c.g.d.z.s.o.a.hc.client5.http.wire - http-outgoing-0 << "urrent":343973888,"total":398683766},"progress":"[===========================================\u003e       ]    344MB/398.7MB","id":"0b2070474037"}[\r][\n]"
2024-03-20 20:10:51.761 [docker-java-stream-1681795290]  DEBUG c.g.d.z.s.o.a.hc.client5.http.wire - http-outgoing-0 << "{"status":"Downloading","progressDetail":{"current":350871418,"total":398683766},"progress":"[============================================\u003e      ]  350.9MB/398.7MB","id":"0b2070474037"}[\r][\n]"
2024-03-20 20:10:51.761 [docker-java-stream-1681795290]  DEBUG c.g.d.z.s.o.a.hc.client5.http.wire - http-outgoing-0 << "{"status":"Downloading","progressDetail":{"current":352460800,"total":398683766},"progress":"[============================================\u003e      ]  352.5MB/398.7MB","id":"0b2070474037"}[\r][\n]"
2024-03-20 20:10:51.761 [docker-java-stream-1681795290]  DEBUG c.g.d.z.s.o.a.hc.client5.http.wire - http-outgoing-0 << "{"status":"Downloading","progressDetail":{"current":359366365,"total":398683766},"progress":"[=============================================\u003e     ]  359.4MB/398.7MB","id":"0b2070474037"}[\r][\n]"
2024-03-20 20:10:51.761 [docker-java-stream-1681795290]  DEBUG c.g.d.z.s.o.a.hc.client5.http.wire - http-outgoing-0 << "{"status":"Downloading","progressDetail":{"current":360955882,"total":398683766},"progress":"[=============================================\u003e     ]    361MB/398.7MB","id":"0b2070474037"}[\r][\n]"
2024-03-20 20:10:51.761 [docker-java-stream-1681795290]  DEBUG c.g.d.z.s.o.a.hc.client5.http.wire - http-outgoing-0 << "{"status":"Downloading","progressDetail":{"current":367321059,"total":398683766},"progress":"[==============================================\u003e    ]  367.3MB/398.7MB","id":"0b2070474037"}[\r][\n]"
2024-03-20 20:10:51.761 [docker-java-stream-1681795290]  DEBUG c.g.d.z.s.o.a.hc.client5.http.wire - http-outgoing-0 << "{"status":"Downloading","progressDetail":{"current":369442793,"total":398683766},"progress":"[==============================================\u003e    ]  369.4MB/398.7MB","id":"0b2070474037"}[\r][\n]"
2024-03-20 20:10:51.761 [docker-java-stream-1681795290]  DEBUG c.g.d.z.s.o.a.hc.client5.http.wire - http-outgoing-0 << "{"status":"Downloading","progressDetail":{"current":375816170,"total":398683766},"progress":"[===============================================\u003e   ]  375.8MB/398.7MB","id":"0b2070474037"}[\r][\n]"
2024-03-20 20:10:51.761 [docker-java-stream-1681795290]  DEBUG c.g.d.z.s.o.a.hc.client5.http.wire - http-outgoing-0 << "{"status":"Downloading","progressDetail":{"current":377937893,"total":398683766},"progress":"[===============================================\u003e   ]  377.9MB/398.7MB","id":"0b2070474037"}[\r][\n]"
2024-03-20 20:10:51.761 [docker-java-stream-1681795290]  DEBUG c.g.d.z.s.o.a.hc.client5.http.wire - http-outgoing-0 << "{"status":"Downloading","progressDetail":{"current":384303085,"total":398683766},"progress":"[================================================\u003e  ]  384.3MB/398.7MB","id":"0b2070474037"}[\r][\n]"
2024-03-20 20:10:51.761 [docker-java-stream-1681795290]  DEBUG c.g.d.z.s.o.a.hc.client5.http.wire - http-outgoing-0 << "{"status":"Downloading","progressDetail":{"current":385892352,"total":398683766},"progress":"[================================================\u003e  ]  385.9MB/398.7MB","i[\r][\n]"
2024-03-20 20:10:51.761 [docker-java-stream-1681795290]  DEBUG c.g.d.z.s.o.a.hc.client5.http.wire - http-outgoing-0 << "800[\r][\n]"
2024-03-20 20:10:51.761 [docker-java-stream-1681795290]  DEBUG c.g.d.z.s.o.a.hc.client5.http.wire - http-outgoing-0 << "d":"0b2070474037"}[\r][\n]"
2024-03-20 20:10:51.761 [docker-java-stream-1681795290]  DEBUG c.g.d.z.s.o.a.hc.client5.http.wire - http-outgoing-0 << "{"status":"Downloading","progressDetail":{"current":392257536,"total":398683766},"progress":"[=================================================\u003e ]  392.3MB/398.7MB","id":"0b2070474037"}[\r][\n]"
2024-03-20 20:10:51.761 [docker-java-stream-1681795290]  DEBUG c.g.d.z.s.o.a.hc.client5.http.wire - http-outgoing-0 << "{"status":"Verifying Checksum","progressDetail":{},"id":"0b2070474037"}[\r][\n]"
2024-03-20 20:10:51.761 [docker-java-stream-1681795290]  DEBUG c.g.d.z.s.o.a.hc.client5.http.wire - http-outgoing-0 << "{"status":"Download complete","progressDetail":{},"id":"0b2070474037"}[\r][\n]"
2024-03-20 20:10:51.761 [docker-java-stream-1681795290]  DEBUG c.g.d.z.s.o.a.hc.client5.http.wire - http-outgoing-0 << "{"status":"Extracting","progressDetail":{"current":557056,"total":398683766},"progress":"[\u003e                                                  ]  557.1kB/398.7MB","id":"0b2070474037"}[\r][\n]"
2024-03-20 20:10:51.761 [docker-java-stream-1681795290]  DEBUG c.g.d.z.s.o.a.hc.client5.http.wire - http-outgoing-0 << "{"status":"Extracting","progressDetail":{"current":3342336,"total":398683766},"progress":"[\u003e                                                  ]  3.342MB/398.7MB","id":"0b2070474037"}[\r][\n]"
2024-03-20 20:10:51.762 [docker-java-stream-1681795290]  DEBUG c.g.d.z.s.o.a.hc.client5.http.wire - http-outgoing-0 << "{"status":"Extracting","progressDetail":{"current":6127616,"total":398683766},"progress":"[\u003e                                                  ]  6.128MB/398.7MB","id":"0b2070474037"}[\r][\n]"
2024-03-20 20:10:51.762 [docker-java-stream-1681795290]  DEBUG c.g.d.z.s.o.a.hc.client5.http.wire - http-outgoing-0 << "{"status":"Extracting","progressDetail":{"current":9469952,"total":398683766},"progress":"[=\u003e                                                 ]   9.47MB/398.7MB","id":"0b2070474037"}[\r][\n]"
2024-03-20 20:10:51.763 [docker-java-stream-1681795290]  DEBUG c.g.d.z.s.o.a.hc.client5.http.wire - http-outgoing-0 << "{"status":"Extracting","progressDetail":{"current":12812288,"total":398683766},"progress":"[=\u003e                                                 ]  12.81MB/398.7MB","id":"0b2070474037"}[\r][\n]"
2024-03-20 20:10:51.763 [docker-java-stream-1681795290]  DEBUG c.g.d.z.s.o.a.hc.client5.http.wire - http-outgoing-0 << "{"status":"Extracting","progressDetail":{"current":16711680,"total":398683766},"progress":"[==\u003e                                                ]  16.71MB/398.7MB","id":"0b2070474037"}[\r][\n]"
2024-03-20 20:10:51.763 [docker-java-stream-1681795290]  DEBUG c.g.d.z.s.o.a.hc.client5.http.wire - http-outgoing-0 << "{"status":"Extracting","progressDetail":{"current":19496960,"total":398683766},"progress":"[==\u003e                                                ]   19.5MB/398.7MB","id":"0b2070474037"}[\r][\n]"
2024-03-20 20:10:51.763 [docker-java-stream-1681795290]  DEBUG c.g.d.z.s.o.a.hc.client5.http.wire - http-outgoing-0 << "{"status":"Extracting","progressDetail":{"current":22282240,"total":398683766},"progress":"[==\u003e                                                ]  22.28MB/398.7MB","id":"0b2070474037"}[\r][\n]"
2024-03-20 20:10:51.763 [docker-java-stream-1681795290]  DEBUG c.g.d.z.s.o.a.hc.client5.http.wire - http-outgoing-0 << "{"status":"Extracting","progressDetail":{"current":24510464,"total":398683766},""
2024-03-20 20:10:51.763 [docker-java-stream-1681795290]  DEBUG c.g.d.a.c.PullImageResultCallback - ResponseItem(stream=null, status=Downloading, progressDetail=ResponseItem.ProgressDetail(current=342384617, total=398683766, start=null), progress=[==========================================>        ]  342.4MB/398.7MB, id=0b2070474037, from=null, time=null, errorDetail=null, error=null, aux=null)
2024-03-20 20:10:51.764 [docker-java-stream-1681795290]  DEBUG c.g.d.a.c.PullImageResultCallback - ResponseItem(stream=null, status=Downloading, progressDetail=ResponseItem.ProgressDetail(current=343973888, total=398683766, start=null), progress=[===========================================>       ]    344MB/398.7MB, id=0b2070474037, from=null, time=null, errorDetail=null, error=null, aux=null)
2024-03-20 20:10:51.764 [docker-java-stream-1681795290]  DEBUG c.g.d.a.c.PullImageResultCallback - ResponseItem(stream=null, status=Downloading, progressDetail=ResponseItem.ProgressDetail(current=350871418, total=398683766, start=null), progress=[============================================>      ]  350.9MB/398.7MB, id=0b2070474037, from=null, time=null, errorDetail=null, error=null, aux=null)
2024-03-20 20:10:51.764 [docker-java-stream-1681795290]  DEBUG c.g.d.a.c.PullImageResultCallback - ResponseItem(stream=null, status=Downloading, progressDetail=ResponseItem.ProgressDetail(current=352460800, total=398683766, start=null), progress=[============================================>      ]  352.5MB/398.7MB, id=0b2070474037, from=null, time=null, errorDetail=null, error=null, aux=null)
2024-03-20 20:10:51.765 [docker-java-stream-1681795290]  DEBUG c.g.d.a.c.PullImageResultCallback - ResponseItem(stream=null, status=Downloading, progressDetail=ResponseItem.ProgressDetail(current=359366365, total=398683766, start=null), progress=[=============================================>     ]  359.4MB/398.7MB, id=0b2070474037, from=null, time=null, errorDetail=null, error=null, aux=null)
2024-03-20 20:10:51.765 [docker-java-stream-1681795290]  DEBUG c.g.d.a.c.PullImageResultCallback - ResponseItem(stream=null, status=Downloading, progressDetail=ResponseItem.ProgressDetail(current=360955882, total=398683766, start=null), progress=[=============================================>     ]    361MB/398.7MB, id=0b2070474037, from=null, time=null, errorDetail=null, error=null, aux=null)
2024-03-20 20:10:51.767 [docker-java-stream-1681795290]  DEBUG c.g.d.a.c.PullImageResultCallback - ResponseItem(stream=null, status=Downloading, progressDetail=ResponseItem.ProgressDetail(current=367321059, total=398683766, start=null), progress=[==============================================>    ]  367.3MB/398.7MB, id=0b2070474037, from=null, time=null, errorDetail=null, error=null, aux=null)
2024-03-20 20:10:51.767 [docker-java-stream-1681795290]  DEBUG c.g.d.a.c.PullImageResultCallback - ResponseItem(stream=null, status=Downloading, progressDetail=ResponseItem.ProgressDetail(current=369442793, total=398683766, start=null), progress=[==============================================>    ]  369.4MB/398.7MB, id=0b2070474037, from=null, time=null, errorDetail=null, error=null, aux=null)
2024-03-20 20:10:51.767 [docker-java-stream-1681795290]  DEBUG c.g.d.a.c.PullImageResultCallback - ResponseItem(stream=null, status=Downloading, progressDetail=ResponseItem.ProgressDetail(current=375816170, total=398683766, start=null), progress=[===============================================>   ]  375.8MB/398.7MB, id=0b2070474037, from=null, time=null, errorDetail=null, error=null, aux=null)
2024-03-20 20:10:51.767 [docker-java-stream-1681795290]  DEBUG c.g.d.a.c.PullImageResultCallback - ResponseItem(stream=null, status=Downloading, progressDetail=ResponseItem.ProgressDetail(current=377937893, total=398683766, start=null), progress=[===============================================>   ]  377.9MB/398.7MB, id=0b2070474037, from=null, time=null, errorDetail=null, error=null, aux=null)
2024-03-20 20:10:51.768 [docker-java-stream-1681795290]  DEBUG c.g.d.a.c.PullImageResultCallback - ResponseItem(stream=null, status=Downloading, progressDetail=ResponseItem.ProgressDetail(current=384303085, total=398683766, start=null), progress=[================================================>  ]  384.3MB/398.7MB, id=0b2070474037, from=null, time=null, errorDetail=null, error=null, aux=null)
2024-03-20 20:10:51.768 [docker-java-stream-1681795290]  DEBUG c.g.d.a.c.PullImageResultCallback - ResponseItem(stream=null, status=Downloading, progressDetail=ResponseItem.ProgressDetail(current=385892352, total=398683766, start=null), progress=[================================================>  ]  385.9MB/398.7MB, id=0b2070474037, from=null, time=null, errorDetail=null, error=null, aux=null)
2024-03-20 20:10:51.768 [docker-java-stream-1681795290]  DEBUG c.g.d.a.c.PullImageResultCallback - ResponseItem(stream=null, status=Downloading, progressDetail=ResponseItem.ProgressDetail(current=392257536, total=398683766, start=null), progress=[=================================================> ]  392.3MB/398.7MB, id=0b2070474037, from=null, time=null, errorDetail=null, error=null, aux=null)
2024-03-20 20:10:51.768 [docker-java-stream-1681795290]  DEBUG c.g.d.a.c.PullImageResultCallback - ResponseItem(stream=null, status=Verifying Checksum, progressDetail=ResponseItem.ProgressDetail(current=null, total=null, start=null), progress=null, id=0b2070474037, from=null, time=null, errorDetail=null, error=null, aux=null)
2024-03-20 20:10:51.768 [docker-java-stream-1681795290]  DEBUG c.g.d.a.c.PullImageResultCallback - ResponseItem(stream=null, status=Download complete, progressDetail=ResponseItem.ProgressDetail(current=null, total=null, start=null), progress=null, id=0b2070474037, from=null, time=null, errorDetail=null, error=null, aux=null)
2024-03-20 20:10:51.769 [docker-java-stream-1681795290]  INFO  t.g.i.c.0.0-emulators - Pulling image layers:  0 pending,  7 downloaded,  6 extracted, (404 MB/410 MB)
2024-03-20 20:10:51.769 [docker-java-stream-1681795290]  DEBUG c.g.d.a.c.PullImageResultCallback - ResponseItem(stream=null, status=Extracting, progressDetail=ResponseItem.ProgressDetail(current=557056, total=398683766, start=null), progress=[>                                                  ]  557.1kB/398.7MB, id=0b2070474037, from=null, time=null, errorDetail=null, error=null, aux=null)
2024-03-20 20:10:51.769 [docker-java-stream-1681795290]  DEBUG c.g.d.a.c.PullImageResultCallback - ResponseItem(stream=null, status=Extracting, progressDetail=ResponseItem.ProgressDetail(current=3342336, total=398683766, start=null), progress=[>                                                  ]  3.342MB/398.7MB, id=0b2070474037, from=null, time=null, errorDetail=null, error=null, aux=null)
2024-03-20 20:10:51.769 [docker-java-stream-1681795290]  DEBUG c.g.d.a.c.PullImageResultCallback - ResponseItem(stream=null, status=Extracting, progressDetail=ResponseItem.ProgressDetail(current=6127616, total=398683766, start=null), progress=[>                                                  ]  6.128MB/398.7MB, id=0b2070474037, from=null, time=null, errorDetail=null, error=null, aux=null)
2024-03-20 20:10:51.769 [docker-java-stream-1681795290]  DEBUG c.g.d.a.c.PullImageResultCallback - ResponseItem(stream=null, status=Extracting, progressDetail=ResponseItem.ProgressDetail(current=9469952, total=398683766, start=null), progress=[=>                                                 ]   9.47MB/398.7MB, id=0b2070474037, from=null, time=null, errorDetail=null, error=null, aux=null)
2024-03-20 20:10:51.769 [docker-java-stream-1681795290]  DEBUG c.g.d.a.c.PullImageResultCallback - ResponseItem(stream=null, status=Extracting, progressDetail=ResponseItem.ProgressDetail(current=12812288, total=398683766, start=null), progress=[=>                                                 ]  12.81MB/398.7MB, id=0b2070474037, from=null, time=null, errorDetail=null, error=null, aux=null)
2024-03-20 20:10:51.770 [docker-java-stream-1681795290]  DEBUG c.g.d.a.c.PullImageResultCallback - ResponseItem(stream=null, status=Extracting, progressDetail=ResponseItem.ProgressDetail(current=16711680, total=398683766, start=null), progress=[==>                                                ]  16.71MB/398.7MB, id=0b2070474037, from=null, time=null, errorDetail=null, error=null, aux=null)
2024-03-20 20:10:51.770 [docker-java-stream-1681795290]  DEBUG c.g.d.a.c.PullImageResultCallback - ResponseItem(stream=null, status=Extracting, progressDetail=ResponseItem.ProgressDetail(current=19496960, total=398683766, start=null), progress=[==>                                                ]   19.5MB/398.7MB, id=0b2070474037, from=null, time=null, errorDetail=null, error=null, aux=null)
2024-03-20 20:10:51.770 [docker-java-stream-1681795290]  DEBUG c.g.d.a.c.PullImageResultCallback - ResponseItem(stream=null, status=Extracting, progressDetail=ResponseItem.ProgressDetail(current=22282240, total=398683766, start=null), progress=[==>                                                ]  22.28MB/398.7MB, id=0b2070474037, from=null, time=null, errorDetail=null, error=null, aux=null)
2024-03-20 20:10:55.446 [docker-java-stream-1681795290]  DEBUG c.g.d.z.s.o.a.hc.client5.http.wire - http-outgoing-0 << "progress":"[===\u003e                                               ]  24.51MB/398.7MB","id":"0b[\r][\n]"
2024-03-20 20:10:55.447 [docker-java-stream-1681795290]  DEBUG c.g.d.z.s.o.a.hc.client5.http.wire - http-outgoing-0 << "800[\r][\n]"
2024-03-20 20:10:55.447 [docker-java-stream-1681795290]  DEBUG c.g.d.z.s.o.a.hc.client5.http.wire - http-outgoing-0 << "2070474037"}[\r][\n]"
2024-03-20 20:10:55.447 [docker-java-stream-1681795290]  DEBUG c.g.d.z.s.o.a.hc.client5.http.wire - http-outgoing-0 << "{"status":"Extracting","progressDetail":{"current":26738688,"total":398683766},"progress":"[===\u003e                                               ]  26.74MB/398.7MB","id":"0b2070474037"}[\r][\n]"
2024-03-20 20:10:55.447 [docker-java-stream-1681795290]  DEBUG c.g.d.z.s.o.a.hc.client5.http.wire - http-outgoing-0 << "{"status":"Extracting","progressDetail":{"current":29523968,"total":398683766},"progress":"[===\u003e                                               ]  29.52MB/398.7MB","id":"0b2070474037"}[\r][\n]"
2024-03-20 20:10:55.447 [docker-java-stream-1681795290]  DEBUG c.g.d.z.s.o.a.hc.client5.http.wire - http-outgoing-0 << "{"status":"Extracting","progressDetail":{"current":34537472,"total":398683766},"progress":"[====\u003e                                              ]  34.54MB/398.7MB","id":"0b2070474037"}[\r][\n]"
2024-03-20 20:10:55.447 [docker-java-stream-1681795290]  DEBUG c.g.d.z.s.o.a.hc.client5.http.wire - http-outgoing-0 << "{"status":"Extracting","progressDetail":{"current":35094528,"total":398683766},"progress":"[====\u003e                                              ]  35.09MB/398.7MB","id":"0b2070474037"}[\r][\n]"
2024-03-20 20:10:55.447 [docker-java-stream-1681795290]  DEBUG c.g.d.z.s.o.a.hc.client5.http.wire - http-outgoing-0 << "{"status":"Extracting","progressDetail":{"current":35651584,"total":398683766},"progress":"[====\u003e                                              ]  35.65MB/398.7MB","id":"0b2070474037"}[\r][\n]"
2024-03-20 20:10:55.447 [docker-java-stream-1681795290]  DEBUG c.g.d.z.s.o.a.hc.client5.http.wire - http-outgoing-0 << "{"status":"Extracting","progressDetail":{"current":36208640,"total":398683766},"progress":"[====\u003e                                              ]  36.21MB/398.7MB","id":"0b2070474037"}[\r][\n]"
2024-03-20 20:10:55.447 [docker-java-stream-1681795290]  DEBUG c.g.d.z.s.o.a.hc.client5.http.wire - http-outgoing-0 << "{"status":"Extracting","progressDetail":{"current":36765696,"total":398683766},"progress":"[====\u003e                                              ]  36.77MB/398.7MB","id":"0b2070474037"}[\r][\n]"
2024-03-20 20:10:55.447 [docker-java-stream-1681795290]  DEBUG c.g.d.z.s.o.a.hc.client5.http.wire - http-outgoing-0 << "{"status":"Extracting","progressDetail":{"current":37322752,"total":398683766},"progress":"[====\u003e                                              ]  37.32MB/398.7MB","id":"0b2070474037"}[\r][\n]"
2024-03-20 20:10:55.447 [docker-java-stream-1681795290]  DEBUG c.g.d.z.s.o.a.hc.client5.http.wire - http-outgoing-0 << "{"status":"Extracting","progressDetail":{"current":37879808,"total":398683766},"progress":"[====\u003e                                              ]  37.88MB/398.7MB","id":"0b2070474037"}[\r][\n]"
2024-03-20 20:10:55.447 [docker-java-stream-1681795290]  DEBUG c.g.d.z.s.o.a.hc.client5.http.wire - http-outgoing-0 << "{"status":"Extracting","progressDetail":{"current":38436864,"total":398683766},"progress":"[====\u003e                                              ]  38.44MB/398.7MB","id":"0b2070474037"}[\r][\n]"
2024-03-20 20:10:55.447 [docker-java-stream-1681795290]  DEBUG c.g.d.z.s.o.a.hc.client5.http.wire - http-outgoing-0 << "{"status":"Extracting","progressDetail":{"current":39550976,"total":398683766},"progress":"[====\u003e                                [\r][\n]"
2024-03-20 20:10:55.447 [docker-java-stream-1681795290]  DEBUG c.g.d.z.s.o.a.hc.client5.http.wire - http-outgoing-0 << "800[\r][\n]"
2024-03-20 20:10:55.447 [docker-java-stream-1681795290]  DEBUG c.g.d.z.s.o.a.hc.client5.http.wire - http-outgoing-0 << "              ]  39.55MB/398.7MB","id":"0b2070474037"}[\r][\n]"
2024-03-20 20:10:55.447 [docker-java-stream-1681795290]  DEBUG c.g.d.z.s.o.a.hc.client5.http.wire - http-outgoing-0 << "{"status":"Extracting","progressDetail":{"current":40665088,"total":398683766},"progress":"[=====\u003e                                             ]  40.67MB/398.7MB","id":"0b2070474037"}[\r][\n]"
2024-03-20 20:10:55.448 [docker-java-stream-1681795290]  DEBUG c.g.d.z.s.o.a.hc.client5.http.wire - http-outgoing-0 << "{"status":"Extracting","progressDetail":{"current":41779200,"total":398683766},"progress":"[=====\u003e                                             ]  41.78MB/398.7MB","id":"0b2070474037"}[\r][\n]"
2024-03-20 20:10:55.448 [docker-java-stream-1681795290]  DEBUG c.g.d.z.s.o.a.hc.client5.http.wire - http-outgoing-0 << "{"status":"Extracting","progressDetail":{"current":42893312,"total":398683766},"progress":"[=====\u003e                                             ]  42.89MB/398.7MB","id":"0b2070474037"}[\r][\n]"
2024-03-20 20:10:55.448 [docker-java-stream-1681795290]  DEBUG c.g.d.z.s.o.a.hc.client5.http.wire - http-outgoing-0 << "{"status":"Extracting","progressDetail":{"current":44007424,"total":398683766},"progress":"[=====\u003e                                             ]  44.01MB/398.7MB","id":"0b2070474037"}[\r][\n]"
2024-03-20 20:10:55.448 [docker-java-stream-1681795290]  DEBUG c.g.d.z.s.o.a.hc.client5.http.wire - http-outgoing-0 << "{"status":"Extracting","progressDetail":{"current":44564480,"total":398683766},"progress":"[=====\u003e                                             ]  44.56MB/398.7MB","id":"0b2070474037"}[\r][\n]"
2024-03-20 20:10:55.448 [docker-java-stream-1681795290]  DEBUG c.g.d.z.s.o.a.hc.client5.http.wire - http-outgoing-0 << "{"status":"Extracting","progressDetail":{"current":45678592,"total":398683766},"progress":"[=====\u003e                                             ]  45.68MB/398.7MB","id":"0b2070474037"}[\r][\n]"
2024-03-20 20:10:55.448 [docker-java-stream-1681795290]  DEBUG c.g.d.z.s.o.a.hc.client5.http.wire - http-outgoing-0 << "{"status":"Extracting","progressDetail":{"current":46792704,"total":398683766},"progress":"[=====\u003e                                             ]  46.79MB/398.7MB","id":"0b2070474037"}[\r][\n]"
2024-03-20 20:10:55.448 [docker-java-stream-1681795290]  DEBUG c.g.d.z.s.o.a.hc.client5.http.wire - http-outgoing-0 << "{"status":"Extracting","progressDetail":{"current":47349760,"total":398683766},"progress":"[=====\u003e                                             ]  47.35MB/398.7MB","id":"0b2070474037"}[\r][\n]"
2024-03-20 20:10:55.448 [docker-java-stream-1681795290]  DEBUG c.g.d.z.s.o.a.hc.client5.http.wire - http-outgoing-0 << "{"status":"Extracting","progressDetail":{"current":48463872,"total":398683766},"progress":"[======\u003e                                            ]  48.46MB/398.7MB","id":"0b2070474037"}[\r][\n]"
2024-03-20 20:10:55.448 [docker-java-stream-1681795290]  DEBUG c.g.d.z.s.o.a.hc.client5.http.wire - http-outgoing-0 << "{"status":"Extracting","progressDetail":{"current":49020928,"total":398683766},"progress":"[======\u003e                                            ]  49.02MB/398.7MB","id""
2024-03-20 20:10:55.450 [docker-java-stream-1681795290]  DEBUG c.g.d.a.c.PullImageResultCallback - ResponseItem(stream=null, status=Extracting, progressDetail=ResponseItem.ProgressDetail(current=24510464, total=398683766, start=null), progress=[===>                                               ]  24.51MB/398.7MB, id=0b2070474037, from=null, time=null, errorDetail=null, error=null, aux=null)
2024-03-20 20:10:55.450 [docker-java-stream-1681795290]  DEBUG c.g.d.a.c.PullImageResultCallback - ResponseItem(stream=null, status=Extracting, progressDetail=ResponseItem.ProgressDetail(current=26738688, total=398683766, start=null), progress=[===>                                               ]  26.74MB/398.7MB, id=0b2070474037, from=null, time=null, errorDetail=null, error=null, aux=null)
2024-03-20 20:10:55.450 [docker-java-stream-1681795290]  DEBUG c.g.d.a.c.PullImageResultCallback - ResponseItem(stream=null, status=Extracting, progressDetail=ResponseItem.ProgressDetail(current=29523968, total=398683766, start=null), progress=[===>                                               ]  29.52MB/398.7MB, id=0b2070474037, from=null, time=null, errorDetail=null, error=null, aux=null)
2024-03-20 20:10:55.451 [docker-java-stream-1681795290]  DEBUG c.g.d.a.c.PullImageResultCallback - ResponseItem(stream=null, status=Extracting, progressDetail=ResponseItem.ProgressDetail(current=34537472, total=398683766, start=null), progress=[====>                                              ]  34.54MB/398.7MB, id=0b2070474037, from=null, time=null, errorDetail=null, error=null, aux=null)
2024-03-20 20:10:55.451 [docker-java-stream-1681795290]  DEBUG c.g.d.a.c.PullImageResultCallback - ResponseItem(stream=null, status=Extracting, progressDetail=ResponseItem.ProgressDetail(current=35094528, total=398683766, start=null), progress=[====>                                              ]  35.09MB/398.7MB, id=0b2070474037, from=null, time=null, errorDetail=null, error=null, aux=null)
2024-03-20 20:10:55.451 [docker-java-stream-1681795290]  DEBUG c.g.d.a.c.PullImageResultCallback - ResponseItem(stream=null, status=Extracting, progressDetail=ResponseItem.ProgressDetail(current=35651584, total=398683766, start=null), progress=[====>                                              ]  35.65MB/398.7MB, id=0b2070474037, from=null, time=null, errorDetail=null, error=null, aux=null)
2024-03-20 20:10:55.452 [docker-java-stream-1681795290]  DEBUG c.g.d.a.c.PullImageResultCallback - ResponseItem(stream=null, status=Extracting, progressDetail=ResponseItem.ProgressDetail(current=36208640, total=398683766, start=null), progress=[====>                                              ]  36.21MB/398.7MB, id=0b2070474037, from=null, time=null, errorDetail=null, error=null, aux=null)
2024-03-20 20:10:55.452 [docker-java-stream-1681795290]  DEBUG c.g.d.a.c.PullImageResultCallback - ResponseItem(stream=null, status=Extracting, progressDetail=ResponseItem.ProgressDetail(current=36765696, total=398683766, start=null), progress=[====>                                              ]  36.77MB/398.7MB, id=0b2070474037, from=null, time=null, errorDetail=null, error=null, aux=null)
2024-03-20 20:10:55.452 [docker-java-stream-1681795290]  DEBUG c.g.d.a.c.PullImageResultCallback - ResponseItem(stream=null, status=Extracting, progressDetail=ResponseItem.ProgressDetail(current=37322752, total=398683766, start=null), progress=[====>                                              ]  37.32MB/398.7MB, id=0b2070474037, from=null, time=null, errorDetail=null, error=null, aux=null)
2024-03-20 20:10:55.452 [docker-java-stream-1681795290]  DEBUG c.g.d.a.c.PullImageResultCallback - ResponseItem(stream=null, status=Extracting, progressDetail=ResponseItem.ProgressDetail(current=37879808, total=398683766, start=null), progress=[====>                                              ]  37.88MB/398.7MB, id=0b2070474037, from=null, time=null, errorDetail=null, error=null, aux=null)
2024-03-20 20:10:55.452 [docker-java-stream-1681795290]  DEBUG c.g.d.a.c.PullImageResultCallback - ResponseItem(stream=null, status=Extracting, progressDetail=ResponseItem.ProgressDetail(current=38436864, total=398683766, start=null), progress=[====>                                              ]  38.44MB/398.7MB, id=0b2070474037, from=null, time=null, errorDetail=null, error=null, aux=null)
2024-03-20 20:10:55.453 [docker-java-stream-1681795290]  DEBUG c.g.d.a.c.PullImageResultCallback - ResponseItem(stream=null, status=Extracting, progressDetail=ResponseItem.ProgressDetail(current=39550976, total=398683766, start=null), progress=[====>                                              ]  39.55MB/398.7MB, id=0b2070474037, from=null, time=null, errorDetail=null, error=null, aux=null)
2024-03-20 20:10:55.453 [docker-java-stream-1681795290]  DEBUG c.g.d.a.c.PullImageResultCallback - ResponseItem(stream=null, status=Extracting, progressDetail=ResponseItem.ProgressDetail(current=40665088, total=398683766, start=null), progress=[=====>                                             ]  40.67MB/398.7MB, id=0b2070474037, from=null, time=null, errorDetail=null, error=null, aux=null)
2024-03-20 20:10:55.453 [docker-java-stream-1681795290]  DEBUG c.g.d.a.c.PullImageResultCallback - ResponseItem(stream=null, status=Extracting, progressDetail=ResponseItem.ProgressDetail(current=41779200, total=398683766, start=null), progress=[=====>                                             ]  41.78MB/398.7MB, id=0b2070474037, from=null, time=null, errorDetail=null, error=null, aux=null)
2024-03-20 20:10:55.453 [docker-java-stream-1681795290]  DEBUG c.g.d.a.c.PullImageResultCallback - ResponseItem(stream=null, status=Extracting, progressDetail=ResponseItem.ProgressDetail(current=42893312, total=398683766, start=null), progress=[=====>                                             ]  42.89MB/398.7MB, id=0b2070474037, from=null, time=null, errorDetail=null, error=null, aux=null)
2024-03-20 20:10:55.453 [docker-java-stream-1681795290]  DEBUG c.g.d.a.c.PullImageResultCallback - ResponseItem(stream=null, status=Extracting, progressDetail=ResponseItem.ProgressDetail(current=44007424, total=398683766, start=null), progress=[=====>                                             ]  44.01MB/398.7MB, id=0b2070474037, from=null, time=null, errorDetail=null, error=null, aux=null)
2024-03-20 20:10:55.454 [docker-java-stream-1681795290]  DEBUG c.g.d.a.c.PullImageResultCallback - ResponseItem(stream=null, status=Extracting, progressDetail=ResponseItem.ProgressDetail(current=44564480, total=398683766, start=null), progress=[=====>                                             ]  44.56MB/398.7MB, id=0b2070474037, from=null, time=null, errorDetail=null, error=null, aux=null)
2024-03-20 20:10:55.454 [docker-java-stream-1681795290]  DEBUG c.g.d.a.c.PullImageResultCallback - ResponseItem(stream=null, status=Extracting, progressDetail=ResponseItem.ProgressDetail(current=45678592, total=398683766, start=null), progress=[=====>                                             ]  45.68MB/398.7MB, id=0b2070474037, from=null, time=null, errorDetail=null, error=null, aux=null)
2024-03-20 20:10:55.454 [docker-java-stream-1681795290]  DEBUG c.g.d.a.c.PullImageResultCallback - ResponseItem(stream=null, status=Extracting, progressDetail=ResponseItem.ProgressDetail(current=46792704, total=398683766, start=null), progress=[=====>                                             ]  46.79MB/398.7MB, id=0b2070474037, from=null, time=null, errorDetail=null, error=null, aux=null)
2024-03-20 20:10:55.454 [docker-java-stream-1681795290]  DEBUG c.g.d.a.c.PullImageResultCallback - ResponseItem(stream=null, status=Extracting, progressDetail=ResponseItem.ProgressDetail(current=47349760, total=398683766, start=null), progress=[=====>                                             ]  47.35MB/398.7MB, id=0b2070474037, from=null, time=null, errorDetail=null, error=null, aux=null)
2024-03-20 20:10:55.454 [docker-java-stream-1681795290]  DEBUG c.g.d.a.c.PullImageResultCallback - ResponseItem(stream=null, status=Extracting, progressDetail=ResponseItem.ProgressDetail(current=48463872, total=398683766, start=null), progress=[======>                                            ]  48.46MB/398.7MB, id=0b2070474037, from=null, time=null, errorDetail=null, error=null, aux=null)
2024-03-20 20:11:00.684 [docker-java-stream-1681795290]  DEBUG c.g.d.z.s.o.a.hc.client5.http.wire - http-outgoing-0 << ":"0b2070474037"}[\r][\n]"
2024-03-20 20:11:00.685 [docker-java-stream-1681795290]  DEBUG c.g.d.z.s.o.a.hc.client5.http.wire - http-outgoing-0 << "{"status":"Extracting","progressDetail":{"current":49577984,"total":398683766},"progress":"[[\r][\n]"
2024-03-20 20:11:00.685 [docker-java-stream-1681795290]  DEBUG c.g.d.z.s.o.a.hc.client5.http.wire - http-outgoing-0 << "800[\r][\n]"
2024-03-20 20:11:00.685 [docker-java-stream-1681795290]  DEBUG c.g.d.z.s.o.a.hc.client5.http.wire - http-outgoing-0 << "======\u003e                                            ]  49.58MB/398.7MB","id":"0b2070474037"}[\r][\n]"
2024-03-20 20:11:00.685 [docker-java-stream-1681795290]  DEBUG c.g.d.z.s.o.a.hc.client5.http.wire - http-outgoing-0 << "{"status":"Extracting","progressDetail":{"current":50135040,"total":398683766},"progress":"[======\u003e                                            ]  50.14MB/398.7MB","id":"0b2070474037"}[\r][\n]"
2024-03-20 20:11:00.685 [docker-java-stream-1681795290]  DEBUG c.g.d.z.s.o.a.hc.client5.http.wire - http-outgoing-0 << "{"status":"Extracting","progressDetail":{"current":50692096,"total":398683766},"progress":"[======\u003e                                            ]  50.69MB/398.7MB","id":"0b2070474037"}[\r][\n]"
2024-03-20 20:11:00.685 [docker-java-stream-1681795290]  DEBUG c.g.d.z.s.o.a.hc.client5.http.wire - http-outgoing-0 << "{"status":"Extracting","progressDetail":{"current":51249152,"total":398683766},"progress":"[======\u003e                                            ]  51.25MB/398.7MB","id":"0b2070474037"}[\r][\n]"
2024-03-20 20:11:00.685 [docker-java-stream-1681795290]  DEBUG c.g.d.z.s.o.a.hc.client5.http.wire - http-outgoing-0 << "{"status":"Extracting","progressDetail":{"current":51806208,"total":398683766},"progress":"[======\u003e                                            ]  51.81MB/398.7MB","id":"0b2070474037"}[\r][\n]"
2024-03-20 20:11:00.685 [docker-java-stream-1681795290]  DEBUG c.g.d.z.s.o.a.hc.client5.http.wire - http-outgoing-0 << "{"status":"Extracting","progressDetail":{"current":52920320,"total":398683766},"progress":"[======\u003e                                            ]  52.92MB/398.7MB","id":"0b2070474037"}[\r][\n]"
2024-03-20 20:11:00.685 [docker-java-stream-1681795290]  DEBUG c.g.d.z.s.o.a.hc.client5.http.wire - http-outgoing-0 << "{"status":"Extracting","progressDetail":{"current":54034432,"total":398683766},"progress":"[======\u003e                                            ]  54.03MB/398.7MB","id":"0b2070474037"}[\r][\n]"
2024-03-20 20:11:00.685 [docker-java-stream-1681795290]  DEBUG c.g.d.z.s.o.a.hc.client5.http.wire - http-outgoing-0 << "{"status":"Extracting","progressDetail":{"current":55148544,"total":398683766},"progress":"[======\u003e                                            ]  55.15MB/398.7MB","id":"0b2070474037"}[\r][\n]"
2024-03-20 20:11:00.685 [docker-java-stream-1681795290]  DEBUG c.g.d.z.s.o.a.hc.client5.http.wire - http-outgoing-0 << "{"status":"Extracting","progressDetail":{"current":56262656,"total":398683766},"progress":"[=======\u003e                                           ]  56.26MB/398.7MB","id":"0b2070474037"}[\r][\n]"
2024-03-20 20:11:00.685 [docker-java-stream-1681795290]  DEBUG c.g.d.z.s.o.a.hc.client5.http.wire - http-outgoing-0 << "{"status":"Extracting","progressDetail":{"current":57376768,"total":398683766},"progress":"[=======\u003e                                           ]  57.38MB/398.7MB","id":"0b2070474037"}[\r][\n]"
2024-03-20 20:11:00.685 [docker-java-stream-1681795290]  DEBUG c.g.d.z.s.o.a.hc.client5.http.wire - http-outgoing-0 << "{"status":"Extracting","progressDetail":{"current":57933824,"total":398683766},"progress":"[=======\u003e                                           ]  57.93MB/398.7MB","id":"0b2070474037"}[\r][\n]"
2024-03-20 20:11:00.685 [docker-java-stream-1681795290]  DEBUG c.g.d.z.s.o.a.hc.client5.http.wire - http-outgoing-0 << "{"status":"Extracting","progressDetail":{"current"[\r][\n]"
2024-03-20 20:11:00.685 [docker-java-stream-1681795290]  DEBUG c.g.d.z.s.o.a.hc.client5.http.wire - http-outgoing-0 << "800[\r][\n]"
2024-03-20 20:11:00.685 [docker-java-stream-1681795290]  DEBUG c.g.d.z.s.o.a.hc.client5.http.wire - http-outgoing-0 << ":59047936,"total":398683766},"progress":"[=======\u003e                                           ]  59.05MB/398.7MB","id":"0b2070474037"}[\r][\n]"
2024-03-20 20:11:00.685 [docker-java-stream-1681795290]  DEBUG c.g.d.z.s.o.a.hc.client5.http.wire - http-outgoing-0 << "{"status":"Extracting","progressDetail":{"current":59604992,"total":398683766},"progress":"[=======\u003e                                           ]   59.6MB/398.7MB","id":"0b2070474037"}[\r][\n]"
2024-03-20 20:11:00.685 [docker-java-stream-1681795290]  DEBUG c.g.d.z.s.o.a.hc.client5.http.wire - http-outgoing-0 << "{"status":"Extracting","progressDetail":{"current":60162048,"total":398683766},"progress":"[=======\u003e                                           ]  60.16MB/398.7MB","id":"0b2070474037"}[\r][\n]"
2024-03-20 20:11:00.685 [docker-java-stream-1681795290]  DEBUG c.g.d.z.s.o.a.hc.client5.http.wire - http-outgoing-0 << "{"status":"Extracting","progressDetail":{"current":60719104,"total":398683766},"progress":"[=======\u003e                                           ]  60.72MB/398.7MB","id":"0b2070474037"}[\r][\n]"
2024-03-20 20:11:00.685 [docker-java-stream-1681795290]  DEBUG c.g.d.z.s.o.a.hc.client5.http.wire - http-outgoing-0 << "{"status":"Extracting","progressDetail":{"current":61276160,"total":398683766},"progress":"[=======\u003e                                           ]  61.28MB/398.7MB","id":"0b2070474037"}[\r][\n]"
2024-03-20 20:11:00.685 [docker-java-stream-1681795290]  DEBUG c.g.d.z.s.o.a.hc.client5.http.wire - http-outgoing-0 << "{"status":"Extracting","progressDetail":{"current":61833216,"total":398683766},"progress":"[=======\u003e                                           ]  61.83MB/398.7MB","id":"0b2070474037"}[\r][\n]"
2024-03-20 20:11:00.685 [docker-java-stream-1681795290]  DEBUG c.g.d.z.s.o.a.hc.client5.http.wire - http-outgoing-0 << "{"status":"Extracting","progressDetail":{"current":62947328,"total":398683766},"progress":"[=======\u003e                                           ]  62.95MB/398.7MB","id":"0b2070474037"}[\r][\n]"
2024-03-20 20:11:00.685 [docker-java-stream-1681795290]  DEBUG c.g.d.z.s.o.a.hc.client5.http.wire - http-outgoing-0 << "{"status":"Extracting","progressDetail":{"current":64061440,"total":398683766},"progress":"[========\u003e                                          ]  64.06MB/398.7MB","id":"0b2070474037"}[\r][\n]"
2024-03-20 20:11:00.685 [docker-java-stream-1681795290]  DEBUG c.g.d.z.s.o.a.hc.client5.http.wire - http-outgoing-0 << "{"status":"Extracting","progressDetail":{"current":66846720,"total":398683766},"progress":"[========\u003e                                          ]  66.85MB/398.7MB","id":"0b2070474037"}[\r][\n]"
2024-03-20 20:11:00.685 [docker-java-stream-1681795290]  DEBUG c.g.d.z.s.o.a.hc.client5.http.wire - http-outgoing-0 << "{"status":"Extracting","progressDetail":{"current":71303168,"total":398683766},"progress":"[========\u003e                                          ]   71.3MB/398.7MB","id":"0b2070474037"}[\r][\n]"
2024-03-20 20:11:00.685 [docker-java-stream-1681795290]  DEBUG c.g.d.z.s.o.a.hc.client5.http.wire - http-outgoing-0 << "{"status":"Extracting","progressDetail":{"current":72417280,"total":398683"
2024-03-20 20:11:00.686 [docker-java-stream-1681795290]  DEBUG c.g.d.a.c.PullImageResultCallback - ResponseItem(stream=null, status=Extracting, progressDetail=ResponseItem.ProgressDetail(current=49020928, total=398683766, start=null), progress=[======>                                            ]  49.02MB/398.7MB, id=0b2070474037, from=null, time=null, errorDetail=null, error=null, aux=null)
2024-03-20 20:11:00.686 [docker-java-stream-1681795290]  DEBUG c.g.d.a.c.PullImageResultCallback - ResponseItem(stream=null, status=Extracting, progressDetail=ResponseItem.ProgressDetail(current=49577984, total=398683766, start=null), progress=[======>                                            ]  49.58MB/398.7MB, id=0b2070474037, from=null, time=null, errorDetail=null, error=null, aux=null)
2024-03-20 20:11:00.686 [docker-java-stream-1681795290]  DEBUG c.g.d.a.c.PullImageResultCallback - ResponseItem(stream=null, status=Extracting, progressDetail=ResponseItem.ProgressDetail(current=50135040, total=398683766, start=null), progress=[======>                                            ]  50.14MB/398.7MB, id=0b2070474037, from=null, time=null, errorDetail=null, error=null, aux=null)
2024-03-20 20:11:00.686 [docker-java-stream-1681795290]  DEBUG c.g.d.a.c.PullImageResultCallback - ResponseItem(stream=null, status=Extracting, progressDetail=ResponseItem.ProgressDetail(current=50692096, total=398683766, start=null), progress=[======>                                            ]  50.69MB/398.7MB, id=0b2070474037, from=null, time=null, errorDetail=null, error=null, aux=null)
2024-03-20 20:11:00.686 [docker-java-stream-1681795290]  DEBUG c.g.d.a.c.PullImageResultCallback - ResponseItem(stream=null, status=Extracting, progressDetail=ResponseItem.ProgressDetail(current=51249152, total=398683766, start=null), progress=[======>                                            ]  51.25MB/398.7MB, id=0b2070474037, from=null, time=null, errorDetail=null, error=null, aux=null)
2024-03-20 20:11:00.687 [docker-java-stream-1681795290]  DEBUG c.g.d.a.c.PullImageResultCallback - ResponseItem(stream=null, status=Extracting, progressDetail=ResponseItem.ProgressDetail(current=51806208, total=398683766, start=null), progress=[======>                                            ]  51.81MB/398.7MB, id=0b2070474037, from=null, time=null, errorDetail=null, error=null, aux=null)
2024-03-20 20:11:00.687 [docker-java-stream-1681795290]  DEBUG c.g.d.a.c.PullImageResultCallback - ResponseItem(stream=null, status=Extracting, progressDetail=ResponseItem.ProgressDetail(current=52920320, total=398683766, start=null), progress=[======>                                            ]  52.92MB/398.7MB, id=0b2070474037, from=null, time=null, errorDetail=null, error=null, aux=null)
2024-03-20 20:11:00.687 [docker-java-stream-1681795290]  DEBUG c.g.d.a.c.PullImageResultCallback - ResponseItem(stream=null, status=Extracting, progressDetail=ResponseItem.ProgressDetail(current=54034432, total=398683766, start=null), progress=[======>                                            ]  54.03MB/398.7MB, id=0b2070474037, from=null, time=null, errorDetail=null, error=null, aux=null)
2024-03-20 20:11:00.687 [docker-java-stream-1681795290]  DEBUG c.g.d.a.c.PullImageResultCallback - ResponseItem(stream=null, status=Extracting, progressDetail=ResponseItem.ProgressDetail(current=55148544, total=398683766, start=null), progress=[======>                                            ]  55.15MB/398.7MB, id=0b2070474037, from=null, time=null, errorDetail=null, error=null, aux=null)
2024-03-20 20:11:00.687 [docker-java-stream-1681795290]  DEBUG c.g.d.a.c.PullImageResultCallback - ResponseItem(stream=null, status=Extracting, progressDetail=ResponseItem.ProgressDetail(current=56262656, total=398683766, start=null), progress=[=======>                                           ]  56.26MB/398.7MB, id=0b2070474037, from=null, time=null, errorDetail=null, error=null, aux=null)
2024-03-20 20:11:00.687 [docker-java-stream-1681795290]  DEBUG c.g.d.a.c.PullImageResultCallback - ResponseItem(stream=null, status=Extracting, progressDetail=ResponseItem.ProgressDetail(current=57376768, total=398683766, start=null), progress=[=======>                                           ]  57.38MB/398.7MB, id=0b2070474037, from=null, time=null, errorDetail=null, error=null, aux=null)
2024-03-20 20:11:00.687 [docker-java-stream-1681795290]  DEBUG c.g.d.a.c.PullImageResultCallback - ResponseItem(stream=null, status=Extracting, progressDetail=ResponseItem.ProgressDetail(current=57933824, total=398683766, start=null), progress=[=======>                                           ]  57.93MB/398.7MB, id=0b2070474037, from=null, time=null, errorDetail=null, error=null, aux=null)
2024-03-20 20:11:00.687 [docker-java-stream-1681795290]  DEBUG c.g.d.a.c.PullImageResultCallback - ResponseItem(stream=null, status=Extracting, progressDetail=ResponseItem.ProgressDetail(current=59047936, total=398683766, start=null), progress=[=======>                                           ]  59.05MB/398.7MB, id=0b2070474037, from=null, time=null, errorDetail=null, error=null, aux=null)
2024-03-20 20:11:00.688 [docker-java-stream-1681795290]  DEBUG c.g.d.a.c.PullImageResultCallback - ResponseItem(stream=null, status=Extracting, progressDetail=ResponseItem.ProgressDetail(current=59604992, total=398683766, start=null), progress=[=======>                                           ]   59.6MB/398.7MB, id=0b2070474037, from=null, time=null, errorDetail=null, error=null, aux=null)
2024-03-20 20:11:00.688 [docker-java-stream-1681795290]  DEBUG c.g.d.a.c.PullImageResultCallback - ResponseItem(stream=null, status=Extracting, progressDetail=ResponseItem.ProgressDetail(current=60162048, total=398683766, start=null), progress=[=======>                                           ]  60.16MB/398.7MB, id=0b2070474037, from=null, time=null, errorDetail=null, error=null, aux=null)
2024-03-20 20:11:00.688 [docker-java-stream-1681795290]  DEBUG c.g.d.a.c.PullImageResultCallback - ResponseItem(stream=null, status=Extracting, progressDetail=ResponseItem.ProgressDetail(current=60719104, total=398683766, start=null), progress=[=======>                                           ]  60.72MB/398.7MB, id=0b2070474037, from=null, time=null, errorDetail=null, error=null, aux=null)
2024-03-20 20:11:00.688 [docker-java-stream-1681795290]  DEBUG c.g.d.a.c.PullImageResultCallback - ResponseItem(stream=null, status=Extracting, progressDetail=ResponseItem.ProgressDetail(current=61276160, total=398683766, start=null), progress=[=======>                                           ]  61.28MB/398.7MB, id=0b2070474037, from=null, time=null, errorDetail=null, error=null, aux=null)
2024-03-20 20:11:00.688 [docker-java-stream-1681795290]  DEBUG c.g.d.a.c.PullImageResultCallback - ResponseItem(stream=null, status=Extracting, progressDetail=ResponseItem.ProgressDetail(current=61833216, total=398683766, start=null), progress=[=======>                                           ]  61.83MB/398.7MB, id=0b2070474037, from=null, time=null, errorDetail=null, error=null, aux=null)
2024-03-20 20:11:00.688 [docker-java-stream-1681795290]  DEBUG c.g.d.a.c.PullImageResultCallback - ResponseItem(stream=null, status=Extracting, progressDetail=ResponseItem.ProgressDetail(current=62947328, total=398683766, start=null), progress=[=======>                                           ]  62.95MB/398.7MB, id=0b2070474037, from=null, time=null, errorDetail=null, error=null, aux=null)
2024-03-20 20:11:00.688 [docker-java-stream-1681795290]  DEBUG c.g.d.a.c.PullImageResultCallback - ResponseItem(stream=null, status=Extracting, progressDetail=ResponseItem.ProgressDetail(current=64061440, total=398683766, start=null), progress=[========>                                          ]  64.06MB/398.7MB, id=0b2070474037, from=null, time=null, errorDetail=null, error=null, aux=null)
2024-03-20 20:11:00.689 [docker-java-stream-1681795290]  DEBUG c.g.d.a.c.PullImageResultCallback - ResponseItem(stream=null, status=Extracting, progressDetail=ResponseItem.ProgressDetail(current=66846720, total=398683766, start=null), progress=[========>                                          ]  66.85MB/398.7MB, id=0b2070474037, from=null, time=null, errorDetail=null, error=null, aux=null)
2024-03-20 20:11:00.689 [docker-java-stream-1681795290]  DEBUG c.g.d.a.c.PullImageResultCallback - ResponseItem(stream=null, status=Extracting, progressDetail=ResponseItem.ProgressDetail(current=71303168, total=398683766, start=null), progress=[========>                                          ]   71.3MB/398.7MB, id=0b2070474037, from=null, time=null, errorDetail=null, error=null, aux=null)
2024-03-20 20:11:03.124 [docker-java-stream-1681795290]  DEBUG c.g.d.z.s.o.a.hc.client5.http.wire - http-outgoing-0 << "766},"progress":"[=========\u003e                                         ]  72.42MB/398.7MB","id":"0b2070474037"}[\r][\n]"
2024-03-20 20:11:03.125 [docker-java-stream-1681795290]  DEBUG c.g.d.z.s.o.a.hc.client5.http.wire - http-outgoing-0 << "{"status[\r][\n]"
2024-03-20 20:11:03.125 [docker-java-stream-1681795290]  DEBUG c.g.d.z.s.o.a.hc.client5.http.wire - http-outgoing-0 << "800[\r][\n]"
2024-03-20 20:11:03.125 [docker-java-stream-1681795290]  DEBUG c.g.d.z.s.o.a.hc.client5.http.wire - http-outgoing-0 << "":"Extracting","progressDetail":{"current":72974336,"total":398683766},"progress":"[=========\u003e                                         ]  72.97MB/398.7MB","id":"0b2070474037"}[\r][\n]"
2024-03-20 20:11:03.125 [docker-java-stream-1681795290]  DEBUG c.g.d.z.s.o.a.hc.client5.http.wire - http-outgoing-0 << "{"status":"Extracting","progressDetail":{"current":74645504,"total":398683766},"progress":"[=========\u003e                                         ]  74.65MB/398.7MB","id":"0b2070474037"}[\r][\n]"
2024-03-20 20:11:03.126 [docker-java-stream-1681795290]  DEBUG c.g.d.z.s.o.a.hc.client5.http.wire - http-outgoing-0 << "{"status":"Extracting","progressDetail":{"current":76873728,"total":398683766},"progress":"[=========\u003e                                         ]  76.87MB/398.7MB","id":"0b2070474037"}[\r][\n]"
2024-03-20 20:11:03.126 [docker-java-stream-1681795290]  DEBUG c.g.d.z.s.o.a.hc.client5.http.wire - http-outgoing-0 << "{"status":"Extracting","progressDetail":{"current":79101952,"total":398683766},"progress":"[=========\u003e                                         ]   79.1MB/398.7MB","id":"0b2070474037"}[\r][\n]"
2024-03-20 20:11:03.126 [docker-java-stream-1681795290]  DEBUG c.g.d.z.s.o.a.hc.client5.http.wire - http-outgoing-0 << "{"status":"Extracting","progressDetail":{"current":81887232,"total":398683766},"progress":"[==========\u003e                                        ]  81.89MB/398.7MB","id":"0b2070474037"}[\r][\n]"
2024-03-20 20:11:03.126 [docker-java-stream-1681795290]  DEBUG c.g.d.z.s.o.a.hc.client5.http.wire - http-outgoing-0 << "{"status":"Extracting","progressDetail":{"current":84115456,"total":398683766},"progress":"[==========\u003e                                        ]  84.12MB/398.7MB","id":"0b2070474037"}[\r][\n]"
2024-03-20 20:11:03.126 [docker-java-stream-1681795290]  DEBUG c.g.d.z.s.o.a.hc.client5.http.wire - http-outgoing-0 << "{"status":"Extracting","progressDetail":{"current":86900736,"total":398683766},"progress":"[==========\u003e                                        ]   86.9MB/398.7MB","id":"0b2070474037"}[\r][\n]"
2024-03-20 20:11:03.126 [docker-java-stream-1681795290]  DEBUG c.g.d.z.s.o.a.hc.client5.http.wire - http-outgoing-0 << "{"status":"Extracting","progressDetail":{"current":90243072,"total":398683766},"progress":"[===========\u003e                                       ]  90.24MB/398.7MB","id":"0b2070474037"}[\r][\n]"
2024-03-20 20:11:03.126 [docker-java-stream-1681795290]  DEBUG c.g.d.z.s.o.a.hc.client5.http.wire - http-outgoing-0 << "{"status":"Extracting","progressDetail":{"current":93028352,"total":398683766},"progress":"[===========\u003e                                       ]  93.03MB/398.7MB","id":"0b2070474037"}[\r][\n]"
2024-03-20 20:11:03.126 [docker-java-stream-1681795290]  DEBUG c.g.d.z.s.o.a.hc.client5.http.wire - http-outgoing-0 << "{"status":"Extracting","progressDetail":{"current":96370688,"total":398683766},"progress":"[============\u003e                                      ]  96.37MB/398.7MB","id":"0b2070474037"}[\r][\n]"
2024-03-20 20:11:03.126 [docker-java-stream-1681795290]  DEBUG c.g.d.z.s.o.a.hc.client5.http.wire - http-outgoing-0 << "{"status":"Extracting","progressDetail":{"current":98598912,"total":398683766},"progress":"[============\u003e                                      ]   98.6[\r][\n]"
2024-03-20 20:11:03.126 [docker-java-stream-1681795290]  DEBUG c.g.d.z.s.o.a.hc.client5.http.wire - http-outgoing-0 << "800[\r][\n]"
2024-03-20 20:11:03.126 [docker-java-stream-1681795290]  DEBUG c.g.d.z.s.o.a.hc.client5.http.wire - http-outgoing-0 << "MB/398.7MB","id":"0b2070474037"}[\r][\n]"
2024-03-20 20:11:03.126 [docker-java-stream-1681795290]  DEBUG c.g.d.z.s.o.a.hc.client5.http.wire - http-outgoing-0 << "{"status":"Extracting","progressDetail":{"current":101941248,"total":398683766},"progress":"[============\u003e                                      ]  101.9MB/398.7MB","id":"0b2070474037"}[\r][\n]"
2024-03-20 20:11:03.126 [docker-java-stream-1681795290]  DEBUG c.g.d.z.s.o.a.hc.client5.http.wire - http-outgoing-0 << "{"status":"Extracting","progressDetail":{"current":105283584,"total":398683766},"progress":"[=============\u003e                                     ]  105.3MB/398.7MB","id":"0b2070474037"}[\r][\n]"
2024-03-20 20:11:03.126 [docker-java-stream-1681795290]  DEBUG c.g.d.z.s.o.a.hc.client5.http.wire - http-outgoing-0 << "{"status":"Extracting","progressDetail":{"current":108625920,"total":398683766},"progress":"[=============\u003e                                     ]  108.6MB/398.7MB","id":"0b2070474037"}[\r][\n]"
2024-03-20 20:11:03.126 [docker-java-stream-1681795290]  DEBUG c.g.d.z.s.o.a.hc.client5.http.wire - http-outgoing-0 << "{"status":"Extracting","progressDetail":{"current":110854144,"total":398683766},"progress":"[=============\u003e                                     ]  110.9MB/398.7MB","id":"0b2070474037"}[\r][\n]"
2024-03-20 20:11:03.126 [docker-java-stream-1681795290]  DEBUG c.g.d.z.s.o.a.hc.client5.http.wire - http-outgoing-0 << "{"status":"Extracting","progressDetail":{"current":112525312,"total":398683766},"progress":"[==============\u003e                                    ]  112.5MB/398.7MB","id":"0b2070474037"}[\r][\n]"
2024-03-20 20:11:03.126 [docker-java-stream-1681795290]  DEBUG c.g.d.z.s.o.a.hc.client5.http.wire - http-outgoing-0 << "{"status":"Extracting","progressDetail":{"current":114753536,"total":398683766},"progress":"[==============\u003e                                    ]  114.8MB/398.7MB","id":"0b2070474037"}[\r][\n]"
2024-03-20 20:11:03.126 [docker-java-stream-1681795290]  DEBUG c.g.d.z.s.o.a.hc.client5.http.wire - http-outgoing-0 << "{"status":"Extracting","progressDetail":{"current":117538816,"total":398683766},"progress":"[==============\u003e                                    ]  117.5MB/398.7MB","id":"0b2070474037"}[\r][\n]"
2024-03-20 20:11:03.126 [docker-java-stream-1681795290]  DEBUG c.g.d.z.s.o.a.hc.client5.http.wire - http-outgoing-0 << "{"status":"Extracting","progressDetail":{"current":120324096,"total":398683766},"progress":"[===============\u003e                                   ]  120.3MB/398.7MB","id":"0b2070474037"}[\r][\n]"
2024-03-20 20:11:03.126 [docker-java-stream-1681795290]  DEBUG c.g.d.z.s.o.a.hc.client5.http.wire - http-outgoing-0 << "{"status":"Extracting","progressDetail":{"current":123109376,"total":398683766},"progress":"[===============\u003e                                   ]  123.1MB/398.7MB","id":"0b2070474037"}[\r][\n]"
2024-03-20 20:11:03.126 [docker-java-stream-1681795290]  DEBUG c.g.d.z.s.o.a.hc.client5.http.wire - http-outgoing-0 << "{"status":"Extracting","progressDetail":{"current":124223488,"total":398683766},"progress":"[===============\u003e                                   ]  124.2"
2024-03-20 20:11:03.127 [docker-java-stream-1681795290]  DEBUG c.g.d.a.c.PullImageResultCallback - ResponseItem(stream=null, status=Extracting, progressDetail=ResponseItem.ProgressDetail(current=72417280, total=398683766, start=null), progress=[=========>                                         ]  72.42MB/398.7MB, id=0b2070474037, from=null, time=null, errorDetail=null, error=null, aux=null)
2024-03-20 20:11:03.128 [docker-java-stream-1681795290]  DEBUG c.g.d.a.c.PullImageResultCallback - ResponseItem(stream=null, status=Extracting, progressDetail=ResponseItem.ProgressDetail(current=72974336, total=398683766, start=null), progress=[=========>                                         ]  72.97MB/398.7MB, id=0b2070474037, from=null, time=null, errorDetail=null, error=null, aux=null)
2024-03-20 20:11:03.129 [docker-java-stream-1681795290]  DEBUG c.g.d.a.c.PullImageResultCallback - ResponseItem(stream=null, status=Extracting, progressDetail=ResponseItem.ProgressDetail(current=74645504, total=398683766, start=null), progress=[=========>                                         ]  74.65MB/398.7MB, id=0b2070474037, from=null, time=null, errorDetail=null, error=null, aux=null)
2024-03-20 20:11:03.129 [docker-java-stream-1681795290]  DEBUG c.g.d.a.c.PullImageResultCallback - ResponseItem(stream=null, status=Extracting, progressDetail=ResponseItem.ProgressDetail(current=76873728, total=398683766, start=null), progress=[=========>                                         ]  76.87MB/398.7MB, id=0b2070474037, from=null, time=null, errorDetail=null, error=null, aux=null)
2024-03-20 20:11:03.129 [docker-java-stream-1681795290]  DEBUG c.g.d.a.c.PullImageResultCallback - ResponseItem(stream=null, status=Extracting, progressDetail=ResponseItem.ProgressDetail(current=79101952, total=398683766, start=null), progress=[=========>                                         ]   79.1MB/398.7MB, id=0b2070474037, from=null, time=null, errorDetail=null, error=null, aux=null)
2024-03-20 20:11:03.129 [docker-java-stream-1681795290]  DEBUG c.g.d.a.c.PullImageResultCallback - ResponseItem(stream=null, status=Extracting, progressDetail=ResponseItem.ProgressDetail(current=81887232, total=398683766, start=null), progress=[==========>                                        ]  81.89MB/398.7MB, id=0b2070474037, from=null, time=null, errorDetail=null, error=null, aux=null)
2024-03-20 20:11:03.129 [docker-java-stream-1681795290]  DEBUG c.g.d.a.c.PullImageResultCallback - ResponseItem(stream=null, status=Extracting, progressDetail=ResponseItem.ProgressDetail(current=84115456, total=398683766, start=null), progress=[==========>                                        ]  84.12MB/398.7MB, id=0b2070474037, from=null, time=null, errorDetail=null, error=null, aux=null)
2024-03-20 20:11:03.129 [docker-java-stream-1681795290]  DEBUG c.g.d.a.c.PullImageResultCallback - ResponseItem(stream=null, status=Extracting, progressDetail=ResponseItem.ProgressDetail(current=86900736, total=398683766, start=null), progress=[==========>                                        ]   86.9MB/398.7MB, id=0b2070474037, from=null, time=null, errorDetail=null, error=null, aux=null)
2024-03-20 20:11:03.130 [docker-java-stream-1681795290]  DEBUG c.g.d.a.c.PullImageResultCallback - ResponseItem(stream=null, status=Extracting, progressDetail=ResponseItem.ProgressDetail(current=90243072, total=398683766, start=null), progress=[===========>                                       ]  90.24MB/398.7MB, id=0b2070474037, from=null, time=null, errorDetail=null, error=null, aux=null)
2024-03-20 20:11:03.130 [docker-java-stream-1681795290]  DEBUG c.g.d.a.c.PullImageResultCallback - ResponseItem(stream=null, status=Extracting, progressDetail=ResponseItem.ProgressDetail(current=93028352, total=398683766, start=null), progress=[===========>                                       ]  93.03MB/398.7MB, id=0b2070474037, from=null, time=null, errorDetail=null, error=null, aux=null)
2024-03-20 20:11:03.130 [docker-java-stream-1681795290]  DEBUG c.g.d.a.c.PullImageResultCallback - ResponseItem(stream=null, status=Extracting, progressDetail=ResponseItem.ProgressDetail(current=96370688, total=398683766, start=null), progress=[============>                                      ]  96.37MB/398.7MB, id=0b2070474037, from=null, time=null, errorDetail=null, error=null, aux=null)
2024-03-20 20:11:03.130 [docker-java-stream-1681795290]  DEBUG c.g.d.a.c.PullImageResultCallback - ResponseItem(stream=null, status=Extracting, progressDetail=ResponseItem.ProgressDetail(current=98598912, total=398683766, start=null), progress=[============>                                      ]   98.6MB/398.7MB, id=0b2070474037, from=null, time=null, errorDetail=null, error=null, aux=null)
2024-03-20 20:11:03.130 [docker-java-stream-1681795290]  DEBUG c.g.d.a.c.PullImageResultCallback - ResponseItem(stream=null, status=Extracting, progressDetail=ResponseItem.ProgressDetail(current=101941248, total=398683766, start=null), progress=[============>                                      ]  101.9MB/398.7MB, id=0b2070474037, from=null, time=null, errorDetail=null, error=null, aux=null)
2024-03-20 20:11:03.130 [docker-java-stream-1681795290]  DEBUG c.g.d.a.c.PullImageResultCallback - ResponseItem(stream=null, status=Extracting, progressDetail=ResponseItem.ProgressDetail(current=105283584, total=398683766, start=null), progress=[=============>                                     ]  105.3MB/398.7MB, id=0b2070474037, from=null, time=null, errorDetail=null, error=null, aux=null)
2024-03-20 20:11:03.130 [docker-java-stream-1681795290]  DEBUG c.g.d.a.c.PullImageResultCallback - ResponseItem(stream=null, status=Extracting, progressDetail=ResponseItem.ProgressDetail(current=108625920, total=398683766, start=null), progress=[=============>                                     ]  108.6MB/398.7MB, id=0b2070474037, from=null, time=null, errorDetail=null, error=null, aux=null)
2024-03-20 20:11:03.131 [docker-java-stream-1681795290]  DEBUG c.g.d.a.c.PullImageResultCallback - ResponseItem(stream=null, status=Extracting, progressDetail=ResponseItem.ProgressDetail(current=110854144, total=398683766, start=null), progress=[=============>                                     ]  110.9MB/398.7MB, id=0b2070474037, from=null, time=null, errorDetail=null, error=null, aux=null)
2024-03-20 20:11:03.131 [docker-java-stream-1681795290]  DEBUG c.g.d.a.c.PullImageResultCallback - ResponseItem(stream=null, status=Extracting, progressDetail=ResponseItem.ProgressDetail(current=112525312, total=398683766, start=null), progress=[==============>                                    ]  112.5MB/398.7MB, id=0b2070474037, from=null, time=null, errorDetail=null, error=null, aux=null)
2024-03-20 20:11:03.131 [docker-java-stream-1681795290]  DEBUG c.g.d.a.c.PullImageResultCallback - ResponseItem(stream=null, status=Extracting, progressDetail=ResponseItem.ProgressDetail(current=114753536, total=398683766, start=null), progress=[==============>                                    ]  114.8MB/398.7MB, id=0b2070474037, from=null, time=null, errorDetail=null, error=null, aux=null)
2024-03-20 20:11:03.131 [docker-java-stream-1681795290]  DEBUG c.g.d.a.c.PullImageResultCallback - ResponseItem(stream=null, status=Extracting, progressDetail=ResponseItem.ProgressDetail(current=117538816, total=398683766, start=null), progress=[==============>                                    ]  117.5MB/398.7MB, id=0b2070474037, from=null, time=null, errorDetail=null, error=null, aux=null)
2024-03-20 20:11:03.131 [docker-java-stream-1681795290]  DEBUG c.g.d.a.c.PullImageResultCallback - ResponseItem(stream=null, status=Extracting, progressDetail=ResponseItem.ProgressDetail(current=120324096, total=398683766, start=null), progress=[===============>                                   ]  120.3MB/398.7MB, id=0b2070474037, from=null, time=null, errorDetail=null, error=null, aux=null)
2024-03-20 20:11:03.131 [docker-java-stream-1681795290]  DEBUG c.g.d.a.c.PullImageResultCallback - ResponseItem(stream=null, status=Extracting, progressDetail=ResponseItem.ProgressDetail(current=123109376, total=398683766, start=null), progress=[===============>                                   ]  123.1MB/398.7MB, id=0b2070474037, from=null, time=null, errorDetail=null, error=null, aux=null)
2024-03-20 20:11:05.660 [docker-java-stream-1681795290]  DEBUG c.g.d.z.s.o.a.hc.client5.http.wire - http-outgoing-0 << "MB/398.7MB","id":"0b2070474037"}[\r][\n]"
2024-03-20 20:11:05.661 [docker-java-stream-1681795290]  DEBUG c.g.d.z.s.o.a.hc.client5.http.wire - http-outgoing-0 << "{"status":"Extracting","progressDetail":{"current":127565824,"total":398683766},"progress":"[===========[\r][\n]"
2024-03-20 20:11:05.661 [docker-java-stream-1681795290]  DEBUG c.g.d.z.s.o.a.hc.client5.http.wire - http-outgoing-0 << "800[\r][\n]"
2024-03-20 20:11:05.661 [docker-java-stream-1681795290]  DEBUG c.g.d.z.s.o.a.hc.client5.http.wire - http-outgoing-0 << "====\u003e                                   ]  127.6MB/398.7MB","id":"0b2070474037"}[\r][\n]"
2024-03-20 20:11:05.661 [docker-java-stream-1681795290]  DEBUG c.g.d.z.s.o.a.hc.client5.http.wire - http-outgoing-0 << "{"status":"Extracting","progressDetail":{"current":128679936,"total":398683766},"progress":"[================\u003e                                  ]  128.7MB/398.7MB","id":"0b2070474037"}[\r][\n]"
2024-03-20 20:11:05.661 [docker-java-stream-1681795290]  DEBUG c.g.d.z.s.o.a.hc.client5.http.wire - http-outgoing-0 << "{"status":"Extracting","progressDetail":{"current":130908160,"total":398683766},"progress":"[================\u003e                                  ]  130.9MB/398.7MB","id":"0b2070474037"}[\r][\n]"
2024-03-20 20:11:05.661 [docker-java-stream-1681795290]  DEBUG c.g.d.z.s.o.a.hc.client5.http.wire - http-outgoing-0 << "{"status":"Extracting","progressDetail":{"current":132579328,"total":398683766},"progress":"[================\u003e                                  ]  132.6MB/398.7MB","id":"0b2070474037"}[\r][\n]"
2024-03-20 20:11:05.661 [docker-java-stream-1681795290]  DEBUG c.g.d.z.s.o.a.hc.client5.http.wire - http-outgoing-0 << "{"status":"Extracting","progressDetail":{"current":135921664,"total":398683766},"progress":"[=================\u003e                                 ]  135.9MB/398.7MB","id":"0b2070474037"}[\r][\n]"
2024-03-20 20:11:05.661 [docker-java-stream-1681795290]  DEBUG c.g.d.z.s.o.a.hc.client5.http.wire - http-outgoing-0 << "{"status":"Extracting","progressDetail":{"current":138149888,"total":398683766},"progress":"[=================\u003e                                 ]  138.1MB/398.7MB","id":"0b2070474037"}[\r][\n]"
2024-03-20 20:11:05.661 [docker-java-stream-1681795290]  DEBUG c.g.d.z.s.o.a.hc.client5.http.wire - http-outgoing-0 << "{"status":"Extracting","progressDetail":{"current":139264000,"total":398683766},"progress":"[=================\u003e                                 ]  139.3MB/398.7MB","id":"0b2070474037"}[\r][\n]"
2024-03-20 20:11:05.661 [docker-java-stream-1681795290]  DEBUG c.g.d.z.s.o.a.hc.client5.http.wire - http-outgoing-0 << "{"status":"Extracting","progressDetail":{"current":140378112,"total":398683766},"progress":"[=================\u003e                                 ]  140.4MB/398.7MB","id":"0b2070474037"}[\r][\n]"
2024-03-20 20:11:05.662 [docker-java-stream-1681795290]  DEBUG c.g.d.z.s.o.a.hc.client5.http.wire - http-outgoing-0 << "{"status":"Extracting","progressDetail":{"current":144277504,"total":398683766},"progress":"[==================\u003e                                ]  144.3MB/398.7MB","id":"0b2070474037"}[\r][\n]"
2024-03-20 20:11:05.662 [docker-java-stream-1681795290]  DEBUG c.g.d.z.s.o.a.hc.client5.http.wire - http-outgoing-0 << "{"status":"Extracting","progressDetail":{"current":150405120,"total":398683766},"progress":"[==================\u003e                                ]  150.4MB/398.7MB","id":"0b2070474037"}[\r][\n]"
2024-03-20 20:11:05.662 [docker-java-stream-1681795290]  DEBUG c.g.d.z.s.o.a.hc.client5.http.wire - http-outgoing-0 << "{"status":"Extracting","progressDetail":{"current":157089792,"total":398683766},"progress":"[===================\u003e                               ]  157.1MB/398.7MB","id":"0b2070474037"}[\r][\n]"
2024-03-20 20:11:05.662 [docker-java-stream-1681795290]  DEBUG c.g.d.z.s.o.a.hc.client5.http.wire - http-outgoing-0 << "{"status":"Extracting","progressDetail":{"current":[\r][\n]"
2024-03-20 20:11:05.662 [docker-java-stream-1681795290]  DEBUG c.g.d.z.s.o.a.hc.client5.http.wire - http-outgoing-0 << "800[\r][\n]"
2024-03-20 20:11:05.662 [docker-java-stream-1681795290]  DEBUG c.g.d.z.s.o.a.hc.client5.http.wire - http-outgoing-0 << "162103296,"total":398683766},"progress":"[====================\u003e                              ]  162.1MB/398.7MB","id":"0b2070474037"}[\r][\n]"
2024-03-20 20:11:05.662 [docker-java-stream-1681795290]  DEBUG c.g.d.z.s.o.a.hc.client5.http.wire - http-outgoing-0 << "{"status":"Extracting","progressDetail":{"current":166559744,"total":398683766},"progress":"[====================\u003e                              ]  166.6MB/398.7MB","id":"0b2070474037"}[\r][\n]"
2024-03-20 20:11:05.662 [docker-java-stream-1681795290]  DEBUG c.g.d.z.s.o.a.hc.client5.http.wire - http-outgoing-0 << "{"status":"Extracting","progressDetail":{"current":173244416,"total":398683766},"progress":"[=====================\u003e                             ]  173.2MB/398.7MB","id":"0b2070474037"}[\r][\n]"
2024-03-20 20:11:05.662 [docker-java-stream-1681795290]  DEBUG c.g.d.z.s.o.a.hc.client5.http.wire - http-outgoing-0 << "{"status":"Extracting","progressDetail":{"current":178814976,"total":398683766},"progress":"[======================\u003e                            ]  178.8MB/398.7MB","id":"0b2070474037"}[\r][\n]"
2024-03-20 20:11:05.662 [docker-java-stream-1681795290]  DEBUG c.g.d.z.s.o.a.hc.client5.http.wire - http-outgoing-0 << "{"status":"Extracting","progressDetail":{"current":184942592,"total":398683766},"progress":"[=======================\u003e                           ]  184.9MB/398.7MB","id":"0b2070474037"}[\r][\n]"
2024-03-20 20:11:05.662 [docker-java-stream-1681795290]  DEBUG c.g.d.z.s.o.a.hc.client5.http.wire - http-outgoing-0 << "{"status":"Extracting","progressDetail":{"current":191627264,"total":398683766},"progress":"[========================\u003e                          ]  191.6MB/398.7MB","id":"0b2070474037"}[\r][\n]"
2024-03-20 20:11:05.662 [docker-java-stream-1681795290]  DEBUG c.g.d.z.s.o.a.hc.client5.http.wire - http-outgoing-0 << "{"status":"Extracting","progressDetail":{"current":198311936,"total":398683766},"progress":"[========================\u003e                          ]  198.3MB/398.7MB","id":"0b2070474037"}[\r][\n]"
2024-03-20 20:11:05.662 [docker-java-stream-1681795290]  DEBUG c.g.d.z.s.o.a.hc.client5.http.wire - http-outgoing-0 << "{"status":"Extracting","progressDetail":{"current":205553664,"total":398683766},"progress":"[=========================\u003e                         ]  205.6MB/398.7MB","id":"0b2070474037"}[\r][\n]"
2024-03-20 20:11:05.662 [docker-java-stream-1681795290]  DEBUG c.g.d.z.s.o.a.hc.client5.http.wire - http-outgoing-0 << "{"status":"Extracting","progressDetail":{"current":211681280,"total":398683766},"progress":"[==========================\u003e                        ]  211.7MB/398.7MB","id":"0b2070474037"}[\r][\n]"
2024-03-20 20:11:05.662 [docker-java-stream-1681795290]  DEBUG c.g.d.z.s.o.a.hc.client5.http.wire - http-outgoing-0 << "{"status":"Extracting","progressDetail":{"current":217808896,"total":398683766},"progress":"[===========================\u003e                       ]  217.8MB/398.7MB","id":"0b2070474037"}[\r][\n]"
2024-03-20 20:11:05.662 [docker-java-stream-1681795290]  DEBUG c.g.d.z.s.o.a.hc.client5.http.wire - http-outgoing-0 << "{"status":"Extracting","progressDetai"
2024-03-20 20:11:05.663 [docker-java-stream-1681795290]  DEBUG c.g.d.a.c.PullImageResultCallback - ResponseItem(stream=null, status=Extracting, progressDetail=ResponseItem.ProgressDetail(current=124223488, total=398683766, start=null), progress=[===============>                                   ]  124.2MB/398.7MB, id=0b2070474037, from=null, time=null, errorDetail=null, error=null, aux=null)
2024-03-20 20:11:05.663 [docker-java-stream-1681795290]  DEBUG c.g.d.a.c.PullImageResultCallback - ResponseItem(stream=null, status=Extracting, progressDetail=ResponseItem.ProgressDetail(current=127565824, total=398683766, start=null), progress=[===============>                                   ]  127.6MB/398.7MB, id=0b2070474037, from=null, time=null, errorDetail=null, error=null, aux=null)
2024-03-20 20:11:05.664 [docker-java-stream-1681795290]  DEBUG c.g.d.a.c.PullImageResultCallback - ResponseItem(stream=null, status=Extracting, progressDetail=ResponseItem.ProgressDetail(current=128679936, total=398683766, start=null), progress=[================>                                  ]  128.7MB/398.7MB, id=0b2070474037, from=null, time=null, errorDetail=null, error=null, aux=null)
2024-03-20 20:11:05.664 [docker-java-stream-1681795290]  DEBUG c.g.d.a.c.PullImageResultCallback - ResponseItem(stream=null, status=Extracting, progressDetail=ResponseItem.ProgressDetail(current=130908160, total=398683766, start=null), progress=[================>                                  ]  130.9MB/398.7MB, id=0b2070474037, from=null, time=null, errorDetail=null, error=null, aux=null)
2024-03-20 20:11:05.664 [docker-java-stream-1681795290]  DEBUG c.g.d.a.c.PullImageResultCallback - ResponseItem(stream=null, status=Extracting, progressDetail=ResponseItem.ProgressDetail(current=132579328, total=398683766, start=null), progress=[================>                                  ]  132.6MB/398.7MB, id=0b2070474037, from=null, time=null, errorDetail=null, error=null, aux=null)
2024-03-20 20:11:05.664 [docker-java-stream-1681795290]  DEBUG c.g.d.a.c.PullImageResultCallback - ResponseItem(stream=null, status=Extracting, progressDetail=ResponseItem.ProgressDetail(current=135921664, total=398683766, start=null), progress=[=================>                                 ]  135.9MB/398.7MB, id=0b2070474037, from=null, time=null, errorDetail=null, error=null, aux=null)
2024-03-20 20:11:05.664 [docker-java-stream-1681795290]  DEBUG c.g.d.a.c.PullImageResultCallback - ResponseItem(stream=null, status=Extracting, progressDetail=ResponseItem.ProgressDetail(current=138149888, total=398683766, start=null), progress=[=================>                                 ]  138.1MB/398.7MB, id=0b2070474037, from=null, time=null, errorDetail=null, error=null, aux=null)
2024-03-20 20:11:05.664 [docker-java-stream-1681795290]  DEBUG c.g.d.a.c.PullImageResultCallback - ResponseItem(stream=null, status=Extracting, progressDetail=ResponseItem.ProgressDetail(current=139264000, total=398683766, start=null), progress=[=================>                                 ]  139.3MB/398.7MB, id=0b2070474037, from=null, time=null, errorDetail=null, error=null, aux=null)
2024-03-20 20:11:05.664 [docker-java-stream-1681795290]  DEBUG c.g.d.a.c.PullImageResultCallback - ResponseItem(stream=null, status=Extracting, progressDetail=ResponseItem.ProgressDetail(current=140378112, total=398683766, start=null), progress=[=================>                                 ]  140.4MB/398.7MB, id=0b2070474037, from=null, time=null, errorDetail=null, error=null, aux=null)
2024-03-20 20:11:05.665 [docker-java-stream-1681795290]  DEBUG c.g.d.a.c.PullImageResultCallback - ResponseItem(stream=null, status=Extracting, progressDetail=ResponseItem.ProgressDetail(current=144277504, total=398683766, start=null), progress=[==================>                                ]  144.3MB/398.7MB, id=0b2070474037, from=null, time=null, errorDetail=null, error=null, aux=null)
2024-03-20 20:11:05.665 [docker-java-stream-1681795290]  DEBUG c.g.d.a.c.PullImageResultCallback - ResponseItem(stream=null, status=Extracting, progressDetail=ResponseItem.ProgressDetail(current=150405120, total=398683766, start=null), progress=[==================>                                ]  150.4MB/398.7MB, id=0b2070474037, from=null, time=null, errorDetail=null, error=null, aux=null)
2024-03-20 20:11:05.665 [docker-java-stream-1681795290]  DEBUG c.g.d.a.c.PullImageResultCallback - ResponseItem(stream=null, status=Extracting, progressDetail=ResponseItem.ProgressDetail(current=157089792, total=398683766, start=null), progress=[===================>                               ]  157.1MB/398.7MB, id=0b2070474037, from=null, time=null, errorDetail=null, error=null, aux=null)
2024-03-20 20:11:05.665 [docker-java-stream-1681795290]  DEBUG c.g.d.a.c.PullImageResultCallback - ResponseItem(stream=null, status=Extracting, progressDetail=ResponseItem.ProgressDetail(current=162103296, total=398683766, start=null), progress=[====================>                              ]  162.1MB/398.7MB, id=0b2070474037, from=null, time=null, errorDetail=null, error=null, aux=null)
2024-03-20 20:11:05.665 [docker-java-stream-1681795290]  DEBUG c.g.d.a.c.PullImageResultCallback - ResponseItem(stream=null, status=Extracting, progressDetail=ResponseItem.ProgressDetail(current=166559744, total=398683766, start=null), progress=[====================>                              ]  166.6MB/398.7MB, id=0b2070474037, from=null, time=null, errorDetail=null, error=null, aux=null)
2024-03-20 20:11:05.666 [docker-java-stream-1681795290]  DEBUG c.g.d.a.c.PullImageResultCallback - ResponseItem(stream=null, status=Extracting, progressDetail=ResponseItem.ProgressDetail(current=173244416, total=398683766, start=null), progress=[=====================>                             ]  173.2MB/398.7MB, id=0b2070474037, from=null, time=null, errorDetail=null, error=null, aux=null)
2024-03-20 20:11:05.666 [docker-java-stream-1681795290]  DEBUG c.g.d.a.c.PullImageResultCallback - ResponseItem(stream=null, status=Extracting, progressDetail=ResponseItem.ProgressDetail(current=178814976, total=398683766, start=null), progress=[======================>                            ]  178.8MB/398.7MB, id=0b2070474037, from=null, time=null, errorDetail=null, error=null, aux=null)
2024-03-20 20:11:05.666 [docker-java-stream-1681795290]  DEBUG c.g.d.a.c.PullImageResultCallback - ResponseItem(stream=null, status=Extracting, progressDetail=ResponseItem.ProgressDetail(current=184942592, total=398683766, start=null), progress=[=======================>                           ]  184.9MB/398.7MB, id=0b2070474037, from=null, time=null, errorDetail=null, error=null, aux=null)
2024-03-20 20:11:05.666 [docker-java-stream-1681795290]  DEBUG c.g.d.a.c.PullImageResultCallback - ResponseItem(stream=null, status=Extracting, progressDetail=ResponseItem.ProgressDetail(current=191627264, total=398683766, start=null), progress=[========================>                          ]  191.6MB/398.7MB, id=0b2070474037, from=null, time=null, errorDetail=null, error=null, aux=null)
2024-03-20 20:11:05.667 [docker-java-stream-1681795290]  DEBUG c.g.d.a.c.PullImageResultCallback - ResponseItem(stream=null, status=Extracting, progressDetail=ResponseItem.ProgressDetail(current=198311936, total=398683766, start=null), progress=[========================>                          ]  198.3MB/398.7MB, id=0b2070474037, from=null, time=null, errorDetail=null, error=null, aux=null)
2024-03-20 20:11:05.667 [docker-java-stream-1681795290]  DEBUG c.g.d.a.c.PullImageResultCallback - ResponseItem(stream=null, status=Extracting, progressDetail=ResponseItem.ProgressDetail(current=205553664, total=398683766, start=null), progress=[=========================>                         ]  205.6MB/398.7MB, id=0b2070474037, from=null, time=null, errorDetail=null, error=null, aux=null)
2024-03-20 20:11:05.667 [docker-java-stream-1681795290]  DEBUG c.g.d.a.c.PullImageResultCallback - ResponseItem(stream=null, status=Extracting, progressDetail=ResponseItem.ProgressDetail(current=211681280, total=398683766, start=null), progress=[==========================>                        ]  211.7MB/398.7MB, id=0b2070474037, from=null, time=null, errorDetail=null, error=null, aux=null)
2024-03-20 20:11:05.667 [docker-java-stream-1681795290]  DEBUG c.g.d.a.c.PullImageResultCallback - ResponseItem(stream=null, status=Extracting, progressDetail=ResponseItem.ProgressDetail(current=217808896, total=398683766, start=null), progress=[===========================>                       ]  217.8MB/398.7MB, id=0b2070474037, from=null, time=null, errorDetail=null, error=null, aux=null)
2024-03-20 20:11:08.670 [docker-java-stream-1681795290]  DEBUG c.g.d.z.s.o.a.hc.client5.http.wire - http-outgoing-0 << "l":{"current":223379456,"total":398683766},"progress":"[============================\u003e                      ]  223.4MB/398.7MB","id":"0b2070474037"}[\r][\n]"
2024-03-20 20:11:08.670 [docker-java-stream-1681795290]  DEBUG c.g.d.z.s.o.a.hc.client5.http.wire - http-outgoing-0 << "800[\r][\n]"
2024-03-20 20:11:08.670 [docker-java-stream-1681795290]  DEBUG c.g.d.z.s.o.a.hc.client5.http.wire - http-outgoing-0 << "[\r][\n]"
2024-03-20 20:11:08.671 [docker-java-stream-1681795290]  DEBUG c.g.d.z.s.o.a.hc.client5.http.wire - http-outgoing-0 << "{"status":"Extracting","progressDetail":{"current":224493568,"total":398683766},"progress":"[============================\u003e                      ]  224.5MB/398.7MB","id":"0b2070474037"}[\r][\n]"
2024-03-20 20:11:08.671 [docker-java-stream-1681795290]  DEBUG c.g.d.z.s.o.a.hc.client5.http.wire - http-outgoing-0 << "{"status":"Extracting","progressDetail":{"current":225607680,"total":398683766},"progress":"[============================\u003e                      ]  225.6MB/398.7MB","id":"0b2070474037"}[\r][\n]"
2024-03-20 20:11:08.671 [docker-java-stream-1681795290]  DEBUG c.g.d.z.s.o.a.hc.client5.http.wire - http-outgoing-0 << "{"status":"Extracting","progressDetail":{"current":226164736,"total":398683766},"progress":"[============================\u003e                      ]  226.2MB/398.7MB","id":"0b2070474037"}[\r][\n]"
2024-03-20 20:11:08.671 [docker-java-stream-1681795290]  DEBUG c.g.d.z.s.o.a.hc.client5.http.wire - http-outgoing-0 << "{"status":"Extracting","progressDetail":{"current":226721792,"total":398683766},"progress":"[============================\u003e                      ]  226.7MB/398.7MB","id":"0b2070474037"}[\r][\n]"
2024-03-20 20:11:08.671 [docker-java-stream-1681795290]  DEBUG c.g.d.z.s.o.a.hc.client5.http.wire - http-outgoing-0 << "{"status":"Extracting","progressDetail":{"current":227835904,"total":398683766},"progress":"[============================\u003e                      ]  227.8MB/398.7MB","id":"0b2070474037"}[\r][\n]"
2024-03-20 20:11:08.671 [docker-java-stream-1681795290]  DEBUG c.g.d.z.s.o.a.hc.client5.http.wire - http-outgoing-0 << "{"status":"Extracting","progressDetail":{"current":228950016,"total":398683766},"progress":"[============================\u003e                      ]    229MB/398.7MB","id":"0b2070474037"}[\r][\n]"
2024-03-20 20:11:08.671 [docker-java-stream-1681795290]  DEBUG c.g.d.z.s.o.a.hc.client5.http.wire - http-outgoing-0 << "{"status":"Extracting","progressDetail":{"current":229507072,"total":398683766},"progress":"[============================\u003e                      ]  229.5MB/398.7MB","id":"0b2070474037"}[\r][\n]"
2024-03-20 20:11:08.671 [docker-java-stream-1681795290]  DEBUG c.g.d.z.s.o.a.hc.client5.http.wire - http-outgoing-0 << "{"status":"Extracting","progressDetail":{"current":230064128,"total":398683766},"progress":"[============================\u003e                      ]  230.1MB/398.7MB","id":"0b2070474037"}[\r][\n]"
2024-03-20 20:11:08.671 [docker-java-stream-1681795290]  DEBUG c.g.d.z.s.o.a.hc.client5.http.wire - http-outgoing-0 << "{"status":"Extracting","progressDetail":{"current":231178240,"total":398683766},"progress":"[============================\u003e                      ]  231.2MB/398.7MB","id":"0b2070474037"}[\r][\n]"
2024-03-20 20:11:08.671 [docker-java-stream-1681795290]  DEBUG c.g.d.z.s.o.a.hc.client5.http.wire - http-outgoing-0 << "{"status":"Extracting","progressDetail":{"current":235077632,"total":398683766},"progress":"[=============================\u003e                     ]  235.1MB/398.7MB","id":"0b2070474037"}[\r][\n]"
2024-03-20 20:11:08.671 [docker-java-stream-1681795290]  DEBUG c.g.d.z.s.o.a.hc.client5.http.wire - http-outgoing-0 << "{"status":"Extracting","progressDetail":{"current":241762304,"total":398683766},"progress":"[==============================\u003e       [\r][\n]"
2024-03-20 20:11:08.671 [docker-java-stream-1681795290]  DEBUG c.g.d.z.s.o.a.hc.client5.http.wire - http-outgoing-0 << "800[\r][\n]"
2024-03-20 20:11:08.671 [docker-java-stream-1681795290]  DEBUG c.g.d.z.s.o.a.hc.client5.http.wire - http-outgoing-0 << "             ]  241.8MB/398.7MB","id":"0b2070474037"}[\r][\n]"
2024-03-20 20:11:08.671 [docker-java-stream-1681795290]  DEBUG c.g.d.z.s.o.a.hc.client5.http.wire - http-outgoing-0 << "{"status":"Extracting","progressDetail":{"current":248446976,"total":398683766},"progress":"[===============================\u003e                   ]  248.4MB/398.7MB","id":"0b2070474037"}[\r][\n]"
2024-03-20 20:11:08.671 [docker-java-stream-1681795290]  DEBUG c.g.d.z.s.o.a.hc.client5.http.wire - http-outgoing-0 << "{"status":"Extracting","progressDetail":{"current":255131648,"total":398683766},"progress":"[===============================\u003e                   ]  255.1MB/398.7MB","id":"0b2070474037"}[\r][\n]"
2024-03-20 20:11:08.671 [docker-java-stream-1681795290]  DEBUG c.g.d.z.s.o.a.hc.client5.http.wire - http-outgoing-0 << "{"status":"Extracting","progressDetail":{"current":261816320,"total":398683766},"progress":"[================================\u003e                  ]  261.8MB/398.7MB","id":"0b2070474037"}[\r][\n]"
2024-03-20 20:11:08.671 [docker-java-stream-1681795290]  DEBUG c.g.d.z.s.o.a.hc.client5.http.wire - http-outgoing-0 << "{"status":"Extracting","progressDetail":{"current":268500992,"total":398683766},"progress":"[=================================\u003e                 ]  268.5MB/398.7MB","id":"0b2070474037"}[\r][\n]"
2024-03-20 20:11:08.671 [docker-java-stream-1681795290]  DEBUG c.g.d.z.s.o.a.hc.client5.http.wire - http-outgoing-0 << "{"status":"Extracting","progressDetail":{"current":275742720,"total":398683766},"progress":"[==================================\u003e                ]  275.7MB/398.7MB","id":"0b2070474037"}[\r][\n]"
2024-03-20 20:11:08.671 [docker-java-stream-1681795290]  DEBUG c.g.d.z.s.o.a.hc.client5.http.wire - http-outgoing-0 << "{"status":"Extracting","progressDetail":{"current":282427392,"total":398683766},"progress":"[===================================\u003e               ]  282.4MB/398.7MB","id":"0b2070474037"}[\r][\n]"
2024-03-20 20:11:08.671 [docker-java-stream-1681795290]  DEBUG c.g.d.z.s.o.a.hc.client5.http.wire - http-outgoing-0 << "{"status":"Extracting","progressDetail":{"current":288555008,"total":398683766},"progress":"[====================================\u003e              ]  288.6MB/398.7MB","id":"0b2070474037"}[\r][\n]"
2024-03-20 20:11:08.671 [docker-java-stream-1681795290]  DEBUG c.g.d.z.s.o.a.hc.client5.http.wire - http-outgoing-0 << "{"status":"Extracting","progressDetail":{"current":295239680,"total":398683766},"progress":"[=====================================\u003e             ]  295.2MB/398.7MB","id":"0b2070474037"}[\r][\n]"
2024-03-20 20:11:08.671 [docker-java-stream-1681795290]  DEBUG c.g.d.z.s.o.a.hc.client5.http.wire - http-outgoing-0 << "{"status":"Extracting","progressDetail":{"current":298582016,"total":398683766},"progress":"[=====================================\u003e             ]  298.6MB/398.7MB","id":"0b2070474037"}[\r][\n]"
2024-03-20 20:11:08.671 [docker-java-stream-1681795290]  DEBUG c.g.d.z.s.o.a.hc.client5.http.wire - http-outgoing-0 << "{"status":"Extracting","progressDetail":{"current":300253184,"total":398683766},"progress":"[==============="
2024-03-20 20:11:08.672 [docker-java-stream-1681795290]  DEBUG c.g.d.a.c.PullImageResultCallback - ResponseItem(stream=null, status=Extracting, progressDetail=ResponseItem.ProgressDetail(current=223379456, total=398683766, start=null), progress=[============================>                      ]  223.4MB/398.7MB, id=0b2070474037, from=null, time=null, errorDetail=null, error=null, aux=null)
2024-03-20 20:11:08.673 [docker-java-stream-1681795290]  DEBUG c.g.d.a.c.PullImageResultCallback - ResponseItem(stream=null, status=Extracting, progressDetail=ResponseItem.ProgressDetail(current=224493568, total=398683766, start=null), progress=[============================>                      ]  224.5MB/398.7MB, id=0b2070474037, from=null, time=null, errorDetail=null, error=null, aux=null)
2024-03-20 20:11:08.673 [docker-java-stream-1681795290]  DEBUG c.g.d.a.c.PullImageResultCallback - ResponseItem(stream=null, status=Extracting, progressDetail=ResponseItem.ProgressDetail(current=225607680, total=398683766, start=null), progress=[============================>                      ]  225.6MB/398.7MB, id=0b2070474037, from=null, time=null, errorDetail=null, error=null, aux=null)
2024-03-20 20:11:08.673 [docker-java-stream-1681795290]  DEBUG c.g.d.a.c.PullImageResultCallback - ResponseItem(stream=null, status=Extracting, progressDetail=ResponseItem.ProgressDetail(current=226164736, total=398683766, start=null), progress=[============================>                      ]  226.2MB/398.7MB, id=0b2070474037, from=null, time=null, errorDetail=null, error=null, aux=null)
2024-03-20 20:11:08.673 [docker-java-stream-1681795290]  DEBUG c.g.d.a.c.PullImageResultCallback - ResponseItem(stream=null, status=Extracting, progressDetail=ResponseItem.ProgressDetail(current=226721792, total=398683766, start=null), progress=[============================>                      ]  226.7MB/398.7MB, id=0b2070474037, from=null, time=null, errorDetail=null, error=null, aux=null)
2024-03-20 20:11:08.674 [docker-java-stream-1681795290]  DEBUG c.g.d.a.c.PullImageResultCallback - ResponseItem(stream=null, status=Extracting, progressDetail=ResponseItem.ProgressDetail(current=227835904, total=398683766, start=null), progress=[============================>                      ]  227.8MB/398.7MB, id=0b2070474037, from=null, time=null, errorDetail=null, error=null, aux=null)
2024-03-20 20:11:08.674 [docker-java-stream-1681795290]  DEBUG c.g.d.a.c.PullImageResultCallback - ResponseItem(stream=null, status=Extracting, progressDetail=ResponseItem.ProgressDetail(current=228950016, total=398683766, start=null), progress=[============================>                      ]    229MB/398.7MB, id=0b2070474037, from=null, time=null, errorDetail=null, error=null, aux=null)
2024-03-20 20:11:08.674 [docker-java-stream-1681795290]  DEBUG c.g.d.a.c.PullImageResultCallback - ResponseItem(stream=null, status=Extracting, progressDetail=ResponseItem.ProgressDetail(current=229507072, total=398683766, start=null), progress=[============================>                      ]  229.5MB/398.7MB, id=0b2070474037, from=null, time=null, errorDetail=null, error=null, aux=null)
2024-03-20 20:11:08.674 [docker-java-stream-1681795290]  DEBUG c.g.d.a.c.PullImageResultCallback - ResponseItem(stream=null, status=Extracting, progressDetail=ResponseItem.ProgressDetail(current=230064128, total=398683766, start=null), progress=[============================>                      ]  230.1MB/398.7MB, id=0b2070474037, from=null, time=null, errorDetail=null, error=null, aux=null)
2024-03-20 20:11:08.674 [docker-java-stream-1681795290]  DEBUG c.g.d.a.c.PullImageResultCallback - ResponseItem(stream=null, status=Extracting, progressDetail=ResponseItem.ProgressDetail(current=231178240, total=398683766, start=null), progress=[============================>                      ]  231.2MB/398.7MB, id=0b2070474037, from=null, time=null, errorDetail=null, error=null, aux=null)
2024-03-20 20:11:08.675 [docker-java-stream-1681795290]  DEBUG c.g.d.a.c.PullImageResultCallback - ResponseItem(stream=null, status=Extracting, progressDetail=ResponseItem.ProgressDetail(current=235077632, total=398683766, start=null), progress=[=============================>                     ]  235.1MB/398.7MB, id=0b2070474037, from=null, time=null, errorDetail=null, error=null, aux=null)
2024-03-20 20:11:08.675 [docker-java-stream-1681795290]  DEBUG c.g.d.a.c.PullImageResultCallback - ResponseItem(stream=null, status=Extracting, progressDetail=ResponseItem.ProgressDetail(current=241762304, total=398683766, start=null), progress=[==============================>                    ]  241.8MB/398.7MB, id=0b2070474037, from=null, time=null, errorDetail=null, error=null, aux=null)
2024-03-20 20:11:08.675 [docker-java-stream-1681795290]  DEBUG c.g.d.a.c.PullImageResultCallback - ResponseItem(stream=null, status=Extracting, progressDetail=ResponseItem.ProgressDetail(current=248446976, total=398683766, start=null), progress=[===============================>                   ]  248.4MB/398.7MB, id=0b2070474037, from=null, time=null, errorDetail=null, error=null, aux=null)
2024-03-20 20:11:08.675 [docker-java-stream-1681795290]  DEBUG c.g.d.a.c.PullImageResultCallback - ResponseItem(stream=null, status=Extracting, progressDetail=ResponseItem.ProgressDetail(current=255131648, total=398683766, start=null), progress=[===============================>                   ]  255.1MB/398.7MB, id=0b2070474037, from=null, time=null, errorDetail=null, error=null, aux=null)
2024-03-20 20:11:08.675 [docker-java-stream-1681795290]  DEBUG c.g.d.a.c.PullImageResultCallback - ResponseItem(stream=null, status=Extracting, progressDetail=ResponseItem.ProgressDetail(current=261816320, total=398683766, start=null), progress=[================================>                  ]  261.8MB/398.7MB, id=0b2070474037, from=null, time=null, errorDetail=null, error=null, aux=null)
2024-03-20 20:11:08.675 [docker-java-stream-1681795290]  DEBUG c.g.d.a.c.PullImageResultCallback - ResponseItem(stream=null, status=Extracting, progressDetail=ResponseItem.ProgressDetail(current=268500992, total=398683766, start=null), progress=[=================================>                 ]  268.5MB/398.7MB, id=0b2070474037, from=null, time=null, errorDetail=null, error=null, aux=null)
2024-03-20 20:11:08.675 [docker-java-stream-1681795290]  DEBUG c.g.d.a.c.PullImageResultCallback - ResponseItem(stream=null, status=Extracting, progressDetail=ResponseItem.ProgressDetail(current=275742720, total=398683766, start=null), progress=[==================================>                ]  275.7MB/398.7MB, id=0b2070474037, from=null, time=null, errorDetail=null, error=null, aux=null)
2024-03-20 20:11:08.675 [docker-java-stream-1681795290]  DEBUG c.g.d.a.c.PullImageResultCallback - ResponseItem(stream=null, status=Extracting, progressDetail=ResponseItem.ProgressDetail(current=282427392, total=398683766, start=null), progress=[===================================>               ]  282.4MB/398.7MB, id=0b2070474037, from=null, time=null, errorDetail=null, error=null, aux=null)
2024-03-20 20:11:08.675 [docker-java-stream-1681795290]  DEBUG c.g.d.a.c.PullImageResultCallback - ResponseItem(stream=null, status=Extracting, progressDetail=ResponseItem.ProgressDetail(current=288555008, total=398683766, start=null), progress=[====================================>              ]  288.6MB/398.7MB, id=0b2070474037, from=null, time=null, errorDetail=null, error=null, aux=null)
2024-03-20 20:11:08.675 [docker-java-stream-1681795290]  DEBUG c.g.d.a.c.PullImageResultCallback - ResponseItem(stream=null, status=Extracting, progressDetail=ResponseItem.ProgressDetail(current=295239680, total=398683766, start=null), progress=[=====================================>             ]  295.2MB/398.7MB, id=0b2070474037, from=null, time=null, errorDetail=null, error=null, aux=null)
2024-03-20 20:11:08.676 [docker-java-stream-1681795290]  DEBUG c.g.d.a.c.PullImageResultCallback - ResponseItem(stream=null, status=Extracting, progressDetail=ResponseItem.ProgressDetail(current=298582016, total=398683766, start=null), progress=[=====================================>             ]  298.6MB/398.7MB, id=0b2070474037, from=null, time=null, errorDetail=null, error=null, aux=null)
2024-03-20 20:11:11.050 [docker-java-stream-1681795290]  DEBUG c.g.d.z.s.o.a.hc.client5.http.wire - http-outgoing-0 << "======================\u003e             ]  300.3MB/398.7MB","id":"0b2070474037"}[\r][\n]"
2024-03-20 20:11:11.050 [docker-java-stream-1681795290]  DEBUG c.g.d.z.s.o.a.hc.client5.http.wire - http-outgoing-0 << "{"status":"Extracting","progressDetail":{"current":303038464,"total":398683766},"pr[\r][\n]"
2024-03-20 20:11:11.050 [docker-java-stream-1681795290]  DEBUG c.g.d.z.s.o.a.hc.client5.http.wire - http-outgoing-0 << "800[\r][\n]"
2024-03-20 20:11:11.050 [docker-java-stream-1681795290]  DEBUG c.g.d.z.s.o.a.hc.client5.http.wire - http-outgoing-0 << "ogress":"[======================================\u003e            ]    303MB/398.7MB","id":"0b2070474037"}[\r][\n]"
2024-03-20 20:11:11.050 [docker-java-stream-1681795290]  DEBUG c.g.d.z.s.o.a.hc.client5.http.wire - http-outgoing-0 << "{"status":"Extracting","progressDetail":{"current":306937856,"total":398683766},"progress":"[======================================\u003e            ]  306.9MB/398.7MB","id":"0b2070474037"}[\r][\n]"
2024-03-20 20:11:11.050 [docker-java-stream-1681795290]  DEBUG c.g.d.z.s.o.a.hc.client5.http.wire - http-outgoing-0 << "{"status":"Extracting","progressDetail":{"current":310280192,"total":398683766},"progress":"[======================================\u003e            ]  310.3MB/398.7MB","id":"0b2070474037"}[\r][\n]"
2024-03-20 20:11:11.050 [docker-java-stream-1681795290]  DEBUG c.g.d.z.s.o.a.hc.client5.http.wire - http-outgoing-0 << "{"status":"Extracting","progressDetail":{"current":313065472,"total":398683766},"progress":"[=======================================\u003e           ]  313.1MB/398.7MB","id":"0b2070474037"}[\r][\n]"
2024-03-20 20:11:11.050 [docker-java-stream-1681795290]  DEBUG c.g.d.z.s.o.a.hc.client5.http.wire - http-outgoing-0 << "{"status":"Extracting","progressDetail":{"current":315850752,"total":398683766},"progress":"[=======================================\u003e           ]  315.9MB/398.7MB","id":"0b2070474037"}[\r][\n]"
2024-03-20 20:11:11.051 [docker-java-stream-1681795290]  DEBUG c.g.d.z.s.o.a.hc.client5.http.wire - http-outgoing-0 << "{"status":"Extracting","progressDetail":{"current":318636032,"total":398683766},"progress":"[=======================================\u003e           ]  318.6MB/398.7MB","id":"0b2070474037"}[\r][\n]"
2024-03-20 20:11:11.051 [docker-java-stream-1681795290]  DEBUG c.g.d.z.s.o.a.hc.client5.http.wire - http-outgoing-0 << "{"status":"Extracting","progressDetail":{"current":321978368,"total":398683766},"progress":"[========================================\u003e          ]    322MB/398.7MB","id":"0b2070474037"}[\r][\n]"
2024-03-20 20:11:11.051 [docker-java-stream-1681795290]  DEBUG c.g.d.z.s.o.a.hc.client5.http.wire - http-outgoing-0 << "{"status":"Extracting","progressDetail":{"current":324763648,"total":398683766},"progress":"[========================================\u003e          ]  324.8MB/398.7MB","id":"0b2070474037"}[\r][\n]"
2024-03-20 20:11:11.051 [docker-java-stream-1681795290]  DEBUG c.g.d.z.s.o.a.hc.client5.http.wire - http-outgoing-0 << "{"status":"Extracting","progressDetail":{"current":327548928,"total":398683766},"progress":"[=========================================\u003e         ]  327.5MB/398.7MB","id":"0b2070474037"}[\r][\n]"
2024-03-20 20:11:11.051 [docker-java-stream-1681795290]  DEBUG c.g.d.z.s.o.a.hc.client5.http.wire - http-outgoing-0 << "{"status":"Extracting","progressDetail":{"current":330334208,"total":398683766},"progress":"[=========================================\u003e         ]  330.3MB/398.7MB","id":"0b2070474037"}[\r][\n]"
2024-03-20 20:11:11.051 [docker-java-stream-1681795290]  DEBUG c.g.d.z.s.o.a.hc.client5.http.wire - http-outgoing-0 << "{"status":"Extracting","progressDetail":{"current":333119488,"total":398683766},"progress":"[=========================================\u003e         ]  333.1MB/398.7MB","id":"0b2070474037"}[\r][\n]"
2024-03-20 20:11:11.051 [docker-java-stream-1681795290]  DEBUG c.g.d.z.s.o.a.hc.client5.http.wire - http-outgoing-0 << "{"status":"Extracting","progre[\r][\n]"
2024-03-20 20:11:11.051 [docker-java-stream-1681795290]  DEBUG c.g.d.z.s.o.a.hc.client5.http.wire - http-outgoing-0 << "800[\r][\n]"
2024-03-20 20:11:11.051 [docker-java-stream-1681795290]  DEBUG c.g.d.z.s.o.a.hc.client5.http.wire - http-outgoing-0 << "ssDetail":{"current":335904768,"total":398683766},"progress":"[==========================================\u003e        ]  335.9MB/398.7MB","id":"0b2070474037"}[\r][\n]"
2024-03-20 20:11:11.051 [docker-java-stream-1681795290]  DEBUG c.g.d.z.s.o.a.hc.client5.http.wire - http-outgoing-0 << "{"status":"Extracting","progressDetail":{"current":338690048,"total":398683766},"progress":"[==========================================\u003e        ]  338.7MB/398.7MB","id":"0b2070474037"}[\r][\n]"
2024-03-20 20:11:11.051 [docker-java-stream-1681795290]  DEBUG c.g.d.z.s.o.a.hc.client5.http.wire - http-outgoing-0 << "{"status":"Extracting","progressDetail":{"current":341475328,"total":398683766},"progress":"[==========================================\u003e        ]  341.5MB/398.7MB","id":"0b2070474037"}[\r][\n]"
2024-03-20 20:11:11.051 [docker-java-stream-1681795290]  DEBUG c.g.d.z.s.o.a.hc.client5.http.wire - http-outgoing-0 << "{"status":"Extracting","progressDetail":{"current":344260608,"total":398683766},"progress":"[===========================================\u003e       ]  344.3MB/398.7MB","id":"0b2070474037"}[\r][\n]"
2024-03-20 20:11:11.051 [docker-java-stream-1681795290]  DEBUG c.g.d.z.s.o.a.hc.client5.http.wire - http-outgoing-0 << "{"status":"Extracting","progressDetail":{"current":347045888,"total":398683766},"progress":"[===========================================\u003e       ]    347MB/398.7MB","id":"0b2070474037"}[\r][\n]"
2024-03-20 20:11:11.051 [docker-java-stream-1681795290]  DEBUG c.g.d.z.s.o.a.hc.client5.http.wire - http-outgoing-0 << "{"status":"Extracting","progressDetail":{"current":349274112,"total":398683766},"progress":"[===========================================\u003e       ]  349.3MB/398.7MB","id":"0b2070474037"}[\r][\n]"
2024-03-20 20:11:11.051 [docker-java-stream-1681795290]  DEBUG c.g.d.z.s.o.a.hc.client5.http.wire - http-outgoing-0 << "{"status":"Extracting","progressDetail":{"current":351502336,"total":398683766},"progress":"[============================================\u003e      ]  351.5MB/398.7MB","id":"0b2070474037"}[\r][\n]"
2024-03-20 20:11:11.051 [docker-java-stream-1681795290]  DEBUG c.g.d.z.s.o.a.hc.client5.http.wire - http-outgoing-0 << "{"status":"Extracting","progressDetail":{"current":353730560,"total":398683766},"progress":"[============================================\u003e      ]  353.7MB/398.7MB","id":"0b2070474037"}[\r][\n]"
2024-03-20 20:11:11.051 [docker-java-stream-1681795290]  DEBUG c.g.d.z.s.o.a.hc.client5.http.wire - http-outgoing-0 << "{"status":"Extracting","progressDetail":{"current":355958784,"total":398683766},"progress":"[============================================\u003e      ]    356MB/398.7MB","id":"0b2070474037"}[\r][\n]"
2024-03-20 20:11:11.051 [docker-java-stream-1681795290]  DEBUG c.g.d.z.s.o.a.hc.client5.http.wire - http-outgoing-0 << "{"status":"Extracting","progressDetail":{"current":359301120,"total":398683766},"progress":"[=============================================\u003e     ]  359.3MB/398.7MB","id":"0b20"
2024-03-20 20:11:11.052 [docker-java-stream-1681795290]  DEBUG c.g.d.a.c.PullImageResultCallback - ResponseItem(stream=null, status=Extracting, progressDetail=ResponseItem.ProgressDetail(current=300253184, total=398683766, start=null), progress=[=====================================>             ]  300.3MB/398.7MB, id=0b2070474037, from=null, time=null, errorDetail=null, error=null, aux=null)
2024-03-20 20:11:11.054 [docker-java-stream-1681795290]  DEBUG c.g.d.a.c.PullImageResultCallback - ResponseItem(stream=null, status=Extracting, progressDetail=ResponseItem.ProgressDetail(current=303038464, total=398683766, start=null), progress=[======================================>            ]    303MB/398.7MB, id=0b2070474037, from=null, time=null, errorDetail=null, error=null, aux=null)
2024-03-20 20:11:11.055 [docker-java-stream-1681795290]  DEBUG c.g.d.a.c.PullImageResultCallback - ResponseItem(stream=null, status=Extracting, progressDetail=ResponseItem.ProgressDetail(current=306937856, total=398683766, start=null), progress=[======================================>            ]  306.9MB/398.7MB, id=0b2070474037, from=null, time=null, errorDetail=null, error=null, aux=null)
2024-03-20 20:11:11.055 [docker-java-stream-1681795290]  DEBUG c.g.d.a.c.PullImageResultCallback - ResponseItem(stream=null, status=Extracting, progressDetail=ResponseItem.ProgressDetail(current=310280192, total=398683766, start=null), progress=[======================================>            ]  310.3MB/398.7MB, id=0b2070474037, from=null, time=null, errorDetail=null, error=null, aux=null)
2024-03-20 20:11:11.055 [docker-java-stream-1681795290]  DEBUG c.g.d.a.c.PullImageResultCallback - ResponseItem(stream=null, status=Extracting, progressDetail=ResponseItem.ProgressDetail(current=313065472, total=398683766, start=null), progress=[=======================================>           ]  313.1MB/398.7MB, id=0b2070474037, from=null, time=null, errorDetail=null, error=null, aux=null)
2024-03-20 20:11:11.055 [docker-java-stream-1681795290]  DEBUG c.g.d.a.c.PullImageResultCallback - ResponseItem(stream=null, status=Extracting, progressDetail=ResponseItem.ProgressDetail(current=315850752, total=398683766, start=null), progress=[=======================================>           ]  315.9MB/398.7MB, id=0b2070474037, from=null, time=null, errorDetail=null, error=null, aux=null)
2024-03-20 20:11:11.055 [docker-java-stream-1681795290]  DEBUG c.g.d.a.c.PullImageResultCallback - ResponseItem(stream=null, status=Extracting, progressDetail=ResponseItem.ProgressDetail(current=318636032, total=398683766, start=null), progress=[=======================================>           ]  318.6MB/398.7MB, id=0b2070474037, from=null, time=null, errorDetail=null, error=null, aux=null)
2024-03-20 20:11:11.055 [docker-java-stream-1681795290]  DEBUG c.g.d.a.c.PullImageResultCallback - ResponseItem(stream=null, status=Extracting, progressDetail=ResponseItem.ProgressDetail(current=321978368, total=398683766, start=null), progress=[========================================>          ]    322MB/398.7MB, id=0b2070474037, from=null, time=null, errorDetail=null, error=null, aux=null)
2024-03-20 20:11:11.056 [docker-java-stream-1681795290]  DEBUG c.g.d.a.c.PullImageResultCallback - ResponseItem(stream=null, status=Extracting, progressDetail=ResponseItem.ProgressDetail(current=324763648, total=398683766, start=null), progress=[========================================>          ]  324.8MB/398.7MB, id=0b2070474037, from=null, time=null, errorDetail=null, error=null, aux=null)
2024-03-20 20:11:11.056 [docker-java-stream-1681795290]  DEBUG c.g.d.a.c.PullImageResultCallback - ResponseItem(stream=null, status=Extracting, progressDetail=ResponseItem.ProgressDetail(current=327548928, total=398683766, start=null), progress=[=========================================>         ]  327.5MB/398.7MB, id=0b2070474037, from=null, time=null, errorDetail=null, error=null, aux=null)
2024-03-20 20:11:11.056 [docker-java-stream-1681795290]  DEBUG c.g.d.a.c.PullImageResultCallback - ResponseItem(stream=null, status=Extracting, progressDetail=ResponseItem.ProgressDetail(current=330334208, total=398683766, start=null), progress=[=========================================>         ]  330.3MB/398.7MB, id=0b2070474037, from=null, time=null, errorDetail=null, error=null, aux=null)
2024-03-20 20:11:11.056 [docker-java-stream-1681795290]  DEBUG c.g.d.a.c.PullImageResultCallback - ResponseItem(stream=null, status=Extracting, progressDetail=ResponseItem.ProgressDetail(current=333119488, total=398683766, start=null), progress=[=========================================>         ]  333.1MB/398.7MB, id=0b2070474037, from=null, time=null, errorDetail=null, error=null, aux=null)
2024-03-20 20:11:11.056 [docker-java-stream-1681795290]  DEBUG c.g.d.a.c.PullImageResultCallback - ResponseItem(stream=null, status=Extracting, progressDetail=ResponseItem.ProgressDetail(current=335904768, total=398683766, start=null), progress=[==========================================>        ]  335.9MB/398.7MB, id=0b2070474037, from=null, time=null, errorDetail=null, error=null, aux=null)
2024-03-20 20:11:11.056 [docker-java-stream-1681795290]  DEBUG c.g.d.a.c.PullImageResultCallback - ResponseItem(stream=null, status=Extracting, progressDetail=ResponseItem.ProgressDetail(current=338690048, total=398683766, start=null), progress=[==========================================>        ]  338.7MB/398.7MB, id=0b2070474037, from=null, time=null, errorDetail=null, error=null, aux=null)
2024-03-20 20:11:11.056 [docker-java-stream-1681795290]  DEBUG c.g.d.a.c.PullImageResultCallback - ResponseItem(stream=null, status=Extracting, progressDetail=ResponseItem.ProgressDetail(current=341475328, total=398683766, start=null), progress=[==========================================>        ]  341.5MB/398.7MB, id=0b2070474037, from=null, time=null, errorDetail=null, error=null, aux=null)
2024-03-20 20:11:11.057 [docker-java-stream-1681795290]  DEBUG c.g.d.a.c.PullImageResultCallback - ResponseItem(stream=null, status=Extracting, progressDetail=ResponseItem.ProgressDetail(current=344260608, total=398683766, start=null), progress=[===========================================>       ]  344.3MB/398.7MB, id=0b2070474037, from=null, time=null, errorDetail=null, error=null, aux=null)
2024-03-20 20:11:11.058 [docker-java-stream-1681795290]  DEBUG c.g.d.a.c.PullImageResultCallback - ResponseItem(stream=null, status=Extracting, progressDetail=ResponseItem.ProgressDetail(current=347045888, total=398683766, start=null), progress=[===========================================>       ]    347MB/398.7MB, id=0b2070474037, from=null, time=null, errorDetail=null, error=null, aux=null)
2024-03-20 20:11:11.058 [docker-java-stream-1681795290]  DEBUG c.g.d.a.c.PullImageResultCallback - ResponseItem(stream=null, status=Extracting, progressDetail=ResponseItem.ProgressDetail(current=349274112, total=398683766, start=null), progress=[===========================================>       ]  349.3MB/398.7MB, id=0b2070474037, from=null, time=null, errorDetail=null, error=null, aux=null)
2024-03-20 20:11:11.058 [docker-java-stream-1681795290]  DEBUG c.g.d.a.c.PullImageResultCallback - ResponseItem(stream=null, status=Extracting, progressDetail=ResponseItem.ProgressDetail(current=351502336, total=398683766, start=null), progress=[============================================>      ]  351.5MB/398.7MB, id=0b2070474037, from=null, time=null, errorDetail=null, error=null, aux=null)
2024-03-20 20:11:11.058 [docker-java-stream-1681795290]  DEBUG c.g.d.a.c.PullImageResultCallback - ResponseItem(stream=null, status=Extracting, progressDetail=ResponseItem.ProgressDetail(current=353730560, total=398683766, start=null), progress=[============================================>      ]  353.7MB/398.7MB, id=0b2070474037, from=null, time=null, errorDetail=null, error=null, aux=null)
2024-03-20 20:11:11.058 [docker-java-stream-1681795290]  DEBUG c.g.d.a.c.PullImageResultCallback - ResponseItem(stream=null, status=Extracting, progressDetail=ResponseItem.ProgressDetail(current=355958784, total=398683766, start=null), progress=[============================================>      ]    356MB/398.7MB, id=0b2070474037, from=null, time=null, errorDetail=null, error=null, aux=null)
2024-03-20 20:11:13.747 [docker-java-stream-1681795290]  DEBUG c.g.d.z.s.o.a.hc.client5.http.wire - http-outgoing-0 << "70474037"}[\r][\n]"
2024-03-20 20:11:13.747 [docker-java-stream-1681795290]  DEBUG c.g.d.z.s.o.a.hc.client5.http.wire - http-outgoing-0 << "{"status":"Extracting","progressDetail":{"current":362086400,"total":398683766},"progress":"[=============================================\u003e     ]  362.1MB/398.7MB"[\r][\n]"
2024-03-20 20:11:13.747 [docker-java-stream-1681795290]  DEBUG c.g.d.z.s.o.a.hc.client5.http.wire - http-outgoing-0 << "800[\r][\n]"
2024-03-20 20:11:13.747 [docker-java-stream-1681795290]  DEBUG c.g.d.z.s.o.a.hc.client5.http.wire - http-outgoing-0 << ","id":"0b2070474037"}[\r][\n]"
2024-03-20 20:11:13.747 [docker-java-stream-1681795290]  DEBUG c.g.d.z.s.o.a.hc.client5.http.wire - http-outgoing-0 << "{"status":"Extracting","progressDetail":{"current":365428736,"total":398683766},"progress":"[=============================================\u003e     ]  365.4MB/398.7MB","id":"0b2070474037"}[\r][\n]"
2024-03-20 20:11:13.747 [docker-java-stream-1681795290]  DEBUG c.g.d.z.s.o.a.hc.client5.http.wire - http-outgoing-0 << "{"status":"Extracting","progressDetail":{"current":367099904,"total":398683766},"progress":"[==============================================\u003e    ]  367.1MB/398.7MB","id":"0b2070474037"}[\r][\n]"
2024-03-20 20:11:13.747 [docker-java-stream-1681795290]  DEBUG c.g.d.z.s.o.a.hc.client5.http.wire - http-outgoing-0 << "{"status":"Extracting","progressDetail":{"current":368214016,"total":398683766},"progress":"[==============================================\u003e    ]  368.2MB/398.7MB","id":"0b2070474037"}[\r][\n]"
2024-03-20 20:11:13.747 [docker-java-stream-1681795290]  DEBUG c.g.d.z.s.o.a.hc.client5.http.wire - http-outgoing-0 << "{"status":"Extracting","progressDetail":{"current":368771072,"total":398683766},"progress":"[==============================================\u003e    ]  368.8MB/398.7MB","id":"0b2070474037"}[\r][\n]"
2024-03-20 20:11:13.747 [docker-java-stream-1681795290]  DEBUG c.g.d.z.s.o.a.hc.client5.http.wire - http-outgoing-0 << "{"status":"Extracting","progressDetail":{"current":370442240,"total":398683766},"progress":"[==============================================\u003e    ]  370.4MB/398.7MB","id":"0b2070474037"}[\r][\n]"
2024-03-20 20:11:13.747 [docker-java-stream-1681795290]  DEBUG c.g.d.z.s.o.a.hc.client5.http.wire - http-outgoing-0 << "{"status":"Extracting","progressDetail":{"current":371556352,"total":398683766},"progress":"[==============================================\u003e    ]  371.6MB/398.7MB","id":"0b2070474037"}[\r][\n]"
2024-03-20 20:11:13.748 [docker-java-stream-1681795290]  DEBUG c.g.d.z.s.o.a.hc.client5.http.wire - http-outgoing-0 << "{"status":"Extracting","progressDetail":{"current":373227520,"total":398683766},"progress":"[==============================================\u003e    ]  373.2MB/398.7MB","id":"0b2070474037"}[\r][\n]"
2024-03-20 20:11:13.748 [docker-java-stream-1681795290]  DEBUG c.g.d.z.s.o.a.hc.client5.http.wire - http-outgoing-0 << "{"status":"Extracting","progressDetail":{"current":376012800,"total":398683766},"progress":"[===============================================\u003e   ]    376MB/398.7MB","id":"0b2070474037"}[\r][\n]"
2024-03-20 20:11:13.748 [docker-java-stream-1681795290]  DEBUG c.g.d.z.s.o.a.hc.client5.http.wire - http-outgoing-0 << "{"status":"Extracting","progressDetail":{"current":379355136,"total":398683766},"progress":"[===============================================\u003e   ]  379.4MB/398.7MB","id":"0b2070474037"}[\r][\n]"
2024-03-20 20:11:13.748 [docker-java-stream-1681795290]  DEBUG c.g.d.z.s.o.a.hc.client5.http.wire - http-outgoing-0 << "{"status":"Extracting","progressDetail":{"current":382697472,"total":398683766},"progress":"[===============================================\u003e   ]  382.7MB/398.7MB","id":"0b2070474037"}[\r][\n]"
2024-03-20 20:11:13.748 [docker-java-stream-1681795290]  DEBUG c.g.d.z.s.o.a.hc.client5.http.wire - http-outgoing-0 << "{"status":"Extracting","progressDetail":{"current":386039808,"total":398683766},"progress":"[======================[\r][\n]"
2024-03-20 20:11:13.748 [docker-java-stream-1681795290]  DEBUG c.g.d.z.s.o.a.hc.client5.http.wire - http-outgoing-0 << "69a[\r][\n]"
2024-03-20 20:11:13.748 [docker-java-stream-1681795290]  DEBUG c.g.d.z.s.o.a.hc.client5.http.wire - http-outgoing-0 << "==========================\u003e  ]    386MB/398.7MB","id":"0b2070474037"}[\r][\n]"
2024-03-20 20:11:13.748 [docker-java-stream-1681795290]  DEBUG c.g.d.z.s.o.a.hc.client5.http.wire - http-outgoing-0 << "{"status":"Extracting","progressDetail":{"current":388825088,"total":398683766},"progress":"[================================================\u003e  ]  388.8MB/398.7MB","id":"0b2070474037"}[\r][\n]"
2024-03-20 20:11:13.748 [docker-java-stream-1681795290]  DEBUG c.g.d.z.s.o.a.hc.client5.http.wire - http-outgoing-0 << "{"status":"Extracting","progressDetail":{"current":391610368,"total":398683766},"progress":"[=================================================\u003e ]  391.6MB/398.7MB","id":"0b2070474037"}[\r][\n]"
2024-03-20 20:11:13.748 [docker-java-stream-1681795290]  DEBUG c.g.d.z.s.o.a.hc.client5.http.wire - http-outgoing-0 << "{"status":"Extracting","progressDetail":{"current":394395648,"total":398683766},"progress":"[=================================================\u003e ]  394.4MB/398.7MB","id":"0b2070474037"}[\r][\n]"
2024-03-20 20:11:13.748 [docker-java-stream-1681795290]  DEBUG c.g.d.z.s.o.a.hc.client5.http.wire - http-outgoing-0 << "{"status":"Extracting","progressDetail":{"current":395509760,"total":398683766},"progress":"[=================================================\u003e ]  395.5MB/398.7MB","id":"0b2070474037"}[\r][\n]"
2024-03-20 20:11:13.748 [docker-java-stream-1681795290]  DEBUG c.g.d.z.s.o.a.hc.client5.http.wire - http-outgoing-0 << "{"status":"Extracting","progressDetail":{"current":397180928,"total":398683766},"progress":"[=================================================\u003e ]  397.2MB/398.7MB","id":"0b2070474037"}[\r][\n]"
2024-03-20 20:11:13.748 [docker-java-stream-1681795290]  DEBUG c.g.d.z.s.o.a.hc.client5.http.wire - http-outgoing-0 << "{"status":"Extracting","progressDetail":{"current":397737984,"total":398683766},"progress":"[=================================================\u003e ]  397.7MB/398.7MB","id":"0b2070474037"}[\r][\n]"
2024-03-20 20:11:13.748 [docker-java-stream-1681795290]  DEBUG c.g.d.z.s.o.a.hc.client5.http.wire - http-outgoing-0 << "{"status":"Extracting","progressDetail":{"current":398683766,"total":398683766},"progress":"[==================================================\u003e]  398.7MB/398.7MB","id":"0b2070474037"}[\r][\n]"
2024-03-20 20:11:13.748 [docker-java-stream-1681795290]  DEBUG c.g.d.z.s.o.a.hc.client5.http.wire - http-outgoing-0 << "{"status":"Pull complete","progressDetail":{},"id":"0b2070474037"}[\r][\n]"
2024-03-20 20:11:13.748 [docker-java-stream-1681795290]  DEBUG c.g.d.z.s.o.a.hc.client5.http.wire - http-outgoing-0 << "{"status":"Digest: sha256:b17f6019b6d8003dbb88e764e1c23f3de3a664eab690f4da7d9ca197bd6b03ae"}[\r][\n]"
2024-03-20 20:11:13.748 [docker-java-stream-1681795290]  DEBUG c.g.d.z.s.o.a.hc.client5.http.wire - http-outgoing-0 << "{"status":"Status: Downloaded newer image for gcr.io/google.com/cloudsdktool/google-cloud-cli:441.0.0-emulators"}[\r][\n]"
2024-03-20 20:11:13.748 [docker-java-stream-1681795290]  DEBUG c.g.d.z.s.o.a.hc.client5.http.wire - http-outgoing-0 << "[\r][\n]"
2024-03-20 20:11:13.748 [docker-java-stream-1681795290]  DEBUG c.g.d.z.s.o.a.hc.client5.http.wire - http-outgoing-0 << "0[\r][\n]"
2024-03-20 20:11:13.748 [docker-java-stream-1681795290]  DEBUG c.g.d.z.s.o.a.hc.client5.http.wire - http-outgoing-0 << "[\r][\n]"
2024-03-20 20:11:13.748 [docker-java-stream-1681795290]  DEBUG c.g.d.a.c.PullImageResultCallback - ResponseItem(stream=null, status=Extracting, progressDetail=ResponseItem.ProgressDetail(current=359301120, total=398683766, start=null), progress=[=============================================>     ]  359.3MB/398.7MB, id=0b2070474037, from=null, time=null, errorDetail=null, error=null, aux=null)
2024-03-20 20:11:13.748 [docker-java-stream-1681795290]  DEBUG c.g.d.a.c.PullImageResultCallback - ResponseItem(stream=null, status=Extracting, progressDetail=ResponseItem.ProgressDetail(current=362086400, total=398683766, start=null), progress=[=============================================>     ]  362.1MB/398.7MB, id=0b2070474037, from=null, time=null, errorDetail=null, error=null, aux=null)
2024-03-20 20:11:13.748 [docker-java-stream-1681795290]  DEBUG c.g.d.a.c.PullImageResultCallback - ResponseItem(stream=null, status=Extracting, progressDetail=ResponseItem.ProgressDetail(current=365428736, total=398683766, start=null), progress=[=============================================>     ]  365.4MB/398.7MB, id=0b2070474037, from=null, time=null, errorDetail=null, error=null, aux=null)
2024-03-20 20:11:13.749 [docker-java-stream-1681795290]  DEBUG c.g.d.a.c.PullImageResultCallback - ResponseItem(stream=null, status=Extracting, progressDetail=ResponseItem.ProgressDetail(current=367099904, total=398683766, start=null), progress=[==============================================>    ]  367.1MB/398.7MB, id=0b2070474037, from=null, time=null, errorDetail=null, error=null, aux=null)
2024-03-20 20:11:13.749 [docker-java-stream-1681795290]  DEBUG c.g.d.a.c.PullImageResultCallback - ResponseItem(stream=null, status=Extracting, progressDetail=ResponseItem.ProgressDetail(current=368214016, total=398683766, start=null), progress=[==============================================>    ]  368.2MB/398.7MB, id=0b2070474037, from=null, time=null, errorDetail=null, error=null, aux=null)
2024-03-20 20:11:13.750 [docker-java-stream-1681795290]  DEBUG c.g.d.a.c.PullImageResultCallback - ResponseItem(stream=null, status=Extracting, progressDetail=ResponseItem.ProgressDetail(current=368771072, total=398683766, start=null), progress=[==============================================>    ]  368.8MB/398.7MB, id=0b2070474037, from=null, time=null, errorDetail=null, error=null, aux=null)
2024-03-20 20:11:13.750 [docker-java-stream-1681795290]  DEBUG c.g.d.a.c.PullImageResultCallback - ResponseItem(stream=null, status=Extracting, progressDetail=ResponseItem.ProgressDetail(current=370442240, total=398683766, start=null), progress=[==============================================>    ]  370.4MB/398.7MB, id=0b2070474037, from=null, time=null, errorDetail=null, error=null, aux=null)
2024-03-20 20:11:13.750 [docker-java-stream-1681795290]  DEBUG c.g.d.a.c.PullImageResultCallback - ResponseItem(stream=null, status=Extracting, progressDetail=ResponseItem.ProgressDetail(current=371556352, total=398683766, start=null), progress=[==============================================>    ]  371.6MB/398.7MB, id=0b2070474037, from=null, time=null, errorDetail=null, error=null, aux=null)
2024-03-20 20:11:13.750 [docker-java-stream-1681795290]  DEBUG c.g.d.a.c.PullImageResultCallback - ResponseItem(stream=null, status=Extracting, progressDetail=ResponseItem.ProgressDetail(current=373227520, total=398683766, start=null), progress=[==============================================>    ]  373.2MB/398.7MB, id=0b2070474037, from=null, time=null, errorDetail=null, error=null, aux=null)
2024-03-20 20:11:13.750 [docker-java-stream-1681795290]  DEBUG c.g.d.a.c.PullImageResultCallback - ResponseItem(stream=null, status=Extracting, progressDetail=ResponseItem.ProgressDetail(current=376012800, total=398683766, start=null), progress=[===============================================>   ]    376MB/398.7MB, id=0b2070474037, from=null, time=null, errorDetail=null, error=null, aux=null)
2024-03-20 20:11:13.750 [docker-java-stream-1681795290]  DEBUG c.g.d.a.c.PullImageResultCallback - ResponseItem(stream=null, status=Extracting, progressDetail=ResponseItem.ProgressDetail(current=379355136, total=398683766, start=null), progress=[===============================================>   ]  379.4MB/398.7MB, id=0b2070474037, from=null, time=null, errorDetail=null, error=null, aux=null)
2024-03-20 20:11:13.750 [docker-java-stream-1681795290]  DEBUG c.g.d.a.c.PullImageResultCallback - ResponseItem(stream=null, status=Extracting, progressDetail=ResponseItem.ProgressDetail(current=382697472, total=398683766, start=null), progress=[===============================================>   ]  382.7MB/398.7MB, id=0b2070474037, from=null, time=null, errorDetail=null, error=null, aux=null)
2024-03-20 20:11:13.751 [docker-java-stream-1681795290]  DEBUG c.g.d.a.c.PullImageResultCallback - ResponseItem(stream=null, status=Extracting, progressDetail=ResponseItem.ProgressDetail(current=386039808, total=398683766, start=null), progress=[================================================>  ]    386MB/398.7MB, id=0b2070474037, from=null, time=null, errorDetail=null, error=null, aux=null)
2024-03-20 20:11:13.751 [docker-java-stream-1681795290]  DEBUG c.g.d.a.c.PullImageResultCallback - ResponseItem(stream=null, status=Extracting, progressDetail=ResponseItem.ProgressDetail(current=388825088, total=398683766, start=null), progress=[================================================>  ]  388.8MB/398.7MB, id=0b2070474037, from=null, time=null, errorDetail=null, error=null, aux=null)
2024-03-20 20:11:13.751 [docker-java-stream-1681795290]  DEBUG c.g.d.a.c.PullImageResultCallback - ResponseItem(stream=null, status=Extracting, progressDetail=ResponseItem.ProgressDetail(current=391610368, total=398683766, start=null), progress=[=================================================> ]  391.6MB/398.7MB, id=0b2070474037, from=null, time=null, errorDetail=null, error=null, aux=null)
2024-03-20 20:11:13.751 [docker-java-stream-1681795290]  DEBUG c.g.d.a.c.PullImageResultCallback - ResponseItem(stream=null, status=Extracting, progressDetail=ResponseItem.ProgressDetail(current=394395648, total=398683766, start=null), progress=[=================================================> ]  394.4MB/398.7MB, id=0b2070474037, from=null, time=null, errorDetail=null, error=null, aux=null)
2024-03-20 20:11:13.751 [docker-java-stream-1681795290]  DEBUG c.g.d.a.c.PullImageResultCallback - ResponseItem(stream=null, status=Extracting, progressDetail=ResponseItem.ProgressDetail(current=395509760, total=398683766, start=null), progress=[=================================================> ]  395.5MB/398.7MB, id=0b2070474037, from=null, time=null, errorDetail=null, error=null, aux=null)
2024-03-20 20:11:13.752 [docker-java-stream-1681795290]  DEBUG c.g.d.a.c.PullImageResultCallback - ResponseItem(stream=null, status=Extracting, progressDetail=ResponseItem.ProgressDetail(current=397180928, total=398683766, start=null), progress=[=================================================> ]  397.2MB/398.7MB, id=0b2070474037, from=null, time=null, errorDetail=null, error=null, aux=null)
2024-03-20 20:11:13.752 [docker-java-stream-1681795290]  DEBUG c.g.d.a.c.PullImageResultCallback - ResponseItem(stream=null, status=Extracting, progressDetail=ResponseItem.ProgressDetail(current=397737984, total=398683766, start=null), progress=[=================================================> ]  397.7MB/398.7MB, id=0b2070474037, from=null, time=null, errorDetail=null, error=null, aux=null)
2024-03-20 20:11:13.752 [docker-java-stream-1681795290]  DEBUG c.g.d.a.c.PullImageResultCallback - ResponseItem(stream=null, status=Extracting, progressDetail=ResponseItem.ProgressDetail(current=398683766, total=398683766, start=null), progress=[==================================================>]  398.7MB/398.7MB, id=0b2070474037, from=null, time=null, errorDetail=null, error=null, aux=null)
2024-03-20 20:11:13.753 [docker-java-stream-1681795290]  DEBUG c.g.d.a.c.PullImageResultCallback - ResponseItem(stream=null, status=Pull complete, progressDetail=ResponseItem.ProgressDetail(current=null, total=null, start=null), progress=null, id=0b2070474037, from=null, time=null, errorDetail=null, error=null, aux=null)
2024-03-20 20:11:13.753 [docker-java-stream-1681795290]  INFO  t.g.i.c.0.0-emulators - Pulling image layers:  0 pending,  7 downloaded,  7 extracted, (410 MB/410 MB)
2024-03-20 20:11:13.753 [docker-java-stream-1681795290]  DEBUG c.g.d.a.c.PullImageResultCallback - ResponseItem(stream=null, status=Digest: sha256:b17f6019b6d8003dbb88e764e1c23f3de3a664eab690f4da7d9ca197bd6b03ae, progressDetail=null, progress=null, id=null, from=null, time=null, errorDetail=null, error=null, aux=null)
2024-03-20 20:11:13.754 [docker-java-stream-1681795290]  DEBUG c.g.d.a.c.PullImageResultCallback - ResponseItem(stream=null, status=Status: Downloaded newer image for gcr.io/google.com/cloudsdktool/google-cloud-cli:441.0.0-emulators, progressDetail=null, progress=null, id=null, from=null, time=null, errorDetail=null, error=null, aux=null)
2024-03-20 20:11:13.754 [docker-java-stream-1681795290]  DEBUG c.g.d.z.s.o.a.h.c.h.i.c.InternalHttpClient - ep-00000004: releasing valid endpoint
2024-03-20 20:11:13.754 [docker-java-stream-1681795290]  DEBUG c.g.d.z.s.o.a.h.c.h.i.i.PoolingHttpClientConnectionManager - ep-00000004: releasing endpoint
2024-03-20 20:11:13.754 [docker-java-stream-1681795290]  DEBUG c.g.d.z.s.o.a.h.c.h.i.i.PoolingHttpClientConnectionManager - ep-00000004: connection http-outgoing-0 can be kept alive for 3 MINUTES
2024-03-20 20:11:13.754 [docker-java-stream-1681795290]  DEBUG c.g.d.z.s.o.a.h.c.h.i.i.PoolingHttpClientConnectionManager - ep-00000004: connection released [route: {}->http://127.0.0.1:62197][total available: 1; route allocated: 1 of 2147483647; total allocated: 1 of 2147483647]
2024-03-20 20:11:13.754 [docker-java-stream-1681795290]  INFO  t.g.i.c.0.0-emulators - Pull complete. 7 layers, pulled in 36s (downloaded 410 MB at 11 MB/s)
2024-03-20 20:11:13.754 [Test worker]  INFO  t.g.i.c.0.0-emulators - Image gcr.io/google.com/cloudsdktool/google-cloud-cli:441.0.0-emulators pull took PT37.173907S
2024-03-20 20:11:13.755 [Test worker]  DEBUG o.t.s.c.g.d.c.command.AbstrDockerCmd - Cmd: gcr.io/google.com/cloudsdktool/google-cloud-cli:441.0.0-emulators
2024-03-20 20:11:13.755 [Test worker]  TRACE o.t.s.c.g.d.c.e.InspectImageCmdExec - GET: DefaultWebTarget{path=[/images/gcr.io%2Fgoogle.com%2Fcloudsdktool%2Fgoogle-cloud-cli:441.0.0-emulators/json], queryParams={}}
2024-03-20 20:11:13.755 [Test worker]  DEBUG c.g.d.z.s.o.a.h.c.h.i.c.InternalHttpClient - ex-00000006: preparing request execution
2024-03-20 20:11:13.756 [Test worker]  DEBUG c.g.d.z.s.o.a.h.c.h.p.RequestAddCookies - Cookie spec selected: strict
2024-03-20 20:11:13.756 [Test worker]  DEBUG c.g.d.z.s.o.a.h.c.h.p.RequestAuthCache - Auth cache not set in the context
2024-03-20 20:11:13.756 [Test worker]  DEBUG c.g.d.z.s.o.a.h.c.h.i.c.ProtocolExec - ex-00000006: target auth state: UNCHALLENGED
2024-03-20 20:11:13.756 [Test worker]  DEBUG c.g.d.z.s.o.a.h.c.h.i.c.ProtocolExec - ex-00000006: proxy auth state: UNCHALLENGED
2024-03-20 20:11:13.756 [Test worker]  DEBUG c.g.d.z.s.o.a.h.c.h.i.c.ConnectExec - ex-00000006: acquiring connection with route {}->http://127.0.0.1:62197
2024-03-20 20:11:13.756 [Test worker]  DEBUG c.g.d.z.s.o.a.h.c.h.i.c.InternalHttpClient - ex-00000006: acquiring endpoint (3 MINUTES)
2024-03-20 20:11:13.756 [Test worker]  DEBUG c.g.d.z.s.o.a.h.c.h.i.i.PoolingHttpClientConnectionManager - ex-00000006: endpoint lease request (3 MINUTES) [route: {}->http://127.0.0.1:62197][total available: 1; route allocated: 1 of 2147483647; total allocated: 1 of 2147483647]
2024-03-20 20:11:13.756 [Test worker]  DEBUG c.g.d.z.s.o.a.h.c.h.i.i.PoolingHttpClientConnectionManager - ex-00000006: endpoint leased [route: {}->http://127.0.0.1:62197][total available: 0; route allocated: 1 of 2147483647; total allocated: 1 of 2147483647]
2024-03-20 20:11:13.756 [Test worker]  DEBUG c.g.d.z.s.o.a.h.c.h.i.i.PoolingHttpClientConnectionManager - ex-00000006: acquired ep-00000005
2024-03-20 20:11:13.756 [Test worker]  DEBUG c.g.d.z.s.o.a.h.c.h.i.c.InternalHttpClient - ex-00000006: acquired endpoint ep-00000005
2024-03-20 20:11:13.756 [Test worker]  DEBUG c.g.d.z.s.o.a.h.c.h.i.c.MainClientExec - ex-00000006: executing GET /v1.32/images/gcr.io%2Fgoogle.com%2Fcloudsdktool%2Fgoogle-cloud-cli:441.0.0-emulators/json HTTP/1.1
2024-03-20 20:11:13.756 [Test worker]  DEBUG c.g.d.z.s.o.a.h.c.h.i.c.InternalHttpClient - ep-00000005: start execution ex-00000006
2024-03-20 20:11:13.756 [Test worker]  DEBUG c.g.d.z.s.o.a.h.c.h.i.i.PoolingHttpClientConnectionManager - ep-00000005: executing exchange ex-00000006 over http-outgoing-0
2024-03-20 20:11:13.756 [Test worker]  DEBUG c.g.d.z.s.o.a.h.client5.http.headers - http-outgoing-0 >> GET /v1.32/images/gcr.io%2Fgoogle.com%2Fcloudsdktool%2Fgoogle-cloud-cli:441.0.0-emulators/json HTTP/1.1
2024-03-20 20:11:13.756 [Test worker]  DEBUG c.g.d.z.s.o.a.h.client5.http.headers - http-outgoing-0 >> accept: application/json
2024-03-20 20:11:13.756 [Test worker]  DEBUG c.g.d.z.s.o.a.h.client5.http.headers - http-outgoing-0 >> x-tc-sid: f9061f9f-f631-469c-a1b7-e8c8c32eacbb
2024-03-20 20:11:13.756 [Test worker]  DEBUG c.g.d.z.s.o.a.h.client5.http.headers - http-outgoing-0 >> User-Agent: tc-java/1.19.7
2024-03-20 20:11:13.756 [Test worker]  DEBUG c.g.d.z.s.o.a.h.client5.http.headers - http-outgoing-0 >> Accept-Encoding: gzip, x-gzip, deflate
2024-03-20 20:11:13.756 [Test worker]  DEBUG c.g.d.z.s.o.a.h.client5.http.headers - http-outgoing-0 >> Host: 127.0.0.1:62197
2024-03-20 20:11:13.756 [Test worker]  DEBUG c.g.d.z.s.o.a.h.client5.http.headers - http-outgoing-0 >> Connection: keep-alive
2024-03-20 20:11:13.756 [Test worker]  DEBUG c.g.d.z.s.o.a.hc.client5.http.wire - http-outgoing-0 >> "GET /v1.32/images/gcr.io%2Fgoogle.com%2Fcloudsdktool%2Fgoogle-cloud-cli:441.0.0-emulators/json HTTP/1.1[\r][\n]"
2024-03-20 20:11:13.756 [Test worker]  DEBUG c.g.d.z.s.o.a.hc.client5.http.wire - http-outgoing-0 >> "accept: application/json[\r][\n]"
2024-03-20 20:11:13.756 [Test worker]  DEBUG c.g.d.z.s.o.a.hc.client5.http.wire - http-outgoing-0 >> "x-tc-sid: f9061f9f-f631-469c-a1b7-e8c8c32eacbb[\r][\n]"
2024-03-20 20:11:13.757 [Test worker]  DEBUG c.g.d.z.s.o.a.hc.client5.http.wire - http-outgoing-0 >> "User-Agent: tc-java/1.19.7[\r][\n]"
2024-03-20 20:11:13.757 [Test worker]  DEBUG c.g.d.z.s.o.a.hc.client5.http.wire - http-outgoing-0 >> "Accept-Encoding: gzip, x-gzip, deflate[\r][\n]"
2024-03-20 20:11:13.757 [Test worker]  DEBUG c.g.d.z.s.o.a.hc.client5.http.wire - http-outgoing-0 >> "Host: 127.0.0.1:62197[\r][\n]"
2024-03-20 20:11:13.757 [Test worker]  DEBUG c.g.d.z.s.o.a.hc.client5.http.wire - http-outgoing-0 >> "Connection: keep-alive[\r][\n]"
2024-03-20 20:11:13.757 [Test worker]  DEBUG c.g.d.z.s.o.a.hc.client5.http.wire - http-outgoing-0 >> "[\r][\n]"
2024-03-20 20:11:13.769 [Test worker]  DEBUG c.g.d.z.s.o.a.hc.client5.http.wire - http-outgoing-0 << "HTTP/1.1 200 OK[\r][\n]"
2024-03-20 20:11:13.769 [Test worker]  DEBUG c.g.d.z.s.o.a.hc.client5.http.wire - http-outgoing-0 << "Api-Version: 1.44[\r][\n]"
2024-03-20 20:11:13.769 [Test worker]  DEBUG c.g.d.z.s.o.a.hc.client5.http.wire - http-outgoing-0 << "Content-Type: application/json[\r][\n]"
2024-03-20 20:11:13.769 [Test worker]  DEBUG c.g.d.z.s.o.a.hc.client5.http.wire - http-outgoing-0 << "Date: Wed, 20 Mar 2024 19:11:13 GMT[\r][\n]"
2024-03-20 20:11:13.769 [Test worker]  DEBUG c.g.d.z.s.o.a.hc.client5.http.wire - http-outgoing-0 << "Docker-Experimental: false[\r][\n]"
2024-03-20 20:11:13.769 [Test worker]  DEBUG c.g.d.z.s.o.a.hc.client5.http.wire - http-outgoing-0 << "Ostype: linux[\r][\n]"
2024-03-20 20:11:13.769 [Test worker]  DEBUG c.g.d.z.s.o.a.hc.client5.http.wire - http-outgoing-0 << "Server: Docker/80+testcontainerscloud (linux)[\r][\n]"
2024-03-20 20:11:13.769 [Test worker]  DEBUG c.g.d.z.s.o.a.hc.client5.http.wire - http-outgoing-0 << "Transfer-Encoding: chunked[\r][\n]"
2024-03-20 20:11:13.769 [Test worker]  DEBUG c.g.d.z.s.o.a.hc.client5.http.wire - http-outgoing-0 << "[\r][\n]"
2024-03-20 20:11:13.769 [Test worker]  DEBUG c.g.d.z.s.o.a.h.client5.http.headers - http-outgoing-0 << HTTP/1.1 200 OK
2024-03-20 20:11:13.769 [Test worker]  DEBUG c.g.d.z.s.o.a.h.client5.http.headers - http-outgoing-0 << Api-Version: 1.44
2024-03-20 20:11:13.769 [Test worker]  DEBUG c.g.d.z.s.o.a.h.client5.http.headers - http-outgoing-0 << Content-Type: application/json
2024-03-20 20:11:13.769 [Test worker]  DEBUG c.g.d.z.s.o.a.h.client5.http.headers - http-outgoing-0 << Date: Wed, 20 Mar 2024 19:11:13 GMT
2024-03-20 20:11:13.769 [Test worker]  DEBUG c.g.d.z.s.o.a.h.client5.http.headers - http-outgoing-0 << Docker-Experimental: false
2024-03-20 20:11:13.769 [Test worker]  DEBUG c.g.d.z.s.o.a.h.client5.http.headers - http-outgoing-0 << Ostype: linux
2024-03-20 20:11:13.770 [Test worker]  DEBUG c.g.d.z.s.o.a.h.client5.http.headers - http-outgoing-0 << Server: Docker/80+testcontainerscloud (linux)
2024-03-20 20:11:13.770 [Test worker]  DEBUG c.g.d.z.s.o.a.h.client5.http.headers - http-outgoing-0 << Transfer-Encoding: chunked
2024-03-20 20:11:13.770 [Test worker]  DEBUG c.g.d.z.s.o.a.h.c.h.i.c.MainClientExec - ex-00000006: connection can be kept alive for 3 MINUTES
2024-03-20 20:11:13.770 [Test worker]  DEBUG c.g.d.z.s.o.a.hc.client5.http.wire - http-outgoing-0 << "ab9[\r][\n]"
2024-03-20 20:11:13.770 [Test worker]  DEBUG c.g.d.z.s.o.a.hc.client5.http.wire - http-outgoing-0 << "{"Id":"sha256:381bd9badbc7a270d6400d25c41055ca2423cbf497ad598089e74a274affac6f","RepoTags":["gcr.io/google.com/cloudsdktool/google-cloud-cli:441.0.0-emulators"],"RepoDigests":["gcr.io/google.com/cloudsdktool/google-cloud-cli@sha256:b17f6019b6d8003dbb88e764e1c23f3de3a664eab690f4da7d9ca197bd6b03ae"],"Parent":"","Comment":"buildkit.dockerfile.v0","Created":"2023-08-08T10:38:12.386946965Z","Container":"","ContainerConfig":{"Hostname":"","Domainname":"","User":"","AttachStdin":false,"AttachStdout":false,"AttachStderr":false,"Tty":false,"OpenStdin":false,"StdinOnce":false,"Env":null,"Cmd":null,"Image":"","Volumes":null,"WorkingDir":"","Entrypoint":null,"OnBuild":null,"Labels":null},"DockerVersion":"","Author":"","Config":{"Hostname":"","Domainname":"","User":"","AttachStdin":false,"AttachStdout":false,"AttachStderr":false,"Tty":false,"OpenStdin":false,"StdinOnce":false,"Env":["PATH=/google-cloud-sdk/bin:/usr/local/sbin:/usr/local/bin:/usr/sbin:/usr/bin:/sbin:/bin","CLOUD_SDK_VERSION=441.0.0"],"Cmd":["bash"],"Image":"","Volumes":null,"WorkingDir":"","Entrypoint":null,"OnBuild":null,"Labels":null},"Architecture":"amd64","Os":"linux","Size":1063828837,"VirtualSize":1063828837,"GraphDriver":{"Data":{"LowerDir":"/var/lib/docker/overlay2/5128a1b5b640d59a19093d966150ffadf4d42e345a454bdb359a9a13978e669d/diff:/var/lib/docker/overlay2/5e463c32af42e768297e8ce8d3cb328653520a2dd7bba14f5133407b7ec0b4c0/diff:/var/lib/docker/overlay2/8a28cc30c6eb13201ebc02b6a9f2524913b9f7b3a9e42b1e33e7994dcf9e2789/diff:/var/lib/docker/overlay2/4190aa4de41edc1e2cda40c91462965be575ceeadcbefabef43bb52ec21325c8/diff:/var/lib/docker/overlay2/17b1aa89993c19752065868e6e54fd83351b92387c22265cad73d2bd4e644a1b/diff:/var/lib/docker/overlay2/50a6d9bb8d8f1a2112783f61d767f63c24d3bcceb73b6d3a40bc2b101c7791c1/diff","MergedDir":"/var/lib/docker/overlay2/738e53c178dba16126c38767bb86d3f19eecdfe5a3ce1f30ecf6fb49edb72104/merged","UpperDir":"/var/lib/docker/overlay2/738e53c178dba16126c38767bb86d3f19eecdfe5a3ce1f30ecf6fb49edb72104/diff","WorkDir":"/var/lib/docker/overlay2/738e53c178dba16126c38767bb86d3f19eecdfe5a3ce1f30ecf6fb49edb72104/work"},"Name":"overlay2"},"RootFS":{"Type":"layers","Layers":["sha256:8ce178ff9f343a37169f68dd0df03099524afb71a879551c5f17e493c7b1d3ec","sha256:979b23f1f44b854def58699f1b4aa9d9e073b248442a73085983c0753fb6cb3d","sha256:bc5bb0030b660597b2dc7498e6fca183e1494f4a3eee25733a64782ebbe100b1","sha256:31c3b379b5f506657b5f9b58cbb5aa1157855171dae2ad2c7b081c7486f45d88","sha256:5f70bf18a086007016e948b04aed3b82103a36bea41755b6cddfaf10ace3c6ef","sha256:dab06eaf45fe6d836777e8272d9eb71fc5b51fe858b9a95cfb7dccc6ad7db3df","sha256:6b58a882a918a8c950c9b29d0a0d6a27c732cf05cb4d9ccf9749d342d025663f"]},"Metadata":{"LastTagTime":"0001-01-01T00:00:00Z"}}[\n]"
2024-03-20 20:11:13.770 [Test worker]  DEBUG c.g.d.z.s.o.a.hc.client5.http.wire - http-outgoing-0 << "[\r][\n]"
2024-03-20 20:11:13.770 [Test worker]  DEBUG c.g.d.z.s.o.a.hc.client5.http.wire - http-outgoing-0 << "0[\r][\n]"
2024-03-20 20:11:13.770 [Test worker]  DEBUG c.g.d.z.s.o.a.hc.client5.http.wire - http-outgoing-0 << "[\r][\n]"
2024-03-20 20:11:13.786 [Test worker]  DEBUG c.g.d.z.s.o.a.h.c.h.i.c.InternalHttpClient - ep-00000005: releasing valid endpoint
2024-03-20 20:11:13.786 [Test worker]  DEBUG c.g.d.z.s.o.a.h.c.h.i.i.PoolingHttpClientConnectionManager - ep-00000005: releasing endpoint
2024-03-20 20:11:13.786 [Test worker]  DEBUG c.g.d.z.s.o.a.h.c.h.i.i.PoolingHttpClientConnectionManager - ep-00000005: connection http-outgoing-0 can be kept alive for 3 MINUTES
2024-03-20 20:11:13.786 [Test worker]  DEBUG c.g.d.z.s.o.a.h.c.h.i.i.PoolingHttpClientConnectionManager - ep-00000005: connection released [route: {}->http://127.0.0.1:62197][total available: 1; route allocated: 1 of 2147483647; total allocated: 1 of 2147483647]
2024-03-20 20:11:13.788 [Test worker]  DEBUG t.g.i.c.0.0-emulators - Starting container: gcr.io/google.com/cloudsdktool/google-cloud-cli:441.0.0-emulators
2024-03-20 20:11:13.788 [Test worker]  DEBUG t.g.i.c.0.0-emulators - Trying to start container: gcr.io/google.com/cloudsdktool/google-cloud-cli:441.0.0-emulators (attempt 1/1)
2024-03-20 20:11:13.788 [Test worker]  DEBUG t.g.i.c.0.0-emulators - Starting container: gcr.io/google.com/cloudsdktool/google-cloud-cli:441.0.0-emulators
2024-03-20 20:11:13.788 [Test worker]  INFO  t.g.i.c.0.0-emulators - Creating container for image: gcr.io/google.com/cloudsdktool/google-cloud-cli:441.0.0-emulators
2024-03-20 20:11:13.789 [Test worker]  DEBUG o.t.utility.RegistryAuthLocator - Looking up auth config for image: gcr.io/google.com/cloudsdktool/google-cloud-cli:441.0.0-emulators at registry: gcr.io
2024-03-20 20:11:13.789 [Test worker]  DEBUG o.t.utility.RegistryAuthLocator - No matching Auth Configs - falling back to defaultAuthConfig [null]
2024-03-20 20:11:13.789 [Test worker]  DEBUG o.t.d.AuthDelegatingDockerClientConfig - Effective auth config [null]
2024-03-20 20:11:13.795 [Test worker]  DEBUG o.t.u.PrefixingImageNameSubstitutor - No prefix is configured
2024-03-20 20:11:13.795 [Test worker]  DEBUG o.t.utility.ImageNameSubstitutor - Did not find a substitute image for testcontainers/ryuk:0.6.0 (using image substitutor: DefaultImageNameSubstitutor (composite of 'ConfigurationFileImageNameSubstitutor' and 'PrefixingImageNameSubstitutor'))
2024-03-20 20:11:13.795 [Test worker]  TRACE tc.testcontainers/ryuk:0.6.0 - testcontainers/ryuk:0.6.0 is already in image name cache
2024-03-20 20:11:13.795 [Test worker]  DEBUG o.t.images.AbstractImagePullPolicy - Using locally available and not pulling image: testcontainers/ryuk:0.6.0
2024-03-20 20:11:13.795 [Test worker]  DEBUG tc.testcontainers/ryuk:0.6.0 - Starting container: testcontainers/ryuk:0.6.0
2024-03-20 20:11:13.795 [Test worker]  DEBUG tc.testcontainers/ryuk:0.6.0 - Trying to start container: testcontainers/ryuk:0.6.0 (attempt 1/1)
2024-03-20 20:11:13.795 [Test worker]  DEBUG tc.testcontainers/ryuk:0.6.0 - Starting container: testcontainers/ryuk:0.6.0
2024-03-20 20:11:13.795 [Test worker]  INFO  tc.testcontainers/ryuk:0.6.0 - Creating container for image: testcontainers/ryuk:0.6.0
2024-03-20 20:11:13.795 [Test worker]  DEBUG o.t.utility.RegistryAuthLocator - Looking up auth config for image: testcontainers/ryuk:0.6.0 at registry: https://index.docker.io/v1/
2024-03-20 20:11:13.795 [Test worker]  DEBUG o.t.utility.RegistryAuthLocator - RegistryAuthLocator has configFile: /Users/pim/.docker/config.json (exists) configEnv: DOCKER_AUTH_CONFIG (does not exist) and commandPathPrefix: 
2024-03-20 20:11:13.795 [Test worker]  DEBUG o.t.utility.RegistryAuthLocator - RegistryAuthLocator reading from configFile: /Users/pim/.docker/config.json
2024-03-20 20:11:13.795 [Test worker]  DEBUG o.t.utility.RegistryAuthLocator - registryName [https://index.docker.io/v1/] for dockerImageName [testcontainers/ryuk:0.6.0]
2024-03-20 20:11:13.795 [Test worker]  DEBUG o.t.utility.RegistryAuthLocator - Executing docker credential provider: docker-credential-desktop to locate auth config for: https://index.docker.io/v1/
2024-03-20 20:11:13.795 [Test worker]  DEBUG o.t.s.o.z.exec.ProcessExecutor - Executing [docker-credential-desktop, get].
2024-03-20 20:11:13.798 [Test worker]  DEBUG o.t.s.o.z.exec.ProcessExecutor - Started Process[pid=22098, exitValue="not exited"]
2024-03-20 20:11:13.798 [Thread-10]  TRACE o.t.s.o.z.exec.stream.StreamPumper - org.testcontainers.shaded.org.zeroturnaround.exec.stream.StreamPumper@3bbd3f51 started.
2024-03-20 20:11:13.798 [Thread-9]  TRACE o.t.s.o.z.exec.stream.StreamPumper - org.testcontainers.shaded.org.zeroturnaround.exec.stream.StreamPumper@7e03bce9 started.
2024-03-20 20:11:13.798 [Thread-9]  TRACE o.t.s.o.z.exec.stream.StreamPumper - org.testcontainers.shaded.org.zeroturnaround.exec.stream.StreamPumper@7e03bce9 finished.
2024-03-20 20:11:13.818 [Thread-10]  TRACE o.t.s.o.z.exec.stream.StreamPumper - org.testcontainers.shaded.org.zeroturnaround.exec.stream.StreamPumper@3bbd3f51 finished.
2024-03-20 20:11:13.818 [WaitForProcess-Process[pid=22098, exitValue="not exited"]]  DEBUG o.t.s.o.z.exec.WaitForProcess - Process[pid=22098, exitValue=1] stopped with exit code 1
2024-03-20 20:11:13.818 [WaitForProcess-Process[pid=22098, exitValue="not exited"]]  TRACE o.t.s.o.z.e.stream.PumpStreamHandler - Joining input thread Thread[#46,Thread-9,5,]...
2024-03-20 20:11:13.818 [WaitForProcess-Process[pid=22098, exitValue="not exited"]]  TRACE o.t.s.o.z.e.stream.PumpStreamHandler - Joining output thread Thread[#47,Thread-10,5,]...
2024-03-20 20:11:13.818 [WaitForProcess-Process[pid=22098, exitValue="not exited"]]  TRACE o.t.s.o.z.e.stream.PumpStreamHandler - Flushing output stream credentials not found in native keychain
...
2024-03-20 20:11:13.818 [WaitForProcess-Process[pid=22098, exitValue="not exited"]]  TRACE o.t.s.o.z.e.stream.PumpStreamHandler - Flushing error stream org.testcontainers.shaded.org.zeroturnaround.exec.stream.NullOutputStream@b8a9ba2...
2024-03-20 20:11:13.818 [Test worker]  INFO  o.t.utility.RegistryAuthLocator - Credential helper/store (docker-credential-desktop) does not have credentials for https://index.docker.io/v1/
2024-03-20 20:11:13.818 [Test worker]  DEBUG o.t.utility.RegistryAuthLocator - No matching Auth Configs - falling back to defaultAuthConfig [null]
2024-03-20 20:11:13.818 [Test worker]  DEBUG o.t.d.AuthDelegatingDockerClientConfig - Effective auth config [null]
2024-03-20 20:11:13.819 [Test worker]  DEBUG o.t.s.c.g.d.c.command.AbstrDockerCmd - Cmd: org.testcontainers.shaded.com.github.dockerjava.core.command.CreateContainerCmdImpl@2bcec6a6[aliases=<null>,argsEscaped=<null>,attachStderr=<null>,attachStdin=<null>,attachStdout=<null>,authConfig=<null>,cmd={},domainName=<null>,entrypoint=<null>,env={},exposedPorts=ExposedPorts(exposedPorts=[8080/tcp]),healthcheck=<null>,hostConfig=HostConfig(binds=[/var/run/docker.sock:/var/run/docker.sock:rw], blkioWeight=null, blkioWeightDevice=null, blkioDeviceReadBps=null, blkioDeviceWriteBps=null, blkioDeviceReadIOps=null, blkioDeviceWriteIOps=null, memorySwappiness=null, nanoCPUs=null, capAdd=null, capDrop=null, containerIDFile=null, cpuPeriod=null, cpuRealtimePeriod=null, cpuRealtimeRuntime=null, cpuShares=null, cpuQuota=null, cpusetCpus=null, cpusetMems=null, devices=null, deviceCgroupRules=null, deviceRequests=null, diskQuota=null, dns=null, dnsOptions=null, dnsSearch=null, extraHosts=[], groupAdd=null, ipcMode=null, cgroup=null, links=[], logConfig=LogConfig(type=null, config=null), lxcConf=null, memory=null, memorySwap=null, memoryReservation=null, kernelMemory=null, networkMode=null, oomKillDisable=null, init=null, autoRemove=true, oomScoreAdj=null, portBindings={8080/tcp=[Lcom.github.dockerjava.api.model.Ports$Binding;@476ec9d0}, privileged=true, publishAllPorts=null, readonlyRootfs=null, restartPolicy=null, ulimits=null, cpuCount=null, cpuPercent=null, ioMaximumIOps=null, ioMaximumBandwidth=null, volumesFrom=[], mounts=null, pidMode=null, isolation=null, securityOpts=null, storageOpt=null, cgroupParent=null, volumeDriver=null, shmSize=null, pidsLimit=null, runtime=null, tmpFs=null, utSMode=null, usernsMode=null, sysctls=null, consoleSize=null, cgroupnsMode=null),hostName=<null>,image=testcontainers/ryuk:0.6.0,ipv4Address=<null>,ipv6Address=<null>,labels={org.testcontainers=true, org.testcontainers.lang=java, org.testcontainers.version=1.19.7},macAddress=<null>,name=testcontainers-ryuk-f9061f9f-f631-469c-a1b7-e8c8c32eacbb,networkDisabled=<null>,networkingConfig=<null>,onBuild=<null>,platform=<null>,portSpecs=<null>,shell=<null>,stdInOnce=<null>,stdinOpen=<null>,stopSignal=<null>,stopTimeout=<null>,tty=<null>,user=<null>,volumes=Volumes(volumes=[]),workingDir=<null>]
2024-03-20 20:11:13.823 [Test worker]  TRACE o.t.s.c.g.d.c.e.CreateContainerCmdExec - POST: DefaultWebTarget{path=[/containers/create], queryParams={name=[testcontainers-ryuk-f9061f9f-f631-469c-a1b7-e8c8c32eacbb]}} 
2024-03-20 20:11:13.852 [Test worker]  DEBUG c.g.d.z.s.o.a.h.c.h.i.c.InternalHttpClient - ex-00000007: preparing request execution
2024-03-20 20:11:13.852 [Test worker]  DEBUG c.g.d.z.s.o.a.h.c.h.p.RequestAddCookies - Cookie spec selected: strict
2024-03-20 20:11:13.852 [Test worker]  DEBUG c.g.d.z.s.o.a.h.c.h.p.RequestAuthCache - Auth cache not set in the context
2024-03-20 20:11:13.852 [Test worker]  DEBUG c.g.d.z.s.o.a.h.c.h.i.c.ProtocolExec - ex-00000007: target auth state: UNCHALLENGED
2024-03-20 20:11:13.852 [Test worker]  DEBUG c.g.d.z.s.o.a.h.c.h.i.c.ProtocolExec - ex-00000007: proxy auth state: UNCHALLENGED
2024-03-20 20:11:13.852 [Test worker]  DEBUG c.g.d.z.s.o.a.h.c.h.i.c.ConnectExec - ex-00000007: acquiring connection with route {}->http://127.0.0.1:62197
2024-03-20 20:11:13.852 [Test worker]  DEBUG c.g.d.z.s.o.a.h.c.h.i.c.InternalHttpClient - ex-00000007: acquiring endpoint (3 MINUTES)
2024-03-20 20:11:13.852 [Test worker]  DEBUG c.g.d.z.s.o.a.h.c.h.i.i.PoolingHttpClientConnectionManager - ex-00000007: endpoint lease request (3 MINUTES) [route: {}->http://127.0.0.1:62197][total available: 1; route allocated: 1 of 2147483647; total allocated: 1 of 2147483647]
2024-03-20 20:11:13.852 [Test worker]  DEBUG c.g.d.z.s.o.a.h.c.h.i.i.PoolingHttpClientConnectionManager - ex-00000007: endpoint leased [route: {}->http://127.0.0.1:62197][total available: 0; route allocated: 1 of 2147483647; total allocated: 1 of 2147483647]
2024-03-20 20:11:13.852 [Test worker]  DEBUG c.g.d.z.s.o.a.h.c.h.i.i.PoolingHttpClientConnectionManager - ex-00000007: acquired ep-00000006
2024-03-20 20:11:13.852 [Test worker]  DEBUG c.g.d.z.s.o.a.h.c.h.i.c.InternalHttpClient - ex-00000007: acquired endpoint ep-00000006
2024-03-20 20:11:13.852 [Test worker]  DEBUG c.g.d.z.s.o.a.h.c.h.i.c.MainClientExec - ex-00000007: executing POST /v1.32/containers/create?name=testcontainers-ryuk-f9061f9f-f631-469c-a1b7-e8c8c32eacbb HTTP/1.1
2024-03-20 20:11:13.852 [Test worker]  DEBUG c.g.d.z.s.o.a.h.c.h.i.c.InternalHttpClient - ep-00000006: start execution ex-00000007
2024-03-20 20:11:13.852 [Test worker]  DEBUG c.g.d.z.s.o.a.h.c.h.i.i.PoolingHttpClientConnectionManager - ep-00000006: executing exchange ex-00000007 over http-outgoing-0
2024-03-20 20:11:13.853 [Test worker]  DEBUG c.g.d.z.s.o.a.h.client5.http.headers - http-outgoing-0 >> POST /v1.32/containers/create?name=testcontainers-ryuk-f9061f9f-f631-469c-a1b7-e8c8c32eacbb HTTP/1.1
2024-03-20 20:11:13.853 [Test worker]  DEBUG c.g.d.z.s.o.a.h.client5.http.headers - http-outgoing-0 >> accept: application/json
2024-03-20 20:11:13.853 [Test worker]  DEBUG c.g.d.z.s.o.a.h.client5.http.headers - http-outgoing-0 >> content-type: application/json
2024-03-20 20:11:13.853 [Test worker]  DEBUG c.g.d.z.s.o.a.h.client5.http.headers - http-outgoing-0 >> x-tc-sid: f9061f9f-f631-469c-a1b7-e8c8c32eacbb
2024-03-20 20:11:13.853 [Test worker]  DEBUG c.g.d.z.s.o.a.h.client5.http.headers - http-outgoing-0 >> User-Agent: tc-java/1.19.7
2024-03-20 20:11:13.853 [Test worker]  DEBUG c.g.d.z.s.o.a.h.client5.http.headers - http-outgoing-0 >> Accept-Encoding: gzip, x-gzip, deflate
2024-03-20 20:11:13.853 [Test worker]  DEBUG c.g.d.z.s.o.a.h.client5.http.headers - http-outgoing-0 >> Content-Length: 1954
2024-03-20 20:11:13.853 [Test worker]  DEBUG c.g.d.z.s.o.a.h.client5.http.headers - http-outgoing-0 >> Host: 127.0.0.1:62197
2024-03-20 20:11:13.853 [Test worker]  DEBUG c.g.d.z.s.o.a.h.client5.http.headers - http-outgoing-0 >> Connection: keep-alive
2024-03-20 20:11:13.853 [Test worker]  DEBUG c.g.d.z.s.o.a.hc.client5.http.wire - http-outgoing-0 >> "POST /v1.32/containers/create?name=testcontainers-ryuk-f9061f9f-f631-469c-a1b7-e8c8c32eacbb HTTP/1.1[\r][\n]"
2024-03-20 20:11:13.853 [Test worker]  DEBUG c.g.d.z.s.o.a.hc.client5.http.wire - http-outgoing-0 >> "accept: application/json[\r][\n]"
2024-03-20 20:11:13.853 [Test worker]  DEBUG c.g.d.z.s.o.a.hc.client5.http.wire - http-outgoing-0 >> "content-type: application/json[\r][\n]"
2024-03-20 20:11:13.853 [Test worker]  DEBUG c.g.d.z.s.o.a.hc.client5.http.wire - http-outgoing-0 >> "x-tc-sid: f9061f9f-f631-469c-a1b7-e8c8c32eacbb[\r][\n]"
2024-03-20 20:11:13.853 [Test worker]  DEBUG c.g.d.z.s.o.a.hc.client5.http.wire - http-outgoing-0 >> "User-Agent: tc-java/1.19.7[\r][\n]"
2024-03-20 20:11:13.853 [Test worker]  DEBUG c.g.d.z.s.o.a.hc.client5.http.wire - http-outgoing-0 >> "Accept-Encoding: gzip, x-gzip, deflate[\r][\n]"
2024-03-20 20:11:13.853 [Test worker]  DEBUG c.g.d.z.s.o.a.hc.client5.http.wire - http-outgoing-0 >> "Content-Length: 1954[\r][\n]"
2024-03-20 20:11:13.853 [Test worker]  DEBUG c.g.d.z.s.o.a.hc.client5.http.wire - http-outgoing-0 >> "Host: 127.0.0.1:62197[\r][\n]"
2024-03-20 20:11:13.853 [Test worker]  DEBUG c.g.d.z.s.o.a.hc.client5.http.wire - http-outgoing-0 >> "Connection: keep-alive[\r][\n]"
2024-03-20 20:11:13.853 [Test worker]  DEBUG c.g.d.z.s.o.a.hc.client5.http.wire - http-outgoing-0 >> "[\r][\n]"
2024-03-20 20:11:13.853 [Test worker]  DEBUG c.g.d.z.s.o.a.hc.client5.http.wire - http-outgoing-0 >> "{"Hostname":null,"Domainname":null,"User":null,"AttachStdin":null,"AttachStdout":null,"AttachStderr":null,"PortSpecs":null,"Tty":null,"OpenStdin":null,"StdinOnce":null,"Env":[],"Cmd":[],"Healthcheck":null,"ArgsEscaped":null,"Entrypoint":null,"Image":"testcontainers/ryuk:0.6.0","Volumes":{},"WorkingDir":null,"MacAddress":null,"OnBuild":null,"NetworkDisabled":null,"ExposedPorts":{"8080/tcp":{}},"StopSignal":null,"StopTimeout":null,"HostConfig":{"Binds":["/var/run/docker.sock:/var/run/docker.sock:rw"],"BlkioWeight":null,"BlkioWeightDevice":null,"BlkioDeviceReadBps":null,"BlkioDeviceWriteBps":null,"BlkioDeviceReadIOps":null,"BlkioDeviceWriteIOps":null,"MemorySwappiness":null,"NanoCpus":null,"CapAdd":null,"CapDrop":null,"ContainerIDFile":null,"CpuPeriod":null,"CpuRealtimePeriod":null,"CpuRealtimeRuntime":null,"CpuShares":null,"CpuQuota":null,"CpusetCpus":null,"CpusetMems":null,"Devices":null,"DeviceCgroupRules":null,"DeviceRequests":null,"DiskQuota":null,"Dns":null,"DnsOptions":null,"DnsSearch":null,"ExtraHosts":[],"GroupAdd":null,"IpcMode":null,"Cgroup":null,"Links":[],"LogConfig":null,"LxcConf":null,"Memory":null,"MemorySwap":null,"MemoryReservation":null,"KernelMemory":null,"NetworkMode":null,"OomKillDisable":null,"Init":null,"AutoRemove":true,"OomScoreAdj":null,"PortBindings":{"8080/tcp":[{"HostIp":"","HostPort":""}]},"Privileged":true,"PublishAllPorts":null,"ReadonlyRootfs":null,"RestartPolicy":null,"Ulimits":null,"CpuCount":null,"CpuPercent":null,"IOMaximumIOps":null,"IOMaximumBandwidth":null,"VolumesFrom":[],"Mounts":null,"PidMode":null,"Isolation":null,"SecurityOpt":null,"StorageOpt":null,"CgroupParent":null,"VolumeDriver":null,"ShmSize":null,"PidsLimit":null,"Runtime":null,"Tmpfs":null,"UTSMode":null,"UsernsMode":null,"Sysctls":null,"ConsoleSize":null,"CgroupnsMode":null},"Labels":{"org.testcontainers":"true","org.testcontainers.lang":"java","org.testcontainers.version":"1.19.7"},"Shell":null,"NetworkingConfig":null}"
2024-03-20 20:11:14.377 [Test worker]  DEBUG c.g.d.z.s.o.a.hc.client5.http.wire - http-outgoing-0 << "HTTP/1.1 201 Created[\r][\n]"
2024-03-20 20:11:14.378 [Test worker]  DEBUG c.g.d.z.s.o.a.hc.client5.http.wire - http-outgoing-0 << "Api-Version: 1.44[\r][\n]"
2024-03-20 20:11:14.378 [Test worker]  DEBUG c.g.d.z.s.o.a.hc.client5.http.wire - http-outgoing-0 << "Content-Length: 88[\r][\n]"
2024-03-20 20:11:14.378 [Test worker]  DEBUG c.g.d.z.s.o.a.hc.client5.http.wire - http-outgoing-0 << "Content-Type: application/json[\r][\n]"
2024-03-20 20:11:14.378 [Test worker]  DEBUG c.g.d.z.s.o.a.hc.client5.http.wire - http-outgoing-0 << "Date: Wed, 20 Mar 2024 19:11:14 GMT[\r][\n]"
2024-03-20 20:11:14.378 [Test worker]  DEBUG c.g.d.z.s.o.a.hc.client5.http.wire - http-outgoing-0 << "Docker-Experimental: false[\r][\n]"
2024-03-20 20:11:14.378 [Test worker]  DEBUG c.g.d.z.s.o.a.hc.client5.http.wire - http-outgoing-0 << "Ostype: linux[\r][\n]"
2024-03-20 20:11:14.378 [Test worker]  DEBUG c.g.d.z.s.o.a.hc.client5.http.wire - http-outgoing-0 << "Server: Docker/80+testcontainerscloud (linux)[\r][\n]"
2024-03-20 20:11:14.378 [Test worker]  DEBUG c.g.d.z.s.o.a.hc.client5.http.wire - http-outgoing-0 << "[\r][\n]"
2024-03-20 20:11:14.378 [Test worker]  DEBUG c.g.d.z.s.o.a.hc.client5.http.wire - http-outgoing-0 << "{"Id":"890dbbe9ee1e7b1e0222710fe47fc763096f79596b2efdb2f8af0c57f84788b6","Warnings":[]}[\n]"
2024-03-20 20:11:14.378 [Test worker]  DEBUG c.g.d.z.s.o.a.h.client5.http.headers - http-outgoing-0 << HTTP/1.1 201 Created
2024-03-20 20:11:14.378 [Test worker]  DEBUG c.g.d.z.s.o.a.h.client5.http.headers - http-outgoing-0 << Api-Version: 1.44
2024-03-20 20:11:14.378 [Test worker]  DEBUG c.g.d.z.s.o.a.h.client5.http.headers - http-outgoing-0 << Content-Length: 88
2024-03-20 20:11:14.378 [Test worker]  DEBUG c.g.d.z.s.o.a.h.client5.http.headers - http-outgoing-0 << Content-Type: application/json
2024-03-20 20:11:14.378 [Test worker]  DEBUG c.g.d.z.s.o.a.h.client5.http.headers - http-outgoing-0 << Date: Wed, 20 Mar 2024 19:11:14 GMT
2024-03-20 20:11:14.378 [Test worker]  DEBUG c.g.d.z.s.o.a.h.client5.http.headers - http-outgoing-0 << Docker-Experimental: false
2024-03-20 20:11:14.378 [Test worker]  DEBUG c.g.d.z.s.o.a.h.client5.http.headers - http-outgoing-0 << Ostype: linux
2024-03-20 20:11:14.378 [Test worker]  DEBUG c.g.d.z.s.o.a.h.client5.http.headers - http-outgoing-0 << Server: Docker/80+testcontainerscloud (linux)
2024-03-20 20:11:14.378 [Test worker]  DEBUG c.g.d.z.s.o.a.h.c.h.i.c.MainClientExec - ex-00000007: connection can be kept alive for 3 MINUTES
2024-03-20 20:11:14.381 [Test worker]  DEBUG c.g.d.z.s.o.a.h.c.h.i.c.InternalHttpClient - ep-00000006: releasing valid endpoint
2024-03-20 20:11:14.381 [Test worker]  DEBUG c.g.d.z.s.o.a.h.c.h.i.i.PoolingHttpClientConnectionManager - ep-00000006: releasing endpoint
2024-03-20 20:11:14.381 [Test worker]  DEBUG c.g.d.z.s.o.a.h.c.h.i.i.PoolingHttpClientConnectionManager - ep-00000006: connection http-outgoing-0 can be kept alive for 3 MINUTES
2024-03-20 20:11:14.381 [Test worker]  DEBUG c.g.d.z.s.o.a.h.c.h.i.i.PoolingHttpClientConnectionManager - ep-00000006: connection released [route: {}->http://127.0.0.1:62197][total available: 1; route allocated: 1 of 2147483647; total allocated: 1 of 2147483647]
2024-03-20 20:11:14.384 [Test worker]  INFO  tc.testcontainers/ryuk:0.6.0 - Container testcontainers/ryuk:0.6.0 is starting: 890dbbe9ee1e7b1e0222710fe47fc763096f79596b2efdb2f8af0c57f84788b6
2024-03-20 20:11:14.385 [Test worker]  DEBUG o.t.s.c.g.d.c.command.AbstrDockerCmd - Cmd: 890dbbe9ee1e7b1e0222710fe47fc763096f79596b2efdb2f8af0c57f84788b6
2024-03-20 20:11:14.385 [Test worker]  TRACE o.t.s.c.g.d.c.e.StartContainerCmdExec - POST: DefaultWebTarget{path=[/containers/890dbbe9ee1e7b1e0222710fe47fc763096f79596b2efdb2f8af0c57f84788b6/start], queryParams={}}
2024-03-20 20:11:14.386 [Test worker]  DEBUG c.g.d.z.s.o.a.h.c.h.i.c.InternalHttpClient - ex-00000008: preparing request execution
2024-03-20 20:11:14.386 [Test worker]  DEBUG c.g.d.z.s.o.a.h.c.h.p.RequestAddCookies - Cookie spec selected: strict
2024-03-20 20:11:14.386 [Test worker]  DEBUG c.g.d.z.s.o.a.h.c.h.p.RequestAuthCache - Auth cache not set in the context
2024-03-20 20:11:14.386 [Test worker]  DEBUG c.g.d.z.s.o.a.h.c.h.i.c.ProtocolExec - ex-00000008: target auth state: UNCHALLENGED
2024-03-20 20:11:14.386 [Test worker]  DEBUG c.g.d.z.s.o.a.h.c.h.i.c.ProtocolExec - ex-00000008: proxy auth state: UNCHALLENGED
2024-03-20 20:11:14.386 [Test worker]  DEBUG c.g.d.z.s.o.a.h.c.h.i.c.ConnectExec - ex-00000008: acquiring connection with route {}->http://127.0.0.1:62197
2024-03-20 20:11:14.386 [Test worker]  DEBUG c.g.d.z.s.o.a.h.c.h.i.c.InternalHttpClient - ex-00000008: acquiring endpoint (3 MINUTES)
2024-03-20 20:11:14.386 [Test worker]  DEBUG c.g.d.z.s.o.a.h.c.h.i.i.PoolingHttpClientConnectionManager - ex-00000008: endpoint lease request (3 MINUTES) [route: {}->http://127.0.0.1:62197][total available: 1; route allocated: 1 of 2147483647; total allocated: 1 of 2147483647]
2024-03-20 20:11:14.386 [Test worker]  DEBUG c.g.d.z.s.o.a.h.c.h.i.i.PoolingHttpClientConnectionManager - ex-00000008: endpoint leased [route: {}->http://127.0.0.1:62197][total available: 0; route allocated: 1 of 2147483647; total allocated: 1 of 2147483647]
2024-03-20 20:11:14.386 [Test worker]  DEBUG c.g.d.z.s.o.a.h.c.h.i.i.PoolingHttpClientConnectionManager - ex-00000008: acquired ep-00000007
2024-03-20 20:11:14.386 [Test worker]  DEBUG c.g.d.z.s.o.a.h.c.h.i.c.InternalHttpClient - ex-00000008: acquired endpoint ep-00000007
2024-03-20 20:11:14.387 [Test worker]  DEBUG c.g.d.z.s.o.a.h.c.h.i.c.MainClientExec - ex-00000008: executing POST /v1.32/containers/890dbbe9ee1e7b1e0222710fe47fc763096f79596b2efdb2f8af0c57f84788b6/start HTTP/1.1
2024-03-20 20:11:14.387 [Test worker]  DEBUG c.g.d.z.s.o.a.h.c.h.i.c.InternalHttpClient - ep-00000007: start execution ex-00000008
2024-03-20 20:11:14.387 [Test worker]  DEBUG c.g.d.z.s.o.a.h.c.h.i.i.PoolingHttpClientConnectionManager - ep-00000007: executing exchange ex-00000008 over http-outgoing-0
2024-03-20 20:11:14.387 [Test worker]  DEBUG c.g.d.z.s.o.a.h.client5.http.headers - http-outgoing-0 >> POST /v1.32/containers/890dbbe9ee1e7b1e0222710fe47fc763096f79596b2efdb2f8af0c57f84788b6/start HTTP/1.1
2024-03-20 20:11:14.387 [Test worker]  DEBUG c.g.d.z.s.o.a.h.client5.http.headers - http-outgoing-0 >> accept: application/json
2024-03-20 20:11:14.387 [Test worker]  DEBUG c.g.d.z.s.o.a.h.client5.http.headers - http-outgoing-0 >> content-type: application/json
2024-03-20 20:11:14.387 [Test worker]  DEBUG c.g.d.z.s.o.a.h.client5.http.headers - http-outgoing-0 >> x-tc-sid: f9061f9f-f631-469c-a1b7-e8c8c32eacbb
2024-03-20 20:11:14.387 [Test worker]  DEBUG c.g.d.z.s.o.a.h.client5.http.headers - http-outgoing-0 >> User-Agent: tc-java/1.19.7
2024-03-20 20:11:14.387 [Test worker]  DEBUG c.g.d.z.s.o.a.h.client5.http.headers - http-outgoing-0 >> Accept-Encoding: gzip, x-gzip, deflate
2024-03-20 20:11:14.387 [Test worker]  DEBUG c.g.d.z.s.o.a.h.client5.http.headers - http-outgoing-0 >> Host: 127.0.0.1:62197
2024-03-20 20:11:14.387 [Test worker]  DEBUG c.g.d.z.s.o.a.h.client5.http.headers - http-outgoing-0 >> Connection: keep-alive
2024-03-20 20:11:14.387 [Test worker]  DEBUG c.g.d.z.s.o.a.hc.client5.http.wire - http-outgoing-0 >> "POST /v1.32/containers/890dbbe9ee1e7b1e0222710fe47fc763096f79596b2efdb2f8af0c57f84788b6/start HTTP/1.1[\r][\n]"
2024-03-20 20:11:14.387 [Test worker]  DEBUG c.g.d.z.s.o.a.hc.client5.http.wire - http-outgoing-0 >> "accept: application/json[\r][\n]"
2024-03-20 20:11:14.387 [Test worker]  DEBUG c.g.d.z.s.o.a.hc.client5.http.wire - http-outgoing-0 >> "content-type: application/json[\r][\n]"
2024-03-20 20:11:14.387 [Test worker]  DEBUG c.g.d.z.s.o.a.hc.client5.http.wire - http-outgoing-0 >> "x-tc-sid: f9061f9f-f631-469c-a1b7-e8c8c32eacbb[\r][\n]"
2024-03-20 20:11:14.387 [Test worker]  DEBUG c.g.d.z.s.o.a.hc.client5.http.wire - http-outgoing-0 >> "User-Agent: tc-java/1.19.7[\r][\n]"
2024-03-20 20:11:14.387 [Test worker]  DEBUG c.g.d.z.s.o.a.hc.client5.http.wire - http-outgoing-0 >> "Accept-Encoding: gzip, x-gzip, deflate[\r][\n]"
2024-03-20 20:11:14.387 [Test worker]  DEBUG c.g.d.z.s.o.a.hc.client5.http.wire - http-outgoing-0 >> "Host: 127.0.0.1:62197[\r][\n]"
2024-03-20 20:11:14.387 [Test worker]  DEBUG c.g.d.z.s.o.a.hc.client5.http.wire - http-outgoing-0 >> "Connection: keep-alive[\r][\n]"
2024-03-20 20:11:14.387 [Test worker]  DEBUG c.g.d.z.s.o.a.hc.client5.http.wire - http-outgoing-0 >> "[\r][\n]"
2024-03-20 20:11:14.675 [Test worker]  DEBUG c.g.d.z.s.o.a.hc.client5.http.wire - http-outgoing-0 << "HTTP/1.1 204 No Content[\r][\n]"
2024-03-20 20:11:14.675 [Test worker]  DEBUG c.g.d.z.s.o.a.hc.client5.http.wire - http-outgoing-0 << "Api-Version: 1.44[\r][\n]"
2024-03-20 20:11:14.675 [Test worker]  DEBUG c.g.d.z.s.o.a.hc.client5.http.wire - http-outgoing-0 << "Date: Wed, 20 Mar 2024 19:11:14 GMT[\r][\n]"
2024-03-20 20:11:14.675 [Test worker]  DEBUG c.g.d.z.s.o.a.hc.client5.http.wire - http-outgoing-0 << "Docker-Experimental: false[\r][\n]"
2024-03-20 20:11:14.675 [Test worker]  DEBUG c.g.d.z.s.o.a.hc.client5.http.wire - http-outgoing-0 << "Ostype: linux[\r][\n]"
2024-03-20 20:11:14.675 [Test worker]  DEBUG c.g.d.z.s.o.a.hc.client5.http.wire - http-outgoing-0 << "Server: Docker/80+testcontainerscloud (linux)[\r][\n]"
2024-03-20 20:11:14.675 [Test worker]  DEBUG c.g.d.z.s.o.a.hc.client5.http.wire - http-outgoing-0 << "[\r][\n]"
2024-03-20 20:11:14.675 [Test worker]  DEBUG c.g.d.z.s.o.a.h.client5.http.headers - http-outgoing-0 << HTTP/1.1 204 No Content
2024-03-20 20:11:14.675 [Test worker]  DEBUG c.g.d.z.s.o.a.h.client5.http.headers - http-outgoing-0 << Api-Version: 1.44
2024-03-20 20:11:14.675 [Test worker]  DEBUG c.g.d.z.s.o.a.h.client5.http.headers - http-outgoing-0 << Date: Wed, 20 Mar 2024 19:11:14 GMT
2024-03-20 20:11:14.675 [Test worker]  DEBUG c.g.d.z.s.o.a.h.client5.http.headers - http-outgoing-0 << Docker-Experimental: false
2024-03-20 20:11:14.675 [Test worker]  DEBUG c.g.d.z.s.o.a.h.client5.http.headers - http-outgoing-0 << Ostype: linux
2024-03-20 20:11:14.675 [Test worker]  DEBUG c.g.d.z.s.o.a.h.client5.http.headers - http-outgoing-0 << Server: Docker/80+testcontainerscloud (linux)
2024-03-20 20:11:14.675 [Test worker]  DEBUG c.g.d.z.s.o.a.h.c.h.i.c.MainClientExec - ex-00000008: connection can be kept alive for 3 MINUTES
2024-03-20 20:11:14.675 [Test worker]  DEBUG c.g.d.z.s.o.a.h.c.h.i.c.InternalHttpClient - ep-00000007: releasing valid endpoint
2024-03-20 20:11:14.675 [Test worker]  DEBUG c.g.d.z.s.o.a.h.c.h.i.i.PoolingHttpClientConnectionManager - ep-00000007: releasing endpoint
2024-03-20 20:11:14.675 [Test worker]  DEBUG c.g.d.z.s.o.a.h.c.h.i.i.PoolingHttpClientConnectionManager - ep-00000007: connection http-outgoing-0 can be kept alive for 3 MINUTES
2024-03-20 20:11:14.675 [Test worker]  DEBUG c.g.d.z.s.o.a.h.c.h.i.i.PoolingHttpClientConnectionManager - ep-00000007: connection released [route: {}->http://127.0.0.1:62197][total available: 1; route allocated: 1 of 2147483647; total allocated: 1 of 2147483647]
2024-03-20 20:11:14.680 [Test worker]  DEBUG o.t.s.c.g.d.c.command.AbstrDockerCmd - Cmd: 890dbbe9ee1e7b1e0222710fe47fc763096f79596b2efdb2f8af0c57f84788b6,false
2024-03-20 20:11:14.681 [Test worker]  DEBUG o.t.s.c.g.d.c.e.InspectContainerCmdExec - GET: DefaultWebTarget{path=[/containers/890dbbe9ee1e7b1e0222710fe47fc763096f79596b2efdb2f8af0c57f84788b6/json], queryParams={}}
2024-03-20 20:11:14.681 [Test worker]  DEBUG c.g.d.z.s.o.a.h.c.h.i.c.InternalHttpClient - ex-00000009: preparing request execution
2024-03-20 20:11:14.681 [Test worker]  DEBUG c.g.d.z.s.o.a.h.c.h.p.RequestAddCookies - Cookie spec selected: strict
2024-03-20 20:11:14.682 [Test worker]  DEBUG c.g.d.z.s.o.a.h.c.h.p.RequestAuthCache - Auth cache not set in the context
2024-03-20 20:11:14.682 [Test worker]  DEBUG c.g.d.z.s.o.a.h.c.h.i.c.ProtocolExec - ex-00000009: target auth state: UNCHALLENGED
2024-03-20 20:11:14.682 [Test worker]  DEBUG c.g.d.z.s.o.a.h.c.h.i.c.ProtocolExec - ex-00000009: proxy auth state: UNCHALLENGED
2024-03-20 20:11:14.682 [Test worker]  DEBUG c.g.d.z.s.o.a.h.c.h.i.c.ConnectExec - ex-00000009: acquiring connection with route {}->http://127.0.0.1:62197
2024-03-20 20:11:14.682 [Test worker]  DEBUG c.g.d.z.s.o.a.h.c.h.i.c.InternalHttpClient - ex-00000009: acquiring endpoint (3 MINUTES)
2024-03-20 20:11:14.682 [Test worker]  DEBUG c.g.d.z.s.o.a.h.c.h.i.i.PoolingHttpClientConnectionManager - ex-00000009: endpoint lease request (3 MINUTES) [route: {}->http://127.0.0.1:62197][total available: 1; route allocated: 1 of 2147483647; total allocated: 1 of 2147483647]
2024-03-20 20:11:14.682 [Test worker]  DEBUG c.g.d.z.s.o.a.h.c.h.i.i.PoolingHttpClientConnectionManager - ex-00000009: endpoint leased [route: {}->http://127.0.0.1:62197][total available: 0; route allocated: 1 of 2147483647; total allocated: 1 of 2147483647]
2024-03-20 20:11:14.682 [Test worker]  DEBUG c.g.d.z.s.o.a.h.c.h.i.i.PoolingHttpClientConnectionManager - ex-00000009: acquired ep-00000008
2024-03-20 20:11:14.682 [Test worker]  DEBUG c.g.d.z.s.o.a.h.c.h.i.c.InternalHttpClient - ex-00000009: acquired endpoint ep-00000008
2024-03-20 20:11:14.682 [Test worker]  DEBUG c.g.d.z.s.o.a.h.c.h.i.c.MainClientExec - ex-00000009: executing GET /v1.32/containers/890dbbe9ee1e7b1e0222710fe47fc763096f79596b2efdb2f8af0c57f84788b6/json HTTP/1.1
2024-03-20 20:11:14.682 [Test worker]  DEBUG c.g.d.z.s.o.a.h.c.h.i.c.InternalHttpClient - ep-00000008: start execution ex-00000009
2024-03-20 20:11:14.682 [Test worker]  DEBUG c.g.d.z.s.o.a.h.c.h.i.i.PoolingHttpClientConnectionManager - ep-00000008: executing exchange ex-00000009 over http-outgoing-0
2024-03-20 20:11:14.682 [Test worker]  DEBUG c.g.d.z.s.o.a.h.client5.http.headers - http-outgoing-0 >> GET /v1.32/containers/890dbbe9ee1e7b1e0222710fe47fc763096f79596b2efdb2f8af0c57f84788b6/json HTTP/1.1
2024-03-20 20:11:14.682 [Test worker]  DEBUG c.g.d.z.s.o.a.h.client5.http.headers - http-outgoing-0 >> accept: application/json
2024-03-20 20:11:14.682 [Test worker]  DEBUG c.g.d.z.s.o.a.h.client5.http.headers - http-outgoing-0 >> x-tc-sid: f9061f9f-f631-469c-a1b7-e8c8c32eacbb
2024-03-20 20:11:14.682 [Test worker]  DEBUG c.g.d.z.s.o.a.h.client5.http.headers - http-outgoing-0 >> User-Agent: tc-java/1.19.7
2024-03-20 20:11:14.682 [Test worker]  DEBUG c.g.d.z.s.o.a.h.client5.http.headers - http-outgoing-0 >> Accept-Encoding: gzip, x-gzip, deflate
2024-03-20 20:11:14.682 [Test worker]  DEBUG c.g.d.z.s.o.a.h.client5.http.headers - http-outgoing-0 >> Host: 127.0.0.1:62197
2024-03-20 20:11:14.682 [Test worker]  DEBUG c.g.d.z.s.o.a.h.client5.http.headers - http-outgoing-0 >> Connection: keep-alive
2024-03-20 20:11:14.682 [Test worker]  DEBUG c.g.d.z.s.o.a.hc.client5.http.wire - http-outgoing-0 >> "GET /v1.32/containers/890dbbe9ee1e7b1e0222710fe47fc763096f79596b2efdb2f8af0c57f84788b6/json HTTP/1.1[\r][\n]"
2024-03-20 20:11:14.682 [Test worker]  DEBUG c.g.d.z.s.o.a.hc.client5.http.wire - http-outgoing-0 >> "accept: application/json[\r][\n]"
2024-03-20 20:11:14.682 [Test worker]  DEBUG c.g.d.z.s.o.a.hc.client5.http.wire - http-outgoing-0 >> "x-tc-sid: f9061f9f-f631-469c-a1b7-e8c8c32eacbb[\r][\n]"
2024-03-20 20:11:14.682 [Test worker]  DEBUG c.g.d.z.s.o.a.hc.client5.http.wire - http-outgoing-0 >> "User-Agent: tc-java/1.19.7[\r][\n]"
2024-03-20 20:11:14.682 [Test worker]  DEBUG c.g.d.z.s.o.a.hc.client5.http.wire - http-outgoing-0 >> "Accept-Encoding: gzip, x-gzip, deflate[\r][\n]"
2024-03-20 20:11:14.682 [Test worker]  DEBUG c.g.d.z.s.o.a.hc.client5.http.wire - http-outgoing-0 >> "Host: 127.0.0.1:62197[\r][\n]"
2024-03-20 20:11:14.682 [Test worker]  DEBUG c.g.d.z.s.o.a.hc.client5.http.wire - http-outgoing-0 >> "Connection: keep-alive[\r][\n]"
2024-03-20 20:11:14.682 [Test worker]  DEBUG c.g.d.z.s.o.a.hc.client5.http.wire - http-outgoing-0 >> "[\r][\n]"
2024-03-20 20:11:14.699 [Test worker]  DEBUG c.g.d.z.s.o.a.hc.client5.http.wire - http-outgoing-0 << "HTTP/1.1 200 OK[\r][\n]"
2024-03-20 20:11:14.699 [Test worker]  DEBUG c.g.d.z.s.o.a.hc.client5.http.wire - http-outgoing-0 << "Api-Version: 1.44[\r][\n]"
2024-03-20 20:11:14.699 [Test worker]  DEBUG c.g.d.z.s.o.a.hc.client5.http.wire - http-outgoing-0 << "Content-Length: 5085[\r][\n]"
2024-03-20 20:11:14.699 [Test worker]  DEBUG c.g.d.z.s.o.a.hc.client5.http.wire - http-outgoing-0 << "Content-Type: application/json[\r][\n]"
2024-03-20 20:11:14.699 [Test worker]  DEBUG c.g.d.z.s.o.a.hc.client5.http.wire - http-outgoing-0 << "Date: Wed, 20 Mar 2024 19:11:14 GMT[\r][\n]"
2024-03-20 20:11:14.699 [Test worker]  DEBUG c.g.d.z.s.o.a.hc.client5.http.wire - http-outgoing-0 << "Docker-Experimental: false[\r][\n]"
2024-03-20 20:11:14.699 [Test worker]  DEBUG c.g.d.z.s.o.a.hc.client5.http.wire - http-outgoing-0 << "Ostype: linux[\r][\n]"
2024-03-20 20:11:14.699 [Test worker]  DEBUG c.g.d.z.s.o.a.hc.client5.http.wire - http-outgoing-0 << "Server: Docker/80+testcontainerscloud (linux)[\r][\n]"
2024-03-20 20:11:14.699 [Test worker]  DEBUG c.g.d.z.s.o.a.hc.client5.http.wire - http-outgoing-0 << "[\r][\n]"
2024-03-20 20:11:14.699 [Test worker]  DEBUG c.g.d.z.s.o.a.hc.client5.http.wire - http-outgoing-0 << "{"Id":"890dbbe9ee1e7b1e0222710fe47fc763096f79596b2efdb2f8af0c57f84788b6","Created":"2024-03-20T19:11:13.903577942Z","Path":"/bin/ryuk","Args":[],"State":{"Status":"running","Running":true,"Paused":false,"Restarting":false,"OOMKilled":false,"Dead":false,"Pid":1228,"ExitCode":0,"Error":"","StartedAt":"2024-03-20T19:11:14.6987843Z","FinishedAt":"0001-01-01T00:00:00Z"},"Image":"sha256:71009a3edde7c6988eb3a3b51c9dc3cacc154494ca7e5e33ed567a38bf75c130","ResolvConfPath":"/var/lib/docker/containers/890dbbe9ee1e7b1e0"
2024-03-20 20:11:14.699 [Test worker]  DEBUG c.g.d.z.s.o.a.h.client5.http.headers - http-outgoing-0 << HTTP/1.1 200 OK
2024-03-20 20:11:14.699 [Test worker]  DEBUG c.g.d.z.s.o.a.h.client5.http.headers - http-outgoing-0 << Api-Version: 1.44
2024-03-20 20:11:14.699 [Test worker]  DEBUG c.g.d.z.s.o.a.h.client5.http.headers - http-outgoing-0 << Content-Length: 5085
2024-03-20 20:11:14.699 [Test worker]  DEBUG c.g.d.z.s.o.a.h.client5.http.headers - http-outgoing-0 << Content-Type: application/json
2024-03-20 20:11:14.699 [Test worker]  DEBUG c.g.d.z.s.o.a.h.client5.http.headers - http-outgoing-0 << Date: Wed, 20 Mar 2024 19:11:14 GMT
2024-03-20 20:11:14.699 [Test worker]  DEBUG c.g.d.z.s.o.a.h.client5.http.headers - http-outgoing-0 << Docker-Experimental: false
2024-03-20 20:11:14.699 [Test worker]  DEBUG c.g.d.z.s.o.a.h.client5.http.headers - http-outgoing-0 << Ostype: linux
2024-03-20 20:11:14.699 [Test worker]  DEBUG c.g.d.z.s.o.a.h.client5.http.headers - http-outgoing-0 << Server: Docker/80+testcontainerscloud (linux)
2024-03-20 20:11:14.699 [Test worker]  DEBUG c.g.d.z.s.o.a.h.c.h.i.c.MainClientExec - ex-00000009: connection can be kept alive for 3 MINUTES
2024-03-20 20:11:14.729 [Test worker]  DEBUG c.g.d.z.s.o.a.hc.client5.http.wire - http-outgoing-0 << "222710fe47fc763096f79596b2efdb2f8af0c57f84788b6/resolv.conf","HostnamePath":"/var/lib/docker/containers/890dbbe9ee1e7b1e0222710fe47fc763096f79596b2efdb2f8af0c57f84788b6/hostname","HostsPath":"/var/lib/docker/containers/890dbbe9ee1e7b1e0222710fe47fc763096f79596b2efdb2f8af0c57f84788b6/hosts","LogPath":"/var/lib/docker/containers/890dbbe9ee1e7b1e0222710fe47fc763096f79596b2efdb2f8af0c57f84788b6/890dbbe9ee1e7b1e0222710fe47fc763096f79596b2efdb2f8af0c57f84788b6-json.log","Name":"/testcontainers-ryuk-f9061f9f-f631-469c-a1b7-e8c8c32eacbb","RestartCount":0,"Driver":"overlay2","Platform":"linux","MountLabel":"","ProcessLabel":"","AppArmorProfile":"","ExecIDs":null,"HostConfig":{"Binds":["/var/run/docker.sock:/var/run/docker.sock:rw"],"ContainerIDFile":"","LogConfig":{"Type":"json-file","Config":{}},"NetworkMode":"default","PortBindings":{"8080/tcp":[{"HostIp":"","HostPort":""}]},"RestartPolicy":{"Name":"no","MaximumRetryCount":0},"AutoRemove":true,"VolumeDriver":"","VolumesFrom":[],"ConsoleSize":[0,0],"CapAdd":null,"CapDrop":null,"CgroupnsMode":"host","Dns":null,"DnsOptions":null,"DnsSearch":null,"ExtraHosts":[],"GroupAdd":null,"IpcMode":"shareable","Cgroup":"","Links":null,"OomScoreAdj":0,"PidMode":"","Privileged":true,"PublishAllPorts":false,"ReadonlyRootfs":false,"SecurityOpt":["label=disable"],"UTSMode":"","UsernsMode":"","ShmSize":67108864,"Runtime":"runc","Isolation":"","CpuShares":0,"Memory":0,"NanoCpus":0,"CgroupParent":"","BlkioWeight":0,"BlkioWeightDevice":null,"BlkioDeviceReadBps":null,"BlkioDeviceWriteBps":null,"BlkioDeviceReadIOps":null,"BlkioDeviceWriteIOps":null,"CpuPeriod":0,"CpuQuota":0,"CpuRealtimePeriod":0,"CpuRealtimeRuntime":0,"CpusetCpus":"","CpusetMems":"","Devices":null,"DeviceCgroupRules":null,"DeviceRequests":null,"MemoryReservation":0,"MemorySwap":0,"MemorySwappiness":null,"OomKillDisable":false,"PidsLimit":null,"Ulimits":null,"CpuCount":0,"CpuPercent":0,"IOMaximumIOps":0,"IOMaximumBandwidth":0,"MaskedPaths":null,"ReadonlyPaths":null},"GraphDriver":{"Data":{"LowerDir":"/var/lib/docker/overlay2/c22087434139e865ff5d699e7b2a67ac44654948c285e5fe54da6b4965186f6d-init/diff:/var/lib/docker/overlay2/1489ea6d11832f3aa465cc13ca36e498d1e1571ec3f49266335b4d19446d00d8/diff:/var/lib/docker/overlay2/21c330503640ba4cfa1e7b5f53866bc9ade6f603bbb6a26944edebaa8cbd6767/diff:/var/lib/docker/overlay2/a4d01587fd17b4b686f6fb7587e553414f2a0f290ee39a6bac18a9ae648abc56/diff","MergedDir":"/var/lib/docker/overlay2/c22087434139e865ff5d699e7b2a67ac44654948c285e5fe54da6b4965186f6d/merged","UpperDir":"/var/lib/docker/overlay2/c22087434139e865ff5d699e7b2a67ac44654948c285e5fe54da6b4965186f6d/diff","WorkDir":"/var/lib/docker/overlay2/c22087434139e865ff5d699e7b2a67ac44654948c285e5fe54da6b4965186f6d/work"},"Name":"overlay2"},"Mounts":[{"Type":"bind","Source":"/var/run/docker.sock","Destination":"/var/run/docker.sock","Mode":"rw","RW":true,"Propagation":"rprivate"}],"Config":{"Hostname":"890dbbe9ee1e","Domainname":"","User":"","AttachStdin":false,"AttachStdout":false,"AttachStderr":false,"ExposedPorts":{"8080/tcp":{}},"Tty":false,"OpenStdin":false,"StdinOnce":false,"Env":["PATH=/usr/local/sbin:/usr/local/bin:/usr/sbin:/usr/bin:/sbin:/bin"],"Cmd":["/bin/ryuk"],"Image":"testcontainers/ryuk:0.6.0","Volumes":null,"WorkingDir":"","Entrypoint":null,"OnBuild":null,"Labels":{"cloud.testcontainers.tcc.workflow.key":"desktop","cloud.testcontainers.tcc.workflow.url":"","org.testcontainers":"true","org.testcontainers.lang":"java","org.testcontainers.ryuk":"true","org.testcontainers.version":"1.19.7"}},"NetworkSettings":{"Bridge":"","SandboxID":"5dd435efc53836b86eae88badc704bbd4e8eee0e0d8370adcd6a3602584b2380","HairpinMode":false,"LinkLocalIPv6Address":"","LinkLocalIPv6PrefixLen":0,"Ports":{"8080/tcp":[{"HostIp":"0.0.0.0","HostPort":"32768"},{"HostIp":"::","HostPort":"32768"}]},"SandboxKey":"/var/run/docker/netns/5dd435efc538","SecondaryIPAddresses":null,"SecondaryIPv6Addresses":null,"EndpointID":"72fbd69721d6ca0c69f5dc97d1ec943a5a2261c2ef0d6e92444ae9573ef83876","Gateway":"172.18.0.1","GlobalIPv6Address":"","GlobalIPv6PrefixLen":0,"IPAddress":"172.18.0.2","IPPrefixLen":16,"IPv6Gateway":"","MacAddress":"02:42:ac:12:00:02","Networks":{"bridge":{"IPAMConfig":null,"Links":null,"Aliases":null,"NetworkID":"0a2283422758d0ef462fe3ea8df5a273d04ec3359e2256bc9cab9c7ef06aeb51","EndpointID":"72fbd69721d6ca0c69f5dc97d1ec943a5a2261c2ef0d6e92444ae9573ef83876","Gateway":"172.18.0.1","IPAddress":"172.18.0.2","IPPrefixLen":16,"IPv6Gateway":"","GlobalIPv6Address":"","GlobalIPv6PrefixLen":0,"MacAddress":"02:42:ac:12:00:02","DriverOpts":null}}}}[\n]"
2024-03-20 20:11:14.743 [Test worker]  DEBUG c.g.d.z.s.o.a.h.c.h.i.c.InternalHttpClient - ep-00000008: releasing valid endpoint
2024-03-20 20:11:14.743 [Test worker]  DEBUG c.g.d.z.s.o.a.h.c.h.i.i.PoolingHttpClientConnectionManager - ep-00000008: releasing endpoint
2024-03-20 20:11:14.743 [Test worker]  DEBUG c.g.d.z.s.o.a.h.c.h.i.i.PoolingHttpClientConnectionManager - ep-00000008: connection http-outgoing-0 can be kept alive for 3 MINUTES
2024-03-20 20:11:14.743 [Test worker]  DEBUG c.g.d.z.s.o.a.h.c.h.i.i.PoolingHttpClientConnectionManager - ep-00000008: connection released [route: {}->http://127.0.0.1:62197][total available: 1; route allocated: 1 of 2147483647; total allocated: 1 of 2147483647]
2024-03-20 20:11:14.744 [Test worker]  DEBUG o.t.s.c.g.d.c.command.AbstrDockerCmd - Cmd: sha256:71009a3edde7c6988eb3a3b51c9dc3cacc154494ca7e5e33ed567a38bf75c130
2024-03-20 20:11:14.745 [Test worker]  TRACE o.t.s.c.g.d.c.e.InspectImageCmdExec - GET: DefaultWebTarget{path=[/images/sha256:71009a3edde7c6988eb3a3b51c9dc3cacc154494ca7e5e33ed567a38bf75c130/json], queryParams={}}
2024-03-20 20:11:14.745 [Test worker]  DEBUG c.g.d.z.s.o.a.h.c.h.i.c.InternalHttpClient - ex-0000000A: preparing request execution
2024-03-20 20:11:14.745 [Test worker]  DEBUG c.g.d.z.s.o.a.h.c.h.p.RequestAddCookies - Cookie spec selected: strict
2024-03-20 20:11:14.745 [Test worker]  DEBUG c.g.d.z.s.o.a.h.c.h.p.RequestAuthCache - Auth cache not set in the context
2024-03-20 20:11:14.745 [Test worker]  DEBUG c.g.d.z.s.o.a.h.c.h.i.c.ProtocolExec - ex-0000000A: target auth state: UNCHALLENGED
2024-03-20 20:11:14.745 [Test worker]  DEBUG c.g.d.z.s.o.a.h.c.h.i.c.ProtocolExec - ex-0000000A: proxy auth state: UNCHALLENGED
2024-03-20 20:11:14.745 [Test worker]  DEBUG c.g.d.z.s.o.a.h.c.h.i.c.ConnectExec - ex-0000000A: acquiring connection with route {}->http://127.0.0.1:62197
2024-03-20 20:11:14.745 [Test worker]  DEBUG c.g.d.z.s.o.a.h.c.h.i.c.InternalHttpClient - ex-0000000A: acquiring endpoint (3 MINUTES)
2024-03-20 20:11:14.745 [Test worker]  DEBUG c.g.d.z.s.o.a.h.c.h.i.i.PoolingHttpClientConnectionManager - ex-0000000A: endpoint lease request (3 MINUTES) [route: {}->http://127.0.0.1:62197][total available: 1; route allocated: 1 of 2147483647; total allocated: 1 of 2147483647]
2024-03-20 20:11:14.745 [Test worker]  DEBUG c.g.d.z.s.o.a.h.c.h.i.i.PoolingHttpClientConnectionManager - ex-0000000A: endpoint leased [route: {}->http://127.0.0.1:62197][total available: 0; route allocated: 1 of 2147483647; total allocated: 1 of 2147483647]
2024-03-20 20:11:14.745 [Test worker]  DEBUG c.g.d.z.s.o.a.h.c.h.i.i.PoolingHttpClientConnectionManager - ex-0000000A: acquired ep-00000009
2024-03-20 20:11:14.745 [Test worker]  DEBUG c.g.d.z.s.o.a.h.c.h.i.c.InternalHttpClient - ex-0000000A: acquired endpoint ep-00000009
2024-03-20 20:11:14.745 [Test worker]  DEBUG c.g.d.z.s.o.a.h.c.h.i.c.MainClientExec - ex-0000000A: executing GET /v1.32/images/sha256:71009a3edde7c6988eb3a3b51c9dc3cacc154494ca7e5e33ed567a38bf75c130/json HTTP/1.1
2024-03-20 20:11:14.745 [Test worker]  DEBUG c.g.d.z.s.o.a.h.c.h.i.c.InternalHttpClient - ep-00000009: start execution ex-0000000A
2024-03-20 20:11:14.745 [Test worker]  DEBUG c.g.d.z.s.o.a.h.c.h.i.i.PoolingHttpClientConnectionManager - ep-00000009: executing exchange ex-0000000A over http-outgoing-0
2024-03-20 20:11:14.745 [Test worker]  DEBUG c.g.d.z.s.o.a.h.client5.http.headers - http-outgoing-0 >> GET /v1.32/images/sha256:71009a3edde7c6988eb3a3b51c9dc3cacc154494ca7e5e33ed567a38bf75c130/json HTTP/1.1
2024-03-20 20:11:14.745 [Test worker]  DEBUG c.g.d.z.s.o.a.h.client5.http.headers - http-outgoing-0 >> accept: application/json
2024-03-20 20:11:14.745 [Test worker]  DEBUG c.g.d.z.s.o.a.h.client5.http.headers - http-outgoing-0 >> x-tc-sid: f9061f9f-f631-469c-a1b7-e8c8c32eacbb
2024-03-20 20:11:14.745 [Test worker]  DEBUG c.g.d.z.s.o.a.h.client5.http.headers - http-outgoing-0 >> User-Agent: tc-java/1.19.7
2024-03-20 20:11:14.745 [Test worker]  DEBUG c.g.d.z.s.o.a.h.client5.http.headers - http-outgoing-0 >> Accept-Encoding: gzip, x-gzip, deflate
2024-03-20 20:11:14.745 [Test worker]  DEBUG c.g.d.z.s.o.a.h.client5.http.headers - http-outgoing-0 >> Host: 127.0.0.1:62197
2024-03-20 20:11:14.745 [Test worker]  DEBUG c.g.d.z.s.o.a.h.client5.http.headers - http-outgoing-0 >> Connection: keep-alive
2024-03-20 20:11:14.745 [Test worker]  DEBUG c.g.d.z.s.o.a.hc.client5.http.wire - http-outgoing-0 >> "GET /v1.32/images/sha256:71009a3edde7c6988eb3a3b51c9dc3cacc154494ca7e5e33ed567a38bf75c130/json HTTP/1.1[\r][\n]"
2024-03-20 20:11:14.745 [Test worker]  DEBUG c.g.d.z.s.o.a.hc.client5.http.wire - http-outgoing-0 >> "accept: application/json[\r][\n]"
2024-03-20 20:11:14.745 [Test worker]  DEBUG c.g.d.z.s.o.a.hc.client5.http.wire - http-outgoing-0 >> "x-tc-sid: f9061f9f-f631-469c-a1b7-e8c8c32eacbb[\r][\n]"
2024-03-20 20:11:14.745 [Test worker]  DEBUG c.g.d.z.s.o.a.hc.client5.http.wire - http-outgoing-0 >> "User-Agent: tc-java/1.19.7[\r][\n]"
2024-03-20 20:11:14.745 [Test worker]  DEBUG c.g.d.z.s.o.a.hc.client5.http.wire - http-outgoing-0 >> "Accept-Encoding: gzip, x-gzip, deflate[\r][\n]"
2024-03-20 20:11:14.745 [Test worker]  DEBUG c.g.d.z.s.o.a.hc.client5.http.wire - http-outgoing-0 >> "Host: 127.0.0.1:62197[\r][\n]"
2024-03-20 20:11:14.745 [Test worker]  DEBUG c.g.d.z.s.o.a.hc.client5.http.wire - http-outgoing-0 >> "Connection: keep-alive[\r][\n]"
2024-03-20 20:11:14.745 [Test worker]  DEBUG c.g.d.z.s.o.a.hc.client5.http.wire - http-outgoing-0 >> "[\r][\n]"
2024-03-20 20:11:14.759 [Test worker]  DEBUG c.g.d.z.s.o.a.hc.client5.http.wire - http-outgoing-0 << "HTTP/1.1 200 OK[\r][\n]"
2024-03-20 20:11:14.759 [Test worker]  DEBUG c.g.d.z.s.o.a.hc.client5.http.wire - http-outgoing-0 << "Api-Version: 1.44[\r][\n]"
2024-03-20 20:11:14.759 [Test worker]  DEBUG c.g.d.z.s.o.a.hc.client5.http.wire - http-outgoing-0 << "Content-Length: 2001[\r][\n]"
2024-03-20 20:11:14.759 [Test worker]  DEBUG c.g.d.z.s.o.a.hc.client5.http.wire - http-outgoing-0 << "Content-Type: application/json[\r][\n]"
2024-03-20 20:11:14.759 [Test worker]  DEBUG c.g.d.z.s.o.a.hc.client5.http.wire - http-outgoing-0 << "Date: Wed, 20 Mar 2024 19:11:14 GMT[\r][\n]"
2024-03-20 20:11:14.759 [Test worker]  DEBUG c.g.d.z.s.o.a.hc.client5.http.wire - http-outgoing-0 << "Docker-Experimental: false[\r][\n]"
2024-03-20 20:11:14.759 [Test worker]  DEBUG c.g.d.z.s.o.a.hc.client5.http.wire - http-outgoing-0 << "Ostype: linux[\r][\n]"
2024-03-20 20:11:14.759 [Test worker]  DEBUG c.g.d.z.s.o.a.hc.client5.http.wire - http-outgoing-0 << "Server: Docker/80+testcontainerscloud (linux)[\r][\n]"
2024-03-20 20:11:14.759 [Test worker]  DEBUG c.g.d.z.s.o.a.hc.client5.http.wire - http-outgoing-0 << "[\r][\n]"
2024-03-20 20:11:14.759 [Test worker]  DEBUG c.g.d.z.s.o.a.h.client5.http.headers - http-outgoing-0 << HTTP/1.1 200 OK
2024-03-20 20:11:14.759 [Test worker]  DEBUG c.g.d.z.s.o.a.h.client5.http.headers - http-outgoing-0 << Api-Version: 1.44
2024-03-20 20:11:14.759 [Test worker]  DEBUG c.g.d.z.s.o.a.h.client5.http.headers - http-outgoing-0 << Content-Length: 2001
2024-03-20 20:11:14.759 [Test worker]  DEBUG c.g.d.z.s.o.a.h.client5.http.headers - http-outgoing-0 << Content-Type: application/json
2024-03-20 20:11:14.759 [Test worker]  DEBUG c.g.d.z.s.o.a.h.client5.http.headers - http-outgoing-0 << Date: Wed, 20 Mar 2024 19:11:14 GMT
2024-03-20 20:11:14.759 [Test worker]  DEBUG c.g.d.z.s.o.a.h.client5.http.headers - http-outgoing-0 << Docker-Experimental: false
2024-03-20 20:11:14.759 [Test worker]  DEBUG c.g.d.z.s.o.a.h.client5.http.headers - http-outgoing-0 << Ostype: linux
2024-03-20 20:11:14.759 [Test worker]  DEBUG c.g.d.z.s.o.a.h.client5.http.headers - http-outgoing-0 << Server: Docker/80+testcontainerscloud (linux)
2024-03-20 20:11:14.759 [Test worker]  DEBUG c.g.d.z.s.o.a.h.c.h.i.c.MainClientExec - ex-0000000A: connection can be kept alive for 3 MINUTES
2024-03-20 20:11:14.759 [Test worker]  DEBUG c.g.d.z.s.o.a.hc.client5.http.wire - http-outgoing-0 << "{"Id":"sha256:71009a3edde7c6988eb3a3b51c9dc3cacc154494ca7e5e33ed567a38bf75c130","RepoTags":["testcontainers/ryuk:0.6.0"],"RepoDigests":["testcontainers/ryuk@sha256:739f19eb83b1710f22ff452d7bec9cdd3f53d0ba5ff4096c6516a85de88eba0c"],"Parent":"","Comment":"buildkit.dockerfile.v0","Created":"2023-12-21T14:31:54.932730965Z","Container":"","ContainerConfig":{"Hostname":"","Domainname":"","User":"","AttachStdin":false,"AttachStdout":false,"AttachStderr":false,"Tty":false,"OpenStdin":false,"StdinOnce":false,"Env":null,"Cmd":null,"Image":"","Volumes":null,"WorkingDir":"","Entrypoint":null,"OnBuild":null,"Labels":null},"DockerVersion":"","Author":"","Config":{"Hostname":"","Domainname":"","User":"","AttachStdin":false,"AttachStdout":false,"AttachStderr":false,"Tty":false,"OpenStdin":false,"StdinOnce":false,"Env":["PATH=/usr/local/sbin:/usr/local/bin:/usr/sbin:/usr/bin:/sbin:/bin"],"Cmd":["/bin/ryuk"],"ArgsEscaped":true,"Image":"","Volumes":null,"WorkingDir":"","Entrypoint":null,"OnBuild":null,"Labels":{"org.testcontainers.ryuk":"true"}},"Architecture":"amd64","Os":"linux","Size":14890784,"VirtualSize":14890784,"GraphDriver":{"Data":{"LowerDir":"/var/lib/docker/overlay2/21c330503640ba4cfa1e7b5f53866bc9ade6f603bbb6a26944edebaa8cbd6767/diff:/var/lib/docker/overlay2/a4d01587fd17b4b686f6fb7587e553414f2a0f290ee39a6bac18a9ae648abc56/diff","MergedDir":"/var/lib/docker/overlay2/1489ea6d11832f3aa465cc13ca36e498d1e1571ec3f49266335b4d19446d00d8/merged","UpperDir":"/var/lib/docker/overlay2/1489ea6d11832f3aa465cc13ca36e498d1e1571ec3f49266335b4d19446d00d8/diff","WorkDir":"/var/lib/docker/overlay2/1489ea6d11832f3aa465cc13ca36e498d1e1571ec3f49266335b4d19446d00d8/work"},"Name":"overlay2"},"RootFS":{"Type":"layers","Layers":["sha256:5af4f8f59b764c64c6def53f52ada809fe38d528441d08d01c206dfb3fc3b691","sha256:441e615457db588f9a8ad1074757b91a6a41f41532ec2cebc91729e35d52282a","sha256:dc4589c0b9e63879470d37ff459dcb82dab28afd4321f989b8aa02a0c6bcb2bf"]},"Metadata":{"LastTagTime":"0001-01-01T00:00:00Z"}}[\n]"
2024-03-20 20:11:14.760 [Test worker]  DEBUG c.g.d.z.s.o.a.h.c.h.i.c.InternalHttpClient - ep-00000009: releasing valid endpoint
2024-03-20 20:11:14.760 [Test worker]  DEBUG c.g.d.z.s.o.a.h.c.h.i.i.PoolingHttpClientConnectionManager - ep-00000009: releasing endpoint
2024-03-20 20:11:14.760 [Test worker]  DEBUG c.g.d.z.s.o.a.h.c.h.i.i.PoolingHttpClientConnectionManager - ep-00000009: connection http-outgoing-0 can be kept alive for 3 MINUTES
2024-03-20 20:11:14.760 [Test worker]  DEBUG c.g.d.z.s.o.a.h.c.h.i.i.PoolingHttpClientConnectionManager - ep-00000009: connection released [route: {}->http://127.0.0.1:62197][total available: 1; route allocated: 1 of 2147483647; total allocated: 1 of 2147483647]
2024-03-20 20:11:14.760 [Test worker]  DEBUG o.t.s.c.g.d.c.command.AbstrDockerCmd - Cmd: 
2024-03-20 20:11:14.760 [Test worker]  TRACE o.t.s.c.g.d.core.exec.VersionCmdExec - GET: DefaultWebTarget{path=[/version], queryParams={}}
2024-03-20 20:11:14.760 [Test worker]  DEBUG c.g.d.z.s.o.a.h.c.h.i.c.InternalHttpClient - ex-0000000B: preparing request execution
2024-03-20 20:11:14.760 [Test worker]  DEBUG c.g.d.z.s.o.a.h.c.h.p.RequestAddCookies - Cookie spec selected: strict
2024-03-20 20:11:14.760 [Test worker]  DEBUG c.g.d.z.s.o.a.h.c.h.p.RequestAuthCache - Auth cache not set in the context
2024-03-20 20:11:14.760 [Test worker]  DEBUG c.g.d.z.s.o.a.h.c.h.i.c.ProtocolExec - ex-0000000B: target auth state: UNCHALLENGED
2024-03-20 20:11:14.760 [Test worker]  DEBUG c.g.d.z.s.o.a.h.c.h.i.c.ProtocolExec - ex-0000000B: proxy auth state: UNCHALLENGED
2024-03-20 20:11:14.760 [Test worker]  DEBUG c.g.d.z.s.o.a.h.c.h.i.c.ConnectExec - ex-0000000B: acquiring connection with route {}->http://127.0.0.1:62197
2024-03-20 20:11:14.760 [Test worker]  DEBUG c.g.d.z.s.o.a.h.c.h.i.c.InternalHttpClient - ex-0000000B: acquiring endpoint (3 MINUTES)
2024-03-20 20:11:14.760 [Test worker]  DEBUG c.g.d.z.s.o.a.h.c.h.i.i.PoolingHttpClientConnectionManager - ex-0000000B: endpoint lease request (3 MINUTES) [route: {}->http://127.0.0.1:62197][total available: 1; route allocated: 1 of 2147483647; total allocated: 1 of 2147483647]
2024-03-20 20:11:14.760 [Test worker]  DEBUG c.g.d.z.s.o.a.h.c.h.i.i.PoolingHttpClientConnectionManager - ex-0000000B: endpoint leased [route: {}->http://127.0.0.1:62197][total available: 0; route allocated: 1 of 2147483647; total allocated: 1 of 2147483647]
2024-03-20 20:11:14.760 [Test worker]  DEBUG c.g.d.z.s.o.a.h.c.h.i.i.PoolingHttpClientConnectionManager - ex-0000000B: acquired ep-0000000A
2024-03-20 20:11:14.760 [Test worker]  DEBUG c.g.d.z.s.o.a.h.c.h.i.c.InternalHttpClient - ex-0000000B: acquired endpoint ep-0000000A
2024-03-20 20:11:14.760 [Test worker]  DEBUG c.g.d.z.s.o.a.h.c.h.i.c.MainClientExec - ex-0000000B: executing GET /v1.32/version HTTP/1.1
2024-03-20 20:11:14.760 [Test worker]  DEBUG c.g.d.z.s.o.a.h.c.h.i.c.InternalHttpClient - ep-0000000A: start execution ex-0000000B
2024-03-20 20:11:14.760 [Test worker]  DEBUG c.g.d.z.s.o.a.h.c.h.i.i.PoolingHttpClientConnectionManager - ep-0000000A: executing exchange ex-0000000B over http-outgoing-0
2024-03-20 20:11:14.760 [Test worker]  DEBUG c.g.d.z.s.o.a.h.client5.http.headers - http-outgoing-0 >> GET /v1.32/version HTTP/1.1
2024-03-20 20:11:14.760 [Test worker]  DEBUG c.g.d.z.s.o.a.h.client5.http.headers - http-outgoing-0 >> accept: application/json
2024-03-20 20:11:14.760 [Test worker]  DEBUG c.g.d.z.s.o.a.h.client5.http.headers - http-outgoing-0 >> x-tc-sid: f9061f9f-f631-469c-a1b7-e8c8c32eacbb
2024-03-20 20:11:14.760 [Test worker]  DEBUG c.g.d.z.s.o.a.h.client5.http.headers - http-outgoing-0 >> User-Agent: tc-java/1.19.7
2024-03-20 20:11:14.760 [Test worker]  DEBUG c.g.d.z.s.o.a.h.client5.http.headers - http-outgoing-0 >> Accept-Encoding: gzip, x-gzip, deflate
2024-03-20 20:11:14.760 [Test worker]  DEBUG c.g.d.z.s.o.a.h.client5.http.headers - http-outgoing-0 >> Host: 127.0.0.1:62197
2024-03-20 20:11:14.760 [Test worker]  DEBUG c.g.d.z.s.o.a.h.client5.http.headers - http-outgoing-0 >> Connection: keep-alive
2024-03-20 20:11:14.760 [Test worker]  DEBUG c.g.d.z.s.o.a.hc.client5.http.wire - http-outgoing-0 >> "GET /v1.32/version HTTP/1.1[\r][\n]"
2024-03-20 20:11:14.760 [Test worker]  DEBUG c.g.d.z.s.o.a.hc.client5.http.wire - http-outgoing-0 >> "accept: application/json[\r][\n]"
2024-03-20 20:11:14.760 [Test worker]  DEBUG c.g.d.z.s.o.a.hc.client5.http.wire - http-outgoing-0 >> "x-tc-sid: f9061f9f-f631-469c-a1b7-e8c8c32eacbb[\r][\n]"
2024-03-20 20:11:14.760 [Test worker]  DEBUG c.g.d.z.s.o.a.hc.client5.http.wire - http-outgoing-0 >> "User-Agent: tc-java/1.19.7[\r][\n]"
2024-03-20 20:11:14.760 [Test worker]  DEBUG c.g.d.z.s.o.a.hc.client5.http.wire - http-outgoing-0 >> "Accept-Encoding: gzip, x-gzip, deflate[\r][\n]"
2024-03-20 20:11:14.760 [Test worker]  DEBUG c.g.d.z.s.o.a.hc.client5.http.wire - http-outgoing-0 >> "Host: 127.0.0.1:62197[\r][\n]"
2024-03-20 20:11:14.760 [Test worker]  DEBUG c.g.d.z.s.o.a.hc.client5.http.wire - http-outgoing-0 >> "Connection: keep-alive[\r][\n]"
2024-03-20 20:11:14.760 [Test worker]  DEBUG c.g.d.z.s.o.a.hc.client5.http.wire - http-outgoing-0 >> "[\r][\n]"
2024-03-20 20:11:14.781 [Test worker]  DEBUG c.g.d.z.s.o.a.hc.client5.http.wire - http-outgoing-0 << "HTTP/1.1 200 OK[\r][\n]"
2024-03-20 20:11:14.781 [Test worker]  DEBUG c.g.d.z.s.o.a.hc.client5.http.wire - http-outgoing-0 << "Api-Version: 1.44[\r][\n]"
2024-03-20 20:11:14.781 [Test worker]  DEBUG c.g.d.z.s.o.a.hc.client5.http.wire - http-outgoing-0 << "Content-Length: 891[\r][\n]"
2024-03-20 20:11:14.781 [Test worker]  DEBUG c.g.d.z.s.o.a.hc.client5.http.wire - http-outgoing-0 << "Content-Type: application/json[\r][\n]"
2024-03-20 20:11:14.781 [Test worker]  DEBUG c.g.d.z.s.o.a.hc.client5.http.wire - http-outgoing-0 << "Date: Wed, 20 Mar 2024 19:11:14 GMT[\r][\n]"
2024-03-20 20:11:14.781 [Test worker]  DEBUG c.g.d.z.s.o.a.hc.client5.http.wire - http-outgoing-0 << "Docker-Experimental: false[\r][\n]"
2024-03-20 20:11:14.781 [Test worker]  DEBUG c.g.d.z.s.o.a.hc.client5.http.wire - http-outgoing-0 << "Ostype: linux[\r][\n]"
2024-03-20 20:11:14.781 [Test worker]  DEBUG c.g.d.z.s.o.a.hc.client5.http.wire - http-outgoing-0 << "Server: Docker/80+testcontainerscloud (linux)[\r][\n]"
2024-03-20 20:11:14.781 [Test worker]  DEBUG c.g.d.z.s.o.a.hc.client5.http.wire - http-outgoing-0 << "[\r][\n]"
2024-03-20 20:11:14.781 [Test worker]  DEBUG c.g.d.z.s.o.a.h.client5.http.headers - http-outgoing-0 << HTTP/1.1 200 OK
2024-03-20 20:11:14.781 [Test worker]  DEBUG c.g.d.z.s.o.a.h.client5.http.headers - http-outgoing-0 << Api-Version: 1.44
2024-03-20 20:11:14.781 [Test worker]  DEBUG c.g.d.z.s.o.a.h.client5.http.headers - http-outgoing-0 << Content-Length: 891
2024-03-20 20:11:14.781 [Test worker]  DEBUG c.g.d.z.s.o.a.h.client5.http.headers - http-outgoing-0 << Content-Type: application/json
2024-03-20 20:11:14.781 [Test worker]  DEBUG c.g.d.z.s.o.a.h.client5.http.headers - http-outgoing-0 << Date: Wed, 20 Mar 2024 19:11:14 GMT
2024-03-20 20:11:14.781 [Test worker]  DEBUG c.g.d.z.s.o.a.h.client5.http.headers - http-outgoing-0 << Docker-Experimental: false
2024-03-20 20:11:14.781 [Test worker]  DEBUG c.g.d.z.s.o.a.h.client5.http.headers - http-outgoing-0 << Ostype: linux
2024-03-20 20:11:14.781 [Test worker]  DEBUG c.g.d.z.s.o.a.h.client5.http.headers - http-outgoing-0 << Server: Docker/80+testcontainerscloud (linux)
2024-03-20 20:11:14.781 [Test worker]  DEBUG c.g.d.z.s.o.a.h.c.h.i.c.MainClientExec - ex-0000000B: connection can be kept alive for 3 MINUTES
2024-03-20 20:11:14.781 [Test worker]  DEBUG c.g.d.z.s.o.a.hc.client5.http.wire - http-outgoing-0 << "{"Platform":{"Name":"Testcontainers Cloud"},"Components":[{"Name":"Engine","Version":"80+testcontainerscloud","Details":{"ApiVersion":"1.44","Arch":"amd64","BuildTime":"2024-02-02T21:36:19.000000000+00:00","Experimental":"false","GitCommit":"fce6e0ca9bc000888de3daa157af14fa41fcd0ff","GoVersion":"go1.21.6","KernelVersion":"5.10.186","MinAPIVersion":"1.24","Os":"linux"}},{"Name":"containerd","Version":"v1.7.1","Details":{"GitCommit":"1677a17964311325ed1c31e2c0a3589ce6d5c30d"}},{"Name":"runc","Version":"1.1.7","Details":{"GitCommit":"v1.1.7-0-g860f061b"}},{"Name":"docker-init","Version":"0.19.0","Details":{"GitCommit":""}}],"Version":"80+testcontainerscloud","ApiVersion":"1.44","MinAPIVersion":"1.24","GitCommit":"fce6e0ca9bc000888de3daa157af14fa41fcd0ff","GoVersion":"go1.21.6","Os":"linux","Arch":"amd64","KernelVersion":"5.10.186","BuildTime":"2024-02-02T21:36:19.000000000+00:00"}[\n]"
2024-03-20 20:11:14.781 [Test worker]  DEBUG c.g.d.z.s.o.a.h.c.h.i.c.InternalHttpClient - ep-0000000A: releasing valid endpoint
2024-03-20 20:11:14.781 [Test worker]  DEBUG c.g.d.z.s.o.a.h.c.h.i.i.PoolingHttpClientConnectionManager - ep-0000000A: releasing endpoint
2024-03-20 20:11:14.781 [Test worker]  DEBUG c.g.d.z.s.o.a.h.c.h.i.i.PoolingHttpClientConnectionManager - ep-0000000A: connection http-outgoing-0 can be kept alive for 3 MINUTES
2024-03-20 20:11:14.781 [Test worker]  DEBUG c.g.d.z.s.o.a.h.c.h.i.i.PoolingHttpClientConnectionManager - ep-0000000A: connection released [route: {}->http://127.0.0.1:62197][total available: 1; route allocated: 1 of 2147483647; total allocated: 1 of 2147483647]
2024-03-20 20:11:14.783 [Test worker]  TRACE o.t.s.c.g.d.c.e.LogContainerCmdExec - GET: DefaultWebTarget{path=[/containers/890dbbe9ee1e7b1e0222710fe47fc763096f79596b2efdb2f8af0c57f84788b6/logs], queryParams={stdout=[true], stderr=[true], follow=[true], since=[0]}}
2024-03-20 20:11:14.784 [docker-java-stream-931736169]  DEBUG c.g.d.z.s.o.a.h.c.h.i.c.InternalHttpClient - ex-0000000C: preparing request execution
2024-03-20 20:11:14.784 [docker-java-stream-931736169]  DEBUG c.g.d.z.s.o.a.h.c.h.p.RequestAddCookies - Cookie spec selected: strict
2024-03-20 20:11:14.784 [docker-java-stream-931736169]  DEBUG c.g.d.z.s.o.a.h.c.h.p.RequestAuthCache - Auth cache not set in the context
2024-03-20 20:11:14.784 [docker-java-stream-931736169]  DEBUG c.g.d.z.s.o.a.h.c.h.i.c.ProtocolExec - ex-0000000C: target auth state: UNCHALLENGED
2024-03-20 20:11:14.784 [docker-java-stream-931736169]  DEBUG c.g.d.z.s.o.a.h.c.h.i.c.ProtocolExec - ex-0000000C: proxy auth state: UNCHALLENGED
2024-03-20 20:11:14.784 [docker-java-stream-931736169]  DEBUG c.g.d.z.s.o.a.h.c.h.i.c.ConnectExec - ex-0000000C: acquiring connection with route {}->http://127.0.0.1:62197
2024-03-20 20:11:14.784 [docker-java-stream-931736169]  DEBUG c.g.d.z.s.o.a.h.c.h.i.c.InternalHttpClient - ex-0000000C: acquiring endpoint (3 MINUTES)
2024-03-20 20:11:14.784 [docker-java-stream-931736169]  DEBUG c.g.d.z.s.o.a.h.c.h.i.i.PoolingHttpClientConnectionManager - ex-0000000C: endpoint lease request (3 MINUTES) [route: {}->http://127.0.0.1:62197][total available: 1; route allocated: 1 of 2147483647; total allocated: 1 of 2147483647]
2024-03-20 20:11:14.784 [docker-java-stream-931736169]  DEBUG c.g.d.z.s.o.a.h.c.h.i.i.PoolingHttpClientConnectionManager - ex-0000000C: endpoint leased [route: {}->http://127.0.0.1:62197][total available: 0; route allocated: 1 of 2147483647; total allocated: 1 of 2147483647]
2024-03-20 20:11:14.784 [docker-java-stream-931736169]  DEBUG c.g.d.z.s.o.a.h.c.h.i.i.PoolingHttpClientConnectionManager - ex-0000000C: acquired ep-0000000B
2024-03-20 20:11:14.784 [docker-java-stream-931736169]  DEBUG c.g.d.z.s.o.a.h.c.h.i.c.InternalHttpClient - ex-0000000C: acquired endpoint ep-0000000B
2024-03-20 20:11:14.784 [docker-java-stream-931736169]  DEBUG c.g.d.z.s.o.a.h.c.h.i.c.MainClientExec - ex-0000000C: executing GET /v1.32/containers/890dbbe9ee1e7b1e0222710fe47fc763096f79596b2efdb2f8af0c57f84788b6/logs?stdout=true&stderr=true&follow=true&since=0 HTTP/1.1
2024-03-20 20:11:14.784 [docker-java-stream-931736169]  DEBUG c.g.d.z.s.o.a.h.c.h.i.c.InternalHttpClient - ep-0000000B: start execution ex-0000000C
2024-03-20 20:11:14.784 [docker-java-stream-931736169]  DEBUG c.g.d.z.s.o.a.h.c.h.i.i.PoolingHttpClientConnectionManager - ep-0000000B: executing exchange ex-0000000C over http-outgoing-0
2024-03-20 20:11:14.784 [docker-java-stream-931736169]  DEBUG c.g.d.z.s.o.a.h.client5.http.headers - http-outgoing-0 >> GET /v1.32/containers/890dbbe9ee1e7b1e0222710fe47fc763096f79596b2efdb2f8af0c57f84788b6/logs?stdout=true&stderr=true&follow=true&since=0 HTTP/1.1
2024-03-20 20:11:14.784 [docker-java-stream-931736169]  DEBUG c.g.d.z.s.o.a.h.client5.http.headers - http-outgoing-0 >> x-tc-sid: f9061f9f-f631-469c-a1b7-e8c8c32eacbb
2024-03-20 20:11:14.784 [docker-java-stream-931736169]  DEBUG c.g.d.z.s.o.a.h.client5.http.headers - http-outgoing-0 >> User-Agent: tc-java/1.19.7
2024-03-20 20:11:14.784 [docker-java-stream-931736169]  DEBUG c.g.d.z.s.o.a.h.client5.http.headers - http-outgoing-0 >> Accept-Encoding: gzip, x-gzip, deflate
2024-03-20 20:11:14.784 [docker-java-stream-931736169]  DEBUG c.g.d.z.s.o.a.h.client5.http.headers - http-outgoing-0 >> Host: 127.0.0.1:62197
2024-03-20 20:11:14.784 [docker-java-stream-931736169]  DEBUG c.g.d.z.s.o.a.h.client5.http.headers - http-outgoing-0 >> Connection: keep-alive
2024-03-20 20:11:14.784 [docker-java-stream-931736169]  DEBUG c.g.d.z.s.o.a.hc.client5.http.wire - http-outgoing-0 >> "GET /v1.32/containers/890dbbe9ee1e7b1e0222710fe47fc763096f79596b2efdb2f8af0c57f84788b6/logs?stdout=true&stderr=true&follow=true&since=0 HTTP/1.1[\r][\n]"
2024-03-20 20:11:14.784 [docker-java-stream-931736169]  DEBUG c.g.d.z.s.o.a.hc.client5.http.wire - http-outgoing-0 >> "x-tc-sid: f9061f9f-f631-469c-a1b7-e8c8c32eacbb[\r][\n]"
2024-03-20 20:11:14.784 [docker-java-stream-931736169]  DEBUG c.g.d.z.s.o.a.hc.client5.http.wire - http-outgoing-0 >> "User-Agent: tc-java/1.19.7[\r][\n]"
2024-03-20 20:11:14.784 [docker-java-stream-931736169]  DEBUG c.g.d.z.s.o.a.hc.client5.http.wire - http-outgoing-0 >> "Accept-Encoding: gzip, x-gzip, deflate[\r][\n]"
2024-03-20 20:11:14.784 [docker-java-stream-931736169]  DEBUG c.g.d.z.s.o.a.hc.client5.http.wire - http-outgoing-0 >> "Host: 127.0.0.1:62197[\r][\n]"
2024-03-20 20:11:14.784 [docker-java-stream-931736169]  DEBUG c.g.d.z.s.o.a.hc.client5.http.wire - http-outgoing-0 >> "Connection: keep-alive[\r][\n]"
2024-03-20 20:11:14.784 [docker-java-stream-931736169]  DEBUG c.g.d.z.s.o.a.hc.client5.http.wire - http-outgoing-0 >> "[\r][\n]"
2024-03-20 20:11:14.796 [docker-java-stream-931736169]  DEBUG c.g.d.z.s.o.a.hc.client5.http.wire - http-outgoing-0 << "HTTP/1.1 200 OK[\r][\n]"
2024-03-20 20:11:14.796 [docker-java-stream-931736169]  DEBUG c.g.d.z.s.o.a.hc.client5.http.wire - http-outgoing-0 << "Api-Version: 1.44[\r][\n]"
2024-03-20 20:11:14.796 [docker-java-stream-931736169]  DEBUG c.g.d.z.s.o.a.hc.client5.http.wire - http-outgoing-0 << "Content-Type: application/vnd.docker.raw-stream[\r][\n]"
2024-03-20 20:11:14.797 [docker-java-stream-931736169]  DEBUG c.g.d.z.s.o.a.hc.client5.http.wire - http-outgoing-0 << "Date: Wed, 20 Mar 2024 19:11:14 GMT[\r][\n]"
2024-03-20 20:11:14.797 [docker-java-stream-931736169]  DEBUG c.g.d.z.s.o.a.hc.client5.http.wire - http-outgoing-0 << "Docker-Experimental: false[\r][\n]"
2024-03-20 20:11:14.797 [docker-java-stream-931736169]  DEBUG c.g.d.z.s.o.a.hc.client5.http.wire - http-outgoing-0 << "Ostype: linux[\r][\n]"
2024-03-20 20:11:14.797 [docker-java-stream-931736169]  DEBUG c.g.d.z.s.o.a.hc.client5.http.wire - http-outgoing-0 << "Server: Docker/80+testcontainerscloud (linux)[\r][\n]"
2024-03-20 20:11:14.797 [docker-java-stream-931736169]  DEBUG c.g.d.z.s.o.a.hc.client5.http.wire - http-outgoing-0 << "Transfer-Encoding: chunked[\r][\n]"
2024-03-20 20:11:14.797 [docker-java-stream-931736169]  DEBUG c.g.d.z.s.o.a.hc.client5.http.wire - http-outgoing-0 << "[\r][\n]"
2024-03-20 20:11:14.797 [docker-java-stream-931736169]  DEBUG c.g.d.z.s.o.a.h.client5.http.headers - http-outgoing-0 << HTTP/1.1 200 OK
2024-03-20 20:11:14.797 [docker-java-stream-931736169]  DEBUG c.g.d.z.s.o.a.h.client5.http.headers - http-outgoing-0 << Api-Version: 1.44
2024-03-20 20:11:14.797 [docker-java-stream-931736169]  DEBUG c.g.d.z.s.o.a.h.client5.http.headers - http-outgoing-0 << Content-Type: application/vnd.docker.raw-stream
2024-03-20 20:11:14.797 [docker-java-stream-931736169]  DEBUG c.g.d.z.s.o.a.h.client5.http.headers - http-outgoing-0 << Date: Wed, 20 Mar 2024 19:11:14 GMT
2024-03-20 20:11:14.797 [docker-java-stream-931736169]  DEBUG c.g.d.z.s.o.a.h.client5.http.headers - http-outgoing-0 << Docker-Experimental: false
2024-03-20 20:11:14.797 [docker-java-stream-931736169]  DEBUG c.g.d.z.s.o.a.h.client5.http.headers - http-outgoing-0 << Ostype: linux
2024-03-20 20:11:14.797 [docker-java-stream-931736169]  DEBUG c.g.d.z.s.o.a.h.client5.http.headers - http-outgoing-0 << Server: Docker/80+testcontainerscloud (linux)
2024-03-20 20:11:14.797 [docker-java-stream-931736169]  DEBUG c.g.d.z.s.o.a.h.client5.http.headers - http-outgoing-0 << Transfer-Encoding: chunked
2024-03-20 20:11:14.797 [docker-java-stream-931736169]  DEBUG c.g.d.z.s.o.a.h.c.h.i.c.MainClientExec - ex-0000000C: connection can be kept alive for 3 MINUTES
2024-03-20 20:11:14.806 [docker-java-stream-931736169]  DEBUG c.g.d.z.s.o.a.hc.client5.http.wire - http-outgoing-0 << "c0[\r][\n]"
2024-03-20 20:11:14.806 [docker-java-stream-931736169]  DEBUG c.g.d.z.s.o.a.hc.client5.http.wire - http-outgoing-0 << "[0x2][0x0][0x0][0x0][0x0][0x0][0x0]&2024/03/20 19:11:14 Pinging Docker...[\n]"
2024-03-20 20:11:14.806 [docker-java-stream-931736169]  DEBUG c.g.d.z.s.o.a.hc.client5.http.wire - http-outgoing-0 << "[0x2][0x0][0x0][0x0][0x0][0x0][0x0]02024/03/20 19:11:14 Docker daemon is available![\n]"
2024-03-20 20:11:14.806 [docker-java-stream-931736169]  DEBUG c.g.d.z.s.o.a.hc.client5.http.wire - http-outgoing-0 << "[0x2][0x0][0x0][0x0][0x0][0x0][0x0]-2024/03/20 19:11:14 Starting on port 8080...[\n]"
2024-03-20 20:11:14.806 [docker-java-stream-931736169]  DEBUG c.g.d.z.s.o.a.hc.client5.http.wire - http-outgoing-0 << "[0x2][0x0][0x0][0x0][0x0][0x0][0x0][0x1d]2024/03/20 19:11:14 Started![\n]"
2024-03-20 20:11:14.806 [docker-java-stream-931736169]  DEBUG c.g.d.z.s.o.a.hc.client5.http.wire - http-outgoing-0 << "[\r][\n]"
2024-03-20 20:11:14.807 [Test worker]  DEBUG o.t.c.output.WaitingConsumer - STDERR: 2024/03/20 19:11:14 Pinging Docker...
2024-03-20 20:11:14.807 [Test worker]  DEBUG o.t.c.output.WaitingConsumer - STDERR: 2024/03/20 19:11:14 Started!
2024-03-20 20:11:14.807 [Test worker]  DEBUG c.g.d.z.s.o.a.h.c.h.i.c.InternalHttpClient - ep-0000000B: cancel
2024-03-20 20:11:14.808 [Test worker]  DEBUG c.g.d.z.s.o.a.h.c.h.i.i.DefaultManagedHttpClientConnection - http-outgoing-0: close connection IMMEDIATE
2024-03-20 20:11:14.808 [Test worker]  DEBUG c.g.d.z.s.o.a.h.c.h.i.c.InternalHttpClient - ep-0000000B: endpoint closed
2024-03-20 20:11:14.808 [Test worker]  DEBUG c.g.d.z.s.o.a.h.c.h.i.c.InternalHttpClient - ep-0000000B: discarding endpoint
2024-03-20 20:11:14.808 [Test worker]  DEBUG c.g.d.z.s.o.a.h.c.h.i.i.PoolingHttpClientConnectionManager - ep-0000000B: releasing endpoint
2024-03-20 20:11:14.808 [Test worker]  DEBUG c.g.d.z.s.o.a.h.c.h.i.i.PoolingHttpClientConnectionManager - ep-0000000B: connection is not kept alive
2024-03-20 20:11:14.808 [Test worker]  DEBUG c.g.d.z.s.o.a.h.c.h.i.i.PoolingHttpClientConnectionManager - ep-0000000B: connection released [route: {}->http://127.0.0.1:62197][total available: 0; route allocated: 0 of 2147483647; total allocated: 0 of 2147483647]
2024-03-20 20:11:14.808 [Test worker]  DEBUG c.g.d.z.s.o.a.hc.client5.http.wire - http-outgoing-0 << "[read] I/O error: Socket closed"
2024-03-20 20:11:14.808 [docker-java-stream-931736169]  DEBUG c.g.d.z.s.o.a.hc.client5.http.wire - http-outgoing-0 << "[read] I/O error: Socket closed"
2024-03-20 20:11:14.808 [Test worker]  DEBUG c.g.d.z.ApacheDockerHttpClientImpl$ApacheResponse - Failed to close the response
java.net.SocketException: Socket closed
	at java.base/sun.nio.ch.NioSocketImpl.ensureOpenAndConnected(NioSocketImpl.java:163)
	at java.base/sun.nio.ch.NioSocketImpl.beginRead(NioSocketImpl.java:226)
	at java.base/sun.nio.ch.NioSocketImpl.implRead(NioSocketImpl.java:294)
	at java.base/sun.nio.ch.NioSocketImpl.read(NioSocketImpl.java:346)
	at java.base/sun.nio.ch.NioSocketImpl$1.read(NioSocketImpl.java:796)
	at java.base/java.net.Socket$SocketInputStream.read(Socket.java:1099)
	at com.github.dockerjava.zerodep.shaded.org.apache.hc.client5.http.impl.io.LoggingInputStream.read(LoggingInputStream.java:81)
	at com.github.dockerjava.zerodep.shaded.org.apache.hc.core5.http.impl.io.SessionInputBufferImpl.fillBuffer(SessionInputBufferImpl.java:149)
	at com.github.dockerjava.zerodep.shaded.org.apache.hc.core5.http.impl.io.SessionInputBufferImpl.readLine(SessionInputBufferImpl.java:280)
	at com.github.dockerjava.zerodep.shaded.org.apache.hc.core5.http.impl.io.ChunkedInputStream.getChunkSize(ChunkedInputStream.java:261)
	at com.github.dockerjava.zerodep.shaded.org.apache.hc.core5.http.impl.io.ChunkedInputStream.nextChunk(ChunkedInputStream.java:222)
	at com.github.dockerjava.zerodep.shaded.org.apache.hc.core5.http.impl.io.ChunkedInputStream.read(ChunkedInputStream.java:147)
	at com.github.dockerjava.zerodep.shaded.org.apache.hc.core5.http.impl.io.ChunkedInputStream.close(ChunkedInputStream.java:314)
	at com.github.dockerjava.zerodep.shaded.org.apache.hc.core5.io.Closer.close(Closer.java:48)
	at com.github.dockerjava.zerodep.shaded.org.apache.hc.core5.http.impl.io.IncomingHttpEntity.close(IncomingHttpEntity.java:111)
	at com.github.dockerjava.zerodep.shaded.org.apache.hc.core5.http.io.entity.HttpEntityWrapper.close(HttpEntityWrapper.java:120)
	at com.github.dockerjava.zerodep.shaded.org.apache.hc.core5.io.Closer.close(Closer.java:48)
	at com.github.dockerjava.zerodep.shaded.org.apache.hc.core5.http.message.BasicClassicHttpResponse.close(BasicClassicHttpResponse.java:93)
	at com.github.dockerjava.zerodep.shaded.org.apache.hc.client5.http.impl.classic.CloseableHttpResponse.close(CloseableHttpResponse.java:200)
	at com.github.dockerjava.zerodep.ApacheDockerHttpClientImpl$ApacheResponse.close(ApacheDockerHttpClientImpl.java:271)
	at org.testcontainers.shaded.com.github.dockerjava.core.DefaultInvocationBuilder.lambda$null$0(DefaultInvocationBuilder.java:272)
	at com.github.dockerjava.api.async.ResultCallbackTemplate.close(ResultCallbackTemplate.java:77)
	at org.testcontainers.containers.output.FrameConsumerResultCallback.close(FrameConsumerResultCallback.java:69)
	at org.testcontainers.containers.wait.strategy.LogMessageWaitStrategy.waitUntilReady(LogMessageWaitStrategy.java:49)
	at org.testcontainers.containers.wait.strategy.AbstractWaitStrategy.waitUntilReady(AbstractWaitStrategy.java:52)
	at org.testcontainers.containers.GenericContainer.waitUntilContainerStarted(GenericContainer.java:909)
	at org.testcontainers.containers.GenericContainer.tryStart(GenericContainer.java:500)
	at org.testcontainers.containers.GenericContainer.lambda$doStart$0(GenericContainer.java:354)
	at org.rnorth.ducttape.unreliables.Unreliables.retryUntilSuccess(Unreliables.java:81)
	at org.testcontainers.containers.GenericContainer.doStart(GenericContainer.java:344)
	at org.testcontainers.containers.GenericContainer.start(GenericContainer.java:330)
	at org.testcontainers.utility.RyukResourceReaper.maybeStart(RyukResourceReaper.java:78)
	at org.testcontainers.utility.RyukResourceReaper.register(RyukResourceReaper.java:68)
	at org.testcontainers.containers.GenericContainer.tryStart(GenericContainer.java:434)
	at org.testcontainers.containers.GenericContainer.lambda$doStart$0(GenericContainer.java:354)
	at org.rnorth.ducttape.unreliables.Unreliables.retryUntilSuccess(Unreliables.java:81)
	at org.testcontainers.containers.GenericContainer.doStart(GenericContainer.java:344)
	at org.testcontainers.containers.GenericContainer.start(GenericContainer.java:330)
	at com.elevaktor.EventStoreTest.Can store and retrieve events(EventStoreTest.kt:16)
	at java.base/jdk.internal.reflect.DirectMethodHandleAccessor.invoke(DirectMethodHandleAccessor.java:103)
	at java.base/java.lang.reflect.Method.invoke(Method.java:580)
	at org.junit.runners.model.FrameworkMethod$1.runReflectiveCall(FrameworkMethod.java:59)
	at org.junit.internal.runners.model.ReflectiveCallable.run(ReflectiveCallable.java:12)
	at org.junit.runners.model.FrameworkMethod.invokeExplosively(FrameworkMethod.java:56)
	at org.junit.internal.runners.statements.InvokeMethod.evaluate(InvokeMethod.java:17)
	at org.junit.runners.ParentRunner$3.evaluate(ParentRunner.java:306)
	at org.junit.runners.BlockJUnit4ClassRunner$1.evaluate(BlockJUnit4ClassRunner.java:100)
	at org.junit.runners.ParentRunner.runLeaf(ParentRunner.java:366)
	at org.junit.runners.BlockJUnit4ClassRunner.runChild(BlockJUnit4ClassRunner.java:103)
	at org.junit.runners.BlockJUnit4ClassRunner.runChild(BlockJUnit4ClassRunner.java:63)
	at org.junit.runners.ParentRunner$4.run(ParentRunner.java:331)
	at org.junit.runners.ParentRunner$1.schedule(ParentRunner.java:79)
	at org.junit.runners.ParentRunner.runChildren(ParentRunner.java:329)
	at org.junit.runners.ParentRunner.access$100(ParentRunner.java:66)
	at org.junit.runners.ParentRunner$2.evaluate(ParentRunner.java:293)
	at org.junit.runners.ParentRunner$3.evaluate(ParentRunner.java:306)
	at org.junit.runners.ParentRunner.run(ParentRunner.java:413)
	at org.gradle.api.internal.tasks.testing.junit.JUnitTestClassExecutor.runTestClass(JUnitTestClassExecutor.java:112)
	at org.gradle.api.internal.tasks.testing.junit.JUnitTestClassExecutor.execute(JUnitTestClassExecutor.java:58)
	at org.gradle.api.internal.tasks.testing.junit.JUnitTestClassExecutor.execute(JUnitTestClassExecutor.java:40)
	at org.gradle.api.internal.tasks.testing.junit.AbstractJUnitTestClassProcessor.processTestClass(AbstractJUnitTestClassProcessor.java:60)
	at org.gradle.api.internal.tasks.testing.SuiteTestClassProcessor.processTestClass(SuiteTestClassProcessor.java:52)
	at java.base/jdk.internal.reflect.DirectMethodHandleAccessor.invoke(DirectMethodHandleAccessor.java:103)
	at java.base/java.lang.reflect.Method.invoke(Method.java:580)
	at org.gradle.internal.dispatch.ReflectionDispatch.dispatch(ReflectionDispatch.java:36)
	at org.gradle.internal.dispatch.ReflectionDispatch.dispatch(ReflectionDispatch.java:24)
	at org.gradle.internal.dispatch.ContextClassLoaderDispatch.dispatch(ContextClassLoaderDispatch.java:33)
	at org.gradle.internal.dispatch.ProxyDispatchAdapter$DispatchingInvocationHandler.invoke(ProxyDispatchAdapter.java:94)
	at jdk.proxy1/jdk.proxy1.$Proxy2.processTestClass(Unknown Source)
	at org.gradle.api.internal.tasks.testing.worker.TestWorker$2.run(TestWorker.java:176)
	at org.gradle.api.internal.tasks.testing.worker.TestWorker.executeAndMaintainThreadName(TestWorker.java:129)
	at org.gradle.api.internal.tasks.testing.worker.TestWorker.execute(TestWorker.java:100)
	at org.gradle.api.internal.tasks.testing.worker.TestWorker.execute(TestWorker.java:60)
	at org.gradle.process.internal.worker.child.ActionExecutionWorker.execute(ActionExecutionWorker.java:56)
	at org.gradle.process.internal.worker.child.SystemApplicationClassLoaderWorker.call(SystemApplicationClassLoaderWorker.java:113)
	at org.gradle.process.internal.worker.child.SystemApplicationClassLoaderWorker.call(SystemApplicationClassLoaderWorker.java:65)
	at worker.org.gradle.process.internal.worker.GradleWorkerMain.run(GradleWorkerMain.java:69)
	at worker.org.gradle.process.internal.worker.GradleWorkerMain.main(GradleWorkerMain.java:74)
2024-03-20 20:11:14.809 [Test worker]  INFO  tc.testcontainers/ryuk:0.6.0 - Container testcontainers/ryuk:0.6.0 started in PT1.013734S
2024-03-20 20:11:14.811 [testcontainers-ryuk]  DEBUG o.t.utility.ResourceReaper - Sending 'label=org.testcontainers%3Dtrue&label=org.testcontainers.lang%3Djava&label=org.testcontainers.version%3D1.19.7&label=org.testcontainers.sessionId%3Df9061f9f-f631-469c-a1b7-e8c8c32eacbb' to Ryuk
2024-03-20 20:11:14.841 [testcontainers-ryuk]  DEBUG o.t.utility.RyukResourceReaper - Received 'ACK' from Ryuk
2024-03-20 20:11:14.841 [Test worker]  DEBUG o.t.s.c.g.d.c.command.AbstrDockerCmd - Cmd: org.testcontainers.shaded.com.github.dockerjava.core.command.CreateContainerCmdImpl@78830d9a[aliases=<null>,argsEscaped=<null>,attachStderr=<null>,attachStdin=<null>,attachStdout=<null>,authConfig=<null>,cmd={/bin/sh,-c,gcloud beta emulators firestore start --host-port 0.0.0.0:8080},domainName=<null>,entrypoint=<null>,env={},exposedPorts=ExposedPorts(exposedPorts=[8080/tcp]),healthcheck=<null>,hostConfig=HostConfig(binds=[], blkioWeight=null, blkioWeightDevice=null, blkioDeviceReadBps=null, blkioDeviceWriteBps=null, blkioDeviceReadIOps=null, blkioDeviceWriteIOps=null, memorySwappiness=null, nanoCPUs=null, capAdd=null, capDrop=null, containerIDFile=null, cpuPeriod=null, cpuRealtimePeriod=null, cpuRealtimeRuntime=null, cpuShares=null, cpuQuota=null, cpusetCpus=null, cpusetMems=null, devices=null, deviceCgroupRules=null, deviceRequests=null, diskQuota=null, dns=null, dnsOptions=null, dnsSearch=null, extraHosts=[], groupAdd=null, ipcMode=null, cgroup=null, links=[], logConfig=LogConfig(type=null, config=null), lxcConf=null, memory=null, memorySwap=null, memoryReservation=null, kernelMemory=null, networkMode=null, oomKillDisable=null, init=null, autoRemove=null, oomScoreAdj=null, portBindings={8080/tcp=[Lcom.github.dockerjava.api.model.Ports$Binding;@7ad54c55}, privileged=null, publishAllPorts=null, readonlyRootfs=null, restartPolicy=null, ulimits=null, cpuCount=null, cpuPercent=null, ioMaximumIOps=null, ioMaximumBandwidth=null, volumesFrom=[], mounts=null, pidMode=null, isolation=null, securityOpts=null, storageOpt=null, cgroupParent=null, volumeDriver=null, shmSize=null, pidsLimit=null, runtime=null, tmpFs=null, utSMode=null, usernsMode=null, sysctls=null, consoleSize=null, cgroupnsMode=null),hostName=<null>,image=gcr.io/google.com/cloudsdktool/google-cloud-cli:441.0.0-emulators,ipv4Address=<null>,ipv6Address=<null>,labels={org.testcontainers=true, org.testcontainers.lang=java, org.testcontainers.version=1.19.7, org.testcontainers.sessionId=f9061f9f-f631-469c-a1b7-e8c8c32eacbb},macAddress=<null>,name=<null>,networkDisabled=<null>,networkingConfig=<null>,onBuild=<null>,platform=<null>,portSpecs=<null>,shell=<null>,stdInOnce=<null>,stdinOpen=<null>,stopSignal=<null>,stopTimeout=<null>,tty=<null>,user=<null>,volumes=Volumes(volumes=[]),workingDir=<null>]
2024-03-20 20:11:14.842 [Test worker]  TRACE o.t.s.c.g.d.c.e.CreateContainerCmdExec - POST: DefaultWebTarget{path=[/containers/create], queryParams={}} 
2024-03-20 20:11:14.842 [Test worker]  DEBUG c.g.d.z.s.o.a.h.c.h.i.c.InternalHttpClient - ex-0000000D: preparing request execution
2024-03-20 20:11:14.842 [Test worker]  DEBUG c.g.d.z.s.o.a.h.c.h.p.RequestAddCookies - Cookie spec selected: strict
2024-03-20 20:11:14.842 [Test worker]  DEBUG c.g.d.z.s.o.a.h.c.h.p.RequestAuthCache - Auth cache not set in the context
2024-03-20 20:11:14.842 [Test worker]  DEBUG c.g.d.z.s.o.a.h.c.h.i.c.ProtocolExec - ex-0000000D: target auth state: UNCHALLENGED
2024-03-20 20:11:14.842 [Test worker]  DEBUG c.g.d.z.s.o.a.h.c.h.i.c.ProtocolExec - ex-0000000D: proxy auth state: UNCHALLENGED
2024-03-20 20:11:14.842 [Test worker]  DEBUG c.g.d.z.s.o.a.h.c.h.i.c.ConnectExec - ex-0000000D: acquiring connection with route {}->http://127.0.0.1:62197
2024-03-20 20:11:14.842 [Test worker]  DEBUG c.g.d.z.s.o.a.h.c.h.i.c.InternalHttpClient - ex-0000000D: acquiring endpoint (3 MINUTES)
2024-03-20 20:11:14.842 [Test worker]  DEBUG c.g.d.z.s.o.a.h.c.h.i.i.PoolingHttpClientConnectionManager - ex-0000000D: endpoint lease request (3 MINUTES) [route: {}->http://127.0.0.1:62197][total available: 0; route allocated: 0 of 2147483647; total allocated: 0 of 2147483647]
2024-03-20 20:11:14.842 [Test worker]  DEBUG c.g.d.z.s.o.a.h.c.h.i.i.PoolingHttpClientConnectionManager - ex-0000000D: endpoint leased [route: {}->http://127.0.0.1:62197][total available: 0; route allocated: 1 of 2147483647; total allocated: 1 of 2147483647]
2024-03-20 20:11:14.842 [Test worker]  DEBUG c.g.d.z.s.o.a.h.c.h.i.i.PoolingHttpClientConnectionManager - ex-0000000D: acquired ep-0000000C
2024-03-20 20:11:14.842 [Test worker]  DEBUG c.g.d.z.s.o.a.h.c.h.i.c.InternalHttpClient - ex-0000000D: acquired endpoint ep-0000000C
2024-03-20 20:11:14.842 [Test worker]  DEBUG c.g.d.z.s.o.a.h.c.h.i.c.ConnectExec - ex-0000000D: opening connection {}->http://127.0.0.1:62197
2024-03-20 20:11:14.842 [Test worker]  DEBUG c.g.d.z.s.o.a.h.c.h.i.c.InternalHttpClient - ep-0000000C: connecting endpoint (3 MINUTES)
2024-03-20 20:11:14.842 [Test worker]  DEBUG c.g.d.z.s.o.a.h.c.h.i.i.PoolingHttpClientConnectionManager - ep-0000000C: connecting endpoint to http://127.0.0.1:62197 (3 MINUTES)
2024-03-20 20:11:14.843 [Test worker]  DEBUG c.g.d.z.s.o.a.h.c.h.i.i.DefaultHttpClientConnectionOperator - http-outgoing-1: connecting to /127.0.0.1:62197
2024-03-20 20:11:14.843 [Test worker]  DEBUG c.g.d.z.s.o.a.h.c.h.i.i.DefaultHttpClientConnectionOperator - http-outgoing-1: connection established 127.0.0.1:49965<->127.0.0.1:62197
2024-03-20 20:11:14.843 [Test worker]  DEBUG c.g.d.z.s.o.a.h.c.h.i.i.PoolingHttpClientConnectionManager - ep-0000000C: connected http-outgoing-1
2024-03-20 20:11:14.843 [Test worker]  DEBUG c.g.d.z.s.o.a.h.c.h.i.c.InternalHttpClient - ep-0000000C: endpoint connected
2024-03-20 20:11:14.843 [Test worker]  DEBUG c.g.d.z.s.o.a.h.c.h.i.c.MainClientExec - ex-0000000D: executing POST /v1.32/containers/create HTTP/1.1
2024-03-20 20:11:14.843 [Test worker]  DEBUG c.g.d.z.s.o.a.h.c.h.i.c.InternalHttpClient - ep-0000000C: start execution ex-0000000D
2024-03-20 20:11:14.843 [Test worker]  DEBUG c.g.d.z.s.o.a.h.c.h.i.i.PoolingHttpClientConnectionManager - ep-0000000C: executing exchange ex-0000000D over http-outgoing-1
2024-03-20 20:11:14.843 [Test worker]  DEBUG c.g.d.z.s.o.a.h.client5.http.headers - http-outgoing-1 >> POST /v1.32/containers/create HTTP/1.1
2024-03-20 20:11:14.843 [Test worker]  DEBUG c.g.d.z.s.o.a.h.client5.http.headers - http-outgoing-1 >> accept: application/json
2024-03-20 20:11:14.843 [Test worker]  DEBUG c.g.d.z.s.o.a.h.client5.http.headers - http-outgoing-1 >> content-type: application/json
2024-03-20 20:11:14.843 [Test worker]  DEBUG c.g.d.z.s.o.a.h.client5.http.headers - http-outgoing-1 >> x-tc-sid: f9061f9f-f631-469c-a1b7-e8c8c32eacbb
2024-03-20 20:11:14.843 [Test worker]  DEBUG c.g.d.z.s.o.a.h.client5.http.headers - http-outgoing-1 >> User-Agent: tc-java/1.19.7
2024-03-20 20:11:14.843 [Test worker]  DEBUG c.g.d.z.s.o.a.h.client5.http.headers - http-outgoing-1 >> Accept-Encoding: gzip, x-gzip, deflate
2024-03-20 20:11:14.843 [Test worker]  DEBUG c.g.d.z.s.o.a.h.client5.http.headers - http-outgoing-1 >> Content-Length: 2097
2024-03-20 20:11:14.843 [Test worker]  DEBUG c.g.d.z.s.o.a.h.client5.http.headers - http-outgoing-1 >> Host: 127.0.0.1:62197
2024-03-20 20:11:14.843 [Test worker]  DEBUG c.g.d.z.s.o.a.h.client5.http.headers - http-outgoing-1 >> Connection: keep-alive
2024-03-20 20:11:14.843 [Test worker]  DEBUG c.g.d.z.s.o.a.hc.client5.http.wire - http-outgoing-1 >> "POST /v1.32/containers/create HTTP/1.1[\r][\n]"
2024-03-20 20:11:14.843 [Test worker]  DEBUG c.g.d.z.s.o.a.hc.client5.http.wire - http-outgoing-1 >> "accept: application/json[\r][\n]"
2024-03-20 20:11:14.843 [Test worker]  DEBUG c.g.d.z.s.o.a.hc.client5.http.wire - http-outgoing-1 >> "content-type: application/json[\r][\n]"
2024-03-20 20:11:14.843 [Test worker]  DEBUG c.g.d.z.s.o.a.hc.client5.http.wire - http-outgoing-1 >> "x-tc-sid: f9061f9f-f631-469c-a1b7-e8c8c32eacbb[\r][\n]"
2024-03-20 20:11:14.843 [Test worker]  DEBUG c.g.d.z.s.o.a.hc.client5.http.wire - http-outgoing-1 >> "User-Agent: tc-java/1.19.7[\r][\n]"
2024-03-20 20:11:14.843 [Test worker]  DEBUG c.g.d.z.s.o.a.hc.client5.http.wire - http-outgoing-1 >> "Accept-Encoding: gzip, x-gzip, deflate[\r][\n]"
2024-03-20 20:11:14.843 [Test worker]  DEBUG c.g.d.z.s.o.a.hc.client5.http.wire - http-outgoing-1 >> "Content-Length: 2097[\r][\n]"
2024-03-20 20:11:14.843 [Test worker]  DEBUG c.g.d.z.s.o.a.hc.client5.http.wire - http-outgoing-1 >> "Host: 127.0.0.1:62197[\r][\n]"
2024-03-20 20:11:14.843 [Test worker]  DEBUG c.g.d.z.s.o.a.hc.client5.http.wire - http-outgoing-1 >> "Connection: keep-alive[\r][\n]"
2024-03-20 20:11:14.843 [Test worker]  DEBUG c.g.d.z.s.o.a.hc.client5.http.wire - http-outgoing-1 >> "[\r][\n]"
2024-03-20 20:11:14.843 [Test worker]  DEBUG c.g.d.z.s.o.a.hc.client5.http.wire - http-outgoing-1 >> "{"Hostname":null,"Domainname":null,"User":null,"AttachStdin":null,"AttachStdout":null,"AttachStderr":null,"PortSpecs":null,"Tty":null,"OpenStdin":null,"StdinOnce":null,"Env":[],"Cmd":["/bin/sh","-c","gcloud beta emulators firestore start --host-port 0.0.0.0:8080"],"Healthcheck":null,"ArgsEscaped":null,"Entrypoint":null,"Image":"gcr.io/google.com/cloudsdktool/google-cloud-cli:441.0.0-emulators","Volumes":{},"WorkingDir":null,"MacAddress":null,"OnBuild":null,"NetworkDisabled":null,"ExposedPorts":{"8080/tcp":{}},"StopSignal":null,"StopTimeout":null,"HostConfig":{"Binds":[],"BlkioWeight":null,"BlkioWeightDevice":null,"BlkioDeviceReadBps":null,"BlkioDeviceWriteBps":null,"BlkioDeviceReadIOps":null,"BlkioDeviceWriteIOps":null,"MemorySwappiness":null,"NanoCpus":null,"CapAdd":null,"CapDrop":null,"ContainerIDFile":null,"CpuPeriod":null,"CpuRealtimePeriod":null,"CpuRealtimeRuntime":null,"CpuShares":null,"CpuQuota":null,"CpusetCpus":null,"CpusetMems":null,"Devices":null,"DeviceCgroupRules":null,"DeviceRequests":null,"DiskQuota":null,"Dns":null,"DnsOptions":null,"DnsSearch":null,"ExtraHosts":[],"GroupAdd":null,"IpcMode":null,"Cgroup":null,"Links":[],"LogConfig":null,"LxcConf":null,"Memory":null,"MemorySwap":null,"MemoryReservation":null,"KernelMemory":null,"NetworkMode":null,"OomKillDisable":null,"Init":null,"AutoRemove":null,"OomScoreAdj":null,"PortBindings":{"8080/tcp":[{"HostIp":"","HostPort":""}]},"Privileged":null,"PublishAllPorts":null,"ReadonlyRootfs":null,"RestartPolicy":null,"Ulimits":null,"CpuCount":null,"CpuPercent":null,"IOMaximumIOps":null,"IOMaximumBandwidth":null,"VolumesFrom":[],"Mounts":null,"PidMode":null,"Isolation":null,"SecurityOpt":null,"StorageOpt":null,"CgroupParent":null,"VolumeDriver":null,"ShmSize":null,"PidsLimit":null,"Runtime":null,"Tmpfs":null,"UTSMode":null,"UsernsMode":null,"Sysctls":null,"ConsoleSize":null,"CgroupnsMode":null},"Labels":{"org.testcontainers":"true","org.testcontainers.lang":"java","org.testcontainers.version":"1.19.7","org.testcontainers.sessionId":"f9061f9f-f631-469c-a1b7-e8c8c32eacbb"},"Shell":null,"NetworkingConfig":null}"
2024-03-20 20:11:14.881 [Test worker]  DEBUG c.g.d.z.s.o.a.hc.client5.http.wire - http-outgoing-1 << "HTTP/1.1 201 Created[\r][\n]"
2024-03-20 20:11:14.881 [Test worker]  DEBUG c.g.d.z.s.o.a.hc.client5.http.wire - http-outgoing-1 << "Api-Version: 1.44[\r][\n]"
2024-03-20 20:11:14.881 [Test worker]  DEBUG c.g.d.z.s.o.a.hc.client5.http.wire - http-outgoing-1 << "Content-Length: 88[\r][\n]"
2024-03-20 20:11:14.881 [Test worker]  DEBUG c.g.d.z.s.o.a.hc.client5.http.wire - http-outgoing-1 << "Content-Type: application/json[\r][\n]"
2024-03-20 20:11:14.881 [Test worker]  DEBUG c.g.d.z.s.o.a.hc.client5.http.wire - http-outgoing-1 << "Date: Wed, 20 Mar 2024 19:11:14 GMT[\r][\n]"
2024-03-20 20:11:14.881 [Test worker]  DEBUG c.g.d.z.s.o.a.hc.client5.http.wire - http-outgoing-1 << "Docker-Experimental: false[\r][\n]"
2024-03-20 20:11:14.881 [Test worker]  DEBUG c.g.d.z.s.o.a.hc.client5.http.wire - http-outgoing-1 << "Ostype: linux[\r][\n]"
2024-03-20 20:11:14.881 [Test worker]  DEBUG c.g.d.z.s.o.a.hc.client5.http.wire - http-outgoing-1 << "Server: Docker/80+testcontainerscloud (linux)[\r][\n]"
2024-03-20 20:11:14.881 [Test worker]  DEBUG c.g.d.z.s.o.a.hc.client5.http.wire - http-outgoing-1 << "[\r][\n]"
2024-03-20 20:11:14.881 [Test worker]  DEBUG c.g.d.z.s.o.a.hc.client5.http.wire - http-outgoing-1 << "{"Id":"f6ccb2dee126c13253e81e8c7d68a6d973c9fcd8d26d12f42e264eedad3cb699","Warnings":[]}[\n]"
2024-03-20 20:11:14.881 [Test worker]  DEBUG c.g.d.z.s.o.a.h.client5.http.headers - http-outgoing-1 << HTTP/1.1 201 Created
2024-03-20 20:11:14.881 [Test worker]  DEBUG c.g.d.z.s.o.a.h.client5.http.headers - http-outgoing-1 << Api-Version: 1.44
2024-03-20 20:11:14.881 [Test worker]  DEBUG c.g.d.z.s.o.a.h.client5.http.headers - http-outgoing-1 << Content-Length: 88
2024-03-20 20:11:14.881 [Test worker]  DEBUG c.g.d.z.s.o.a.h.client5.http.headers - http-outgoing-1 << Content-Type: application/json
2024-03-20 20:11:14.881 [Test worker]  DEBUG c.g.d.z.s.o.a.h.client5.http.headers - http-outgoing-1 << Date: Wed, 20 Mar 2024 19:11:14 GMT
2024-03-20 20:11:14.881 [Test worker]  DEBUG c.g.d.z.s.o.a.h.client5.http.headers - http-outgoing-1 << Docker-Experimental: false
2024-03-20 20:11:14.881 [Test worker]  DEBUG c.g.d.z.s.o.a.h.client5.http.headers - http-outgoing-1 << Ostype: linux
2024-03-20 20:11:14.881 [Test worker]  DEBUG c.g.d.z.s.o.a.h.client5.http.headers - http-outgoing-1 << Server: Docker/80+testcontainerscloud (linux)
2024-03-20 20:11:14.881 [Test worker]  DEBUG c.g.d.z.s.o.a.h.c.h.i.c.MainClientExec - ex-0000000D: connection can be kept alive for 3 MINUTES
2024-03-20 20:11:14.881 [Test worker]  DEBUG c.g.d.z.s.o.a.h.c.h.i.c.InternalHttpClient - ep-0000000C: releasing valid endpoint
2024-03-20 20:11:14.881 [Test worker]  DEBUG c.g.d.z.s.o.a.h.c.h.i.i.PoolingHttpClientConnectionManager - ep-0000000C: releasing endpoint
2024-03-20 20:11:14.881 [Test worker]  DEBUG c.g.d.z.s.o.a.h.c.h.i.i.PoolingHttpClientConnectionManager - ep-0000000C: connection http-outgoing-1 can be kept alive for 3 MINUTES
2024-03-20 20:11:14.881 [Test worker]  DEBUG c.g.d.z.s.o.a.h.c.h.i.i.PoolingHttpClientConnectionManager - ep-0000000C: connection released [route: {}->http://127.0.0.1:62197][total available: 1; route allocated: 1 of 2147483647; total allocated: 1 of 2147483647]
2024-03-20 20:11:14.881 [Test worker]  INFO  t.g.i.c.0.0-emulators - Container gcr.io/google.com/cloudsdktool/google-cloud-cli:441.0.0-emulators is starting: f6ccb2dee126c13253e81e8c7d68a6d973c9fcd8d26d12f42e264eedad3cb699
2024-03-20 20:11:14.881 [Test worker]  DEBUG o.t.s.c.g.d.c.command.AbstrDockerCmd - Cmd: f6ccb2dee126c13253e81e8c7d68a6d973c9fcd8d26d12f42e264eedad3cb699
2024-03-20 20:11:14.882 [Test worker]  TRACE o.t.s.c.g.d.c.e.StartContainerCmdExec - POST: DefaultWebTarget{path=[/containers/f6ccb2dee126c13253e81e8c7d68a6d973c9fcd8d26d12f42e264eedad3cb699/start], queryParams={}}
2024-03-20 20:11:14.882 [Test worker]  DEBUG c.g.d.z.s.o.a.h.c.h.i.c.InternalHttpClient - ex-0000000E: preparing request execution
2024-03-20 20:11:14.882 [Test worker]  DEBUG c.g.d.z.s.o.a.h.c.h.p.RequestAddCookies - Cookie spec selected: strict
2024-03-20 20:11:14.882 [Test worker]  DEBUG c.g.d.z.s.o.a.h.c.h.p.RequestAuthCache - Auth cache not set in the context
2024-03-20 20:11:14.882 [Test worker]  DEBUG c.g.d.z.s.o.a.h.c.h.i.c.ProtocolExec - ex-0000000E: target auth state: UNCHALLENGED
2024-03-20 20:11:14.882 [Test worker]  DEBUG c.g.d.z.s.o.a.h.c.h.i.c.ProtocolExec - ex-0000000E: proxy auth state: UNCHALLENGED
2024-03-20 20:11:14.882 [Test worker]  DEBUG c.g.d.z.s.o.a.h.c.h.i.c.ConnectExec - ex-0000000E: acquiring connection with route {}->http://127.0.0.1:62197
2024-03-20 20:11:14.882 [Test worker]  DEBUG c.g.d.z.s.o.a.h.c.h.i.c.InternalHttpClient - ex-0000000E: acquiring endpoint (3 MINUTES)
2024-03-20 20:11:14.882 [Test worker]  DEBUG c.g.d.z.s.o.a.h.c.h.i.i.PoolingHttpClientConnectionManager - ex-0000000E: endpoint lease request (3 MINUTES) [route: {}->http://127.0.0.1:62197][total available: 1; route allocated: 1 of 2147483647; total allocated: 1 of 2147483647]
2024-03-20 20:11:14.882 [Test worker]  DEBUG c.g.d.z.s.o.a.h.c.h.i.i.PoolingHttpClientConnectionManager - ex-0000000E: endpoint leased [route: {}->http://127.0.0.1:62197][total available: 0; route allocated: 1 of 2147483647; total allocated: 1 of 2147483647]
2024-03-20 20:11:14.882 [Test worker]  DEBUG c.g.d.z.s.o.a.h.c.h.i.i.PoolingHttpClientConnectionManager - ex-0000000E: acquired ep-0000000D
2024-03-20 20:11:14.882 [Test worker]  DEBUG c.g.d.z.s.o.a.h.c.h.i.c.InternalHttpClient - ex-0000000E: acquired endpoint ep-0000000D
2024-03-20 20:11:14.882 [Test worker]  DEBUG c.g.d.z.s.o.a.h.c.h.i.c.MainClientExec - ex-0000000E: executing POST /v1.32/containers/f6ccb2dee126c13253e81e8c7d68a6d973c9fcd8d26d12f42e264eedad3cb699/start HTTP/1.1
2024-03-20 20:11:14.882 [Test worker]  DEBUG c.g.d.z.s.o.a.h.c.h.i.c.InternalHttpClient - ep-0000000D: start execution ex-0000000E
2024-03-20 20:11:14.882 [Test worker]  DEBUG c.g.d.z.s.o.a.h.c.h.i.i.PoolingHttpClientConnectionManager - ep-0000000D: executing exchange ex-0000000E over http-outgoing-1
2024-03-20 20:11:14.882 [Test worker]  DEBUG c.g.d.z.s.o.a.h.client5.http.headers - http-outgoing-1 >> POST /v1.32/containers/f6ccb2dee126c13253e81e8c7d68a6d973c9fcd8d26d12f42e264eedad3cb699/start HTTP/1.1
2024-03-20 20:11:14.882 [Test worker]  DEBUG c.g.d.z.s.o.a.h.client5.http.headers - http-outgoing-1 >> accept: application/json
2024-03-20 20:11:14.882 [Test worker]  DEBUG c.g.d.z.s.o.a.h.client5.http.headers - http-outgoing-1 >> content-type: application/json
2024-03-20 20:11:14.882 [Test worker]  DEBUG c.g.d.z.s.o.a.h.client5.http.headers - http-outgoing-1 >> x-tc-sid: f9061f9f-f631-469c-a1b7-e8c8c32eacbb
2024-03-20 20:11:14.882 [Test worker]  DEBUG c.g.d.z.s.o.a.h.client5.http.headers - http-outgoing-1 >> User-Agent: tc-java/1.19.7
2024-03-20 20:11:14.882 [Test worker]  DEBUG c.g.d.z.s.o.a.h.client5.http.headers - http-outgoing-1 >> Accept-Encoding: gzip, x-gzip, deflate
2024-03-20 20:11:14.882 [Test worker]  DEBUG c.g.d.z.s.o.a.h.client5.http.headers - http-outgoing-1 >> Host: 127.0.0.1:62197
2024-03-20 20:11:14.882 [Test worker]  DEBUG c.g.d.z.s.o.a.h.client5.http.headers - http-outgoing-1 >> Connection: keep-alive
2024-03-20 20:11:14.882 [Test worker]  DEBUG c.g.d.z.s.o.a.hc.client5.http.wire - http-outgoing-1 >> "POST /v1.32/containers/f6ccb2dee126c13253e81e8c7d68a6d973c9fcd8d26d12f42e264eedad3cb699/start HTTP/1.1[\r][\n]"
2024-03-20 20:11:14.882 [Test worker]  DEBUG c.g.d.z.s.o.a.hc.client5.http.wire - http-outgoing-1 >> "accept: application/json[\r][\n]"
2024-03-20 20:11:14.882 [Test worker]  DEBUG c.g.d.z.s.o.a.hc.client5.http.wire - http-outgoing-1 >> "content-type: application/json[\r][\n]"
2024-03-20 20:11:14.882 [Test worker]  DEBUG c.g.d.z.s.o.a.hc.client5.http.wire - http-outgoing-1 >> "x-tc-sid: f9061f9f-f631-469c-a1b7-e8c8c32eacbb[\r][\n]"
2024-03-20 20:11:14.882 [Test worker]  DEBUG c.g.d.z.s.o.a.hc.client5.http.wire - http-outgoing-1 >> "User-Agent: tc-java/1.19.7[\r][\n]"
2024-03-20 20:11:14.882 [Test worker]  DEBUG c.g.d.z.s.o.a.hc.client5.http.wire - http-outgoing-1 >> "Accept-Encoding: gzip, x-gzip, deflate[\r][\n]"
2024-03-20 20:11:14.882 [Test worker]  DEBUG c.g.d.z.s.o.a.hc.client5.http.wire - http-outgoing-1 >> "Host: 127.0.0.1:62197[\r][\n]"
2024-03-20 20:11:14.882 [Test worker]  DEBUG c.g.d.z.s.o.a.hc.client5.http.wire - http-outgoing-1 >> "Connection: keep-alive[\r][\n]"
2024-03-20 20:11:14.882 [Test worker]  DEBUG c.g.d.z.s.o.a.hc.client5.http.wire - http-outgoing-1 >> "[\r][\n]"
2024-03-20 20:11:15.115 [Test worker]  DEBUG c.g.d.z.s.o.a.hc.client5.http.wire - http-outgoing-1 << "HTTP/1.1 204 No Content[\r][\n]"
2024-03-20 20:11:15.115 [Test worker]  DEBUG c.g.d.z.s.o.a.hc.client5.http.wire - http-outgoing-1 << "Api-Version: 1.44[\r][\n]"
2024-03-20 20:11:15.115 [Test worker]  DEBUG c.g.d.z.s.o.a.hc.client5.http.wire - http-outgoing-1 << "Date: Wed, 20 Mar 2024 19:11:15 GMT[\r][\n]"
2024-03-20 20:11:15.118 [Test worker]  DEBUG c.g.d.z.s.o.a.hc.client5.http.wire - http-outgoing-1 << "Docker-Experimental: false[\r][\n]"
2024-03-20 20:11:15.118 [Test worker]  DEBUG c.g.d.z.s.o.a.hc.client5.http.wire - http-outgoing-1 << "Ostype: linux[\r][\n]"
2024-03-20 20:11:15.118 [Test worker]  DEBUG c.g.d.z.s.o.a.hc.client5.http.wire - http-outgoing-1 << "Server: Docker/80+testcontainerscloud (linux)[\r][\n]"
2024-03-20 20:11:15.118 [Test worker]  DEBUG c.g.d.z.s.o.a.hc.client5.http.wire - http-outgoing-1 << "[\r][\n]"
2024-03-20 20:11:15.118 [Test worker]  DEBUG c.g.d.z.s.o.a.h.client5.http.headers - http-outgoing-1 << HTTP/1.1 204 No Content
2024-03-20 20:11:15.118 [Test worker]  DEBUG c.g.d.z.s.o.a.h.client5.http.headers - http-outgoing-1 << Api-Version: 1.44
2024-03-20 20:11:15.118 [Test worker]  DEBUG c.g.d.z.s.o.a.h.client5.http.headers - http-outgoing-1 << Date: Wed, 20 Mar 2024 19:11:15 GMT
2024-03-20 20:11:15.118 [Test worker]  DEBUG c.g.d.z.s.o.a.h.client5.http.headers - http-outgoing-1 << Docker-Experimental: false
2024-03-20 20:11:15.118 [Test worker]  DEBUG c.g.d.z.s.o.a.h.client5.http.headers - http-outgoing-1 << Ostype: linux
2024-03-20 20:11:15.118 [Test worker]  DEBUG c.g.d.z.s.o.a.h.client5.http.headers - http-outgoing-1 << Server: Docker/80+testcontainerscloud (linux)
2024-03-20 20:11:15.118 [Test worker]  DEBUG c.g.d.z.s.o.a.h.c.h.i.c.MainClientExec - ex-0000000E: connection can be kept alive for 3 MINUTES
2024-03-20 20:11:15.118 [Test worker]  DEBUG c.g.d.z.s.o.a.h.c.h.i.c.InternalHttpClient - ep-0000000D: releasing valid endpoint
2024-03-20 20:11:15.118 [Test worker]  DEBUG c.g.d.z.s.o.a.h.c.h.i.i.PoolingHttpClientConnectionManager - ep-0000000D: releasing endpoint
2024-03-20 20:11:15.118 [Test worker]  DEBUG c.g.d.z.s.o.a.h.c.h.i.i.PoolingHttpClientConnectionManager - ep-0000000D: connection http-outgoing-1 can be kept alive for 3 MINUTES
2024-03-20 20:11:15.119 [Test worker]  DEBUG c.g.d.z.s.o.a.h.c.h.i.i.PoolingHttpClientConnectionManager - ep-0000000D: connection released [route: {}->http://127.0.0.1:62197][total available: 1; route allocated: 1 of 2147483647; total allocated: 1 of 2147483647]
2024-03-20 20:11:15.119 [Test worker]  DEBUG o.t.s.c.g.d.c.command.AbstrDockerCmd - Cmd: f6ccb2dee126c13253e81e8c7d68a6d973c9fcd8d26d12f42e264eedad3cb699,false
2024-03-20 20:11:15.119 [Test worker]  DEBUG o.t.s.c.g.d.c.e.InspectContainerCmdExec - GET: DefaultWebTarget{path=[/containers/f6ccb2dee126c13253e81e8c7d68a6d973c9fcd8d26d12f42e264eedad3cb699/json], queryParams={}}
2024-03-20 20:11:15.119 [Test worker]  DEBUG c.g.d.z.s.o.a.h.c.h.i.c.InternalHttpClient - ex-0000000F: preparing request execution
2024-03-20 20:11:15.119 [Test worker]  DEBUG c.g.d.z.s.o.a.h.c.h.p.RequestAddCookies - Cookie spec selected: strict
2024-03-20 20:11:15.119 [Test worker]  DEBUG c.g.d.z.s.o.a.h.c.h.p.RequestAuthCache - Auth cache not set in the context
2024-03-20 20:11:15.119 [Test worker]  DEBUG c.g.d.z.s.o.a.h.c.h.i.c.ProtocolExec - ex-0000000F: target auth state: UNCHALLENGED
2024-03-20 20:11:15.119 [Test worker]  DEBUG c.g.d.z.s.o.a.h.c.h.i.c.ProtocolExec - ex-0000000F: proxy auth state: UNCHALLENGED
2024-03-20 20:11:15.119 [Test worker]  DEBUG c.g.d.z.s.o.a.h.c.h.i.c.ConnectExec - ex-0000000F: acquiring connection with route {}->http://127.0.0.1:62197
2024-03-20 20:11:15.119 [Test worker]  DEBUG c.g.d.z.s.o.a.h.c.h.i.c.InternalHttpClient - ex-0000000F: acquiring endpoint (3 MINUTES)
2024-03-20 20:11:15.119 [Test worker]  DEBUG c.g.d.z.s.o.a.h.c.h.i.i.PoolingHttpClientConnectionManager - ex-0000000F: endpoint lease request (3 MINUTES) [route: {}->http://127.0.0.1:62197][total available: 1; route allocated: 1 of 2147483647; total allocated: 1 of 2147483647]
2024-03-20 20:11:15.119 [Test worker]  DEBUG c.g.d.z.s.o.a.h.c.h.i.i.PoolingHttpClientConnectionManager - ex-0000000F: endpoint leased [route: {}->http://127.0.0.1:62197][total available: 0; route allocated: 1 of 2147483647; total allocated: 1 of 2147483647]
2024-03-20 20:11:15.119 [Test worker]  DEBUG c.g.d.z.s.o.a.h.c.h.i.i.PoolingHttpClientConnectionManager - ex-0000000F: acquired ep-0000000E
2024-03-20 20:11:15.119 [Test worker]  DEBUG c.g.d.z.s.o.a.h.c.h.i.c.InternalHttpClient - ex-0000000F: acquired endpoint ep-0000000E
2024-03-20 20:11:15.119 [Test worker]  DEBUG c.g.d.z.s.o.a.h.c.h.i.c.MainClientExec - ex-0000000F: executing GET /v1.32/containers/f6ccb2dee126c13253e81e8c7d68a6d973c9fcd8d26d12f42e264eedad3cb699/json HTTP/1.1
2024-03-20 20:11:15.119 [Test worker]  DEBUG c.g.d.z.s.o.a.h.c.h.i.c.InternalHttpClient - ep-0000000E: start execution ex-0000000F
2024-03-20 20:11:15.119 [Test worker]  DEBUG c.g.d.z.s.o.a.h.c.h.i.i.PoolingHttpClientConnectionManager - ep-0000000E: executing exchange ex-0000000F over http-outgoing-1
2024-03-20 20:11:15.119 [Test worker]  DEBUG c.g.d.z.s.o.a.h.client5.http.headers - http-outgoing-1 >> GET /v1.32/containers/f6ccb2dee126c13253e81e8c7d68a6d973c9fcd8d26d12f42e264eedad3cb699/json HTTP/1.1
2024-03-20 20:11:15.119 [Test worker]  DEBUG c.g.d.z.s.o.a.h.client5.http.headers - http-outgoing-1 >> accept: application/json
2024-03-20 20:11:15.119 [Test worker]  DEBUG c.g.d.z.s.o.a.h.client5.http.headers - http-outgoing-1 >> x-tc-sid: f9061f9f-f631-469c-a1b7-e8c8c32eacbb
2024-03-20 20:11:15.119 [Test worker]  DEBUG c.g.d.z.s.o.a.h.client5.http.headers - http-outgoing-1 >> User-Agent: tc-java/1.19.7
2024-03-20 20:11:15.119 [Test worker]  DEBUG c.g.d.z.s.o.a.h.client5.http.headers - http-outgoing-1 >> Accept-Encoding: gzip, x-gzip, deflate
2024-03-20 20:11:15.119 [Test worker]  DEBUG c.g.d.z.s.o.a.h.client5.http.headers - http-outgoing-1 >> Host: 127.0.0.1:62197
2024-03-20 20:11:15.119 [Test worker]  DEBUG c.g.d.z.s.o.a.h.client5.http.headers - http-outgoing-1 >> Connection: keep-alive
2024-03-20 20:11:15.119 [Test worker]  DEBUG c.g.d.z.s.o.a.hc.client5.http.wire - http-outgoing-1 >> "GET /v1.32/containers/f6ccb2dee126c13253e81e8c7d68a6d973c9fcd8d26d12f42e264eedad3cb699/json HTTP/1.1[\r][\n]"
2024-03-20 20:11:15.119 [Test worker]  DEBUG c.g.d.z.s.o.a.hc.client5.http.wire - http-outgoing-1 >> "accept: application/json[\r][\n]"
2024-03-20 20:11:15.119 [Test worker]  DEBUG c.g.d.z.s.o.a.hc.client5.http.wire - http-outgoing-1 >> "x-tc-sid: f9061f9f-f631-469c-a1b7-e8c8c32eacbb[\r][\n]"
2024-03-20 20:11:15.119 [Test worker]  DEBUG c.g.d.z.s.o.a.hc.client5.http.wire - http-outgoing-1 >> "User-Agent: tc-java/1.19.7[\r][\n]"
2024-03-20 20:11:15.119 [Test worker]  DEBUG c.g.d.z.s.o.a.hc.client5.http.wire - http-outgoing-1 >> "Accept-Encoding: gzip, x-gzip, deflate[\r][\n]"
2024-03-20 20:11:15.119 [Test worker]  DEBUG c.g.d.z.s.o.a.hc.client5.http.wire - http-outgoing-1 >> "Host: 127.0.0.1:62197[\r][\n]"
2024-03-20 20:11:15.119 [Test worker]  DEBUG c.g.d.z.s.o.a.hc.client5.http.wire - http-outgoing-1 >> "Connection: keep-alive[\r][\n]"
2024-03-20 20:11:15.119 [Test worker]  DEBUG c.g.d.z.s.o.a.hc.client5.http.wire - http-outgoing-1 >> "[\r][\n]"
2024-03-20 20:11:15.135 [Test worker]  DEBUG c.g.d.z.s.o.a.hc.client5.http.wire - http-outgoing-1 << "HTTP/1.1 200 OK[\r][\n]"
2024-03-20 20:11:15.135 [Test worker]  DEBUG c.g.d.z.s.o.a.hc.client5.http.wire - http-outgoing-1 << "Api-Version: 1.44[\r][\n]"
2024-03-20 20:11:15.135 [Test worker]  DEBUG c.g.d.z.s.o.a.hc.client5.http.wire - http-outgoing-1 << "Content-Length: 5763[\r][\n]"
2024-03-20 20:11:15.135 [Test worker]  DEBUG c.g.d.z.s.o.a.hc.client5.http.wire - http-outgoing-1 << "Content-Type: application/json[\r][\n]"
2024-03-20 20:11:15.135 [Test worker]  DEBUG c.g.d.z.s.o.a.hc.client5.http.wire - http-outgoing-1 << "Date: Wed, 20 Mar 2024 19:11:15 GMT[\r][\n]"
2024-03-20 20:11:15.135 [Test worker]  DEBUG c.g.d.z.s.o.a.hc.client5.http.wire - http-outgoing-1 << "Docker-Experimental: false[\r][\n]"
2024-03-20 20:11:15.135 [Test worker]  DEBUG c.g.d.z.s.o.a.hc.client5.http.wire - http-outgoing-1 << "Ostype: linux[\r][\n]"
2024-03-20 20:11:15.135 [Test worker]  DEBUG c.g.d.z.s.o.a.hc.client5.http.wire - http-outgoing-1 << "Server: Docker/80+testcontainerscloud (linux)[\r][\n]"
2024-03-20 20:11:15.135 [Test worker]  DEBUG c.g.d.z.s.o.a.hc.client5.http.wire - http-outgoing-1 << "[\r][\n]"
2024-03-20 20:11:15.135 [Test worker]  DEBUG c.g.d.z.s.o.a.hc.client5.http.wire - http-outgoing-1 << "{"Id":"f6ccb2dee126c13253e81e8c7d68a6d973c9fcd8d26d12f42e264eedad3cb699","Created":"2024-03-20T19:11:14.885905362Z","Path":"/bin/sh","Args":["-c","gcloud beta emulators firestore start --host-port 0.0.0.0:8080"],"State":{"Status":"running","Running":true,"Paused":false,"Restarting":false,"OOMKilled":false,"Dead":false,"Pid":1327,"ExitCode":0,"Error":"","StartedAt":"2024-03-20T19:11:15.130721429Z","FinishedAt":"0001-01-01T00:00:00Z"},"Image":"sha256:381bd9badbc7a270d6400d25c41055ca2423cbf497ad598089e74a274af"
2024-03-20 20:11:15.135 [Test worker]  DEBUG c.g.d.z.s.o.a.h.client5.http.headers - http-outgoing-1 << HTTP/1.1 200 OK
2024-03-20 20:11:15.135 [Test worker]  DEBUG c.g.d.z.s.o.a.h.client5.http.headers - http-outgoing-1 << Api-Version: 1.44
2024-03-20 20:11:15.135 [Test worker]  DEBUG c.g.d.z.s.o.a.h.client5.http.headers - http-outgoing-1 << Content-Length: 5763
2024-03-20 20:11:15.135 [Test worker]  DEBUG c.g.d.z.s.o.a.h.client5.http.headers - http-outgoing-1 << Content-Type: application/json
2024-03-20 20:11:15.135 [Test worker]  DEBUG c.g.d.z.s.o.a.h.client5.http.headers - http-outgoing-1 << Date: Wed, 20 Mar 2024 19:11:15 GMT
2024-03-20 20:11:15.135 [Test worker]  DEBUG c.g.d.z.s.o.a.h.client5.http.headers - http-outgoing-1 << Docker-Experimental: false
2024-03-20 20:11:15.135 [Test worker]  DEBUG c.g.d.z.s.o.a.h.client5.http.headers - http-outgoing-1 << Ostype: linux
2024-03-20 20:11:15.135 [Test worker]  DEBUG c.g.d.z.s.o.a.h.client5.http.headers - http-outgoing-1 << Server: Docker/80+testcontainerscloud (linux)
2024-03-20 20:11:15.135 [Test worker]  DEBUG c.g.d.z.s.o.a.h.c.h.i.c.MainClientExec - ex-0000000F: connection can be kept alive for 3 MINUTES
2024-03-20 20:11:15.136 [Test worker]  DEBUG c.g.d.z.s.o.a.hc.client5.http.wire - http-outgoing-1 << "fac6f","ResolvConfPath":"/var/lib/docker/containers/f6ccb2dee126c13253e81e8c7d68a6d973c9fcd8d26d12f42e264eedad3cb699/resolv.conf","HostnamePath":"/var/lib/docker/containers/f6ccb2dee126c13253e81e8c7d68a6d973c9fcd8d26d12f42e264eedad3cb699/hostname","HostsPath":"/var/lib/docker/containers/f6ccb2dee126c13253e81e8c7d68a6d973c9fcd8d26d12f42e264eedad3cb699/hosts","LogPath":"/var/lib/docker/containers/f6ccb2dee126c13253e81e8c7d68a6d973c9fcd8d26d12f42e264eedad3cb699/f6ccb2dee126c13253e81e8c7d68a6d973c9fcd8d26d12f42e264eedad3cb699-json.log","Name":"/priceless_williams","RestartCount":0,"Driver":"overlay2","Platform":"linux","MountLabel":"","ProcessLabel":"","AppArmorProfile":"","ExecIDs":null,"HostConfig":{"Binds":[],"ContainerIDFile":"","LogConfig":{"Type":"json-file","Config":{}},"NetworkMode":"default","PortBindings":{"8080/tcp":[{"HostIp":"","HostPort":""}]},"RestartPolicy":{"Name":"no","MaximumRetryCount":0},"AutoRemove":false,"VolumeDriver":"","VolumesFrom":[],"ConsoleSize":[0,0],"CapAdd":null,"CapDrop":null,"CgroupnsMode":"host","Dns":null,"DnsOptions":null,"DnsSearch":null,"ExtraHosts":[],"GroupAdd":null,"IpcMode":"shareable","Cgroup":"","Links":null,"OomScoreAdj":0,"PidMode":"","Privileged":false,"PublishAllPorts":false,"ReadonlyRootfs":false,"SecurityOpt":null,"UTSMode":"","UsernsMode":"","ShmSize":67108864,"Runtime":"runc","Isolation":"","CpuShares":0,"Memory":0,"NanoCpus":0,"CgroupParent":"","BlkioWeight":0,"BlkioWeightDevice":null,"BlkioDeviceReadBps":null,"BlkioDeviceWriteBps":null,"BlkioDeviceReadIOps":null,"BlkioDeviceWriteIOps":null,"CpuPeriod":0,"CpuQuota":0,"CpuRealtimePeriod":0,"CpuRealtimeRuntime":0,"CpusetCpus":"","CpusetMems":"","Devices":null,"DeviceCgroupRules":null,"DeviceRequests":null,"MemoryReservation":0,"MemorySwap":0,"MemorySwappiness":null,"OomKillDisable":false,"PidsLimit":null,"Ulimits":null,"CpuCount":0,"CpuPercent":0,"IOMaximumIOps":0,"IOMaximumBandwidth":0,"MaskedPaths":["/proc/asound","/proc/acpi","/proc/kcore","/proc/keys","/proc/latency_stats","/proc/timer_list","/proc/timer_stats","/proc/sched_debug","/proc/scsi","/sys/firmware","/sys/devices/virtual/powercap"],"ReadonlyPaths":["/proc/bus","/proc/fs","/proc/irq","/proc/sys","/proc/sysrq-trigger"]},"GraphDriver":{"Data":{"LowerDir":"/var/lib/docker/overlay2/59d914214c02fea8a596820f13c32a877971fc030afcd7052153a9582b51a901-init/diff:/var/lib/docker/overlay2/738e53c178dba16126c38767bb86d3f19eecdfe5a3ce1f30ecf6fb49edb72104/diff:/var/lib/docker/overlay2/5128a1b5b640d59a19093d966150ffadf4d42e345a454bdb359a9a13978e669d/diff:/var/lib/docker/overlay2/5e463c32af42e768297e8ce8d3cb328653520a2dd7bba14f5133407b7ec0b4c0/diff:/var/lib/docker/overlay2/8a28cc30c6eb13201ebc02b6a9f2524913b9f7b3a9e42b1e33e7994dcf9e2789/diff:/var/lib/docker/overlay2/4190aa4de41edc1e2cda40c91462965be575ceeadcbefabef43bb52ec21325c8/diff:/var/lib/docker/overlay2/17b1aa89993c19752065868e6e54fd83351b92387c22265cad73d2bd4e644a1b/diff:/var/lib/docker/overlay2/50a6d9bb8d8f1a2112783f61d767f63c24d3bcceb73b6d3a40bc2b101c7791c1/diff","MergedDir":"/var/lib/docker/overlay2/59d914214c02fea8a596820f13c32a877971fc030afcd7052153a9582b51a901/merged","UpperDir":"/var/lib/docker/overlay2/59d914214c02fea8a596820f13c32a877971fc030afcd7052153a9582b51a901/diff","WorkDir":"/var/lib/docker/overlay2/59d914214c02fea8a596820f13c32a877971fc030afcd7052153a9582b51a901/work"},"Name":"overlay2"},"Mounts":[],"Config":{"Hostname":"f6ccb2dee126","Domainname":"","User":"","AttachStdin":false,"AttachStdout":false,"AttachStderr":false,"ExposedPorts":{"8080/tcp":{}},"Tty":false,"OpenStdin":false,"StdinOnce":false,"Env":["PATH=/google-cloud-sdk/bin:/usr/local/sbin:/usr/local/bin:/usr/sbin:/usr/bin:/sbin:/bin","CLOUD_SDK_VERSION=441.0.0"],"Cmd":["/bin/sh","-c","gcloud beta emulators firestore start --host-port 0.0.0.0:8080"],"Image":"gcr.io/google.com/cloudsdktool/google-cloud-cli:441.0.0-emulators","Volumes":null,"WorkingDir":"","Entrypoint":null,"OnBuild":null,"Labels":{"cloud.testcontainers.tcc.workflow.key":"desktop","cloud.testcontainers.tcc.workflow.url":"","org.testcontainers":"true","org.testcontainers.lang":"java","org.testcontainers.sessionId":"f9061f9f-f631-469c-a1b7-e8c8c32eacbb","org.testcontainers.version":"1.19.7"}},"NetworkSettings":{"Bridge":"","SandboxID":"5988b2eb6b8fcff8d8a4efde1d6a39a185b7bbe70bbfc4cb73c87394f38d51e0","HairpinMode":false,"LinkLocalIPv6Address":"","LinkLocalIPv6PrefixLen":0,"Ports":{"8080/tcp":[{"HostIp":"0.0.0.0","HostPort":"32769"},{"HostIp":"::","HostPort":"32769"}]},"SandboxKey":"/var/run/docker/netns/5988b2eb6b8f","SecondaryIPAddresses":null,"SecondaryIPv6Addresses":null,"EndpointID":"ff8f003e609bade1decb66fc96f97ba39f89639ff3b9b6b3fd9da73e8a0411b5","Gateway":"172.18.0.1","GlobalIPv6Address":"","GlobalIPv6PrefixLen":0,"IPAddress":"172.18.0.3","IPPrefixLen":16,"IPv6Gateway":"","MacAddress":"02:42:ac:12:00:03","Networks":{"bridge":{"IPAMConfig":null,"Links":null,"Aliases":null,"NetworkID":"0a2283422758d0ef462fe3ea8df5a273d04ec3359e2256bc9cab9c7ef06aeb51","EndpointID":"ff8f003e609bade1decb66fc96f97ba39f89639ff3b9b6b3fd9da73e8a0411b5","Gateway":"172.18.0.1","IPAddress":"172.18.0.3","IPPrefixLen":16,"IPv6Gateway":"","GlobalIPv6Address":"","GlobalIPv6PrefixLen":0,"MacAddress":"02:42:ac:12:00:03","DriverOpts":null}}}}[\n]"
2024-03-20 20:11:15.136 [Test worker]  DEBUG c.g.d.z.s.o.a.h.c.h.i.c.InternalHttpClient - ep-0000000E: releasing valid endpoint
2024-03-20 20:11:15.136 [Test worker]  DEBUG c.g.d.z.s.o.a.h.c.h.i.i.PoolingHttpClientConnectionManager - ep-0000000E: releasing endpoint
2024-03-20 20:11:15.136 [Test worker]  DEBUG c.g.d.z.s.o.a.h.c.h.i.i.PoolingHttpClientConnectionManager - ep-0000000E: connection http-outgoing-1 can be kept alive for 3 MINUTES
2024-03-20 20:11:15.137 [Test worker]  DEBUG c.g.d.z.s.o.a.h.c.h.i.i.PoolingHttpClientConnectionManager - ep-0000000E: connection released [route: {}->http://127.0.0.1:62197][total available: 1; route allocated: 1 of 2147483647; total allocated: 1 of 2147483647]
2024-03-20 20:11:15.137 [Test worker]  DEBUG o.t.s.c.g.d.c.command.AbstrDockerCmd - Cmd: sha256:381bd9badbc7a270d6400d25c41055ca2423cbf497ad598089e74a274affac6f
2024-03-20 20:11:15.137 [Test worker]  TRACE o.t.s.c.g.d.c.e.InspectImageCmdExec - GET: DefaultWebTarget{path=[/images/sha256:381bd9badbc7a270d6400d25c41055ca2423cbf497ad598089e74a274affac6f/json], queryParams={}}
2024-03-20 20:11:15.137 [Test worker]  DEBUG c.g.d.z.s.o.a.h.c.h.i.c.InternalHttpClient - ex-00000010: preparing request execution
2024-03-20 20:11:15.137 [Test worker]  DEBUG c.g.d.z.s.o.a.h.c.h.p.RequestAddCookies - Cookie spec selected: strict
2024-03-20 20:11:15.137 [Test worker]  DEBUG c.g.d.z.s.o.a.h.c.h.p.RequestAuthCache - Auth cache not set in the context
2024-03-20 20:11:15.137 [Test worker]  DEBUG c.g.d.z.s.o.a.h.c.h.i.c.ProtocolExec - ex-00000010: target auth state: UNCHALLENGED
2024-03-20 20:11:15.137 [Test worker]  DEBUG c.g.d.z.s.o.a.h.c.h.i.c.ProtocolExec - ex-00000010: proxy auth state: UNCHALLENGED
2024-03-20 20:11:15.137 [Test worker]  DEBUG c.g.d.z.s.o.a.h.c.h.i.c.ConnectExec - ex-00000010: acquiring connection with route {}->http://127.0.0.1:62197
2024-03-20 20:11:15.137 [Test worker]  DEBUG c.g.d.z.s.o.a.h.c.h.i.c.InternalHttpClient - ex-00000010: acquiring endpoint (3 MINUTES)
2024-03-20 20:11:15.137 [Test worker]  DEBUG c.g.d.z.s.o.a.h.c.h.i.i.PoolingHttpClientConnectionManager - ex-00000010: endpoint lease request (3 MINUTES) [route: {}->http://127.0.0.1:62197][total available: 1; route allocated: 1 of 2147483647; total allocated: 1 of 2147483647]
2024-03-20 20:11:15.137 [Test worker]  DEBUG c.g.d.z.s.o.a.h.c.h.i.i.PoolingHttpClientConnectionManager - ex-00000010: endpoint leased [route: {}->http://127.0.0.1:62197][total available: 0; route allocated: 1 of 2147483647; total allocated: 1 of 2147483647]
2024-03-20 20:11:15.137 [Test worker]  DEBUG c.g.d.z.s.o.a.h.c.h.i.i.PoolingHttpClientConnectionManager - ex-00000010: acquired ep-0000000F
2024-03-20 20:11:15.137 [Test worker]  DEBUG c.g.d.z.s.o.a.h.c.h.i.c.InternalHttpClient - ex-00000010: acquired endpoint ep-0000000F
2024-03-20 20:11:15.137 [Test worker]  DEBUG c.g.d.z.s.o.a.h.c.h.i.c.MainClientExec - ex-00000010: executing GET /v1.32/images/sha256:381bd9badbc7a270d6400d25c41055ca2423cbf497ad598089e74a274affac6f/json HTTP/1.1
2024-03-20 20:11:15.137 [Test worker]  DEBUG c.g.d.z.s.o.a.h.c.h.i.c.InternalHttpClient - ep-0000000F: start execution ex-00000010
2024-03-20 20:11:15.137 [Test worker]  DEBUG c.g.d.z.s.o.a.h.c.h.i.i.PoolingHttpClientConnectionManager - ep-0000000F: executing exchange ex-00000010 over http-outgoing-1
2024-03-20 20:11:15.137 [Test worker]  DEBUG c.g.d.z.s.o.a.h.client5.http.headers - http-outgoing-1 >> GET /v1.32/images/sha256:381bd9badbc7a270d6400d25c41055ca2423cbf497ad598089e74a274affac6f/json HTTP/1.1
2024-03-20 20:11:15.137 [Test worker]  DEBUG c.g.d.z.s.o.a.h.client5.http.headers - http-outgoing-1 >> accept: application/json
2024-03-20 20:11:15.137 [Test worker]  DEBUG c.g.d.z.s.o.a.h.client5.http.headers - http-outgoing-1 >> x-tc-sid: f9061f9f-f631-469c-a1b7-e8c8c32eacbb
2024-03-20 20:11:15.137 [Test worker]  DEBUG c.g.d.z.s.o.a.h.client5.http.headers - http-outgoing-1 >> User-Agent: tc-java/1.19.7
2024-03-20 20:11:15.137 [Test worker]  DEBUG c.g.d.z.s.o.a.h.client5.http.headers - http-outgoing-1 >> Accept-Encoding: gzip, x-gzip, deflate
2024-03-20 20:11:15.137 [Test worker]  DEBUG c.g.d.z.s.o.a.h.client5.http.headers - http-outgoing-1 >> Host: 127.0.0.1:62197
2024-03-20 20:11:15.137 [Test worker]  DEBUG c.g.d.z.s.o.a.h.client5.http.headers - http-outgoing-1 >> Connection: keep-alive
2024-03-20 20:11:15.137 [Test worker]  DEBUG c.g.d.z.s.o.a.hc.client5.http.wire - http-outgoing-1 >> "GET /v1.32/images/sha256:381bd9badbc7a270d6400d25c41055ca2423cbf497ad598089e74a274affac6f/json HTTP/1.1[\r][\n]"
2024-03-20 20:11:15.137 [Test worker]  DEBUG c.g.d.z.s.o.a.hc.client5.http.wire - http-outgoing-1 >> "accept: application/json[\r][\n]"
2024-03-20 20:11:15.137 [Test worker]  DEBUG c.g.d.z.s.o.a.hc.client5.http.wire - http-outgoing-1 >> "x-tc-sid: f9061f9f-f631-469c-a1b7-e8c8c32eacbb[\r][\n]"
2024-03-20 20:11:15.137 [Test worker]  DEBUG c.g.d.z.s.o.a.hc.client5.http.wire - http-outgoing-1 >> "User-Agent: tc-java/1.19.7[\r][\n]"
2024-03-20 20:11:15.137 [Test worker]  DEBUG c.g.d.z.s.o.a.hc.client5.http.wire - http-outgoing-1 >> "Accept-Encoding: gzip, x-gzip, deflate[\r][\n]"
2024-03-20 20:11:15.137 [Test worker]  DEBUG c.g.d.z.s.o.a.hc.client5.http.wire - http-outgoing-1 >> "Host: 127.0.0.1:62197[\r][\n]"
2024-03-20 20:11:15.137 [Test worker]  DEBUG c.g.d.z.s.o.a.hc.client5.http.wire - http-outgoing-1 >> "Connection: keep-alive[\r][\n]"
2024-03-20 20:11:15.137 [Test worker]  DEBUG c.g.d.z.s.o.a.hc.client5.http.wire - http-outgoing-1 >> "[\r][\n]"
2024-03-20 20:11:15.155 [Test worker]  DEBUG c.g.d.z.s.o.a.hc.client5.http.wire - http-outgoing-1 << "HTTP/1.1 200 OK[\r][\n]"
2024-03-20 20:11:15.155 [Test worker]  DEBUG c.g.d.z.s.o.a.hc.client5.http.wire - http-outgoing-1 << "Api-Version: 1.44[\r][\n]"
2024-03-20 20:11:15.155 [Test worker]  DEBUG c.g.d.z.s.o.a.hc.client5.http.wire - http-outgoing-1 << "Content-Type: application/json[\r][\n]"
2024-03-20 20:11:15.155 [Test worker]  DEBUG c.g.d.z.s.o.a.hc.client5.http.wire - http-outgoing-1 << "Date: Wed, 20 Mar 2024 19:11:15 GMT[\r][\n]"
2024-03-20 20:11:15.155 [Test worker]  DEBUG c.g.d.z.s.o.a.hc.client5.http.wire - http-outgoing-1 << "Docker-Experimental: false[\r][\n]"
2024-03-20 20:11:15.155 [Test worker]  DEBUG c.g.d.z.s.o.a.hc.client5.http.wire - http-outgoing-1 << "Ostype: linux[\r][\n]"
2024-03-20 20:11:15.155 [Test worker]  DEBUG c.g.d.z.s.o.a.hc.client5.http.wire - http-outgoing-1 << "Server: Docker/80+testcontainerscloud (linux)[\r][\n]"
2024-03-20 20:11:15.155 [Test worker]  DEBUG c.g.d.z.s.o.a.hc.client5.http.wire - http-outgoing-1 << "Transfer-Encoding: chunked[\r][\n]"
2024-03-20 20:11:15.155 [Test worker]  DEBUG c.g.d.z.s.o.a.hc.client5.http.wire - http-outgoing-1 << "[\r][\n]"
2024-03-20 20:11:15.155 [Test worker]  DEBUG c.g.d.z.s.o.a.hc.client5.http.wire - http-outgoing-1 << "ab9[\r][\n]"
2024-03-20 20:11:15.155 [Test worker]  DEBUG c.g.d.z.s.o.a.hc.client5.http.wire - http-outgoing-1 << "{"Id":"sha256:381bd9badbc7a270d6400d25c41055ca2423cbf497ad598089e74a274affac6f","RepoTags":["gcr.io/google.com/cloudsdktool/google-cloud-cli:441.0.0-emulators"],"RepoDigests":["gcr.io/google.com/cloudsdktool/google-cloud-cli@sha256:b17f6019b6d8003dbb88e764e1c23f3de3a664eab690f4da7d9ca197bd6b03ae"],"Parent":"","Comment":"buildkit.dockerfile.v0","Created":"2023-08-08T10:38:12.386946965Z","Container":"","ContainerConfig":{"Hostname":"","Domainname":"","User":"","AttachStdin":false,"AttachStdout":false,"AttachStderr":false,"Tty":false,"OpenStdin":false,"StdinOnce":false,"Env":null,"Cmd":null,"Image":"","Volumes":null,"WorkingDir":"","Entrypoint":null,"OnBuild":null,"Labels":null},"DockerVersion":"","Author":"","Config":{"Hostname":"","Domainname":"","User":"","AttachStdin":false,"AttachStdout":false,"AttachStderr":false,"Tty":false,"OpenStdin":false,"StdinOnce":false,"Env":["PATH=/google-cloud-sdk/bin:/usr/local/sbin:/usr/local/bin:/usr/sbin:/usr/bin:/sbin:/bin","CLOUD_SDK_VERSION=441.0.0"],"Cmd":["bash"],"Image":"","Volumes":null,"WorkingDir":"","Entrypoint":null,"OnBuild":null,"Labels":null},"Architecture":"amd64","Os":"linux","Size":1063828837,"VirtualSize":1063828837,"GraphDriver":{"Data":{"LowerDir":"/var/lib/docker/overlay2/5128a1b5b640d59a19093d966150ffadf4d42e345a454bdb359a9a13978e669d/diff:/var/lib/docker/overlay2/5e463c32af42e768297e8ce8d3cb328653520a2dd7bba14f5133407b7ec0b4c0/diff:/var/lib/docker/overlay2/8a28cc30c6eb13201ebc02b6a9f2524913b9f7b3a9e42b1e33e7994dcf9e2789/diff:/var/lib/docker/overlay2/4190aa4de41edc1e2cda40c91462965be575ceeadcbefabef43bb52ec21325c8/diff:/var/lib/docker/overlay2/17b1aa89993c19752065868e6e54fd83351b92387c22265cad73d2bd4e644a1b/diff:/var/lib/docker/overlay2/50a6d9bb8d8f1a2112783f61d767f63c24d3bcceb73b6d3a40bc2b101c7791c1/diff","MergedDir":"/var/lib/docker/overlay2/738e53c178dba16126c38767bb86d3f19eecdfe5a3ce1f30ecf6fb49edb72104/merged","UpperDir":"/var/lib/docker/overlay2/738e53c178dba16126c38767bb86d3f19eecdfe5a3ce1f30ecf6fb49edb72104/diff","WorkDir":"/var/lib/docker/overlay2/738e53c178dba16126c38767bb86d3f19eecdfe5a3ce1f30ecf6fb49edb72104/work"},"Name":"overlay2"},"RootFS":{"Type":"layers","Layers":["sha256:8ce178ff9f343a37169f68dd0df03099524afb71a879551c5f17e493c7b1d3ec","sha256:979b23f1f44b854def58699f1b4aa9d9e073b248442a73085983c0753fb6cb3d","sha256:bc5bb0030b660597b2dc7498e6fca183e1494f4a3eee25733a64782ebbe100b1","sha256:31c3b379b5f506657b5f9b58cbb5aa1157855171dae2ad2c7b081c7486f45d88","sha256:5f70bf18a086007016e948b04aed3b82103a36bea41755b6cddfaf10ace3c6ef","sha256:dab06eaf45fe6d836777e8272d9eb71fc5b51fe858b9a95cfb7dccc6ad7db3df","sha256:6b58a882a918a8c950c9b29d0a0d6a27c732cf05cb4d9ccf9749d342d025663f"]},"Metadata":{"LastTagTime":"0001-01-01T00:00:00Z"}}[\n]"
2024-03-20 20:11:15.155 [Test worker]  DEBUG c.g.d.z.s.o.a.hc.client5.http.wire - http-outgoing-1 << "[\r][\n]"
2024-03-20 20:11:15.155 [Test worker]  DEBUG c.g.d.z.s.o.a.h.client5.http.headers - http-outgoing-1 << HTTP/1.1 200 OK
2024-03-20 20:11:15.155 [Test worker]  DEBUG c.g.d.z.s.o.a.h.client5.http.headers - http-outgoing-1 << Api-Version: 1.44
2024-03-20 20:11:15.155 [Test worker]  DEBUG c.g.d.z.s.o.a.h.client5.http.headers - http-outgoing-1 << Content-Type: application/json
2024-03-20 20:11:15.155 [Test worker]  DEBUG c.g.d.z.s.o.a.h.client5.http.headers - http-outgoing-1 << Date: Wed, 20 Mar 2024 19:11:15 GMT
2024-03-20 20:11:15.155 [Test worker]  DEBUG c.g.d.z.s.o.a.h.client5.http.headers - http-outgoing-1 << Docker-Experimental: false
2024-03-20 20:11:15.155 [Test worker]  DEBUG c.g.d.z.s.o.a.h.client5.http.headers - http-outgoing-1 << Ostype: linux
2024-03-20 20:11:15.155 [Test worker]  DEBUG c.g.d.z.s.o.a.h.client5.http.headers - http-outgoing-1 << Server: Docker/80+testcontainerscloud (linux)
2024-03-20 20:11:15.155 [Test worker]  DEBUG c.g.d.z.s.o.a.h.client5.http.headers - http-outgoing-1 << Transfer-Encoding: chunked
2024-03-20 20:11:15.155 [Test worker]  DEBUG c.g.d.z.s.o.a.h.c.h.i.c.MainClientExec - ex-00000010: connection can be kept alive for 3 MINUTES
2024-03-20 20:11:15.156 [Test worker]  DEBUG c.g.d.z.s.o.a.hc.client5.http.wire - http-outgoing-1 << "0[\r][\n]"
2024-03-20 20:11:15.156 [Test worker]  DEBUG c.g.d.z.s.o.a.hc.client5.http.wire - http-outgoing-1 << "[\r][\n]"
2024-03-20 20:11:15.156 [Test worker]  DEBUG c.g.d.z.s.o.a.h.c.h.i.c.InternalHttpClient - ep-0000000F: releasing valid endpoint
2024-03-20 20:11:15.156 [Test worker]  DEBUG c.g.d.z.s.o.a.h.c.h.i.i.PoolingHttpClientConnectionManager - ep-0000000F: releasing endpoint
2024-03-20 20:11:15.156 [Test worker]  DEBUG c.g.d.z.s.o.a.h.c.h.i.i.PoolingHttpClientConnectionManager - ep-0000000F: connection http-outgoing-1 can be kept alive for 3 MINUTES
2024-03-20 20:11:15.156 [Test worker]  DEBUG c.g.d.z.s.o.a.h.c.h.i.i.PoolingHttpClientConnectionManager - ep-0000000F: connection released [route: {}->http://127.0.0.1:62197][total available: 1; route allocated: 1 of 2147483647; total allocated: 1 of 2147483647]
2024-03-20 20:11:15.156 [Test worker]  DEBUG o.t.s.c.g.d.c.command.AbstrDockerCmd - Cmd: 
2024-03-20 20:11:15.156 [Test worker]  TRACE o.t.s.c.g.d.core.exec.VersionCmdExec - GET: DefaultWebTarget{path=[/version], queryParams={}}
2024-03-20 20:11:15.156 [Test worker]  DEBUG c.g.d.z.s.o.a.h.c.h.i.c.InternalHttpClient - ex-00000011: preparing request execution
2024-03-20 20:11:15.156 [Test worker]  DEBUG c.g.d.z.s.o.a.h.c.h.p.RequestAddCookies - Cookie spec selected: strict
2024-03-20 20:11:15.156 [Test worker]  DEBUG c.g.d.z.s.o.a.h.c.h.p.RequestAuthCache - Auth cache not set in the context
2024-03-20 20:11:15.156 [Test worker]  DEBUG c.g.d.z.s.o.a.h.c.h.i.c.ProtocolExec - ex-00000011: target auth state: UNCHALLENGED
2024-03-20 20:11:15.156 [Test worker]  DEBUG c.g.d.z.s.o.a.h.c.h.i.c.ProtocolExec - ex-00000011: proxy auth state: UNCHALLENGED
2024-03-20 20:11:15.156 [Test worker]  DEBUG c.g.d.z.s.o.a.h.c.h.i.c.ConnectExec - ex-00000011: acquiring connection with route {}->http://127.0.0.1:62197
2024-03-20 20:11:15.156 [Test worker]  DEBUG c.g.d.z.s.o.a.h.c.h.i.c.InternalHttpClient - ex-00000011: acquiring endpoint (3 MINUTES)
2024-03-20 20:11:15.156 [Test worker]  DEBUG c.g.d.z.s.o.a.h.c.h.i.i.PoolingHttpClientConnectionManager - ex-00000011: endpoint lease request (3 MINUTES) [route: {}->http://127.0.0.1:62197][total available: 1; route allocated: 1 of 2147483647; total allocated: 1 of 2147483647]
2024-03-20 20:11:15.156 [Test worker]  DEBUG c.g.d.z.s.o.a.h.c.h.i.i.PoolingHttpClientConnectionManager - ex-00000011: endpoint leased [route: {}->http://127.0.0.1:62197][total available: 0; route allocated: 1 of 2147483647; total allocated: 1 of 2147483647]
2024-03-20 20:11:15.156 [Test worker]  DEBUG c.g.d.z.s.o.a.h.c.h.i.i.PoolingHttpClientConnectionManager - ex-00000011: acquired ep-00000010
2024-03-20 20:11:15.156 [Test worker]  DEBUG c.g.d.z.s.o.a.h.c.h.i.c.InternalHttpClient - ex-00000011: acquired endpoint ep-00000010
2024-03-20 20:11:15.156 [Test worker]  DEBUG c.g.d.z.s.o.a.h.c.h.i.c.MainClientExec - ex-00000011: executing GET /v1.32/version HTTP/1.1
2024-03-20 20:11:15.156 [Test worker]  DEBUG c.g.d.z.s.o.a.h.c.h.i.c.InternalHttpClient - ep-00000010: start execution ex-00000011
2024-03-20 20:11:15.156 [Test worker]  DEBUG c.g.d.z.s.o.a.h.c.h.i.i.PoolingHttpClientConnectionManager - ep-00000010: executing exchange ex-00000011 over http-outgoing-1
2024-03-20 20:11:15.156 [Test worker]  DEBUG c.g.d.z.s.o.a.h.client5.http.headers - http-outgoing-1 >> GET /v1.32/version HTTP/1.1
2024-03-20 20:11:15.156 [Test worker]  DEBUG c.g.d.z.s.o.a.h.client5.http.headers - http-outgoing-1 >> accept: application/json
2024-03-20 20:11:15.156 [Test worker]  DEBUG c.g.d.z.s.o.a.h.client5.http.headers - http-outgoing-1 >> x-tc-sid: f9061f9f-f631-469c-a1b7-e8c8c32eacbb
2024-03-20 20:11:15.156 [Test worker]  DEBUG c.g.d.z.s.o.a.h.client5.http.headers - http-outgoing-1 >> User-Agent: tc-java/1.19.7
2024-03-20 20:11:15.156 [Test worker]  DEBUG c.g.d.z.s.o.a.h.client5.http.headers - http-outgoing-1 >> Accept-Encoding: gzip, x-gzip, deflate
2024-03-20 20:11:15.156 [Test worker]  DEBUG c.g.d.z.s.o.a.h.client5.http.headers - http-outgoing-1 >> Host: 127.0.0.1:62197
2024-03-20 20:11:15.156 [Test worker]  DEBUG c.g.d.z.s.o.a.h.client5.http.headers - http-outgoing-1 >> Connection: keep-alive
2024-03-20 20:11:15.156 [Test worker]  DEBUG c.g.d.z.s.o.a.hc.client5.http.wire - http-outgoing-1 >> "GET /v1.32/version HTTP/1.1[\r][\n]"
2024-03-20 20:11:15.156 [Test worker]  DEBUG c.g.d.z.s.o.a.hc.client5.http.wire - http-outgoing-1 >> "accept: application/json[\r][\n]"
2024-03-20 20:11:15.156 [Test worker]  DEBUG c.g.d.z.s.o.a.hc.client5.http.wire - http-outgoing-1 >> "x-tc-sid: f9061f9f-f631-469c-a1b7-e8c8c32eacbb[\r][\n]"
2024-03-20 20:11:15.156 [Test worker]  DEBUG c.g.d.z.s.o.a.hc.client5.http.wire - http-outgoing-1 >> "User-Agent: tc-java/1.19.7[\r][\n]"
2024-03-20 20:11:15.156 [Test worker]  DEBUG c.g.d.z.s.o.a.hc.client5.http.wire - http-outgoing-1 >> "Accept-Encoding: gzip, x-gzip, deflate[\r][\n]"
2024-03-20 20:11:15.157 [Test worker]  DEBUG c.g.d.z.s.o.a.hc.client5.http.wire - http-outgoing-1 >> "Host: 127.0.0.1:62197[\r][\n]"
2024-03-20 20:11:15.157 [Test worker]  DEBUG c.g.d.z.s.o.a.hc.client5.http.wire - http-outgoing-1 >> "Connection: keep-alive[\r][\n]"
2024-03-20 20:11:15.157 [Test worker]  DEBUG c.g.d.z.s.o.a.hc.client5.http.wire - http-outgoing-1 >> "[\r][\n]"
2024-03-20 20:11:15.175 [Test worker]  DEBUG c.g.d.z.s.o.a.hc.client5.http.wire - http-outgoing-1 << "HTTP/1.1 200 OK[\r][\n]"
2024-03-20 20:11:15.175 [Test worker]  DEBUG c.g.d.z.s.o.a.hc.client5.http.wire - http-outgoing-1 << "Api-Version: 1.44[\r][\n]"
2024-03-20 20:11:15.175 [Test worker]  DEBUG c.g.d.z.s.o.a.hc.client5.http.wire - http-outgoing-1 << "Content-Length: 891[\r][\n]"
2024-03-20 20:11:15.175 [Test worker]  DEBUG c.g.d.z.s.o.a.hc.client5.http.wire - http-outgoing-1 << "Content-Type: application/json[\r][\n]"
2024-03-20 20:11:15.175 [Test worker]  DEBUG c.g.d.z.s.o.a.hc.client5.http.wire - http-outgoing-1 << "Date: Wed, 20 Mar 2024 19:11:15 GMT[\r][\n]"
2024-03-20 20:11:15.175 [Test worker]  DEBUG c.g.d.z.s.o.a.hc.client5.http.wire - http-outgoing-1 << "Docker-Experimental: false[\r][\n]"
2024-03-20 20:11:15.175 [Test worker]  DEBUG c.g.d.z.s.o.a.hc.client5.http.wire - http-outgoing-1 << "Ostype: linux[\r][\n]"
2024-03-20 20:11:15.175 [Test worker]  DEBUG c.g.d.z.s.o.a.hc.client5.http.wire - http-outgoing-1 << "Server: Docker/80+testcontainerscloud (linux)[\r][\n]"
2024-03-20 20:11:15.175 [Test worker]  DEBUG c.g.d.z.s.o.a.hc.client5.http.wire - http-outgoing-1 << "[\r][\n]"
2024-03-20 20:11:15.175 [Test worker]  DEBUG c.g.d.z.s.o.a.hc.client5.http.wire - http-outgoing-1 << "{"Platform":{"Name":"Testcontainers Cloud"},"Components":[{"Name":"Engine","Version":"80+testcontainerscloud","Details":{"ApiVersion":"1.44","Arch":"amd64","BuildTime":"2024-02-02T21:36:19.000000000+00:00","Experimental":"false","GitCommit":"fce6e0ca9bc000888de3daa157af14fa41fcd0ff","GoVersion":"go1.21.6","KernelVersion":"5.10.186","MinAPIVersion":"1.24","Os":"linux"}},{"Name":"containerd","Version":"v1.7.1","Details":{"GitCommit":"1677a17964311325ed1c31e2c0a3589ce6d5c30d"}},{"Name":"runc","Version":"1.1.7","Details":{"GitCommit":"v1.1.7-0-g860f061b"}},{"Name":"docker-init","Version":"0.19.0","Details":{"GitCommit":""}}],"Version":"80+testcontainerscloud","ApiVersion":"1.44","MinAPIVersion":"1.24","GitCommit":"fce6e0ca9bc000888de3daa157af14fa41fcd0ff","GoVersion":"go1.21.6","Os":"linux","Arch":"amd64","KernelVersion":"5.10.186","BuildTime":"2024-02-02T21:36:19.000000000+00:00"}[\n]"
2024-03-20 20:11:15.175 [Test worker]  DEBUG c.g.d.z.s.o.a.h.client5.http.headers - http-outgoing-1 << HTTP/1.1 200 OK
2024-03-20 20:11:15.175 [Test worker]  DEBUG c.g.d.z.s.o.a.h.client5.http.headers - http-outgoing-1 << Api-Version: 1.44
2024-03-20 20:11:15.175 [Test worker]  DEBUG c.g.d.z.s.o.a.h.client5.http.headers - http-outgoing-1 << Content-Length: 891
2024-03-20 20:11:15.175 [Test worker]  DEBUG c.g.d.z.s.o.a.h.client5.http.headers - http-outgoing-1 << Content-Type: application/json
2024-03-20 20:11:15.175 [Test worker]  DEBUG c.g.d.z.s.o.a.h.client5.http.headers - http-outgoing-1 << Date: Wed, 20 Mar 2024 19:11:15 GMT
2024-03-20 20:11:15.175 [Test worker]  DEBUG c.g.d.z.s.o.a.h.client5.http.headers - http-outgoing-1 << Docker-Experimental: false
2024-03-20 20:11:15.175 [Test worker]  DEBUG c.g.d.z.s.o.a.h.client5.http.headers - http-outgoing-1 << Ostype: linux
2024-03-20 20:11:15.175 [Test worker]  DEBUG c.g.d.z.s.o.a.h.client5.http.headers - http-outgoing-1 << Server: Docker/80+testcontainerscloud (linux)
2024-03-20 20:11:15.175 [Test worker]  DEBUG c.g.d.z.s.o.a.h.c.h.i.c.MainClientExec - ex-00000011: connection can be kept alive for 3 MINUTES
2024-03-20 20:11:15.175 [Test worker]  DEBUG c.g.d.z.s.o.a.h.c.h.i.c.InternalHttpClient - ep-00000010: releasing valid endpoint
2024-03-20 20:11:15.175 [Test worker]  DEBUG c.g.d.z.s.o.a.h.c.h.i.i.PoolingHttpClientConnectionManager - ep-00000010: releasing endpoint
2024-03-20 20:11:15.175 [Test worker]  DEBUG c.g.d.z.s.o.a.h.c.h.i.i.PoolingHttpClientConnectionManager - ep-00000010: connection http-outgoing-1 can be kept alive for 3 MINUTES
2024-03-20 20:11:15.175 [Test worker]  DEBUG c.g.d.z.s.o.a.h.c.h.i.i.PoolingHttpClientConnectionManager - ep-00000010: connection released [route: {}->http://127.0.0.1:62197][total available: 1; route allocated: 1 of 2147483647; total allocated: 1 of 2147483647]
2024-03-20 20:11:15.176 [Test worker]  TRACE o.t.s.c.g.d.c.e.LogContainerCmdExec - GET: DefaultWebTarget{path=[/containers/f6ccb2dee126c13253e81e8c7d68a6d973c9fcd8d26d12f42e264eedad3cb699/logs], queryParams={stdout=[true], stderr=[true], follow=[true], since=[0]}}
2024-03-20 20:11:15.176 [docker-java-stream--2103901052]  DEBUG c.g.d.z.s.o.a.h.c.h.i.c.InternalHttpClient - ex-00000012: preparing request execution
2024-03-20 20:11:15.176 [docker-java-stream--2103901052]  DEBUG c.g.d.z.s.o.a.h.c.h.p.RequestAddCookies - Cookie spec selected: strict
2024-03-20 20:11:15.176 [docker-java-stream--2103901052]  DEBUG c.g.d.z.s.o.a.h.c.h.p.RequestAuthCache - Auth cache not set in the context
2024-03-20 20:11:15.176 [docker-java-stream--2103901052]  DEBUG c.g.d.z.s.o.a.h.c.h.i.c.ProtocolExec - ex-00000012: target auth state: UNCHALLENGED
2024-03-20 20:11:15.176 [docker-java-stream--2103901052]  DEBUG c.g.d.z.s.o.a.h.c.h.i.c.ProtocolExec - ex-00000012: proxy auth state: UNCHALLENGED
2024-03-20 20:11:15.176 [docker-java-stream--2103901052]  DEBUG c.g.d.z.s.o.a.h.c.h.i.c.ConnectExec - ex-00000012: acquiring connection with route {}->http://127.0.0.1:62197
2024-03-20 20:11:15.176 [docker-java-stream--2103901052]  DEBUG c.g.d.z.s.o.a.h.c.h.i.c.InternalHttpClient - ex-00000012: acquiring endpoint (3 MINUTES)
2024-03-20 20:11:15.176 [docker-java-stream--2103901052]  DEBUG c.g.d.z.s.o.a.h.c.h.i.i.PoolingHttpClientConnectionManager - ex-00000012: endpoint lease request (3 MINUTES) [route: {}->http://127.0.0.1:62197][total available: 1; route allocated: 1 of 2147483647; total allocated: 1 of 2147483647]
2024-03-20 20:11:15.176 [docker-java-stream--2103901052]  DEBUG c.g.d.z.s.o.a.h.c.h.i.i.PoolingHttpClientConnectionManager - ex-00000012: endpoint leased [route: {}->http://127.0.0.1:62197][total available: 0; route allocated: 1 of 2147483647; total allocated: 1 of 2147483647]
2024-03-20 20:11:15.176 [docker-java-stream--2103901052]  DEBUG c.g.d.z.s.o.a.h.c.h.i.i.PoolingHttpClientConnectionManager - ex-00000012: acquired ep-00000011
2024-03-20 20:11:15.176 [docker-java-stream--2103901052]  DEBUG c.g.d.z.s.o.a.h.c.h.i.c.InternalHttpClient - ex-00000012: acquired endpoint ep-00000011
2024-03-20 20:11:15.176 [docker-java-stream--2103901052]  DEBUG c.g.d.z.s.o.a.h.c.h.i.c.MainClientExec - ex-00000012: executing GET /v1.32/containers/f6ccb2dee126c13253e81e8c7d68a6d973c9fcd8d26d12f42e264eedad3cb699/logs?stdout=true&stderr=true&follow=true&since=0 HTTP/1.1
2024-03-20 20:11:15.176 [docker-java-stream--2103901052]  DEBUG c.g.d.z.s.o.a.h.c.h.i.c.InternalHttpClient - ep-00000011: start execution ex-00000012
2024-03-20 20:11:15.176 [docker-java-stream--2103901052]  DEBUG c.g.d.z.s.o.a.h.c.h.i.i.PoolingHttpClientConnectionManager - ep-00000011: executing exchange ex-00000012 over http-outgoing-1
2024-03-20 20:11:15.176 [docker-java-stream--2103901052]  DEBUG c.g.d.z.s.o.a.h.client5.http.headers - http-outgoing-1 >> GET /v1.32/containers/f6ccb2dee126c13253e81e8c7d68a6d973c9fcd8d26d12f42e264eedad3cb699/logs?stdout=true&stderr=true&follow=true&since=0 HTTP/1.1
2024-03-20 20:11:15.176 [docker-java-stream--2103901052]  DEBUG c.g.d.z.s.o.a.h.client5.http.headers - http-outgoing-1 >> x-tc-sid: f9061f9f-f631-469c-a1b7-e8c8c32eacbb
2024-03-20 20:11:15.176 [docker-java-stream--2103901052]  DEBUG c.g.d.z.s.o.a.h.client5.http.headers - http-outgoing-1 >> User-Agent: tc-java/1.19.7
2024-03-20 20:11:15.176 [docker-java-stream--2103901052]  DEBUG c.g.d.z.s.o.a.h.client5.http.headers - http-outgoing-1 >> Accept-Encoding: gzip, x-gzip, deflate
2024-03-20 20:11:15.176 [docker-java-stream--2103901052]  DEBUG c.g.d.z.s.o.a.h.client5.http.headers - http-outgoing-1 >> Host: 127.0.0.1:62197
2024-03-20 20:11:15.176 [docker-java-stream--2103901052]  DEBUG c.g.d.z.s.o.a.h.client5.http.headers - http-outgoing-1 >> Connection: keep-alive
2024-03-20 20:11:15.176 [docker-java-stream--2103901052]  DEBUG c.g.d.z.s.o.a.hc.client5.http.wire - http-outgoing-1 >> "GET /v1.32/containers/f6ccb2dee126c13253e81e8c7d68a6d973c9fcd8d26d12f42e264eedad3cb699/logs?stdout=true&stderr=true&follow=true&since=0 HTTP/1.1[\r][\n]"
2024-03-20 20:11:15.176 [docker-java-stream--2103901052]  DEBUG c.g.d.z.s.o.a.hc.client5.http.wire - http-outgoing-1 >> "x-tc-sid: f9061f9f-f631-469c-a1b7-e8c8c32eacbb[\r][\n]"
2024-03-20 20:11:15.176 [docker-java-stream--2103901052]  DEBUG c.g.d.z.s.o.a.hc.client5.http.wire - http-outgoing-1 >> "User-Agent: tc-java/1.19.7[\r][\n]"
2024-03-20 20:11:15.176 [docker-java-stream--2103901052]  DEBUG c.g.d.z.s.o.a.hc.client5.http.wire - http-outgoing-1 >> "Accept-Encoding: gzip, x-gzip, deflate[\r][\n]"
2024-03-20 20:11:15.176 [docker-java-stream--2103901052]  DEBUG c.g.d.z.s.o.a.hc.client5.http.wire - http-outgoing-1 >> "Host: 127.0.0.1:62197[\r][\n]"
2024-03-20 20:11:15.176 [docker-java-stream--2103901052]  DEBUG c.g.d.z.s.o.a.hc.client5.http.wire - http-outgoing-1 >> "Connection: keep-alive[\r][\n]"
2024-03-20 20:11:15.176 [docker-java-stream--2103901052]  DEBUG c.g.d.z.s.o.a.hc.client5.http.wire - http-outgoing-1 >> "[\r][\n]"
2024-03-20 20:11:15.188 [docker-java-stream--2103901052]  DEBUG c.g.d.z.s.o.a.hc.client5.http.wire - http-outgoing-1 << "HTTP/1.1 200 OK[\r][\n]"
2024-03-20 20:11:15.188 [docker-java-stream--2103901052]  DEBUG c.g.d.z.s.o.a.hc.client5.http.wire - http-outgoing-1 << "Api-Version: 1.44[\r][\n]"
2024-03-20 20:11:15.188 [docker-java-stream--2103901052]  DEBUG c.g.d.z.s.o.a.hc.client5.http.wire - http-outgoing-1 << "Content-Type: application/vnd.docker.raw-stream[\r][\n]"
2024-03-20 20:11:15.188 [docker-java-stream--2103901052]  DEBUG c.g.d.z.s.o.a.hc.client5.http.wire - http-outgoing-1 << "Date: Wed, 20 Mar 2024 19:11:15 GMT[\r][\n]"
2024-03-20 20:11:15.188 [docker-java-stream--2103901052]  DEBUG c.g.d.z.s.o.a.hc.client5.http.wire - http-outgoing-1 << "Docker-Experimental: false[\r][\n]"
2024-03-20 20:11:15.188 [docker-java-stream--2103901052]  DEBUG c.g.d.z.s.o.a.hc.client5.http.wire - http-outgoing-1 << "Ostype: linux[\r][\n]"
2024-03-20 20:11:15.188 [docker-java-stream--2103901052]  DEBUG c.g.d.z.s.o.a.hc.client5.http.wire - http-outgoing-1 << "Server: Docker/80+testcontainerscloud (linux)[\r][\n]"
2024-03-20 20:11:15.188 [docker-java-stream--2103901052]  DEBUG c.g.d.z.s.o.a.hc.client5.http.wire - http-outgoing-1 << "Transfer-Encoding: chunked[\r][\n]"
2024-03-20 20:11:15.188 [docker-java-stream--2103901052]  DEBUG c.g.d.z.s.o.a.hc.client5.http.wire - http-outgoing-1 << "[\r][\n]"
2024-03-20 20:11:15.188 [docker-java-stream--2103901052]  DEBUG c.g.d.z.s.o.a.h.client5.http.headers - http-outgoing-1 << HTTP/1.1 200 OK
2024-03-20 20:11:15.188 [docker-java-stream--2103901052]  DEBUG c.g.d.z.s.o.a.h.client5.http.headers - http-outgoing-1 << Api-Version: 1.44
2024-03-20 20:11:15.188 [docker-java-stream--2103901052]  DEBUG c.g.d.z.s.o.a.h.client5.http.headers - http-outgoing-1 << Content-Type: application/vnd.docker.raw-stream
2024-03-20 20:11:15.188 [docker-java-stream--2103901052]  DEBUG c.g.d.z.s.o.a.h.client5.http.headers - http-outgoing-1 << Date: Wed, 20 Mar 2024 19:11:15 GMT
2024-03-20 20:11:15.188 [docker-java-stream--2103901052]  DEBUG c.g.d.z.s.o.a.h.client5.http.headers - http-outgoing-1 << Docker-Experimental: false
2024-03-20 20:11:15.188 [docker-java-stream--2103901052]  DEBUG c.g.d.z.s.o.a.h.client5.http.headers - http-outgoing-1 << Ostype: linux
2024-03-20 20:11:15.188 [docker-java-stream--2103901052]  DEBUG c.g.d.z.s.o.a.h.client5.http.headers - http-outgoing-1 << Server: Docker/80+testcontainerscloud (linux)
2024-03-20 20:11:15.188 [docker-java-stream--2103901052]  DEBUG c.g.d.z.s.o.a.h.client5.http.headers - http-outgoing-1 << Transfer-Encoding: chunked
2024-03-20 20:11:15.188 [docker-java-stream--2103901052]  DEBUG c.g.d.z.s.o.a.h.c.h.i.c.MainClientExec - ex-00000012: connection can be kept alive for 3 MINUTES
2024-03-20 20:11:17.518 [docker-java-stream--2103901052]  DEBUG c.g.d.z.s.o.a.hc.client5.http.wire - http-outgoing-1 << "81[\r][\n]"
2024-03-20 20:11:17.519 [docker-java-stream--2103901052]  DEBUG c.g.d.z.s.o.a.hc.client5.http.wire - http-outgoing-1 << "[0x2][0x0][0x0][0x0][0x0][0x0][0x0]yExecuting: /google-cloud-sdk/platform/cloud-firestore-emulator/cloud_firestore_emulator start --host=0.0.0.0 --port=8080[\n]"
2024-03-20 20:11:17.519 [docker-java-stream--2103901052]  DEBUG c.g.d.z.s.o.a.hc.client5.http.wire - http-outgoing-1 << "[\r][\n]"
2024-03-20 20:11:17.523 [Test worker]  DEBUG o.t.c.output.WaitingConsumer - STDERR: Executing: /google-cloud-sdk/platform/cloud-firestore-emulator/cloud_firestore_emulator start --host=0.0.0.0 --port=8080
2024-03-20 20:11:18.573 [docker-java-stream--2103901052]  DEBUG c.g.d.z.s.o.a.hc.client5.http.wire - http-outgoing-1 << "7a[\r][\n]"
2024-03-20 20:11:18.574 [docker-java-stream--2103901052]  DEBUG c.g.d.z.s.o.a.hc.client5.http.wire - http-outgoing-1 << "[0x2][0x0][0x0][0x0][0x0][0x0][0x0]r[firestore] Mar 20, 2024 7:11:18 PM com.google.cloud.datastore.emulator.firestore.websocket.WebSocketServer start[\n]"
2024-03-20 20:11:18.574 [docker-java-stream--2103901052]  DEBUG c.g.d.z.s.o.a.hc.client5.http.wire - http-outgoing-1 << "[\r][\n]"
2024-03-20 20:11:18.575 [Test worker]  DEBUG o.t.c.output.WaitingConsumer - STDERR: [firestore] Mar 20, 2024 7:11:18 PM com.google.cloud.datastore.emulator.firestore.websocket.WebSocketServer start
2024-03-20 20:11:18.582 [docker-java-stream--2103901052]  DEBUG c.g.d.z.s.o.a.hc.client5.http.wire - http-outgoing-1 << "1a8[\r][\n]"
2024-03-20 20:11:18.582 [docker-java-stream--2103901052]  DEBUG c.g.d.z.s.o.a.hc.client5.http.wire - http-outgoing-1 << "[0x2][0x0][0x0][0x0][0x0][0x0][0x0]A[firestore] INFO: Started WebSocket server on ws://0.0.0.0:45185[\n]"
2024-03-20 20:11:18.582 [docker-java-stream--2103901052]  DEBUG c.g.d.z.s.o.a.hc.client5.http.wire - http-outgoing-1 << "[0x2][0x0][0x0][0x0][0x0][0x0][0x0].[firestore] API endpoint: http://0.0.0.0:8080[\n]"
2024-03-20 20:11:18.582 [docker-java-stream--2103901052]  DEBUG c.g.d.z.s.o.a.hc.client5.http.wire - http-outgoing-1 << "[0x2][0x0][0x0][0x0][0x0][0x0][0x0]l[firestore] If you are using a library that supports the FIRESTORE_EMULATOR_HOST environment variable, run:[\n]"
2024-03-20 20:11:18.582 [docker-java-stream--2103901052]  DEBUG c.g.d.z.s.o.a.hc.client5.http.wire - http-outgoing-1 << "[0x2][0x0][0x0][0x0][0x0][0x0][0x0][\r][firestore] [\n]"
2024-03-20 20:11:18.582 [docker-java-stream--2103901052]  DEBUG c.g.d.z.s.o.a.hc.client5.http.wire - http-outgoing-1 << "[0x2][0x0][0x0][0x0][0x0][0x0][0x0];[firestore]    export FIRESTORE_EMULATOR_HOST=0.0.0.0:8080[\n]"
2024-03-20 20:11:18.582 [docker-java-stream--2103901052]  DEBUG c.g.d.z.s.o.a.hc.client5.http.wire - http-outgoing-1 << "[0x2][0x0][0x0][0x0][0x0][0x0][0x0][\r][firestore] [\n]"
2024-03-20 20:11:18.582 [docker-java-stream--2103901052]  DEBUG c.g.d.z.s.o.a.hc.client5.http.wire - http-outgoing-1 << "[0x2][0x0][0x0][0x0][0x0][0x0][0x0]+[firestore] Dev App Server is now running.[\n]"
2024-03-20 20:11:18.582 [docker-java-stream--2103901052]  DEBUG c.g.d.z.s.o.a.hc.client5.http.wire - http-outgoing-1 << "[0x2][0x0][0x0][0x0][0x0][0x0][0x0][\r][firestore] [\n]"
2024-03-20 20:11:18.582 [docker-java-stream--2103901052]  DEBUG c.g.d.z.s.o.a.hc.client5.http.wire - http-outgoing-1 << "[\r][\n]"
2024-03-20 20:11:18.588 [Test worker]  DEBUG o.t.c.output.WaitingConsumer - STDERR: [firestore] 
2024-03-20 20:11:18.588 [Test worker]  DEBUG o.t.c.output.WaitingConsumer - STDERR: [firestore] Dev App Server is now running.
2024-03-20 20:11:18.588 [Test worker]  DEBUG c.g.d.z.s.o.a.h.c.h.i.c.InternalHttpClient - ep-00000011: cancel
2024-03-20 20:11:18.589 [Test worker]  DEBUG c.g.d.z.s.o.a.h.c.h.i.i.DefaultManagedHttpClientConnection - http-outgoing-1: close connection IMMEDIATE
2024-03-20 20:11:18.589 [Test worker]  DEBUG c.g.d.z.s.o.a.h.c.h.i.c.InternalHttpClient - ep-00000011: endpoint closed
2024-03-20 20:11:18.589 [Test worker]  DEBUG c.g.d.z.s.o.a.h.c.h.i.c.InternalHttpClient - ep-00000011: discarding endpoint
2024-03-20 20:11:18.589 [Test worker]  DEBUG c.g.d.z.s.o.a.h.c.h.i.i.PoolingHttpClientConnectionManager - ep-00000011: releasing endpoint
2024-03-20 20:11:18.589 [Test worker]  DEBUG c.g.d.z.s.o.a.h.c.h.i.i.PoolingHttpClientConnectionManager - ep-00000011: connection is not kept alive
2024-03-20 20:11:18.589 [Test worker]  DEBUG c.g.d.z.s.o.a.h.c.h.i.i.PoolingHttpClientConnectionManager - ep-00000011: connection released [route: {}->http://127.0.0.1:62197][total available: 0; route allocated: 0 of 2147483647; total allocated: 0 of 2147483647]
2024-03-20 20:11:18.590 [docker-java-stream--2103901052]  DEBUG c.g.d.z.s.o.a.hc.client5.http.wire - http-outgoing-1 << "[read] I/O error: Socket closed"
2024-03-20 20:11:18.590 [docker-java-stream--2103901052]  DEBUG c.g.d.z.s.o.a.hc.client5.http.wire - http-outgoing-1 << "[read] I/O error: Socket closed"
2024-03-20 20:11:18.591 [Test worker]  DEBUG c.g.d.z.s.o.a.hc.client5.http.wire - http-outgoing-1 << "[read] I/O error: Socket closed"
2024-03-20 20:11:18.590 [docker-java-stream--2103901052]  DEBUG c.g.d.z.ApacheDockerHttpClientImpl$ApacheResponse - Failed to close the response
java.net.SocketException: Socket closed
	at java.base/sun.nio.ch.NioSocketImpl.ensureOpenAndConnected(NioSocketImpl.java:163)
	at java.base/sun.nio.ch.NioSocketImpl.beginRead(NioSocketImpl.java:226)
	at java.base/sun.nio.ch.NioSocketImpl.implRead(NioSocketImpl.java:294)
	at java.base/sun.nio.ch.NioSocketImpl.read(NioSocketImpl.java:346)
	at java.base/sun.nio.ch.NioSocketImpl$1.read(NioSocketImpl.java:796)
	at java.base/java.net.Socket$SocketInputStream.read(Socket.java:1099)
	at com.github.dockerjava.zerodep.shaded.org.apache.hc.client5.http.impl.io.LoggingInputStream.read(LoggingInputStream.java:81)
	at com.github.dockerjava.zerodep.shaded.org.apache.hc.core5.http.impl.io.SessionInputBufferImpl.fillBuffer(SessionInputBufferImpl.java:149)
	at com.github.dockerjava.zerodep.shaded.org.apache.hc.core5.http.impl.io.SessionInputBufferImpl.readLine(SessionInputBufferImpl.java:280)
	at com.github.dockerjava.zerodep.shaded.org.apache.hc.core5.http.impl.io.ChunkedInputStream.getChunkSize(ChunkedInputStream.java:261)
	at com.github.dockerjava.zerodep.shaded.org.apache.hc.core5.http.impl.io.ChunkedInputStream.nextChunk(ChunkedInputStream.java:222)
	at com.github.dockerjava.zerodep.shaded.org.apache.hc.core5.http.impl.io.ChunkedInputStream.read(ChunkedInputStream.java:147)
	at com.github.dockerjava.zerodep.shaded.org.apache.hc.core5.http.impl.io.ChunkedInputStream.close(ChunkedInputStream.java:314)
	at com.github.dockerjava.zerodep.shaded.org.apache.hc.core5.io.Closer.close(Closer.java:48)
	at com.github.dockerjava.zerodep.shaded.org.apache.hc.core5.http.impl.io.IncomingHttpEntity.close(IncomingHttpEntity.java:111)
	at com.github.dockerjava.zerodep.shaded.org.apache.hc.core5.http.io.entity.HttpEntityWrapper.close(HttpEntityWrapper.java:120)
	at com.github.dockerjava.zerodep.shaded.org.apache.hc.core5.io.Closer.close(Closer.java:48)
	at com.github.dockerjava.zerodep.shaded.org.apache.hc.core5.http.message.BasicClassicHttpResponse.close(BasicClassicHttpResponse.java:93)
	at com.github.dockerjava.zerodep.shaded.org.apache.hc.client5.http.impl.classic.CloseableHttpResponse.close(CloseableHttpResponse.java:200)
	at com.github.dockerjava.zerodep.ApacheDockerHttpClientImpl$ApacheResponse.close(ApacheDockerHttpClientImpl.java:271)
	at org.testcontainers.shaded.com.github.dockerjava.core.DefaultInvocationBuilder.lambda$executeAndStream$1(DefaultInvocationBuilder.java:277)
	at java.base/java.lang.Thread.run(Thread.java:1583)
2024-03-20 20:11:18.591 [Test worker]  DEBUG c.g.d.z.ApacheDockerHttpClientImpl$ApacheResponse - Failed to close the response
java.net.SocketException: Socket closed
	at java.base/sun.nio.ch.NioSocketImpl.ensureOpenAndConnected(NioSocketImpl.java:163)
	at java.base/sun.nio.ch.NioSocketImpl.beginRead(NioSocketImpl.java:226)
	at java.base/sun.nio.ch.NioSocketImpl.implRead(NioSocketImpl.java:294)
	at java.base/sun.nio.ch.NioSocketImpl.read(NioSocketImpl.java:346)
	at java.base/sun.nio.ch.NioSocketImpl$1.read(NioSocketImpl.java:796)
	at java.base/java.net.Socket$SocketInputStream.read(Socket.java:1099)
	at com.github.dockerjava.zerodep.shaded.org.apache.hc.client5.http.impl.io.LoggingInputStream.read(LoggingInputStream.java:81)
	at com.github.dockerjava.zerodep.shaded.org.apache.hc.core5.http.impl.io.SessionInputBufferImpl.fillBuffer(SessionInputBufferImpl.java:149)
	at com.github.dockerjava.zerodep.shaded.org.apache.hc.core5.http.impl.io.SessionInputBufferImpl.readLine(SessionInputBufferImpl.java:280)
	at com.github.dockerjava.zerodep.shaded.org.apache.hc.core5.http.impl.io.ChunkedInputStream.getChunkSize(ChunkedInputStream.java:261)
	at com.github.dockerjava.zerodep.shaded.org.apache.hc.core5.http.impl.io.ChunkedInputStream.nextChunk(ChunkedInputStream.java:222)
	at com.github.dockerjava.zerodep.shaded.org.apache.hc.core5.http.impl.io.ChunkedInputStream.read(ChunkedInputStream.java:147)
	at com.github.dockerjava.zerodep.shaded.org.apache.hc.core5.http.impl.io.ChunkedInputStream.close(ChunkedInputStream.java:314)
	at com.github.dockerjava.zerodep.shaded.org.apache.hc.core5.io.Closer.close(Closer.java:48)
	at com.github.dockerjava.zerodep.shaded.org.apache.hc.core5.http.impl.io.IncomingHttpEntity.close(IncomingHttpEntity.java:111)
	at com.github.dockerjava.zerodep.shaded.org.apache.hc.core5.http.io.entity.HttpEntityWrapper.close(HttpEntityWrapper.java:120)
	at com.github.dockerjava.zerodep.shaded.org.apache.hc.core5.io.Closer.close(Closer.java:48)
	at com.github.dockerjava.zerodep.shaded.org.apache.hc.core5.http.message.BasicClassicHttpResponse.close(BasicClassicHttpResponse.java:93)
	at com.github.dockerjava.zerodep.shaded.org.apache.hc.client5.http.impl.classic.CloseableHttpResponse.close(CloseableHttpResponse.java:200)
	at com.github.dockerjava.zerodep.ApacheDockerHttpClientImpl$ApacheResponse.close(ApacheDockerHttpClientImpl.java:271)
	at org.testcontainers.shaded.com.github.dockerjava.core.DefaultInvocationBuilder.lambda$null$0(DefaultInvocationBuilder.java:272)
	at com.github.dockerjava.api.async.ResultCallbackTemplate.close(ResultCallbackTemplate.java:77)
	at org.testcontainers.containers.output.FrameConsumerResultCallback.close(FrameConsumerResultCallback.java:69)
	at org.testcontainers.containers.wait.strategy.LogMessageWaitStrategy.waitUntilReady(LogMessageWaitStrategy.java:49)
	at org.testcontainers.containers.wait.strategy.AbstractWaitStrategy.waitUntilReady(AbstractWaitStrategy.java:52)
	at org.testcontainers.containers.GenericContainer.waitUntilContainerStarted(GenericContainer.java:909)
	at org.testcontainers.containers.GenericContainer.tryStart(GenericContainer.java:500)
	at org.testcontainers.containers.GenericContainer.lambda$doStart$0(GenericContainer.java:354)
	at org.rnorth.ducttape.unreliables.Unreliables.retryUntilSuccess(Unreliables.java:81)
	at org.testcontainers.containers.GenericContainer.doStart(GenericContainer.java:344)
	at org.testcontainers.containers.GenericContainer.start(GenericContainer.java:330)
	at com.elevaktor.EventStoreTest.Can store and retrieve events(EventStoreTest.kt:16)
	at java.base/jdk.internal.reflect.DirectMethodHandleAccessor.invoke(DirectMethodHandleAccessor.java:103)
	at java.base/java.lang.reflect.Method.invoke(Method.java:580)
	at org.junit.runners.model.FrameworkMethod$1.runReflectiveCall(FrameworkMethod.java:59)
	at org.junit.internal.runners.model.ReflectiveCallable.run(ReflectiveCallable.java:12)
	at org.junit.runners.model.FrameworkMethod.invokeExplosively(FrameworkMethod.java:56)
	at org.junit.internal.runners.statements.InvokeMethod.evaluate(InvokeMethod.java:17)
	at org.junit.runners.ParentRunner$3.evaluate(ParentRunner.java:306)
	at org.junit.runners.BlockJUnit4ClassRunner$1.evaluate(BlockJUnit4ClassRunner.java:100)
	at org.junit.runners.ParentRunner.runLeaf(ParentRunner.java:366)
	at org.junit.runners.BlockJUnit4ClassRunner.runChild(BlockJUnit4ClassRunner.java:103)
	at org.junit.runners.BlockJUnit4ClassRunner.runChild(BlockJUnit4ClassRunner.java:63)
	at org.junit.runners.ParentRunner$4.run(ParentRunner.java:331)
	at org.junit.runners.ParentRunner$1.schedule(ParentRunner.java:79)
	at org.junit.runners.ParentRunner.runChildren(ParentRunner.java:329)
	at org.junit.runners.ParentRunner.access$100(ParentRunner.java:66)
	at org.junit.runners.ParentRunner$2.evaluate(ParentRunner.java:293)
	at org.junit.runners.ParentRunner$3.evaluate(ParentRunner.java:306)
	at org.junit.runners.ParentRunner.run(ParentRunner.java:413)
	at org.gradle.api.internal.tasks.testing.junit.JUnitTestClassExecutor.runTestClass(JUnitTestClassExecutor.java:112)
	at org.gradle.api.internal.tasks.testing.junit.JUnitTestClassExecutor.execute(JUnitTestClassExecutor.java:58)
	at org.gradle.api.internal.tasks.testing.junit.JUnitTestClassExecutor.execute(JUnitTestClassExecutor.java:40)
	at org.gradle.api.internal.tasks.testing.junit.AbstractJUnitTestClassProcessor.processTestClass(AbstractJUnitTestClassProcessor.java:60)
	at org.gradle.api.internal.tasks.testing.SuiteTestClassProcessor.processTestClass(SuiteTestClassProcessor.java:52)
	at java.base/jdk.internal.reflect.DirectMethodHandleAccessor.invoke(DirectMethodHandleAccessor.java:103)
	at java.base/java.lang.reflect.Method.invoke(Method.java:580)
	at org.gradle.internal.dispatch.ReflectionDispatch.dispatch(ReflectionDispatch.java:36)
	at org.gradle.internal.dispatch.ReflectionDispatch.dispatch(ReflectionDispatch.java:24)
	at org.gradle.internal.dispatch.ContextClassLoaderDispatch.dispatch(ContextClassLoaderDispatch.java:33)
	at org.gradle.internal.dispatch.ProxyDispatchAdapter$DispatchingInvocationHandler.invoke(ProxyDispatchAdapter.java:94)
	at jdk.proxy1/jdk.proxy1.$Proxy2.processTestClass(Unknown Source)
	at org.gradle.api.internal.tasks.testing.worker.TestWorker$2.run(TestWorker.java:176)
	at org.gradle.api.internal.tasks.testing.worker.TestWorker.executeAndMaintainThreadName(TestWorker.java:129)
	at org.gradle.api.internal.tasks.testing.worker.TestWorker.execute(TestWorker.java:100)
	at org.gradle.api.internal.tasks.testing.worker.TestWorker.execute(TestWorker.java:60)
	at org.gradle.process.internal.worker.child.ActionExecutionWorker.execute(ActionExecutionWorker.java:56)
	at org.gradle.process.internal.worker.child.SystemApplicationClassLoaderWorker.call(SystemApplicationClassLoaderWorker.java:113)
	at org.gradle.process.internal.worker.child.SystemApplicationClassLoaderWorker.call(SystemApplicationClassLoaderWorker.java:65)
	at worker.org.gradle.process.internal.worker.GradleWorkerMain.run(GradleWorkerMain.java:69)
	at worker.org.gradle.process.internal.worker.GradleWorkerMain.main(GradleWorkerMain.java:74)
2024-03-20 20:11:18.592 [Test worker]  INFO  t.g.i.c.0.0-emulators - Container gcr.io/google.com/cloudsdktool/google-cloud-cli:441.0.0-emulators started in PT4.803501S
2024-03-20 20:11:19.019 [Test worker]  DEBUG o.t.u.PrefixingImageNameSubstitutor - No prefix is configured
2024-03-20 20:11:19.019 [Test worker]  DEBUG o.t.utility.ImageNameSubstitutor - Did not find a substitute image for gcr.io/google.com/cloudsdktool/google-cloud-cli:441.0.0-emulators (using image substitutor: DefaultImageNameSubstitutor (composite of 'ConfigurationFileImageNameSubstitutor' and 'PrefixingImageNameSubstitutor'))
2024-03-20 20:11:24.275 [Test worker]  DEBUG o.t.u.PrefixingImageNameSubstitutor - No prefix is configured
2024-03-20 20:11:24.275 [Test worker]  DEBUG o.t.utility.ImageNameSubstitutor - Did not find a substitute image for gcr.io/google.com/cloudsdktool/google-cloud-cli:441.0.0-emulators (using image substitutor: DefaultImageNameSubstitutor (composite of 'ConfigurationFileImageNameSubstitutor' and 'PrefixingImageNameSubstitutor'))

]]></system-out>
  <system-err><![CDATA[]]></system-err>
</testsuite>
